<?xml version="1.0" encoding="UTF-8"?><TestSessionContainer xmlns="http://www.codecover.org/xml/testsession-container" Date="1751884556592" TestSessionContainerId="3891444d-a0c3-4d14-be0c-7fcdcdaf95aa" version="1.0">
    <SrcFileList>
        <SrcFile Content="package printer;&#13;&#10;&#13;&#10;import java.util.HashMap;&#13;&#10;import java.util.InputMismatchException;&#13;&#10;import java.util.Scanner;&#13;&#10;&#13;&#10;&#13;&#10;public class SmartPrinter {&#13;&#10;&#13;&#10;    public enum Stato { SPENTA, AVVIO, MOSTRABADGE, INSERISCIPIN, PRONTA, INUSO, ERRORE, OUTOFSERVICE }&#13;&#10;    public enum Servizio { PRINTBN, PRINTCOL, SCANSIONE, EXIT }&#13;&#10;    public enum StatoMacchina { GUASTA, NONGUASTA }&#13;&#10;&#13;&#10;    private Stato printerState;&#13;&#10;    private Servizio selectedService;&#13;&#10;    private StatoMacchina spiaGuasto;&#13;&#10;    private int tonerNero;&#13;&#10;    private int tonerColore;&#13;&#10;    private int fogliCarta;&#13;&#10;    &#13;&#10;    private boolean collegatoWireless;&#13;&#10;    private boolean collegatoCavo;&#13;&#10;    private boolean cartaInceppata;&#13;&#10;&#13;&#10;    Utente[] utenti;&#13;&#10;    int numUtenti;&#13;&#10;    private Utente utenteCorrente;&#13;&#10;    &#13;&#10;    public SmartPrinter() {&#13;&#10;        printerState = Stato.SPENTA;&#13;&#10;        tonerNero = 100;&#13;&#10;        tonerColore = 100;&#13;&#10;        fogliCarta = 500;&#13;&#10;        spiaGuasto = StatoMacchina.NONGUASTA;&#13;&#10;        utenti = new Utente[2];&#13;&#10;        numUtenti = 0;&#13;&#10;        collegatoWireless = false;&#13;&#10;        collegatoCavo = false;&#13;&#10;        cartaInceppata = false;&#13;&#10;    }&#13;&#10;    &#13;&#10;    protected boolean ricercaUtente(int numBadgeInserito) {&#13;&#10;    &#9;&#13;&#10;    &#9;for(int i = 0; i &lt; numUtenti; i++) {&#13;&#10;    &#9;&#9;if(utenti[i].getBadgeId() == numBadgeInserito)&#13;&#10;    &#9;&#9;&#9;return true;&#13;&#10;    &#9;}&#13;&#10;    &#9;&#13;&#10;    &#9;return false;&#13;&#10;    &#9;&#13;&#10;    }&#13;&#10;    &#13;&#10;    private Utente getUtentebyNumBadge(int numBadge) {&#13;&#10;    &#9;&#13;&#10;    &#9;for(Utente u: utenti) {&#13;&#10;    &#9;&#9;if(u.getBadgeId() == numBadge)&#13;&#10;    &#9;&#9;&#9;return u;&#13;&#10;    &#9;}&#13;&#10;    &#9;&#13;&#10;    &#9;return null;&#13;&#10;    }&#13;&#10;    &#13;&#10;    &#13;&#10;&#13;&#10;    protected Stato getPrinterState() {&#13;&#10;&#9;&#9;return printerState;&#13;&#10;&#9;}&#13;&#10;&#13;&#10;&#9;protected Servizio getSelectedService() {&#13;&#10;&#9;&#9;return selectedService;&#13;&#10;&#9;}&#13;&#10;&#13;&#10;&#9;protected StatoMacchina getSpiaGuasto() {&#13;&#10;&#9;&#9;return spiaGuasto;&#13;&#10;&#9;}&#13;&#10;&#13;&#10;&#9;protected int getTonerNero() {&#13;&#10;&#9;&#9;return tonerNero;&#13;&#10;&#9;}&#13;&#10;&#13;&#10;&#9;protected int getTonerColore() {&#13;&#10;&#9;&#9;return tonerColore;&#13;&#10;&#9;}&#13;&#10;&#13;&#10;&#9;protected int getFogliCarta() {&#13;&#10;&#9;&#9;return fogliCarta;&#13;&#10;&#9;}&#13;&#10;&#9;&#13;&#10;&#13;&#10;&#9;protected boolean isCollegatoWireless() {&#13;&#10;&#9;&#9;return collegatoWireless;&#13;&#10;&#9;}&#13;&#10;&#13;&#10;&#9;protected boolean isCollegatoCavo() {&#13;&#10;&#9;&#9;return collegatoCavo;&#13;&#10;&#9;}&#13;&#10;&#13;&#10;&#9;protected boolean isCartaInceppata() {&#13;&#10;&#9;&#9;return cartaInceppata;&#13;&#10;&#9;}&#13;&#10;&#13;&#10;&#9;protected Utente[] getUtenti() {&#13;&#10;&#9;&#9;return utenti;&#13;&#10;&#9;}&#13;&#10;&#13;&#10;&#9;protected Utente getUtenteCorrente() {&#13;&#10;&#9;&#9;return utenteCorrente;&#13;&#10;&#9;}&#13;&#10;&#13;&#10;&#9;protected boolean aggiungiUtente(Utente u) {&#13;&#10;        if(numUtenti &lt; utenti.length) {&#13;&#10;        &#9;utenti[numUtenti] = u;&#13;&#10;        &#9;numUtenti++;&#13;&#10;        &#9;System.out.println(&quot;Utente aggiunto: &quot; + u.getNome() + &quot; : &quot; + u.getBadgeId());&#13;&#10;        &#9;return true;&#13;&#10;        }&#13;&#10;        else&#13;&#10;        &#9;System.out.println(&quot;Non è possibile aggiungere altri utenti&quot;);&#13;&#10;        &#9;return false;&#13;&#10;        &#13;&#10;    }&#13;&#10;    &#13;&#10;    protected void guastoStampante() {&#13;&#10;    &#9;if(printerState == Stato.AVVIO)&#13;&#10;    &#9;&#9;spiaGuasto = StatoMacchina.GUASTA;&#13;&#10;    }&#13;&#10;    &#13;&#10;    protected void riparazioneStampante() {&#13;&#10;    &#9;if(printerState == Stato.OUTOFSERVICE)&#13;&#10;    &#9;&#9;spiaGuasto = StatoMacchina.NONGUASTA;&#13;&#10;    }&#13;&#10;&#13;&#10;    protected boolean accendiStampante() {&#13;&#10;    &#9;if(printerState == Stato.SPENTA) {&#13;&#10;    &#9;&#9;printerState = Stato.AVVIO;&#13;&#10;    &#9;&#9;System.out.println(&quot;Accensione in corso&quot;);&#13;&#10;    &#9;&#9;return true;&#13;&#10;    &#9;}&#13;&#10;    &#9;System.out.println(&quot;La stampante è già accesa&quot;);&#13;&#10;    &#9;return false;&#13;&#10;    &#9;&#13;&#10;    }&#13;&#10;&#13;&#10;    protected boolean avvioStampante() {&#13;&#10;    &#9;if(printerState == Stato.AVVIO) {&#13;&#10;    &#9;&#9;if(spiaGuasto == StatoMacchina.GUASTA) {&#13;&#10;    &#9;&#9;&#9;printerState = Stato.OUTOFSERVICE;&#13;&#10;    &#9;&#9;&#9;System.out.println(&quot;Stampante guasta&quot;);&#13;&#10;    &#9;&#9;&#9;return false;&#13;&#10;        &#9;}&#13;&#10;        &#9;else {&#13;&#10;    &#9;&#9;&#9;printerState = Stato.MOSTRABADGE;&#13;&#10;    &#9;&#9;&#9;System.out.println(&quot;Mostrare Badge&quot;);&#13;&#10;    &#9;&#9;&#9;return true;&#13;&#10;    &#9;&#9;}&#13;&#10;    &#9;}&#13;&#10;    &#9;System.out.println(&quot;Azione non consentita&quot;);&#13;&#10;    &#9;return false;&#13;&#10;    }&#13;&#10;    &#13;&#10;    protected boolean gestioneGuasto() {&#13;&#10;    &#9;if(printerState == Stato.OUTOFSERVICE) {&#13;&#10;    &#9;&#9;if(spiaGuasto == StatoMacchina.NONGUASTA) {&#13;&#10;    &#9;&#9;&#9;printerState = Stato.MOSTRABADGE;&#13;&#10;    &#9;&#9;&#9;System.out.println(&quot;Mostrare Badge&quot;);&#13;&#10;    &#9;&#9;&#9;return true;&#13;&#10;        &#9;}&#13;&#10;        &#9;else {&#13;&#10;        &#9;&#9;System.out.println(&quot;Stampante ancora guasta&quot;);&#13;&#10;        &#9;&#9;return false;&#13;&#10;        &#9;}&#13;&#10;    &#9;}&#13;&#10;    &#9;System.out.println(&quot;Azione non consentita&quot;);&#13;&#10;    &#9;return false;&#13;&#10;    }&#13;&#10;    &#13;&#10;    protected boolean identificazioneUtente(int numBadge) {&#13;&#10;    &#9;if(printerState == Stato.MOSTRABADGE) {&#13;&#10;    &#9; &#9;if(ricercaUtente(numBadge)) {&#13;&#10;    &#9;&#9;&#9;utenteCorrente = getUtentebyNumBadge(numBadge);&#13;&#10;    &#9;&#9;&#9;printerState = Stato.INSERISCIPIN;&#13;&#10;    &#9;&#9;&#9;System.out.println(&quot;Benvenuto &quot; + utenteCorrente.getNome() + &quot;, Inserisci Pin&quot;);&#13;&#10;    &#9;&#9;&#9;return true;&#13;&#10;        &#9;}&#13;&#10;        &#9;else {&#13;&#10;        &#9;&#9;System.out.println(&quot;Badge non riconosciuto&quot;);&#13;&#10;        &#9;&#9;return false;&#13;&#10;        &#9;}&#13;&#10;    &#9;}&#13;&#10;    &#9;System.out.println(&quot;Azione non consentita&quot;);&#13;&#10;    &#9;return false;&#13;&#10;    }&#13;&#10;&#13;&#10;    protected boolean inserimentoPin() {&#13;&#10;    &#9;//TODO&#13;&#10;    &#9;return false;&#13;&#10;    }&#13;&#10;    &#13;&#10;    protected boolean sceltaServizio() {&#13;&#10;    &#9;//TODO&#13;&#10;    &#9;return false;&#13;&#10;    &#9;&#13;&#10;    }&#13;&#10;    &#13;&#10;    protected boolean stampanteInUso() {&#13;&#10;    &#9;//TODO&#13;&#10;    &#9;return false;&#13;&#10;    }&#13;&#10;    &#13;&#10;    protected boolean gestioneErrore() {&#13;&#10;    &#9;//TODO&#13;&#10;    &#9;return false;&#13;&#10;    }&#13;&#10;&#13;&#10;    protected void statoCorrente() {&#13;&#10;        System.out.println(&quot;\n--- STATO CORRENTE ---&quot;);&#13;&#10;        System.out.println(&quot;Stato: &quot; + printerState);&#13;&#10;        System.out.println(&quot;Guasto: &quot; + spiaGuasto);&#13;&#10;        System.out.println(&quot;Utente loggato: &quot; + getNomeUtenteLoggato(utenteCorrente));&#13;&#10;        System.out.println(&quot;Toner Nero: &quot; + tonerNero);&#13;&#10;        System.out.println(&quot;Toner Colore: &quot; + tonerColore);&#13;&#10;        System.out.println(&quot;Carta: &quot; + fogliCarta);&#13;&#10;        System.out.println(&quot;Collegato Wireless: &quot; + collegatoWireless);&#13;&#10;        System.out.println(&quot;Collegato Cavo: &quot; + collegatoCavo);&#13;&#10;        System.out.println(&quot;Carta inceppata: &quot; + cartaInceppata);&#13;&#10;        System.out.println(&quot;------------------------\n&quot;);&#13;&#10;    }&#13;&#10;    &#13;&#10;}&#13;&#10;" Filename="SmartPrinter.java" Intrnl_Id="1"/>
    </SrcFileList>
    <CritList>
        <CritListEntry Name="org.codecover.model.utils.criteria.LoopCoverage" PluginName="org.codecover"/>
        <CritListEntry Name="org.codecover.model.utils.criteria.QMOCoverage" PluginName="org.codecover"/>
        <CritListEntry Name="org.codecover.model.utils.criteria.ConditionCoverage" PluginName="org.codecover"/>
        <CritListEntry Name="org.codecover.model.utils.criteria.BranchCoverage" PluginName="org.codecover"/>
        <CritListEntry Name="org.codecover.model.utils.criteria.SynchronizedStatementCoverage" PluginName="org.codecover"/>
        <CritListEntry Name="org.codecover.model.utils.criteria.StatementCoverage" PluginName="org.codecover"/>
    </CritList>
    <BoolOpList/>
    <HierarchyLvlTypeList>
        <HierarchyLvlType EnglishName="enumeration" IntrnlName="enum" Intrnl_Id="2"/>
        <HierarchyLvlType EnglishName="package" IntrnlName="package" Intrnl_Id="3"/>
        <HierarchyLvlType EnglishName="method" IntrnlName="method" Intrnl_Id="4"/>
        <HierarchyLvlType EnglishName="class" IntrnlName="class" Intrnl_Id="5"/>
        <HierarchyLvlType EnglishName="default package" IntrnlName="default package" Intrnl_Id="6"/>
    </HierarchyLvlTypeList>
    <MASTRoot>
        <HierarchyLvl HierarchyLvlId="1420" HierarchyLvlTypeId="6" Intrnl_Id="7" Name="default package">
            <Header/>
            <LocList/>
            <HierarchyLvl HierarchyLvlId="1419" HierarchyLvlTypeId="3" Intrnl_Id="8" Name="printer">
                <Header/>
                <LocList/>
                <HierarchyLvl HierarchyLvlId="1418" HierarchyLvlTypeId="5" Intrnl_Id="9" Name="SmartPrinter">
                    <Header>
                        <Loc EndOffset="145" SrcFileId="1" StartOffset="120"/>
                    </Header>
                    <LocList>
                        <Loc EndOffset="155" SrcFileId="1" StartOffset="120"/>
                        <Loc EndOffset="260" SrcFileId="1" StartOffset="254"/>
                        <Loc EndOffset="325" SrcFileId="1" StartOffset="319"/>
                        <Loc EndOffset="5930" SrcFileId="1" StartOffset="372"/>
                    </LocList>
                    <HierarchyLvl HierarchyLvlId="1389" HierarchyLvlTypeId="2" Intrnl_Id="10" Name="Stato">
                        <Header>
                            <Loc EndOffset="172" SrcFileId="1" StartOffset="155"/>
                        </Header>
                        <LocList>
                            <Loc EndOffset="254" SrcFileId="1" StartOffset="155"/>
                        </LocList>
                    </HierarchyLvl>
                    <HierarchyLvl HierarchyLvlId="1390" HierarchyLvlTypeId="2" Intrnl_Id="11" Name="Servizio">
                        <Header>
                            <Loc EndOffset="280" SrcFileId="1" StartOffset="260"/>
                        </Header>
                        <LocList>
                            <Loc EndOffset="319" SrcFileId="1" StartOffset="260"/>
                        </LocList>
                    </HierarchyLvl>
                    <HierarchyLvl HierarchyLvlId="1391" HierarchyLvlTypeId="2" Intrnl_Id="12" Name="StatoMacchina">
                        <Header>
                            <Loc EndOffset="350" SrcFileId="1" StartOffset="325"/>
                        </Header>
                        <LocList>
                            <Loc EndOffset="372" SrcFileId="1" StartOffset="325"/>
                        </LocList>
                    </HierarchyLvl>
                    <HierarchyLvl HierarchyLvlId="1392" HierarchyLvlTypeId="4" Intrnl_Id="13" Name="SmartPrinter">
                        <Header>
                            <Loc EndOffset="804" SrcFileId="1" StartOffset="783"/>
                        </Header>
                        <LocList>
                            <Loc EndOffset="1137" SrcFileId="1" StartOffset="783"/>
                        </LocList>
                        <StmntSeq Intrnl_Id="14">
                            <LocList>
                                <Loc EndOffset="844" SrcFileId="1" StartOffset="816"/>
                                <Loc EndOffset="870" SrcFileId="1" StartOffset="854"/>
                                <Loc EndOffset="898" SrcFileId="1" StartOffset="880"/>
                                <Loc EndOffset="925" SrcFileId="1" StartOffset="908"/>
                                <Loc EndOffset="972" SrcFileId="1" StartOffset="935"/>
                                <Loc EndOffset="1005" SrcFileId="1" StartOffset="982"/>
                                <Loc EndOffset="1029" SrcFileId="1" StartOffset="1015"/>
                                <Loc EndOffset="1065" SrcFileId="1" StartOffset="1039"/>
                                <Loc EndOffset="1097" SrcFileId="1" StartOffset="1075"/>
                                <Loc EndOffset="1130" SrcFileId="1" StartOffset="1107"/>
                            </LocList>
                            <BasicStmnt CovItemId="S1" CovItemPrefix="printer.SmartPrinter.java" Intrnl_Id="15">
                                <LocList>
                                    <Loc EndOffset="844" SrcFileId="1" StartOffset="816"/>
                                </LocList>
                            </BasicStmnt>
                            <BasicStmnt CovItemId="S2" CovItemPrefix="printer.SmartPrinter.java" Intrnl_Id="16">
                                <LocList>
                                    <Loc EndOffset="870" SrcFileId="1" StartOffset="854"/>
                                </LocList>
                            </BasicStmnt>
                            <BasicStmnt CovItemId="S3" CovItemPrefix="printer.SmartPrinter.java" Intrnl_Id="17">
                                <LocList>
                                    <Loc EndOffset="898" SrcFileId="1" StartOffset="880"/>
                                </LocList>
                            </BasicStmnt>
                            <BasicStmnt CovItemId="S4" CovItemPrefix="printer.SmartPrinter.java" Intrnl_Id="18">
                                <LocList>
                                    <Loc EndOffset="925" SrcFileId="1" StartOffset="908"/>
                                </LocList>
                            </BasicStmnt>
                            <BasicStmnt CovItemId="S5" CovItemPrefix="printer.SmartPrinter.java" Intrnl_Id="19">
                                <LocList>
                                    <Loc EndOffset="972" SrcFileId="1" StartOffset="935"/>
                                </LocList>
                            </BasicStmnt>
                            <BasicStmnt CovItemId="S6" CovItemPrefix="printer.SmartPrinter.java" Intrnl_Id="20">
                                <LocList>
                                    <Loc EndOffset="1005" SrcFileId="1" StartOffset="982"/>
                                </LocList>
                            </BasicStmnt>
                            <BasicStmnt CovItemId="S7" CovItemPrefix="printer.SmartPrinter.java" Intrnl_Id="21">
                                <LocList>
                                    <Loc EndOffset="1029" SrcFileId="1" StartOffset="1015"/>
                                </LocList>
                            </BasicStmnt>
                            <BasicStmnt CovItemId="S8" CovItemPrefix="printer.SmartPrinter.java" Intrnl_Id="22">
                                <LocList>
                                    <Loc EndOffset="1065" SrcFileId="1" StartOffset="1039"/>
                                </LocList>
                            </BasicStmnt>
                            <BasicStmnt CovItemId="S9" CovItemPrefix="printer.SmartPrinter.java" Intrnl_Id="23">
                                <LocList>
                                    <Loc EndOffset="1097" SrcFileId="1" StartOffset="1075"/>
                                </LocList>
                            </BasicStmnt>
                            <BasicStmnt CovItemId="S10" CovItemPrefix="printer.SmartPrinter.java" Intrnl_Id="24">
                                <LocList>
                                    <Loc EndOffset="1130" SrcFileId="1" StartOffset="1107"/>
                                </LocList>
                            </BasicStmnt>
                        </StmntSeq>
                    </HierarchyLvl>
                    <HierarchyLvl HierarchyLvlId="1393" HierarchyLvlTypeId="4" Intrnl_Id="25" Name="ricercaUtente">
                        <Header>
                            <Loc EndOffset="1202" SrcFileId="1" StartOffset="1149"/>
                        </Header>
                        <LocList>
                            <Loc EndOffset="1378" SrcFileId="1" StartOffset="1149"/>
                        </LocList>
                        <StmntSeq Intrnl_Id="26">
                            <LocList>
                                <Loc EndOffset="1337" SrcFileId="1" StartOffset="1218"/>
                                <Loc EndOffset="1364" SrcFileId="1" StartOffset="1351"/>
                            </LocList>
                            <LoopStmnt CovItemId="S11" CovItemPrefix="printer.SmartPrinter.java" Intrnl_Id="27" MltplExecId="L1-2" MltplExecPrefix="printer.SmartPrinter.java" NvrExecId="L1-0" NvrExecPrefix="printer.SmartPrinter.java" OnceExecutedId="L1-1" OnceExecutedPrefix="printer.SmartPrinter.java" OptBodyExec="true">
                                <StmntSeq Intrnl_Id="28">
                                    <LocList>
                                        <Loc EndOffset="1329" SrcFileId="1" StartOffset="1262"/>
                                    </LocList>
                                    <CondStmnt CovItemId="S12" CovItemPrefix="printer.SmartPrinter.java" Intrnl_Id="29">
                                        <Branch CovItemId="B1" CovItemPrefix="printer.SmartPrinter.java" Implct="false" Intrnl_Id="30">
                                            <Cond/>
                                            <LocList>
                                                <Loc EndOffset="1329" SrcFileId="1" StartOffset="1317"/>
                                            </LocList>
                                            <StmntSeq Intrnl_Id="31">
                                                <LocList>
                                                    <Loc EndOffset="1329" SrcFileId="1" StartOffset="1317"/>
                                                </LocList>
                                                <BasicStmnt CovItemId="S13" CovItemPrefix="printer.SmartPrinter.java" Intrnl_Id="32">
                                                    <LocList>
                                                        <Loc EndOffset="1329" SrcFileId="1" StartOffset="1317"/>
                                                    </LocList>
                                                </BasicStmnt>
                                            </StmntSeq>
                                        </Branch>
                                        <Branch CovItemId="B2" CovItemPrefix="printer.SmartPrinter.java" Implct="true" Intrnl_Id="33">
                                            <Cond/>
                                            <LocList/>
                                            <StmntSeq Intrnl_Id="34">
                                                <LocList/>
                                            </StmntSeq>
                                        </Branch>
                                        <Keyword EndOffset="1264" SrcFileId="1" StartOffset="1262"/>
                                        <LocList>
                                            <Loc EndOffset="1329" SrcFileId="1" StartOffset="1262"/>
                                        </LocList>
                                        <RootTerm CovItemId="C2" CovItemPrefix="printer.SmartPrinter.java" Intrnl_Id="35">
                                            <BasicBoolTerm Intrnl_Id="36">
                                                <LocList>
                                                    <Loc EndOffset="1307" SrcFileId="1" StartOffset="1265"/>
                                                </LocList>
                                            </BasicBoolTerm>
                                        </RootTerm>
                                    </CondStmnt>
                                </StmntSeq>
                                <Keyword EndOffset="1221" SrcFileId="1" StartOffset="1218"/>
                                <LocList>
                                    <Loc EndOffset="1337" SrcFileId="1" StartOffset="1218"/>
                                </LocList>
                                <RootTerm CovItemId="C1" CovItemPrefix="printer.SmartPrinter.java" Intrnl_Id="37">
                                    <BasicBoolTerm Intrnl_Id="38">
                                        <LocList>
                                            <Loc EndOffset="1246" SrcFileId="1" StartOffset="1233"/>
                                        </LocList>
                                    </BasicBoolTerm>
                                </RootTerm>
                            </LoopStmnt>
                            <BasicStmnt CovItemId="S14" CovItemPrefix="printer.SmartPrinter.java" Intrnl_Id="39">
                                <LocList>
                                    <Loc EndOffset="1364" SrcFileId="1" StartOffset="1351"/>
                                </LocList>
                            </BasicStmnt>
                        </StmntSeq>
                    </HierarchyLvl>
                    <HierarchyLvl HierarchyLvlId="1394" HierarchyLvlTypeId="4" Intrnl_Id="40" Name="getUtentebyNumBadge">
                        <Header>
                            <Loc EndOffset="1438" SrcFileId="1" StartOffset="1390"/>
                        </Header>
                        <LocList>
                            <Loc EndOffset="1574" SrcFileId="1" StartOffset="1390"/>
                        </LocList>
                        <StmntSeq Intrnl_Id="41">
                            <LocList>
                                <Loc EndOffset="1541" SrcFileId="1" StartOffset="1454"/>
                                <Loc EndOffset="1567" SrcFileId="1" StartOffset="1555"/>
                            </LocList>
                            <LoopStmnt CovItemId="S15" CovItemPrefix="printer.SmartPrinter.java" Intrnl_Id="42" MltplExecId="L2-2" MltplExecPrefix="printer.SmartPrinter.java" NvrExecId="L2-0" NvrExecPrefix="printer.SmartPrinter.java" OnceExecutedId="L2-1" OnceExecutedPrefix="printer.SmartPrinter.java" OptBodyExec="true">
                                <StmntSeq Intrnl_Id="43">
                                    <LocList>
                                        <Loc EndOffset="1533" SrcFileId="1" StartOffset="1485"/>
                                    </LocList>
                                    <CondStmnt CovItemId="S16" CovItemPrefix="printer.SmartPrinter.java" Intrnl_Id="44">
                                        <Branch CovItemId="B3" CovItemPrefix="printer.SmartPrinter.java" Implct="false" Intrnl_Id="45">
                                            <Cond/>
                                            <LocList>
                                                <Loc EndOffset="1533" SrcFileId="1" StartOffset="1524"/>
                                            </LocList>
                                            <StmntSeq Intrnl_Id="46">
                                                <LocList>
                                                    <Loc EndOffset="1533" SrcFileId="1" StartOffset="1524"/>
                                                </LocList>
                                                <BasicStmnt CovItemId="S17" CovItemPrefix="printer.SmartPrinter.java" Intrnl_Id="47">
                                                    <LocList>
                                                        <Loc EndOffset="1533" SrcFileId="1" StartOffset="1524"/>
                                                    </LocList>
                                                </BasicStmnt>
                                            </StmntSeq>
                                        </Branch>
                                        <Branch CovItemId="B4" CovItemPrefix="printer.SmartPrinter.java" Implct="true" Intrnl_Id="48">
                                            <Cond/>
                                            <LocList/>
                                            <StmntSeq Intrnl_Id="49">
                                                <LocList/>
                                            </StmntSeq>
                                        </Branch>
                                        <Keyword EndOffset="1487" SrcFileId="1" StartOffset="1485"/>
                                        <LocList>
                                            <Loc EndOffset="1533" SrcFileId="1" StartOffset="1485"/>
                                        </LocList>
                                        <RootTerm CovItemId="C3" CovItemPrefix="printer.SmartPrinter.java" Intrnl_Id="50">
                                            <BasicBoolTerm Intrnl_Id="51">
                                                <LocList>
                                                    <Loc EndOffset="1514" SrcFileId="1" StartOffset="1488"/>
                                                </LocList>
                                            </BasicBoolTerm>
                                        </RootTerm>
                                    </CondStmnt>
                                </StmntSeq>
                                <Keyword EndOffset="1457" SrcFileId="1" StartOffset="1454"/>
                                <LocList>
                                    <Loc EndOffset="1541" SrcFileId="1" StartOffset="1454"/>
                                </LocList>
                            </LoopStmnt>
                            <BasicStmnt CovItemId="S18" CovItemPrefix="printer.SmartPrinter.java" Intrnl_Id="52">
                                <LocList>
                                    <Loc EndOffset="1567" SrcFileId="1" StartOffset="1555"/>
                                </LocList>
                            </BasicStmnt>
                        </StmntSeq>
                    </HierarchyLvl>
                    <HierarchyLvl HierarchyLvlId="1395" HierarchyLvlTypeId="4" Intrnl_Id="53" Name="getPrinterState">
                        <Header>
                            <Loc EndOffset="1627" SrcFileId="1" StartOffset="1594"/>
                        </Header>
                        <LocList>
                            <Loc EndOffset="1657" SrcFileId="1" StartOffset="1594"/>
                        </LocList>
                        <StmntSeq Intrnl_Id="54">
                            <LocList>
                                <Loc EndOffset="1653" SrcFileId="1" StartOffset="1633"/>
                            </LocList>
                            <BasicStmnt CovItemId="S19" CovItemPrefix="printer.SmartPrinter.java" Intrnl_Id="55">
                                <LocList>
                                    <Loc EndOffset="1653" SrcFileId="1" StartOffset="1633"/>
                                </LocList>
                            </BasicStmnt>
                        </StmntSeq>
                    </HierarchyLvl>
                    <HierarchyLvl HierarchyLvlId="1396" HierarchyLvlTypeId="4" Intrnl_Id="56" Name="getSelectedService">
                        <Header>
                            <Loc EndOffset="1701" SrcFileId="1" StartOffset="1662"/>
                        </Header>
                        <LocList>
                            <Loc EndOffset="1734" SrcFileId="1" StartOffset="1662"/>
                        </LocList>
                        <StmntSeq Intrnl_Id="57">
                            <LocList>
                                <Loc EndOffset="1730" SrcFileId="1" StartOffset="1707"/>
                            </LocList>
                            <BasicStmnt CovItemId="S20" CovItemPrefix="printer.SmartPrinter.java" Intrnl_Id="58">
                                <LocList>
                                    <Loc EndOffset="1730" SrcFileId="1" StartOffset="1707"/>
                                </LocList>
                            </BasicStmnt>
                        </StmntSeq>
                    </HierarchyLvl>
                    <HierarchyLvl HierarchyLvlId="1397" HierarchyLvlTypeId="4" Intrnl_Id="59" Name="getSpiaGuasto">
                        <Header>
                            <Loc EndOffset="1778" SrcFileId="1" StartOffset="1739"/>
                        </Header>
                        <LocList>
                            <Loc EndOffset="1806" SrcFileId="1" StartOffset="1739"/>
                        </LocList>
                        <StmntSeq Intrnl_Id="60">
                            <LocList>
                                <Loc EndOffset="1802" SrcFileId="1" StartOffset="1784"/>
                            </LocList>
                            <BasicStmnt CovItemId="S21" CovItemPrefix="printer.SmartPrinter.java" Intrnl_Id="61">
                                <LocList>
                                    <Loc EndOffset="1802" SrcFileId="1" StartOffset="1784"/>
                                </LocList>
                            </BasicStmnt>
                        </StmntSeq>
                    </HierarchyLvl>
                    <HierarchyLvl HierarchyLvlId="1398" HierarchyLvlTypeId="4" Intrnl_Id="62" Name="getTonerNero">
                        <Header>
                            <Loc EndOffset="1839" SrcFileId="1" StartOffset="1811"/>
                        </Header>
                        <LocList>
                            <Loc EndOffset="1866" SrcFileId="1" StartOffset="1811"/>
                        </LocList>
                        <StmntSeq Intrnl_Id="63">
                            <LocList>
                                <Loc EndOffset="1862" SrcFileId="1" StartOffset="1845"/>
                            </LocList>
                            <BasicStmnt CovItemId="S22" CovItemPrefix="printer.SmartPrinter.java" Intrnl_Id="64">
                                <LocList>
                                    <Loc EndOffset="1862" SrcFileId="1" StartOffset="1845"/>
                                </LocList>
                            </BasicStmnt>
                        </StmntSeq>
                    </HierarchyLvl>
                    <HierarchyLvl HierarchyLvlId="1399" HierarchyLvlTypeId="4" Intrnl_Id="65" Name="getTonerColore">
                        <Header>
                            <Loc EndOffset="1901" SrcFileId="1" StartOffset="1871"/>
                        </Header>
                        <LocList>
                            <Loc EndOffset="1930" SrcFileId="1" StartOffset="1871"/>
                        </LocList>
                        <StmntSeq Intrnl_Id="66">
                            <LocList>
                                <Loc EndOffset="1926" SrcFileId="1" StartOffset="1907"/>
                            </LocList>
                            <BasicStmnt CovItemId="S23" CovItemPrefix="printer.SmartPrinter.java" Intrnl_Id="67">
                                <LocList>
                                    <Loc EndOffset="1926" SrcFileId="1" StartOffset="1907"/>
                                </LocList>
                            </BasicStmnt>
                        </StmntSeq>
                    </HierarchyLvl>
                    <HierarchyLvl HierarchyLvlId="1400" HierarchyLvlTypeId="4" Intrnl_Id="68" Name="getFogliCarta">
                        <Header>
                            <Loc EndOffset="1964" SrcFileId="1" StartOffset="1935"/>
                        </Header>
                        <LocList>
                            <Loc EndOffset="1992" SrcFileId="1" StartOffset="1935"/>
                        </LocList>
                        <StmntSeq Intrnl_Id="69">
                            <LocList>
                                <Loc EndOffset="1988" SrcFileId="1" StartOffset="1970"/>
                            </LocList>
                            <BasicStmnt CovItemId="S24" CovItemPrefix="printer.SmartPrinter.java" Intrnl_Id="70">
                                <LocList>
                                    <Loc EndOffset="1988" SrcFileId="1" StartOffset="1970"/>
                                </LocList>
                            </BasicStmnt>
                        </StmntSeq>
                    </HierarchyLvl>
                    <HierarchyLvl HierarchyLvlId="1401" HierarchyLvlTypeId="4" Intrnl_Id="71" Name="isCollegatoWireless">
                        <Header>
                            <Loc EndOffset="2039" SrcFileId="1" StartOffset="2000"/>
                        </Header>
                        <LocList>
                            <Loc EndOffset="2074" SrcFileId="1" StartOffset="2000"/>
                        </LocList>
                        <StmntSeq Intrnl_Id="72">
                            <LocList>
                                <Loc EndOffset="2070" SrcFileId="1" StartOffset="2045"/>
                            </LocList>
                            <BasicStmnt CovItemId="S25" CovItemPrefix="printer.SmartPrinter.java" Intrnl_Id="73">
                                <LocList>
                                    <Loc EndOffset="2070" SrcFileId="1" StartOffset="2045"/>
                                </LocList>
                            </BasicStmnt>
                        </StmntSeq>
                    </HierarchyLvl>
                    <HierarchyLvl HierarchyLvlId="1402" HierarchyLvlTypeId="4" Intrnl_Id="74" Name="isCollegatoCavo">
                        <Header>
                            <Loc EndOffset="2114" SrcFileId="1" StartOffset="2079"/>
                        </Header>
                        <LocList>
                            <Loc EndOffset="2145" SrcFileId="1" StartOffset="2079"/>
                        </LocList>
                        <StmntSeq Intrnl_Id="75">
                            <LocList>
                                <Loc EndOffset="2141" SrcFileId="1" StartOffset="2120"/>
                            </LocList>
                            <BasicStmnt CovItemId="S26" CovItemPrefix="printer.SmartPrinter.java" Intrnl_Id="76">
                                <LocList>
                                    <Loc EndOffset="2141" SrcFileId="1" StartOffset="2120"/>
                                </LocList>
                            </BasicStmnt>
                        </StmntSeq>
                    </HierarchyLvl>
                    <HierarchyLvl HierarchyLvlId="1403" HierarchyLvlTypeId="4" Intrnl_Id="77" Name="isCartaInceppata">
                        <Header>
                            <Loc EndOffset="2186" SrcFileId="1" StartOffset="2150"/>
                        </Header>
                        <LocList>
                            <Loc EndOffset="2218" SrcFileId="1" StartOffset="2150"/>
                        </LocList>
                        <StmntSeq Intrnl_Id="78">
                            <LocList>
                                <Loc EndOffset="2214" SrcFileId="1" StartOffset="2192"/>
                            </LocList>
                            <BasicStmnt CovItemId="S27" CovItemPrefix="printer.SmartPrinter.java" Intrnl_Id="79">
                                <LocList>
                                    <Loc EndOffset="2214" SrcFileId="1" StartOffset="2192"/>
                                </LocList>
                            </BasicStmnt>
                        </StmntSeq>
                    </HierarchyLvl>
                    <HierarchyLvl HierarchyLvlId="1404" HierarchyLvlTypeId="4" Intrnl_Id="80" Name="getUtenti">
                        <Header>
                            <Loc EndOffset="2253" SrcFileId="1" StartOffset="2223"/>
                        </Header>
                        <LocList>
                            <Loc EndOffset="2277" SrcFileId="1" StartOffset="2223"/>
                        </LocList>
                        <StmntSeq Intrnl_Id="81">
                            <LocList>
                                <Loc EndOffset="2273" SrcFileId="1" StartOffset="2259"/>
                            </LocList>
                            <BasicStmnt CovItemId="S28" CovItemPrefix="printer.SmartPrinter.java" Intrnl_Id="82">
                                <LocList>
                                    <Loc EndOffset="2273" SrcFileId="1" StartOffset="2259"/>
                                </LocList>
                            </BasicStmnt>
                        </StmntSeq>
                    </HierarchyLvl>
                    <HierarchyLvl HierarchyLvlId="1405" HierarchyLvlTypeId="4" Intrnl_Id="83" Name="getUtenteCorrente">
                        <Header>
                            <Loc EndOffset="2318" SrcFileId="1" StartOffset="2282"/>
                        </Header>
                        <LocList>
                            <Loc EndOffset="2350" SrcFileId="1" StartOffset="2282"/>
                        </LocList>
                        <StmntSeq Intrnl_Id="84">
                            <LocList>
                                <Loc EndOffset="2346" SrcFileId="1" StartOffset="2324"/>
                            </LocList>
                            <BasicStmnt CovItemId="S29" CovItemPrefix="printer.SmartPrinter.java" Intrnl_Id="85">
                                <LocList>
                                    <Loc EndOffset="2346" SrcFileId="1" StartOffset="2324"/>
                                </LocList>
                            </BasicStmnt>
                        </StmntSeq>
                    </HierarchyLvl>
                    <HierarchyLvl HierarchyLvlId="1406" HierarchyLvlTypeId="4" Intrnl_Id="86" Name="aggiungiUtente">
                        <Header>
                            <Loc EndOffset="2397" SrcFileId="1" StartOffset="2355"/>
                        </Header>
                        <LocList>
                            <Loc EndOffset="2748" SrcFileId="1" StartOffset="2355"/>
                        </LocList>
                        <StmntSeq Intrnl_Id="87">
                            <LocList>
                                <Loc EndOffset="2707" SrcFileId="1" StartOffset="2409"/>
                                <Loc EndOffset="2731" SrcFileId="1" StartOffset="2718"/>
                            </LocList>
                            <CondStmnt CovItemId="S30" CovItemPrefix="printer.SmartPrinter.java" Intrnl_Id="88">
                                <Branch CovItemId="B5" CovItemPrefix="printer.SmartPrinter.java" Implct="false" Intrnl_Id="89">
                                    <Cond/>
                                    <LocList>
                                        <Loc EndOffset="2620" SrcFileId="1" StartOffset="2439"/>
                                    </LocList>
                                    <StmntSeq Intrnl_Id="90">
                                        <LocList>
                                            <Loc EndOffset="2473" SrcFileId="1" StartOffset="2451"/>
                                            <Loc EndOffset="2496" SrcFileId="1" StartOffset="2484"/>
                                            <Loc EndOffset="2586" SrcFileId="1" StartOffset="2507"/>
                                            <Loc EndOffset="2609" SrcFileId="1" StartOffset="2597"/>
                                        </LocList>
                                        <BasicStmnt CovItemId="S31" CovItemPrefix="printer.SmartPrinter.java" Intrnl_Id="91">
                                            <LocList>
                                                <Loc EndOffset="2473" SrcFileId="1" StartOffset="2451"/>
                                            </LocList>
                                        </BasicStmnt>
                                        <BasicStmnt CovItemId="S32" CovItemPrefix="printer.SmartPrinter.java" Intrnl_Id="92">
                                            <LocList>
                                                <Loc EndOffset="2496" SrcFileId="1" StartOffset="2484"/>
                                            </LocList>
                                        </BasicStmnt>
                                        <BasicStmnt CovItemId="S33" CovItemPrefix="printer.SmartPrinter.java" Intrnl_Id="93">
                                            <LocList>
                                                <Loc EndOffset="2586" SrcFileId="1" StartOffset="2507"/>
                                            </LocList>
                                        </BasicStmnt>
                                        <BasicStmnt CovItemId="S34" CovItemPrefix="printer.SmartPrinter.java" Intrnl_Id="94">
                                            <LocList>
                                                <Loc EndOffset="2609" SrcFileId="1" StartOffset="2597"/>
                                            </LocList>
                                        </BasicStmnt>
                                    </StmntSeq>
                                </Branch>
                                <Branch CovItemId="B6" CovItemPrefix="printer.SmartPrinter.java" Implct="false" Intrnl_Id="95">
                                    <Cond>
                                        <Loc EndOffset="2634" SrcFileId="1" StartOffset="2630"/>
                                    </Cond>
                                    <LocList>
                                        <Loc EndOffset="2707" SrcFileId="1" StartOffset="2645"/>
                                    </LocList>
                                    <StmntSeq Intrnl_Id="96">
                                        <LocList>
                                            <Loc EndOffset="2707" SrcFileId="1" StartOffset="2645"/>
                                        </LocList>
                                        <BasicStmnt CovItemId="S35" CovItemPrefix="printer.SmartPrinter.java" Intrnl_Id="97">
                                            <LocList>
                                                <Loc EndOffset="2707" SrcFileId="1" StartOffset="2645"/>
                                            </LocList>
                                        </BasicStmnt>
                                    </StmntSeq>
                                </Branch>
                                <Keyword EndOffset="2411" SrcFileId="1" StartOffset="2409"/>
                                <LocList>
                                    <Loc EndOffset="2707" SrcFileId="1" StartOffset="2409"/>
                                </LocList>
                                <RootTerm CovItemId="C4" CovItemPrefix="printer.SmartPrinter.java" Intrnl_Id="98">
                                    <BasicBoolTerm Intrnl_Id="99">
                                        <LocList>
                                            <Loc EndOffset="2437" SrcFileId="1" StartOffset="2412"/>
                                        </LocList>
                                    </BasicBoolTerm>
                                </RootTerm>
                            </CondStmnt>
                            <BasicStmnt CovItemId="S36" CovItemPrefix="printer.SmartPrinter.java" Intrnl_Id="100">
                                <LocList>
                                    <Loc EndOffset="2731" SrcFileId="1" StartOffset="2718"/>
                                </LocList>
                            </BasicStmnt>
                        </StmntSeq>
                    </HierarchyLvl>
                    <HierarchyLvl HierarchyLvlId="1407" HierarchyLvlTypeId="4" Intrnl_Id="101" Name="guastoStampante">
                        <Header>
                            <Loc EndOffset="2792" SrcFileId="1" StartOffset="2760"/>
                        </Header>
                        <LocList>
                            <Loc EndOffset="2881" SrcFileId="1" StartOffset="2760"/>
                        </LocList>
                        <StmntSeq Intrnl_Id="102">
                            <LocList>
                                <Loc EndOffset="2874" SrcFileId="1" StartOffset="2801"/>
                            </LocList>
                            <CondStmnt CovItemId="S37" CovItemPrefix="printer.SmartPrinter.java" Intrnl_Id="103">
                                <Branch CovItemId="B7" CovItemPrefix="printer.SmartPrinter.java" Implct="false" Intrnl_Id="104">
                                    <Cond/>
                                    <LocList>
                                        <Loc EndOffset="2874" SrcFileId="1" StartOffset="2840"/>
                                    </LocList>
                                    <StmntSeq Intrnl_Id="105">
                                        <LocList>
                                            <Loc EndOffset="2874" SrcFileId="1" StartOffset="2840"/>
                                        </LocList>
                                        <BasicStmnt CovItemId="S38" CovItemPrefix="printer.SmartPrinter.java" Intrnl_Id="106">
                                            <LocList>
                                                <Loc EndOffset="2874" SrcFileId="1" StartOffset="2840"/>
                                            </LocList>
                                        </BasicStmnt>
                                    </StmntSeq>
                                </Branch>
                                <Branch CovItemId="B8" CovItemPrefix="printer.SmartPrinter.java" Implct="true" Intrnl_Id="107">
                                    <Cond/>
                                    <LocList/>
                                    <StmntSeq Intrnl_Id="108">
                                        <LocList/>
                                    </StmntSeq>
                                </Branch>
                                <Keyword EndOffset="2803" SrcFileId="1" StartOffset="2801"/>
                                <LocList>
                                    <Loc EndOffset="2874" SrcFileId="1" StartOffset="2801"/>
                                </LocList>
                                <RootTerm CovItemId="C5" CovItemPrefix="printer.SmartPrinter.java" Intrnl_Id="109">
                                    <BasicBoolTerm Intrnl_Id="110">
                                        <LocList>
                                            <Loc EndOffset="2831" SrcFileId="1" StartOffset="2804"/>
                                        </LocList>
                                    </BasicBoolTerm>
                                </RootTerm>
                            </CondStmnt>
                        </StmntSeq>
                    </HierarchyLvl>
                    <HierarchyLvl HierarchyLvlId="1408" HierarchyLvlTypeId="4" Intrnl_Id="111" Name="riparazioneStampante">
                        <Header>
                            <Loc EndOffset="2930" SrcFileId="1" StartOffset="2893"/>
                        </Header>
                        <LocList>
                            <Loc EndOffset="3029" SrcFileId="1" StartOffset="2893"/>
                        </LocList>
                        <StmntSeq Intrnl_Id="112">
                            <LocList>
                                <Loc EndOffset="3022" SrcFileId="1" StartOffset="2939"/>
                            </LocList>
                            <CondStmnt CovItemId="S39" CovItemPrefix="printer.SmartPrinter.java" Intrnl_Id="113">
                                <Branch CovItemId="B9" CovItemPrefix="printer.SmartPrinter.java" Implct="false" Intrnl_Id="114">
                                    <Cond/>
                                    <LocList>
                                        <Loc EndOffset="3022" SrcFileId="1" StartOffset="2985"/>
                                    </LocList>
                                    <StmntSeq Intrnl_Id="115">
                                        <LocList>
                                            <Loc EndOffset="3022" SrcFileId="1" StartOffset="2985"/>
                                        </LocList>
                                        <BasicStmnt CovItemId="S40" CovItemPrefix="printer.SmartPrinter.java" Intrnl_Id="116">
                                            <LocList>
                                                <Loc EndOffset="3022" SrcFileId="1" StartOffset="2985"/>
                                            </LocList>
                                        </BasicStmnt>
                                    </StmntSeq>
                                </Branch>
                                <Branch CovItemId="B10" CovItemPrefix="printer.SmartPrinter.java" Implct="true" Intrnl_Id="117">
                                    <Cond/>
                                    <LocList/>
                                    <StmntSeq Intrnl_Id="118">
                                        <LocList/>
                                    </StmntSeq>
                                </Branch>
                                <Keyword EndOffset="2941" SrcFileId="1" StartOffset="2939"/>
                                <LocList>
                                    <Loc EndOffset="3022" SrcFileId="1" StartOffset="2939"/>
                                </LocList>
                                <RootTerm CovItemId="C6" CovItemPrefix="printer.SmartPrinter.java" Intrnl_Id="119">
                                    <BasicBoolTerm Intrnl_Id="120">
                                        <LocList>
                                            <Loc EndOffset="2976" SrcFileId="1" StartOffset="2942"/>
                                        </LocList>
                                    </BasicBoolTerm>
                                </RootTerm>
                            </CondStmnt>
                        </StmntSeq>
                    </HierarchyLvl>
                    <HierarchyLvl HierarchyLvlId="1409" HierarchyLvlTypeId="4" Intrnl_Id="121" Name="accendiStampante">
                        <Header>
                            <Loc EndOffset="3073" SrcFileId="1" StartOffset="3037"/>
                        </Header>
                        <LocList>
                            <Loc EndOffset="3318" SrcFileId="1" StartOffset="3037"/>
                        </LocList>
                        <StmntSeq Intrnl_Id="122">
                            <LocList>
                                <Loc EndOffset="3229" SrcFileId="1" StartOffset="3082"/>
                                <Loc EndOffset="3284" SrcFileId="1" StartOffset="3236"/>
                                <Loc EndOffset="3304" SrcFileId="1" StartOffset="3291"/>
                            </LocList>
                            <CondStmnt CovItemId="S41" CovItemPrefix="printer.SmartPrinter.java" Intrnl_Id="123">
                                <Branch CovItemId="B11" CovItemPrefix="printer.SmartPrinter.java" Implct="false" Intrnl_Id="124">
                                    <Cond/>
                                    <LocList>
                                        <Loc EndOffset="3229" SrcFileId="1" StartOffset="3115"/>
                                    </LocList>
                                    <StmntSeq Intrnl_Id="125">
                                        <LocList>
                                            <Loc EndOffset="3151" SrcFileId="1" StartOffset="3124"/>
                                            <Loc EndOffset="3201" SrcFileId="1" StartOffset="3159"/>
                                            <Loc EndOffset="3221" SrcFileId="1" StartOffset="3209"/>
                                        </LocList>
                                        <BasicStmnt CovItemId="S42" CovItemPrefix="printer.SmartPrinter.java" Intrnl_Id="126">
                                            <LocList>
                                                <Loc EndOffset="3151" SrcFileId="1" StartOffset="3124"/>
                                            </LocList>
                                        </BasicStmnt>
                                        <BasicStmnt CovItemId="S43" CovItemPrefix="printer.SmartPrinter.java" Intrnl_Id="127">
                                            <LocList>
                                                <Loc EndOffset="3201" SrcFileId="1" StartOffset="3159"/>
                                            </LocList>
                                        </BasicStmnt>
                                        <BasicStmnt CovItemId="S44" CovItemPrefix="printer.SmartPrinter.java" Intrnl_Id="128">
                                            <LocList>
                                                <Loc EndOffset="3221" SrcFileId="1" StartOffset="3209"/>
                                            </LocList>
                                        </BasicStmnt>
                                    </StmntSeq>
                                </Branch>
                                <Branch CovItemId="B12" CovItemPrefix="printer.SmartPrinter.java" Implct="true" Intrnl_Id="129">
                                    <Cond/>
                                    <LocList/>
                                    <StmntSeq Intrnl_Id="130">
                                        <LocList/>
                                    </StmntSeq>
                                </Branch>
                                <Keyword EndOffset="3084" SrcFileId="1" StartOffset="3082"/>
                                <LocList>
                                    <Loc EndOffset="3229" SrcFileId="1" StartOffset="3082"/>
                                </LocList>
                                <RootTerm CovItemId="C7" CovItemPrefix="printer.SmartPrinter.java" Intrnl_Id="131">
                                    <BasicBoolTerm Intrnl_Id="132">
                                        <LocList>
                                            <Loc EndOffset="3113" SrcFileId="1" StartOffset="3085"/>
                                        </LocList>
                                    </BasicBoolTerm>
                                </RootTerm>
                            </CondStmnt>
                            <BasicStmnt CovItemId="S45" CovItemPrefix="printer.SmartPrinter.java" Intrnl_Id="133">
                                <LocList>
                                    <Loc EndOffset="3284" SrcFileId="1" StartOffset="3236"/>
                                </LocList>
                            </BasicStmnt>
                            <BasicStmnt CovItemId="S46" CovItemPrefix="printer.SmartPrinter.java" Intrnl_Id="134">
                                <LocList>
                                    <Loc EndOffset="3304" SrcFileId="1" StartOffset="3291"/>
                                </LocList>
                            </BasicStmnt>
                        </StmntSeq>
                    </HierarchyLvl>
                    <HierarchyLvl HierarchyLvlId="1410" HierarchyLvlTypeId="4" Intrnl_Id="135" Name="avvioStampante">
                        <Header>
                            <Loc EndOffset="3360" SrcFileId="1" StartOffset="3326"/>
                        </Header>
                        <LocList>
                            <Loc EndOffset="3796" SrcFileId="1" StartOffset="3326"/>
                        </LocList>
                        <StmntSeq Intrnl_Id="136">
                            <LocList>
                                <Loc EndOffset="3718" SrcFileId="1" StartOffset="3369"/>
                                <Loc EndOffset="3769" SrcFileId="1" StartOffset="3725"/>
                                <Loc EndOffset="3789" SrcFileId="1" StartOffset="3776"/>
                            </LocList>
                            <CondStmnt CovItemId="S47" CovItemPrefix="printer.SmartPrinter.java" Intrnl_Id="137">
                                <Branch CovItemId="B13" CovItemPrefix="printer.SmartPrinter.java" Implct="false" Intrnl_Id="138">
                                    <Cond/>
                                    <LocList>
                                        <Loc EndOffset="3718" SrcFileId="1" StartOffset="3401"/>
                                    </LocList>
                                    <StmntSeq Intrnl_Id="139">
                                        <LocList>
                                            <Loc EndOffset="3710" SrcFileId="1" StartOffset="3410"/>
                                        </LocList>
                                        <CondStmnt CovItemId="S48" CovItemPrefix="printer.SmartPrinter.java" Intrnl_Id="140">
                                            <Branch CovItemId="B15" CovItemPrefix="printer.SmartPrinter.java" Implct="false" Intrnl_Id="141">
                                                <Cond/>
                                                <LocList>
                                                    <Loc EndOffset="3575" SrcFileId="1" StartOffset="3449"/>
                                                </LocList>
                                                <StmntSeq Intrnl_Id="142">
                                                    <LocList>
                                                        <Loc EndOffset="3493" SrcFileId="1" StartOffset="3459"/>
                                                        <Loc EndOffset="3541" SrcFileId="1" StartOffset="3502"/>
                                                        <Loc EndOffset="3563" SrcFileId="1" StartOffset="3550"/>
                                                    </LocList>
                                                    <BasicStmnt CovItemId="S49" CovItemPrefix="printer.SmartPrinter.java" Intrnl_Id="143">
                                                        <LocList>
                                                            <Loc EndOffset="3493" SrcFileId="1" StartOffset="3459"/>
                                                        </LocList>
                                                    </BasicStmnt>
                                                    <BasicStmnt CovItemId="S50" CovItemPrefix="printer.SmartPrinter.java" Intrnl_Id="144">
                                                        <LocList>
                                                            <Loc EndOffset="3541" SrcFileId="1" StartOffset="3502"/>
                                                        </LocList>
                                                    </BasicStmnt>
                                                    <BasicStmnt CovItemId="S51" CovItemPrefix="printer.SmartPrinter.java" Intrnl_Id="145">
                                                        <LocList>
                                                            <Loc EndOffset="3563" SrcFileId="1" StartOffset="3550"/>
                                                        </LocList>
                                                    </BasicStmnt>
                                                </StmntSeq>
                                            </Branch>
                                            <Branch CovItemId="B16" CovItemPrefix="printer.SmartPrinter.java" Implct="false" Intrnl_Id="146">
                                                <Cond>
                                                    <Loc EndOffset="3590" SrcFileId="1" StartOffset="3586"/>
                                                </Cond>
                                                <LocList>
                                                    <Loc EndOffset="3710" SrcFileId="1" StartOffset="3591"/>
                                                </LocList>
                                                <StmntSeq Intrnl_Id="147">
                                                    <LocList>
                                                        <Loc EndOffset="3634" SrcFileId="1" StartOffset="3601"/>
                                                        <Loc EndOffset="3680" SrcFileId="1" StartOffset="3643"/>
                                                        <Loc EndOffset="3701" SrcFileId="1" StartOffset="3689"/>
                                                    </LocList>
                                                    <BasicStmnt CovItemId="S52" CovItemPrefix="printer.SmartPrinter.java" Intrnl_Id="148">
                                                        <LocList>
                                                            <Loc EndOffset="3634" SrcFileId="1" StartOffset="3601"/>
                                                        </LocList>
                                                    </BasicStmnt>
                                                    <BasicStmnt CovItemId="S53" CovItemPrefix="printer.SmartPrinter.java" Intrnl_Id="149">
                                                        <LocList>
                                                            <Loc EndOffset="3680" SrcFileId="1" StartOffset="3643"/>
                                                        </LocList>
                                                    </BasicStmnt>
                                                    <BasicStmnt CovItemId="S54" CovItemPrefix="printer.SmartPrinter.java" Intrnl_Id="150">
                                                        <LocList>
                                                            <Loc EndOffset="3701" SrcFileId="1" StartOffset="3689"/>
                                                        </LocList>
                                                    </BasicStmnt>
                                                </StmntSeq>
                                            </Branch>
                                            <Keyword EndOffset="3412" SrcFileId="1" StartOffset="3410"/>
                                            <LocList>
                                                <Loc EndOffset="3710" SrcFileId="1" StartOffset="3410"/>
                                            </LocList>
                                            <RootTerm CovItemId="C9" CovItemPrefix="printer.SmartPrinter.java" Intrnl_Id="151">
                                                <BasicBoolTerm Intrnl_Id="152">
                                                    <LocList>
                                                        <Loc EndOffset="3447" SrcFileId="1" StartOffset="3413"/>
                                                    </LocList>
                                                </BasicBoolTerm>
                                            </RootTerm>
                                        </CondStmnt>
                                    </StmntSeq>
                                </Branch>
                                <Branch CovItemId="B14" CovItemPrefix="printer.SmartPrinter.java" Implct="true" Intrnl_Id="153">
                                    <Cond/>
                                    <LocList/>
                                    <StmntSeq Intrnl_Id="154">
                                        <LocList/>
                                    </StmntSeq>
                                </Branch>
                                <Keyword EndOffset="3371" SrcFileId="1" StartOffset="3369"/>
                                <LocList>
                                    <Loc EndOffset="3718" SrcFileId="1" StartOffset="3369"/>
                                </LocList>
                                <RootTerm CovItemId="C8" CovItemPrefix="printer.SmartPrinter.java" Intrnl_Id="155">
                                    <BasicBoolTerm Intrnl_Id="156">
                                        <LocList>
                                            <Loc EndOffset="3399" SrcFileId="1" StartOffset="3372"/>
                                        </LocList>
                                    </BasicBoolTerm>
                                </RootTerm>
                            </CondStmnt>
                            <BasicStmnt CovItemId="S55" CovItemPrefix="printer.SmartPrinter.java" Intrnl_Id="157">
                                <LocList>
                                    <Loc EndOffset="3769" SrcFileId="1" StartOffset="3725"/>
                                </LocList>
                            </BasicStmnt>
                            <BasicStmnt CovItemId="S56" CovItemPrefix="printer.SmartPrinter.java" Intrnl_Id="158">
                                <LocList>
                                    <Loc EndOffset="3789" SrcFileId="1" StartOffset="3776"/>
                                </LocList>
                            </BasicStmnt>
                        </StmntSeq>
                    </HierarchyLvl>
                    <HierarchyLvl HierarchyLvlId="1411" HierarchyLvlTypeId="4" Intrnl_Id="159" Name="gestioneGuasto">
                        <Header>
                            <Loc EndOffset="3842" SrcFileId="1" StartOffset="3808"/>
                        </Header>
                        <LocList>
                            <Loc EndOffset="4261" SrcFileId="1" StartOffset="3808"/>
                        </LocList>
                        <StmntSeq Intrnl_Id="160">
                            <LocList>
                                <Loc EndOffset="4183" SrcFileId="1" StartOffset="3851"/>
                                <Loc EndOffset="4234" SrcFileId="1" StartOffset="4190"/>
                                <Loc EndOffset="4254" SrcFileId="1" StartOffset="4241"/>
                            </LocList>
                            <CondStmnt CovItemId="S57" CovItemPrefix="printer.SmartPrinter.java" Intrnl_Id="161">
                                <Branch CovItemId="B17" CovItemPrefix="printer.SmartPrinter.java" Implct="false" Intrnl_Id="162">
                                    <Cond/>
                                    <LocList>
                                        <Loc EndOffset="4183" SrcFileId="1" StartOffset="3890"/>
                                    </LocList>
                                    <StmntSeq Intrnl_Id="163">
                                        <LocList>
                                            <Loc EndOffset="4175" SrcFileId="1" StartOffset="3899"/>
                                        </LocList>
                                        <CondStmnt CovItemId="S58" CovItemPrefix="printer.SmartPrinter.java" Intrnl_Id="164">
                                            <Branch CovItemId="B19" CovItemPrefix="printer.SmartPrinter.java" Implct="false" Intrnl_Id="165">
                                                <Cond/>
                                                <LocList>
                                                    <Loc EndOffset="4063" SrcFileId="1" StartOffset="3941"/>
                                                </LocList>
                                                <StmntSeq Intrnl_Id="166">
                                                    <LocList>
                                                        <Loc EndOffset="3984" SrcFileId="1" StartOffset="3951"/>
                                                        <Loc EndOffset="4030" SrcFileId="1" StartOffset="3993"/>
                                                        <Loc EndOffset="4051" SrcFileId="1" StartOffset="4039"/>
                                                    </LocList>
                                                    <BasicStmnt CovItemId="S59" CovItemPrefix="printer.SmartPrinter.java" Intrnl_Id="167">
                                                        <LocList>
                                                            <Loc EndOffset="3984" SrcFileId="1" StartOffset="3951"/>
                                                        </LocList>
                                                    </BasicStmnt>
                                                    <BasicStmnt CovItemId="S60" CovItemPrefix="printer.SmartPrinter.java" Intrnl_Id="168">
                                                        <LocList>
                                                            <Loc EndOffset="4030" SrcFileId="1" StartOffset="3993"/>
                                                        </LocList>
                                                    </BasicStmnt>
                                                    <BasicStmnt CovItemId="S61" CovItemPrefix="printer.SmartPrinter.java" Intrnl_Id="169">
                                                        <LocList>
                                                            <Loc EndOffset="4051" SrcFileId="1" StartOffset="4039"/>
                                                        </LocList>
                                                    </BasicStmnt>
                                                </StmntSeq>
                                            </Branch>
                                            <Branch CovItemId="B20" CovItemPrefix="printer.SmartPrinter.java" Implct="false" Intrnl_Id="170">
                                                <Cond>
                                                    <Loc EndOffset="4078" SrcFileId="1" StartOffset="4074"/>
                                                </Cond>
                                                <LocList>
                                                    <Loc EndOffset="4175" SrcFileId="1" StartOffset="4079"/>
                                                </LocList>
                                                <StmntSeq Intrnl_Id="171">
                                                    <LocList>
                                                        <Loc EndOffset="4138" SrcFileId="1" StartOffset="4092"/>
                                                        <Loc EndOffset="4163" SrcFileId="1" StartOffset="4150"/>
                                                    </LocList>
                                                    <BasicStmnt CovItemId="S62" CovItemPrefix="printer.SmartPrinter.java" Intrnl_Id="172">
                                                        <LocList>
                                                            <Loc EndOffset="4138" SrcFileId="1" StartOffset="4092"/>
                                                        </LocList>
                                                    </BasicStmnt>
                                                    <BasicStmnt CovItemId="S63" CovItemPrefix="printer.SmartPrinter.java" Intrnl_Id="173">
                                                        <LocList>
                                                            <Loc EndOffset="4163" SrcFileId="1" StartOffset="4150"/>
                                                        </LocList>
                                                    </BasicStmnt>
                                                </StmntSeq>
                                            </Branch>
                                            <Keyword EndOffset="3901" SrcFileId="1" StartOffset="3899"/>
                                            <LocList>
                                                <Loc EndOffset="4175" SrcFileId="1" StartOffset="3899"/>
                                            </LocList>
                                            <RootTerm CovItemId="C11" CovItemPrefix="printer.SmartPrinter.java" Intrnl_Id="174">
                                                <BasicBoolTerm Intrnl_Id="175">
                                                    <LocList>
                                                        <Loc EndOffset="3939" SrcFileId="1" StartOffset="3902"/>
                                                    </LocList>
                                                </BasicBoolTerm>
                                            </RootTerm>
                                        </CondStmnt>
                                    </StmntSeq>
                                </Branch>
                                <Branch CovItemId="B18" CovItemPrefix="printer.SmartPrinter.java" Implct="true" Intrnl_Id="176">
                                    <Cond/>
                                    <LocList/>
                                    <StmntSeq Intrnl_Id="177">
                                        <LocList/>
                                    </StmntSeq>
                                </Branch>
                                <Keyword EndOffset="3853" SrcFileId="1" StartOffset="3851"/>
                                <LocList>
                                    <Loc EndOffset="4183" SrcFileId="1" StartOffset="3851"/>
                                </LocList>
                                <RootTerm CovItemId="C10" CovItemPrefix="printer.SmartPrinter.java" Intrnl_Id="178">
                                    <BasicBoolTerm Intrnl_Id="179">
                                        <LocList>
                                            <Loc EndOffset="3888" SrcFileId="1" StartOffset="3854"/>
                                        </LocList>
                                    </BasicBoolTerm>
                                </RootTerm>
                            </CondStmnt>
                            <BasicStmnt CovItemId="S64" CovItemPrefix="printer.SmartPrinter.java" Intrnl_Id="180">
                                <LocList>
                                    <Loc EndOffset="4234" SrcFileId="1" StartOffset="4190"/>
                                </LocList>
                            </BasicStmnt>
                            <BasicStmnt CovItemId="S65" CovItemPrefix="printer.SmartPrinter.java" Intrnl_Id="181">
                                <LocList>
                                    <Loc EndOffset="4254" SrcFileId="1" StartOffset="4241"/>
                                </LocList>
                            </BasicStmnt>
                        </StmntSeq>
                    </HierarchyLvl>
                    <HierarchyLvl HierarchyLvlId="1412" HierarchyLvlTypeId="4" Intrnl_Id="182" Name="identificazioneUtente">
                        <Header>
                            <Loc EndOffset="4326" SrcFileId="1" StartOffset="4273"/>
                        </Header>
                        <LocList>
                            <Loc EndOffset="4830" SrcFileId="1" StartOffset="4273"/>
                        </LocList>
                        <StmntSeq Intrnl_Id="183">
                            <LocList>
                                <Loc EndOffset="4752" SrcFileId="1" StartOffset="4335"/>
                                <Loc EndOffset="4803" SrcFileId="1" StartOffset="4759"/>
                                <Loc EndOffset="4823" SrcFileId="1" StartOffset="4810"/>
                            </LocList>
                            <CondStmnt CovItemId="S66" CovItemPrefix="printer.SmartPrinter.java" Intrnl_Id="184">
                                <Branch CovItemId="B21" CovItemPrefix="printer.SmartPrinter.java" Implct="false" Intrnl_Id="185">
                                    <Cond/>
                                    <LocList>
                                        <Loc EndOffset="4752" SrcFileId="1" StartOffset="4373"/>
                                    </LocList>
                                    <StmntSeq Intrnl_Id="186">
                                        <LocList>
                                            <Loc EndOffset="4744" SrcFileId="1" StartOffset="4383"/>
                                        </LocList>
                                        <CondStmnt CovItemId="S67" CovItemPrefix="printer.SmartPrinter.java" Intrnl_Id="187">
                                            <Branch CovItemId="B23" CovItemPrefix="printer.SmartPrinter.java" Implct="false" Intrnl_Id="188">
                                                <Cond/>
                                                <LocList>
                                                    <Loc EndOffset="4633" SrcFileId="1" StartOffset="4411"/>
                                                </LocList>
                                                <StmntSeq Intrnl_Id="189">
                                                    <LocList>
                                                        <Loc EndOffset="4468" SrcFileId="1" StartOffset="4421"/>
                                                        <Loc EndOffset="4511" SrcFileId="1" StartOffset="4477"/>
                                                        <Loc EndOffset="4600" SrcFileId="1" StartOffset="4520"/>
                                                        <Loc EndOffset="4621" SrcFileId="1" StartOffset="4609"/>
                                                    </LocList>
                                                    <BasicStmnt CovItemId="S68" CovItemPrefix="printer.SmartPrinter.java" Intrnl_Id="190">
                                                        <LocList>
                                                            <Loc EndOffset="4468" SrcFileId="1" StartOffset="4421"/>
                                                        </LocList>
                                                    </BasicStmnt>
                                                    <BasicStmnt CovItemId="S69" CovItemPrefix="printer.SmartPrinter.java" Intrnl_Id="191">
                                                        <LocList>
                                                            <Loc EndOffset="4511" SrcFileId="1" StartOffset="4477"/>
                                                        </LocList>
                                                    </BasicStmnt>
                                                    <BasicStmnt CovItemId="S70" CovItemPrefix="printer.SmartPrinter.java" Intrnl_Id="192">
                                                        <LocList>
                                                            <Loc EndOffset="4600" SrcFileId="1" StartOffset="4520"/>
                                                        </LocList>
                                                    </BasicStmnt>
                                                    <BasicStmnt CovItemId="S71" CovItemPrefix="printer.SmartPrinter.java" Intrnl_Id="193">
                                                        <LocList>
                                                            <Loc EndOffset="4621" SrcFileId="1" StartOffset="4609"/>
                                                        </LocList>
                                                    </BasicStmnt>
                                                </StmntSeq>
                                            </Branch>
                                            <Branch CovItemId="B24" CovItemPrefix="printer.SmartPrinter.java" Implct="false" Intrnl_Id="194">
                                                <Cond>
                                                    <Loc EndOffset="4648" SrcFileId="1" StartOffset="4644"/>
                                                </Cond>
                                                <LocList>
                                                    <Loc EndOffset="4744" SrcFileId="1" StartOffset="4649"/>
                                                </LocList>
                                                <StmntSeq Intrnl_Id="195">
                                                    <LocList>
                                                        <Loc EndOffset="4707" SrcFileId="1" StartOffset="4662"/>
                                                        <Loc EndOffset="4732" SrcFileId="1" StartOffset="4719"/>
                                                    </LocList>
                                                    <BasicStmnt CovItemId="S72" CovItemPrefix="printer.SmartPrinter.java" Intrnl_Id="196">
                                                        <LocList>
                                                            <Loc EndOffset="4707" SrcFileId="1" StartOffset="4662"/>
                                                        </LocList>
                                                    </BasicStmnt>
                                                    <BasicStmnt CovItemId="S73" CovItemPrefix="printer.SmartPrinter.java" Intrnl_Id="197">
                                                        <LocList>
                                                            <Loc EndOffset="4732" SrcFileId="1" StartOffset="4719"/>
                                                        </LocList>
                                                    </BasicStmnt>
                                                </StmntSeq>
                                            </Branch>
                                            <Keyword EndOffset="4385" SrcFileId="1" StartOffset="4383"/>
                                            <LocList>
                                                <Loc EndOffset="4744" SrcFileId="1" StartOffset="4383"/>
                                            </LocList>
                                            <RootTerm CovItemId="C13" CovItemPrefix="printer.SmartPrinter.java" Intrnl_Id="198">
                                                <BasicBoolTerm Intrnl_Id="199">
                                                    <LocList>
                                                        <Loc EndOffset="4409" SrcFileId="1" StartOffset="4386"/>
                                                    </LocList>
                                                </BasicBoolTerm>
                                            </RootTerm>
                                        </CondStmnt>
                                    </StmntSeq>
                                </Branch>
                                <Branch CovItemId="B22" CovItemPrefix="printer.SmartPrinter.java" Implct="true" Intrnl_Id="200">
                                    <Cond/>
                                    <LocList/>
                                    <StmntSeq Intrnl_Id="201">
                                        <LocList/>
                                    </StmntSeq>
                                </Branch>
                                <Keyword EndOffset="4337" SrcFileId="1" StartOffset="4335"/>
                                <LocList>
                                    <Loc EndOffset="4752" SrcFileId="1" StartOffset="4335"/>
                                </LocList>
                                <RootTerm CovItemId="C12" CovItemPrefix="printer.SmartPrinter.java" Intrnl_Id="202">
                                    <BasicBoolTerm Intrnl_Id="203">
                                        <LocList>
                                            <Loc EndOffset="4371" SrcFileId="1" StartOffset="4338"/>
                                        </LocList>
                                    </BasicBoolTerm>
                                </RootTerm>
                            </CondStmnt>
                            <BasicStmnt CovItemId="S74" CovItemPrefix="printer.SmartPrinter.java" Intrnl_Id="204">
                                <LocList>
                                    <Loc EndOffset="4803" SrcFileId="1" StartOffset="4759"/>
                                </LocList>
                            </BasicStmnt>
                            <BasicStmnt CovItemId="S75" CovItemPrefix="printer.SmartPrinter.java" Intrnl_Id="205">
                                <LocList>
                                    <Loc EndOffset="4823" SrcFileId="1" StartOffset="4810"/>
                                </LocList>
                            </BasicStmnt>
                        </StmntSeq>
                    </HierarchyLvl>
                    <HierarchyLvl HierarchyLvlId="1413" HierarchyLvlTypeId="4" Intrnl_Id="206" Name="inserimentoPin">
                        <Header>
                            <Loc EndOffset="4872" SrcFileId="1" StartOffset="4838"/>
                        </Header>
                        <LocList>
                            <Loc EndOffset="4914" SrcFileId="1" StartOffset="4838"/>
                        </LocList>
                        <StmntSeq Intrnl_Id="207">
                            <LocList>
                                <Loc EndOffset="4907" SrcFileId="1" StartOffset="4894"/>
                            </LocList>
                            <BasicStmnt CovItemId="S76" CovItemPrefix="printer.SmartPrinter.java" Intrnl_Id="208">
                                <LocList>
                                    <Loc EndOffset="4907" SrcFileId="1" StartOffset="4894"/>
                                </LocList>
                            </BasicStmnt>
                        </StmntSeq>
                    </HierarchyLvl>
                    <HierarchyLvl HierarchyLvlId="1414" HierarchyLvlTypeId="4" Intrnl_Id="209" Name="sceltaServizio">
                        <Header>
                            <Loc EndOffset="4960" SrcFileId="1" StartOffset="4926"/>
                        </Header>
                        <LocList>
                            <Loc EndOffset="5009" SrcFileId="1" StartOffset="4926"/>
                        </LocList>
                        <StmntSeq Intrnl_Id="210">
                            <LocList>
                                <Loc EndOffset="4995" SrcFileId="1" StartOffset="4982"/>
                            </LocList>
                            <BasicStmnt CovItemId="S77" CovItemPrefix="printer.SmartPrinter.java" Intrnl_Id="211">
                                <LocList>
                                    <Loc EndOffset="4995" SrcFileId="1" StartOffset="4982"/>
                                </LocList>
                            </BasicStmnt>
                        </StmntSeq>
                    </HierarchyLvl>
                    <HierarchyLvl HierarchyLvlId="1415" HierarchyLvlTypeId="4" Intrnl_Id="212" Name="stampanteInUso">
                        <Header>
                            <Loc EndOffset="5055" SrcFileId="1" StartOffset="5021"/>
                        </Header>
                        <LocList>
                            <Loc EndOffset="5097" SrcFileId="1" StartOffset="5021"/>
                        </LocList>
                        <StmntSeq Intrnl_Id="213">
                            <LocList>
                                <Loc EndOffset="5090" SrcFileId="1" StartOffset="5077"/>
                            </LocList>
                            <BasicStmnt CovItemId="S78" CovItemPrefix="printer.SmartPrinter.java" Intrnl_Id="214">
                                <LocList>
                                    <Loc EndOffset="5090" SrcFileId="1" StartOffset="5077"/>
                                </LocList>
                            </BasicStmnt>
                        </StmntSeq>
                    </HierarchyLvl>
                    <HierarchyLvl HierarchyLvlId="1416" HierarchyLvlTypeId="4" Intrnl_Id="215" Name="gestioneErrore">
                        <Header>
                            <Loc EndOffset="5143" SrcFileId="1" StartOffset="5109"/>
                        </Header>
                        <LocList>
                            <Loc EndOffset="5185" SrcFileId="1" StartOffset="5109"/>
                        </LocList>
                        <StmntSeq Intrnl_Id="216">
                            <LocList>
                                <Loc EndOffset="5178" SrcFileId="1" StartOffset="5165"/>
                            </LocList>
                            <BasicStmnt CovItemId="S79" CovItemPrefix="printer.SmartPrinter.java" Intrnl_Id="217">
                                <LocList>
                                    <Loc EndOffset="5178" SrcFileId="1" StartOffset="5165"/>
                                </LocList>
                            </BasicStmnt>
                        </StmntSeq>
                    </HierarchyLvl>
                    <HierarchyLvl HierarchyLvlId="1417" HierarchyLvlTypeId="4" Intrnl_Id="218" Name="statoCorrente">
                        <Header>
                            <Loc EndOffset="5223" SrcFileId="1" StartOffset="5193"/>
                        </Header>
                        <LocList>
                            <Loc EndOffset="5921" SrcFileId="1" StartOffset="5193"/>
                        </LocList>
                        <StmntSeq Intrnl_Id="219">
                            <LocList>
                                <Loc EndOffset="5282" SrcFileId="1" StartOffset="5235"/>
                                <Loc EndOffset="5337" SrcFileId="1" StartOffset="5292"/>
                                <Loc EndOffset="5391" SrcFileId="1" StartOffset="5347"/>
                                <Loc EndOffset="5479" SrcFileId="1" StartOffset="5401"/>
                                <Loc EndOffset="5536" SrcFileId="1" StartOffset="5489"/>
                                <Loc EndOffset="5597" SrcFileId="1" StartOffset="5546"/>
                                <Loc EndOffset="5650" SrcFileId="1" StartOffset="5607"/>
                                <Loc EndOffset="5723" SrcFileId="1" StartOffset="5660"/>
                                <Loc EndOffset="5788" SrcFileId="1" StartOffset="5733"/>
                                <Loc EndOffset="5855" SrcFileId="1" StartOffset="5798"/>
                                <Loc EndOffset="5914" SrcFileId="1" StartOffset="5865"/>
                            </LocList>
                            <BasicStmnt CovItemId="S80" CovItemPrefix="printer.SmartPrinter.java" Intrnl_Id="220">
                                <LocList>
                                    <Loc EndOffset="5282" SrcFileId="1" StartOffset="5235"/>
                                </LocList>
                            </BasicStmnt>
                            <BasicStmnt CovItemId="S81" CovItemPrefix="printer.SmartPrinter.java" Intrnl_Id="221">
                                <LocList>
                                    <Loc EndOffset="5337" SrcFileId="1" StartOffset="5292"/>
                                </LocList>
                            </BasicStmnt>
                            <BasicStmnt CovItemId="S82" CovItemPrefix="printer.SmartPrinter.java" Intrnl_Id="222">
                                <LocList>
                                    <Loc EndOffset="5391" SrcFileId="1" StartOffset="5347"/>
                                </LocList>
                            </BasicStmnt>
                            <BasicStmnt CovItemId="S83" CovItemPrefix="printer.SmartPrinter.java" Intrnl_Id="223">
                                <LocList>
                                    <Loc EndOffset="5479" SrcFileId="1" StartOffset="5401"/>
                                </LocList>
                            </BasicStmnt>
                            <BasicStmnt CovItemId="S84" CovItemPrefix="printer.SmartPrinter.java" Intrnl_Id="224">
                                <LocList>
                                    <Loc EndOffset="5536" SrcFileId="1" StartOffset="5489"/>
                                </LocList>
                            </BasicStmnt>
                            <BasicStmnt CovItemId="S85" CovItemPrefix="printer.SmartPrinter.java" Intrnl_Id="225">
                                <LocList>
                                    <Loc EndOffset="5597" SrcFileId="1" StartOffset="5546"/>
                                </LocList>
                            </BasicStmnt>
                            <BasicStmnt CovItemId="S86" CovItemPrefix="printer.SmartPrinter.java" Intrnl_Id="226">
                                <LocList>
                                    <Loc EndOffset="5650" SrcFileId="1" StartOffset="5607"/>
                                </LocList>
                            </BasicStmnt>
                            <BasicStmnt CovItemId="S87" CovItemPrefix="printer.SmartPrinter.java" Intrnl_Id="227">
                                <LocList>
                                    <Loc EndOffset="5723" SrcFileId="1" StartOffset="5660"/>
                                </LocList>
                            </BasicStmnt>
                            <BasicStmnt CovItemId="S88" CovItemPrefix="printer.SmartPrinter.java" Intrnl_Id="228">
                                <LocList>
                                    <Loc EndOffset="5788" SrcFileId="1" StartOffset="5733"/>
                                </LocList>
                            </BasicStmnt>
                            <BasicStmnt CovItemId="S89" CovItemPrefix="printer.SmartPrinter.java" Intrnl_Id="229">
                                <LocList>
                                    <Loc EndOffset="5855" SrcFileId="1" StartOffset="5798"/>
                                </LocList>
                            </BasicStmnt>
                            <BasicStmnt CovItemId="S90" CovItemPrefix="printer.SmartPrinter.java" Intrnl_Id="230">
                                <LocList>
                                    <Loc EndOffset="5914" SrcFileId="1" StartOffset="5865"/>
                                </LocList>
                            </BasicStmnt>
                        </StmntSeq>
                    </HierarchyLvl>
                </HierarchyLvl>
            </HierarchyLvl>
        </HierarchyLvl>
    </MASTRoot>
</TestSessionContainer>
