<?xml version="1.0" encoding="UTF-8"?><TestSessionContainer xmlns="http://www.codecover.org/xml/testsession-container" Date="1751882030251" TestSessionContainerId="354ba54d-5af1-4418-afee-6684184d4ceb" version="1.0">
    <SrcFileList>
        <SrcFile Content="package printer;&#13;&#10;&#13;&#10;import java.util.HashMap;&#13;&#10;import java.util.InputMismatchException;&#13;&#10;import java.util.Scanner;&#13;&#10;&#13;&#10;&#13;&#10;public class SmartPrinter {&#13;&#10;&#13;&#10;    public enum Stato { SPENTA, AVVIO, MOSTRABADGE, INSERISCIPIN, PRONTA, INUSO, ERRORE, OUTOFSERVICE }&#13;&#10;    public enum Servizio { PRINTBN, PRINTCOL, SCANSIONE, EXIT }&#13;&#10;    public enum StatoMacchina { GUASTA, NONGUASTA }&#13;&#10;&#13;&#10;    private Stato printerState;&#13;&#10;    private Servizio selectedService;&#13;&#10;    private StatoMacchina spiaGuasto;&#13;&#10;    private int tonerNero;&#13;&#10;    private int tonerColore;&#13;&#10;    private int fogliCarta;&#13;&#10;    &#13;&#10;    private boolean collegatoWireless;&#13;&#10;    private boolean collegatoCavo;&#13;&#10;    private boolean cartaInceppata;&#13;&#10;&#13;&#10;    Utente[] utenti;&#13;&#10;    int numUtenti;&#13;&#10;    private Utente utenteCorrente;&#13;&#10;    &#13;&#10;    private static boolean controlloInputUtenteBool(String s) {&#13;&#10;    &#9;return s.equals(&quot;si&quot;) || s.equals(&quot;no&quot;)  ? true : false;&#13;&#10;    }&#13;&#10;    &#13;&#10;    private static String getNomeUtenteLoggato(Utente u) {&#13;&#10;    &#9;return u != null ? u.getNome() : &quot;Nessuno&quot;;&#13;&#10;    }&#13;&#10;    &#13;&#10;    protected boolean ricercaUtente(int numBadgeInserito) {&#13;&#10;    &#9;&#13;&#10;    &#9;for(int i = 0; i &lt; numUtenti; i++) {&#13;&#10;    &#9;&#9;if(utenti[i].getBadgeId() == numBadgeInserito)&#13;&#10;    &#9;&#9;&#9;return true;&#13;&#10;    &#9;}&#13;&#10;    &#9;&#13;&#10;    &#9;return false;&#13;&#10;    &#9;&#13;&#10;    }&#13;&#10;    &#13;&#10;    private Utente getUtentebyNumBadge(int numBadge) {&#13;&#10;    &#9;&#13;&#10;    &#9;for(Utente u: utenti) {&#13;&#10;    &#9;&#9;if(u.getBadgeId() == numBadge)&#13;&#10;    &#9;&#9;&#9;return u;&#13;&#10;    &#9;}&#13;&#10;    &#9;&#13;&#10;    &#9;return null;&#13;&#10;    }&#13;&#10;    &#13;&#10;    public SmartPrinter() {&#13;&#10;        printerState = Stato.SPENTA;&#13;&#10;        tonerNero = 100;&#13;&#10;        tonerColore = 100;&#13;&#10;        fogliCarta = 500;&#13;&#10;        spiaGuasto = StatoMacchina.NONGUASTA;&#13;&#10;        utenti = new Utente[10];&#13;&#10;        numUtenti = 0;&#13;&#10;        collegatoWireless = false;&#13;&#10;        collegatoCavo = false;&#13;&#10;        cartaInceppata = false;&#13;&#10;    }&#13;&#10;&#13;&#10;    public Stato getPrinterState() {&#13;&#10;&#9;&#9;return printerState;&#13;&#10;&#9;}&#13;&#10;&#13;&#10;&#9;public Servizio getSelectedService() {&#13;&#10;&#9;&#9;return selectedService;&#13;&#10;&#9;}&#13;&#10;&#13;&#10;&#9;public StatoMacchina getSpiaGuasto() {&#13;&#10;&#9;&#9;return spiaGuasto;&#13;&#10;&#9;}&#13;&#10;&#13;&#10;&#9;public int getTonerNero() {&#13;&#10;&#9;&#9;return tonerNero;&#13;&#10;&#9;}&#13;&#10;&#13;&#10;&#9;public int getTonerColore() {&#13;&#10;&#9;&#9;return tonerColore;&#13;&#10;&#9;}&#13;&#10;&#13;&#10;&#9;public int getFogliCarta() {&#13;&#10;&#9;&#9;return fogliCarta;&#13;&#10;&#9;}&#13;&#10;&#13;&#10;&#9;public boolean isCollegatoWireless() {&#13;&#10;&#9;&#9;return collegatoWireless;&#13;&#10;&#9;}&#13;&#10;&#13;&#10;&#9;public boolean isCollegatoCavo() {&#13;&#10;&#9;&#9;return collegatoCavo;&#13;&#10;&#9;}&#13;&#10;&#13;&#10;&#9;public boolean isCartaInceppata() {&#13;&#10;&#9;&#9;return cartaInceppata;&#13;&#10;&#9;}&#13;&#10;&#13;&#10;&#9;public Utente[] getUtenti() {&#13;&#10;&#9;&#9;return utenti;&#13;&#10;&#9;}&#13;&#10;&#13;&#10;&#9;public Utente getUtenteCorrente() {&#13;&#10;&#9;&#9;return utenteCorrente;&#13;&#10;&#9;}&#13;&#10;&#13;&#10;&#9;public void aggiungiUtente(Utente u) {&#13;&#10;        if(numUtenti &lt; utenti.length) {&#13;&#10;        &#9;utenti[numUtenti] = u;&#13;&#10;        &#9;numUtenti++;&#13;&#10;        &#9;System.out.println(&quot;Utente aggiunto: &quot; + u.getNome() + &quot; : &quot; + u.getBadgeId());&#13;&#10;        }&#13;&#10;        else&#13;&#10;        &#9;System.out.println(&quot;Non è possibile aggiungere altri utenti&quot;);&#13;&#10;        &#13;&#10;    }&#13;&#10;    &#13;&#10;    protected void guastoStampante() {&#13;&#10;    &#9;if(printerState == Stato.AVVIO)&#13;&#10;    &#9;&#9;spiaGuasto = StatoMacchina.GUASTA;&#13;&#10;    }&#13;&#10;    &#13;&#10;    protected void riparazioneStampante() {&#13;&#10;    &#9;if(printerState == Stato.OUTOFSERVICE)&#13;&#10;    &#9;&#9;spiaGuasto = StatoMacchina.NONGUASTA;&#13;&#10;    }&#13;&#10;&#13;&#10;    public boolean accendiStampante() {&#13;&#10;    &#9;if(printerState == Stato.SPENTA) {&#13;&#10;    &#9;&#9;printerState = Stato.AVVIO;&#13;&#10;    &#9;&#9;System.out.println(&quot;Accensione in corso&quot;);&#13;&#10;    &#9;&#9;return true;&#13;&#10;    &#9;}&#13;&#10;    &#9;System.out.println(&quot;La stampante è già accesa&quot;);&#13;&#10;    &#9;return false;&#13;&#10;    &#9;&#13;&#10;    }&#13;&#10;&#13;&#10;    public boolean avvioStampante() {&#13;&#10;    &#9;if(printerState == Stato.AVVIO) {&#13;&#10;    &#9;&#9;if(spiaGuasto == StatoMacchina.GUASTA) {&#13;&#10;    &#9;&#9;&#9;printerState = Stato.OUTOFSERVICE;&#13;&#10;    &#9;&#9;&#9;System.out.println(&quot;Stampante guasta&quot;);&#13;&#10;    &#9;&#9;&#9;return false;&#13;&#10;        &#9;}&#13;&#10;        &#9;else {&#13;&#10;    &#9;&#9;&#9;printerState = Stato.MOSTRABADGE;&#13;&#10;    &#9;&#9;&#9;System.out.println(&quot;Mostrare Badge&quot;);&#13;&#10;    &#9;&#9;&#9;return true;&#13;&#10;    &#9;&#9;}&#13;&#10;    &#9;}&#13;&#10;    &#9;System.out.println(&quot;Azione non consentita&quot;);&#13;&#10;    &#9;return false;&#13;&#10;    }&#13;&#10;    &#13;&#10;    public boolean gestioneGuasto() {&#13;&#10;    &#9;if(printerState == Stato.OUTOFSERVICE) {&#13;&#10;    &#9;&#9;if(spiaGuasto == StatoMacchina.NONGUASTA) {&#13;&#10;    &#9;&#9;&#9;printerState = Stato.MOSTRABADGE;&#13;&#10;    &#9;&#9;&#9;System.out.println(&quot;Mostrare Badge&quot;);&#13;&#10;    &#9;&#9;&#9;return true;&#13;&#10;        &#9;}&#13;&#10;        &#9;else {&#13;&#10;        &#9;&#9;System.out.println(&quot;Stampante ancora guasta&quot;);&#13;&#10;        &#9;&#9;return false;&#13;&#10;        &#9;}&#13;&#10;    &#9;}&#13;&#10;    &#9;System.out.println(&quot;Azione non consentita&quot;);&#13;&#10;    &#9;return false;&#13;&#10;    }&#13;&#10;    &#13;&#10;    public boolean identificazioneUtente(int numBadge) {&#13;&#10;    &#9;if(printerState == Stato.MOSTRABADGE) {&#13;&#10;    &#9; &#9;if(ricercaUtente(numBadge)) {&#13;&#10;    &#9;&#9;&#9;utenteCorrente = getUtentebyNumBadge(numBadge);&#13;&#10;    &#9;&#9;&#9;printerState = Stato.INSERISCIPIN;&#13;&#10;    &#9;&#9;&#9;System.out.println(&quot;Benvenuto &quot; + utenteCorrente.getNome() + &quot;, Inserisci Pin&quot;);&#13;&#10;    &#9;&#9;&#9;return true;&#13;&#10;        &#9;}&#13;&#10;        &#9;else {&#13;&#10;        &#9;&#9;System.out.println(&quot;Badge non riconosciuto&quot;);&#13;&#10;        &#9;&#9;return false;&#13;&#10;        &#9;}&#13;&#10;    &#9;}&#13;&#10;    &#9;System.out.println(&quot;Azione non consentita&quot;);&#13;&#10;    &#9;return false;&#13;&#10;    }&#13;&#10;&#13;&#10;    private boolean inserimentoPin() {&#13;&#10;    &#9;//TODO&#13;&#10;    &#9;return false;&#13;&#10;    }&#13;&#10;    &#13;&#10;    private boolean sceltaServizio() {&#13;&#10;    &#9;//TODO&#13;&#10;    &#9;return false;&#13;&#10;    &#9;&#13;&#10;    }&#13;&#10;    &#13;&#10;    private boolean stampanteInUso() {&#13;&#10;    &#9;//TODO&#13;&#10;    &#9;return false;&#13;&#10;    }&#13;&#10;    &#13;&#10;    private boolean gestioneErrore() {&#13;&#10;    &#9;//TODO&#13;&#10;    &#9;return false;&#13;&#10;    }&#13;&#10;&#13;&#10;    public void statoCorrente() {&#13;&#10;        System.out.println(&quot;\n--- STATO CORRENTE ---&quot;);&#13;&#10;        System.out.println(&quot;Stato: &quot; + printerState);&#13;&#10;        System.out.println(&quot;Guasto: &quot; + spiaGuasto);&#13;&#10;        System.out.println(&quot;Utente loggato: &quot; + getNomeUtenteLoggato(utenteCorrente));&#13;&#10;        System.out.println(&quot;Toner Nero: &quot; + tonerNero);&#13;&#10;        System.out.println(&quot;Toner Colore: &quot; + tonerColore);&#13;&#10;        System.out.println(&quot;Carta: &quot; + fogliCarta);&#13;&#10;        System.out.println(&quot;Collegato Wireless: &quot; + collegatoWireless);&#13;&#10;        System.out.println(&quot;Collegato Cavo: &quot; + collegatoCavo);&#13;&#10;        System.out.println(&quot;Carta inceppata: &quot; + cartaInceppata);&#13;&#10;        System.out.println(&quot;------------------------\n&quot;);&#13;&#10;    }&#13;&#10;    &#13;&#10;    // Interazione con la stampante&#13;&#10;    public void usoStampante() {&#13;&#10;        Scanner scanner = new Scanner(System.in);&#13;&#10;        boolean closeProgram = false;&#13;&#10;        boolean validInput = false;&#13;&#10;        &#13;&#10;        while(!closeProgram) {&#13;&#10;        &#9;&#13;&#10;        &#9;switch(printerState) {&#13;&#10;&#9;        &#9;case SPENTA:&#13;&#10;&#9;        &#9;&#9;String rispostaAccensione;&#13;&#10;&#9;        &#9;&#9;do {&#13;&#10;&#9;&#9;        &#9;&#9;System.out.println(&quot;Vuoi accendere la stampante? (si/no): &quot;);&#13;&#10;&#9;&#9;        &#9;&#9;rispostaAccensione = scanner.nextLine().toLowerCase();&#13;&#10;&#9;&#9;        &#9;&#9;validInput = controlloInputUtenteBool(rispostaAccensione);&#13;&#10;&#9;        &#9;&#9;}&#13;&#10;&#9;        &#9;&#9;while(!validInput);&#13;&#10;&#9;        &#9;&#9;&#9;&#13;&#10;&#9;        &#9;&#9;if(rispostaAccensione.equals(&quot;si&quot;))&#13;&#10;&#9;        &#9;&#9;&#9;accendiStampante();&#13;&#10;&#9;        &#9;&#9;else&#13;&#10;&#9;        &#9;&#9;&#9;closeProgram = true;&#13;&#10;&#9;        &#9;&#9;&#13;&#10;&#9;        &#9;&#9;break;&#13;&#10;&#9;        &#9;&#9;&#13;&#10;&#9;&#9;&#9;&#9;case AVVIO:&#13;&#10;&#9;        &#9;&#9;String rispostaGuasto;&#13;&#10;&#9;        &#9;&#9;do {&#13;&#10;&#9;        &#9;&#9;&#9;System.out.println(&quot;Si è verificato un guasto? (si/no): &quot;);&#13;&#10;&#9;        &#9;&#9;&#9;rispostaGuasto = scanner.nextLine().toLowerCase();&#13;&#10;&#9;&#9;        &#9;&#9;validInput = controlloInputUtenteBool(rispostaGuasto);&#13;&#10;&#9;        &#9;&#9;}&#13;&#10;&#9;        &#9;&#9;while(!validInput);&#13;&#10;&#9;        &#9;&#9;&#13;&#10;&#9;        &#9;&#9;if(rispostaGuasto.equals(&quot;si&quot;))&#13;&#10;&#9;        &#9;&#9;&#9;guastoStampante();&#13;&#10;&#9;        &#9;&#9;&#13;&#10;&#9;        &#9;&#9;avvioStampante();&#13;&#10;&#9;        &#9;&#9;break;&#13;&#10;&#9;        &#9;&#9;&#13;&#10;&#9;&#9;&#9;&#9;case OUTOFSERVICE:&#13;&#10;&#9;&#9;&#9;&#9;&#9;String rispostaGuastoRiparato;&#13;&#10;&#9;        &#9;&#9;do {&#13;&#10;&#9;&#9;        &#9;&#9;System.out.println(&quot;Il guasto è stato riparato? (si/no): &quot;);&#13;&#10;&#9;&#9;        &#9;&#9;rispostaGuastoRiparato = scanner.nextLine().toLowerCase();&#13;&#10;&#9;&#9;        &#9;&#9;validInput = controlloInputUtenteBool(rispostaGuastoRiparato);&#13;&#10;&#9;        &#9;&#9;}&#13;&#10;&#9;        &#9;&#9;while(!validInput);&#13;&#10;&#9;        &#9;&#9;&#13;&#10;&#9;        &#9;&#9;if(rispostaGuastoRiparato.equals(&quot;si&quot;))&#13;&#10;&#9;        &#9;&#9;&#9;riparazioneStampante();&#13;&#10;&#9;&#9;&#9;&#9;&#9;&#13;&#10;&#9;&#9;&#9;&#9;&#9;gestioneGuasto();&#13;&#10;&#9;        &#9;&#9;break;&#13;&#10;&#9;        &#9;&#9;&#13;&#10;&#9;&#9;&#9;&#9;case MOSTRABADGE:&#13;&#10;&#9;&#9;&#9;&#9;&#9;int badgeMostrato = 0;&#13;&#10;&#9;&#9;&#9;&#9;&#9;validInput = false;&#13;&#10;&#9;&#9;&#9;&#9;&#9;&#13;&#10;&#9;&#9;&#9;&#9;&#9;while(!validInput) {&#13;&#10;&#9;&#9;&#9;&#9;&#9;&#9;System.out.println(&quot;Inserire un numero di Badge: &quot;);&#13;&#10;&#9;&#9;&#9;&#9;&#9;&#9;  try {&#13;&#10;&#9;&#9;&#9;&#9;&#9;&#9;        badgeMostrato = scanner.nextInt();&#13;&#10;&#9;&#9;&#9;&#9;&#9;&#9;        validInput = true;&#13;&#10;&#9;&#9;&#9;&#9;&#9;&#9;    } catch (InputMismatchException e) {&#13;&#10;&#9;&#9;&#9;&#9;&#9;&#9;        System.out.println(&quot;Input non valido. Inserisci un numero di Badge.&quot;);&#13;&#10;&#9;&#9;&#9;&#9;&#9;&#9;        scanner.nextLine(); &#13;&#10;&#9;&#9;&#9;&#9;&#9;&#9;    }&#13;&#10;&#9;&#9;&#9;&#9;&#9;}&#13;&#10;&#9;&#9;&#9;&#9;&#9;&#13;&#10;&#9;&#9;&#9;&#9;&#9;scanner.nextLine(); // consuma il newline residuo dopo input corretto&#13;&#10;&#9;&#9;&#9;&#9;&#9;identificazioneUtente(badgeMostrato);&#13;&#10;&#9;        &#9;&#9;break;&#13;&#10;&#9;        &#9;&#9;&#13;&#10;&#9;&#9;&#9;&#9;case INSERISCIPIN:&#13;&#10;&#9;&#9;&#9;&#9;&#9;//inserimentoPin();&#13;&#10;&#9;&#9;&#9;&#9;&#9;statoCorrente();&#13;&#10;&#9;&#9;&#9;&#9;&#9;System.out.println(&quot;Cjeckpoint inserisci pin &quot;);&#13;&#10;&#9;        &#9;&#9;String check3 = scanner.nextLine().toLowerCase();&#13;&#10;&#9;        &#9;&#9;&#13;&#10;&#9;&#9;&#9;&#9;&#9;break;&#13;&#10;&#9;&#9;&#9;&#9;case PRONTA:&#13;&#10;&#9;&#9;&#9;&#9;&#9;sceltaServizio();&#13;&#10;&#9;&#9;&#9;&#9;&#9;break;&#13;&#10;&#9;&#9;&#9;&#9;case INUSO:&#13;&#10;&#9;&#9;&#9;&#9;&#9;stampanteInUso();&#13;&#10;&#9;&#9;&#9;&#9;&#9;break;&#13;&#10;&#9;&#9;&#9;&#9;case ERRORE:&#13;&#10;&#9;&#9;&#9;&#9;&#9;gestioneErrore();&#13;&#10;&#9;&#9;&#9;&#9;&#9;break;&#13;&#10;        &#9;}&#13;&#10;        &#9;&#13;&#10;        }&#13;&#10;        &#13;&#10;        scanner.close();&#13;&#10;        &#13;&#10;    }&#13;&#10;}&#13;&#10;" Filename="SmartPrinter.java" Intrnl_Id="1"/>
    </SrcFileList>
    <CritList>
        <CritListEntry Name="org.codecover.model.utils.criteria.LoopCoverage" PluginName="org.codecover"/>
        <CritListEntry Name="org.codecover.model.utils.criteria.QMOCoverage" PluginName="org.codecover"/>
        <CritListEntry Name="org.codecover.model.utils.criteria.ConditionCoverage" PluginName="org.codecover"/>
        <CritListEntry Name="org.codecover.model.utils.criteria.BranchCoverage" PluginName="org.codecover"/>
        <CritListEntry Name="org.codecover.model.utils.criteria.SynchronizedStatementCoverage" PluginName="org.codecover"/>
        <CritListEntry Name="org.codecover.model.utils.criteria.StatementCoverage" PluginName="org.codecover"/>
    </CritList>
    <BoolOpList>
        <BoolOp Arity="1" Intrnl_Id="2" Name="not (!)">
            <BoolAssgnmntBoolMapList>
                <MapEntry BoolAssgnmnt="1" Value="false"/>
                <MapEntry BoolAssgnmnt="0" Value="true"/>
            </BoolAssgnmntBoolMapList>
        </BoolOp>
    </BoolOpList>
    <HierarchyLvlTypeList>
        <HierarchyLvlType EnglishName="enumeration" IntrnlName="enum" Intrnl_Id="3"/>
        <HierarchyLvlType EnglishName="package" IntrnlName="package" Intrnl_Id="4"/>
        <HierarchyLvlType EnglishName="method" IntrnlName="method" Intrnl_Id="5"/>
        <HierarchyLvlType EnglishName="class" IntrnlName="class" Intrnl_Id="6"/>
        <HierarchyLvlType EnglishName="default package" IntrnlName="default package" Intrnl_Id="7"/>
    </HierarchyLvlTypeList>
    <MASTRoot>
        <HierarchyLvl HierarchyLvlId="166" HierarchyLvlTypeId="7" Intrnl_Id="8" Name="default package">
            <Header/>
            <LocList/>
            <HierarchyLvl HierarchyLvlId="165" HierarchyLvlTypeId="4" Intrnl_Id="9" Name="printer">
                <Header/>
                <LocList/>
                <HierarchyLvl HierarchyLvlId="164" HierarchyLvlTypeId="6" Intrnl_Id="10" Name="SmartPrinter">
                    <Header>
                        <Loc EndOffset="145" SrcFileId="1" StartOffset="120"/>
                    </Header>
                    <LocList>
                        <Loc EndOffset="155" SrcFileId="1" StartOffset="120"/>
                        <Loc EndOffset="260" SrcFileId="1" StartOffset="254"/>
                        <Loc EndOffset="325" SrcFileId="1" StartOffset="319"/>
                        <Loc EndOffset="8970" SrcFileId="1" StartOffset="372"/>
                    </LocList>
                    <HierarchyLvl HierarchyLvlId="132" HierarchyLvlTypeId="3" Intrnl_Id="11" Name="Stato">
                        <Header>
                            <Loc EndOffset="172" SrcFileId="1" StartOffset="155"/>
                        </Header>
                        <LocList>
                            <Loc EndOffset="254" SrcFileId="1" StartOffset="155"/>
                        </LocList>
                    </HierarchyLvl>
                    <HierarchyLvl HierarchyLvlId="133" HierarchyLvlTypeId="3" Intrnl_Id="12" Name="Servizio">
                        <Header>
                            <Loc EndOffset="280" SrcFileId="1" StartOffset="260"/>
                        </Header>
                        <LocList>
                            <Loc EndOffset="319" SrcFileId="1" StartOffset="260"/>
                        </LocList>
                    </HierarchyLvl>
                    <HierarchyLvl HierarchyLvlId="134" HierarchyLvlTypeId="3" Intrnl_Id="13" Name="StatoMacchina">
                        <Header>
                            <Loc EndOffset="350" SrcFileId="1" StartOffset="325"/>
                        </Header>
                        <LocList>
                            <Loc EndOffset="372" SrcFileId="1" StartOffset="325"/>
                        </LocList>
                    </HierarchyLvl>
                    <HierarchyLvl HierarchyLvlId="135" HierarchyLvlTypeId="5" Intrnl_Id="14" Name="controlloInputUtenteBool">
                        <Header>
                            <Loc EndOffset="840" SrcFileId="1" StartOffset="783"/>
                        </Header>
                        <LocList>
                            <Loc EndOffset="912" SrcFileId="1" StartOffset="783"/>
                        </LocList>
                        <StmntSeq Intrnl_Id="15">
                            <LocList>
                                <Loc EndOffset="905" SrcFileId="1" StartOffset="849"/>
                            </LocList>
                            <BasicStmnt CovItemId="S1" CovItemPrefix="printer.SmartPrinter.java" Intrnl_Id="16">
                                <LocList>
                                    <Loc EndOffset="905" SrcFileId="1" StartOffset="849"/>
                                </LocList>
                                <QMO CovItemId="Q0" CovItemPrefix="printer.SmartPrinter.java" Intrnl_Id="17">
                                    <LocList>
                                        <Loc EndOffset="888" SrcFileId="1" StartOffset="856"/>
                                    </LocList>
                                    <QMO_E CovItemId="Q0-0" CovItemPrefix="printer.SmartPrinter.java" Intrnl_Id="18">
                                        <LocList>
                                            <Loc EndOffset="896" SrcFileId="1" StartOffset="892"/>
                                        </LocList>
                                    </QMO_E>
                                    <QMO_E CovItemId="Q0-1" CovItemPrefix="printer.SmartPrinter.java" Intrnl_Id="19">
                                        <LocList>
                                            <Loc EndOffset="904" SrcFileId="1" StartOffset="899"/>
                                        </LocList>
                                    </QMO_E>
                                </QMO>
                            </BasicStmnt>
                        </StmntSeq>
                    </HierarchyLvl>
                    <HierarchyLvl HierarchyLvlId="136" HierarchyLvlTypeId="5" Intrnl_Id="20" Name="getNomeUtenteLoggato">
                        <Header>
                            <Loc EndOffset="976" SrcFileId="1" StartOffset="924"/>
                        </Header>
                        <LocList>
                            <Loc EndOffset="1035" SrcFileId="1" StartOffset="924"/>
                        </LocList>
                        <StmntSeq Intrnl_Id="21">
                            <LocList>
                                <Loc EndOffset="1028" SrcFileId="1" StartOffset="985"/>
                            </LocList>
                            <BasicStmnt CovItemId="S2" CovItemPrefix="printer.SmartPrinter.java" Intrnl_Id="22">
                                <LocList>
                                    <Loc EndOffset="1028" SrcFileId="1" StartOffset="985"/>
                                </LocList>
                                <QMO CovItemId="Q1" CovItemPrefix="printer.SmartPrinter.java" Intrnl_Id="23">
                                    <LocList>
                                        <Loc EndOffset="1001" SrcFileId="1" StartOffset="992"/>
                                    </LocList>
                                    <QMO_E CovItemId="Q1-0" CovItemPrefix="printer.SmartPrinter.java" Intrnl_Id="24">
                                        <LocList>
                                            <Loc EndOffset="1015" SrcFileId="1" StartOffset="1004"/>
                                        </LocList>
                                    </QMO_E>
                                    <QMO_E CovItemId="Q1-1" CovItemPrefix="printer.SmartPrinter.java" Intrnl_Id="25">
                                        <LocList>
                                            <Loc EndOffset="1027" SrcFileId="1" StartOffset="1018"/>
                                        </LocList>
                                    </QMO_E>
                                </QMO>
                            </BasicStmnt>
                        </StmntSeq>
                    </HierarchyLvl>
                    <HierarchyLvl HierarchyLvlId="137" HierarchyLvlTypeId="5" Intrnl_Id="26" Name="ricercaUtente">
                        <Header>
                            <Loc EndOffset="1100" SrcFileId="1" StartOffset="1047"/>
                        </Header>
                        <LocList>
                            <Loc EndOffset="1276" SrcFileId="1" StartOffset="1047"/>
                        </LocList>
                        <StmntSeq Intrnl_Id="27">
                            <LocList>
                                <Loc EndOffset="1235" SrcFileId="1" StartOffset="1116"/>
                                <Loc EndOffset="1262" SrcFileId="1" StartOffset="1249"/>
                            </LocList>
                            <LoopStmnt CovItemId="S3" CovItemPrefix="printer.SmartPrinter.java" Intrnl_Id="28" MltplExecId="L1-2" MltplExecPrefix="printer.SmartPrinter.java" NvrExecId="L1-0" NvrExecPrefix="printer.SmartPrinter.java" OnceExecutedId="L1-1" OnceExecutedPrefix="printer.SmartPrinter.java" OptBodyExec="true">
                                <StmntSeq Intrnl_Id="29">
                                    <LocList>
                                        <Loc EndOffset="1227" SrcFileId="1" StartOffset="1160"/>
                                    </LocList>
                                    <CondStmnt CovItemId="S4" CovItemPrefix="printer.SmartPrinter.java" Intrnl_Id="30">
                                        <Branch CovItemId="B1" CovItemPrefix="printer.SmartPrinter.java" Implct="false" Intrnl_Id="31">
                                            <Cond/>
                                            <LocList>
                                                <Loc EndOffset="1227" SrcFileId="1" StartOffset="1215"/>
                                            </LocList>
                                            <StmntSeq Intrnl_Id="32">
                                                <LocList>
                                                    <Loc EndOffset="1227" SrcFileId="1" StartOffset="1215"/>
                                                </LocList>
                                                <BasicStmnt CovItemId="S5" CovItemPrefix="printer.SmartPrinter.java" Intrnl_Id="33">
                                                    <LocList>
                                                        <Loc EndOffset="1227" SrcFileId="1" StartOffset="1215"/>
                                                    </LocList>
                                                </BasicStmnt>
                                            </StmntSeq>
                                        </Branch>
                                        <Branch CovItemId="B2" CovItemPrefix="printer.SmartPrinter.java" Implct="true" Intrnl_Id="34">
                                            <Cond/>
                                            <LocList/>
                                            <StmntSeq Intrnl_Id="35">
                                                <LocList/>
                                            </StmntSeq>
                                        </Branch>
                                        <Keyword EndOffset="1162" SrcFileId="1" StartOffset="1160"/>
                                        <LocList>
                                            <Loc EndOffset="1227" SrcFileId="1" StartOffset="1160"/>
                                        </LocList>
                                        <RootTerm CovItemId="C2" CovItemPrefix="printer.SmartPrinter.java" Intrnl_Id="36">
                                            <BasicBoolTerm Intrnl_Id="37">
                                                <LocList>
                                                    <Loc EndOffset="1205" SrcFileId="1" StartOffset="1163"/>
                                                </LocList>
                                            </BasicBoolTerm>
                                        </RootTerm>
                                    </CondStmnt>
                                </StmntSeq>
                                <Keyword EndOffset="1119" SrcFileId="1" StartOffset="1116"/>
                                <LocList>
                                    <Loc EndOffset="1235" SrcFileId="1" StartOffset="1116"/>
                                </LocList>
                                <RootTerm CovItemId="C1" CovItemPrefix="printer.SmartPrinter.java" Intrnl_Id="38">
                                    <BasicBoolTerm Intrnl_Id="39">
                                        <LocList>
                                            <Loc EndOffset="1144" SrcFileId="1" StartOffset="1131"/>
                                        </LocList>
                                    </BasicBoolTerm>
                                </RootTerm>
                            </LoopStmnt>
                            <BasicStmnt CovItemId="S6" CovItemPrefix="printer.SmartPrinter.java" Intrnl_Id="40">
                                <LocList>
                                    <Loc EndOffset="1262" SrcFileId="1" StartOffset="1249"/>
                                </LocList>
                            </BasicStmnt>
                        </StmntSeq>
                    </HierarchyLvl>
                    <HierarchyLvl HierarchyLvlId="138" HierarchyLvlTypeId="5" Intrnl_Id="41" Name="getUtentebyNumBadge">
                        <Header>
                            <Loc EndOffset="1336" SrcFileId="1" StartOffset="1288"/>
                        </Header>
                        <LocList>
                            <Loc EndOffset="1472" SrcFileId="1" StartOffset="1288"/>
                        </LocList>
                        <StmntSeq Intrnl_Id="42">
                            <LocList>
                                <Loc EndOffset="1439" SrcFileId="1" StartOffset="1352"/>
                                <Loc EndOffset="1465" SrcFileId="1" StartOffset="1453"/>
                            </LocList>
                            <LoopStmnt CovItemId="S7" CovItemPrefix="printer.SmartPrinter.java" Intrnl_Id="43" MltplExecId="L2-2" MltplExecPrefix="printer.SmartPrinter.java" NvrExecId="L2-0" NvrExecPrefix="printer.SmartPrinter.java" OnceExecutedId="L2-1" OnceExecutedPrefix="printer.SmartPrinter.java" OptBodyExec="true">
                                <StmntSeq Intrnl_Id="44">
                                    <LocList>
                                        <Loc EndOffset="1431" SrcFileId="1" StartOffset="1383"/>
                                    </LocList>
                                    <CondStmnt CovItemId="S8" CovItemPrefix="printer.SmartPrinter.java" Intrnl_Id="45">
                                        <Branch CovItemId="B3" CovItemPrefix="printer.SmartPrinter.java" Implct="false" Intrnl_Id="46">
                                            <Cond/>
                                            <LocList>
                                                <Loc EndOffset="1431" SrcFileId="1" StartOffset="1422"/>
                                            </LocList>
                                            <StmntSeq Intrnl_Id="47">
                                                <LocList>
                                                    <Loc EndOffset="1431" SrcFileId="1" StartOffset="1422"/>
                                                </LocList>
                                                <BasicStmnt CovItemId="S9" CovItemPrefix="printer.SmartPrinter.java" Intrnl_Id="48">
                                                    <LocList>
                                                        <Loc EndOffset="1431" SrcFileId="1" StartOffset="1422"/>
                                                    </LocList>
                                                </BasicStmnt>
                                            </StmntSeq>
                                        </Branch>
                                        <Branch CovItemId="B4" CovItemPrefix="printer.SmartPrinter.java" Implct="true" Intrnl_Id="49">
                                            <Cond/>
                                            <LocList/>
                                            <StmntSeq Intrnl_Id="50">
                                                <LocList/>
                                            </StmntSeq>
                                        </Branch>
                                        <Keyword EndOffset="1385" SrcFileId="1" StartOffset="1383"/>
                                        <LocList>
                                            <Loc EndOffset="1431" SrcFileId="1" StartOffset="1383"/>
                                        </LocList>
                                        <RootTerm CovItemId="C3" CovItemPrefix="printer.SmartPrinter.java" Intrnl_Id="51">
                                            <BasicBoolTerm Intrnl_Id="52">
                                                <LocList>
                                                    <Loc EndOffset="1412" SrcFileId="1" StartOffset="1386"/>
                                                </LocList>
                                            </BasicBoolTerm>
                                        </RootTerm>
                                    </CondStmnt>
                                </StmntSeq>
                                <Keyword EndOffset="1355" SrcFileId="1" StartOffset="1352"/>
                                <LocList>
                                    <Loc EndOffset="1439" SrcFileId="1" StartOffset="1352"/>
                                </LocList>
                            </LoopStmnt>
                            <BasicStmnt CovItemId="S10" CovItemPrefix="printer.SmartPrinter.java" Intrnl_Id="53">
                                <LocList>
                                    <Loc EndOffset="1465" SrcFileId="1" StartOffset="1453"/>
                                </LocList>
                            </BasicStmnt>
                        </StmntSeq>
                    </HierarchyLvl>
                    <HierarchyLvl HierarchyLvlId="139" HierarchyLvlTypeId="5" Intrnl_Id="54" Name="SmartPrinter">
                        <Header>
                            <Loc EndOffset="1505" SrcFileId="1" StartOffset="1484"/>
                        </Header>
                        <LocList>
                            <Loc EndOffset="1839" SrcFileId="1" StartOffset="1484"/>
                        </LocList>
                        <StmntSeq Intrnl_Id="55">
                            <LocList>
                                <Loc EndOffset="1545" SrcFileId="1" StartOffset="1517"/>
                                <Loc EndOffset="1571" SrcFileId="1" StartOffset="1555"/>
                                <Loc EndOffset="1599" SrcFileId="1" StartOffset="1581"/>
                                <Loc EndOffset="1626" SrcFileId="1" StartOffset="1609"/>
                                <Loc EndOffset="1673" SrcFileId="1" StartOffset="1636"/>
                                <Loc EndOffset="1707" SrcFileId="1" StartOffset="1683"/>
                                <Loc EndOffset="1731" SrcFileId="1" StartOffset="1717"/>
                                <Loc EndOffset="1767" SrcFileId="1" StartOffset="1741"/>
                                <Loc EndOffset="1799" SrcFileId="1" StartOffset="1777"/>
                                <Loc EndOffset="1832" SrcFileId="1" StartOffset="1809"/>
                            </LocList>
                            <BasicStmnt CovItemId="S11" CovItemPrefix="printer.SmartPrinter.java" Intrnl_Id="56">
                                <LocList>
                                    <Loc EndOffset="1545" SrcFileId="1" StartOffset="1517"/>
                                </LocList>
                            </BasicStmnt>
                            <BasicStmnt CovItemId="S12" CovItemPrefix="printer.SmartPrinter.java" Intrnl_Id="57">
                                <LocList>
                                    <Loc EndOffset="1571" SrcFileId="1" StartOffset="1555"/>
                                </LocList>
                            </BasicStmnt>
                            <BasicStmnt CovItemId="S13" CovItemPrefix="printer.SmartPrinter.java" Intrnl_Id="58">
                                <LocList>
                                    <Loc EndOffset="1599" SrcFileId="1" StartOffset="1581"/>
                                </LocList>
                            </BasicStmnt>
                            <BasicStmnt CovItemId="S14" CovItemPrefix="printer.SmartPrinter.java" Intrnl_Id="59">
                                <LocList>
                                    <Loc EndOffset="1626" SrcFileId="1" StartOffset="1609"/>
                                </LocList>
                            </BasicStmnt>
                            <BasicStmnt CovItemId="S15" CovItemPrefix="printer.SmartPrinter.java" Intrnl_Id="60">
                                <LocList>
                                    <Loc EndOffset="1673" SrcFileId="1" StartOffset="1636"/>
                                </LocList>
                            </BasicStmnt>
                            <BasicStmnt CovItemId="S16" CovItemPrefix="printer.SmartPrinter.java" Intrnl_Id="61">
                                <LocList>
                                    <Loc EndOffset="1707" SrcFileId="1" StartOffset="1683"/>
                                </LocList>
                            </BasicStmnt>
                            <BasicStmnt CovItemId="S17" CovItemPrefix="printer.SmartPrinter.java" Intrnl_Id="62">
                                <LocList>
                                    <Loc EndOffset="1731" SrcFileId="1" StartOffset="1717"/>
                                </LocList>
                            </BasicStmnt>
                            <BasicStmnt CovItemId="S18" CovItemPrefix="printer.SmartPrinter.java" Intrnl_Id="63">
                                <LocList>
                                    <Loc EndOffset="1767" SrcFileId="1" StartOffset="1741"/>
                                </LocList>
                            </BasicStmnt>
                            <BasicStmnt CovItemId="S19" CovItemPrefix="printer.SmartPrinter.java" Intrnl_Id="64">
                                <LocList>
                                    <Loc EndOffset="1799" SrcFileId="1" StartOffset="1777"/>
                                </LocList>
                            </BasicStmnt>
                            <BasicStmnt CovItemId="S20" CovItemPrefix="printer.SmartPrinter.java" Intrnl_Id="65">
                                <LocList>
                                    <Loc EndOffset="1832" SrcFileId="1" StartOffset="1809"/>
                                </LocList>
                            </BasicStmnt>
                        </StmntSeq>
                    </HierarchyLvl>
                    <HierarchyLvl HierarchyLvlId="140" HierarchyLvlTypeId="5" Intrnl_Id="66" Name="getPrinterState">
                        <Header>
                            <Loc EndOffset="1877" SrcFileId="1" StartOffset="1847"/>
                        </Header>
                        <LocList>
                            <Loc EndOffset="1907" SrcFileId="1" StartOffset="1847"/>
                        </LocList>
                        <StmntSeq Intrnl_Id="67">
                            <LocList>
                                <Loc EndOffset="1903" SrcFileId="1" StartOffset="1883"/>
                            </LocList>
                            <BasicStmnt CovItemId="S21" CovItemPrefix="printer.SmartPrinter.java" Intrnl_Id="68">
                                <LocList>
                                    <Loc EndOffset="1903" SrcFileId="1" StartOffset="1883"/>
                                </LocList>
                            </BasicStmnt>
                        </StmntSeq>
                    </HierarchyLvl>
                    <HierarchyLvl HierarchyLvlId="141" HierarchyLvlTypeId="5" Intrnl_Id="69" Name="getSelectedService">
                        <Header>
                            <Loc EndOffset="1948" SrcFileId="1" StartOffset="1912"/>
                        </Header>
                        <LocList>
                            <Loc EndOffset="1981" SrcFileId="1" StartOffset="1912"/>
                        </LocList>
                        <StmntSeq Intrnl_Id="70">
                            <LocList>
                                <Loc EndOffset="1977" SrcFileId="1" StartOffset="1954"/>
                            </LocList>
                            <BasicStmnt CovItemId="S22" CovItemPrefix="printer.SmartPrinter.java" Intrnl_Id="71">
                                <LocList>
                                    <Loc EndOffset="1977" SrcFileId="1" StartOffset="1954"/>
                                </LocList>
                            </BasicStmnt>
                        </StmntSeq>
                    </HierarchyLvl>
                    <HierarchyLvl HierarchyLvlId="142" HierarchyLvlTypeId="5" Intrnl_Id="72" Name="getSpiaGuasto">
                        <Header>
                            <Loc EndOffset="2022" SrcFileId="1" StartOffset="1986"/>
                        </Header>
                        <LocList>
                            <Loc EndOffset="2050" SrcFileId="1" StartOffset="1986"/>
                        </LocList>
                        <StmntSeq Intrnl_Id="73">
                            <LocList>
                                <Loc EndOffset="2046" SrcFileId="1" StartOffset="2028"/>
                            </LocList>
                            <BasicStmnt CovItemId="S23" CovItemPrefix="printer.SmartPrinter.java" Intrnl_Id="74">
                                <LocList>
                                    <Loc EndOffset="2046" SrcFileId="1" StartOffset="2028"/>
                                </LocList>
                            </BasicStmnt>
                        </StmntSeq>
                    </HierarchyLvl>
                    <HierarchyLvl HierarchyLvlId="143" HierarchyLvlTypeId="5" Intrnl_Id="75" Name="getTonerNero">
                        <Header>
                            <Loc EndOffset="2080" SrcFileId="1" StartOffset="2055"/>
                        </Header>
                        <LocList>
                            <Loc EndOffset="2107" SrcFileId="1" StartOffset="2055"/>
                        </LocList>
                        <StmntSeq Intrnl_Id="76">
                            <LocList>
                                <Loc EndOffset="2103" SrcFileId="1" StartOffset="2086"/>
                            </LocList>
                            <BasicStmnt CovItemId="S24" CovItemPrefix="printer.SmartPrinter.java" Intrnl_Id="77">
                                <LocList>
                                    <Loc EndOffset="2103" SrcFileId="1" StartOffset="2086"/>
                                </LocList>
                            </BasicStmnt>
                        </StmntSeq>
                    </HierarchyLvl>
                    <HierarchyLvl HierarchyLvlId="144" HierarchyLvlTypeId="5" Intrnl_Id="78" Name="getTonerColore">
                        <Header>
                            <Loc EndOffset="2139" SrcFileId="1" StartOffset="2112"/>
                        </Header>
                        <LocList>
                            <Loc EndOffset="2168" SrcFileId="1" StartOffset="2112"/>
                        </LocList>
                        <StmntSeq Intrnl_Id="79">
                            <LocList>
                                <Loc EndOffset="2164" SrcFileId="1" StartOffset="2145"/>
                            </LocList>
                            <BasicStmnt CovItemId="S25" CovItemPrefix="printer.SmartPrinter.java" Intrnl_Id="80">
                                <LocList>
                                    <Loc EndOffset="2164" SrcFileId="1" StartOffset="2145"/>
                                </LocList>
                            </BasicStmnt>
                        </StmntSeq>
                    </HierarchyLvl>
                    <HierarchyLvl HierarchyLvlId="145" HierarchyLvlTypeId="5" Intrnl_Id="81" Name="getFogliCarta">
                        <Header>
                            <Loc EndOffset="2199" SrcFileId="1" StartOffset="2173"/>
                        </Header>
                        <LocList>
                            <Loc EndOffset="2227" SrcFileId="1" StartOffset="2173"/>
                        </LocList>
                        <StmntSeq Intrnl_Id="82">
                            <LocList>
                                <Loc EndOffset="2223" SrcFileId="1" StartOffset="2205"/>
                            </LocList>
                            <BasicStmnt CovItemId="S26" CovItemPrefix="printer.SmartPrinter.java" Intrnl_Id="83">
                                <LocList>
                                    <Loc EndOffset="2223" SrcFileId="1" StartOffset="2205"/>
                                </LocList>
                            </BasicStmnt>
                        </StmntSeq>
                    </HierarchyLvl>
                    <HierarchyLvl HierarchyLvlId="146" HierarchyLvlTypeId="5" Intrnl_Id="84" Name="isCollegatoWireless">
                        <Header>
                            <Loc EndOffset="2268" SrcFileId="1" StartOffset="2232"/>
                        </Header>
                        <LocList>
                            <Loc EndOffset="2303" SrcFileId="1" StartOffset="2232"/>
                        </LocList>
                        <StmntSeq Intrnl_Id="85">
                            <LocList>
                                <Loc EndOffset="2299" SrcFileId="1" StartOffset="2274"/>
                            </LocList>
                            <BasicStmnt CovItemId="S27" CovItemPrefix="printer.SmartPrinter.java" Intrnl_Id="86">
                                <LocList>
                                    <Loc EndOffset="2299" SrcFileId="1" StartOffset="2274"/>
                                </LocList>
                            </BasicStmnt>
                        </StmntSeq>
                    </HierarchyLvl>
                    <HierarchyLvl HierarchyLvlId="147" HierarchyLvlTypeId="5" Intrnl_Id="87" Name="isCollegatoCavo">
                        <Header>
                            <Loc EndOffset="2340" SrcFileId="1" StartOffset="2308"/>
                        </Header>
                        <LocList>
                            <Loc EndOffset="2371" SrcFileId="1" StartOffset="2308"/>
                        </LocList>
                        <StmntSeq Intrnl_Id="88">
                            <LocList>
                                <Loc EndOffset="2367" SrcFileId="1" StartOffset="2346"/>
                            </LocList>
                            <BasicStmnt CovItemId="S28" CovItemPrefix="printer.SmartPrinter.java" Intrnl_Id="89">
                                <LocList>
                                    <Loc EndOffset="2367" SrcFileId="1" StartOffset="2346"/>
                                </LocList>
                            </BasicStmnt>
                        </StmntSeq>
                    </HierarchyLvl>
                    <HierarchyLvl HierarchyLvlId="148" HierarchyLvlTypeId="5" Intrnl_Id="90" Name="isCartaInceppata">
                        <Header>
                            <Loc EndOffset="2409" SrcFileId="1" StartOffset="2376"/>
                        </Header>
                        <LocList>
                            <Loc EndOffset="2441" SrcFileId="1" StartOffset="2376"/>
                        </LocList>
                        <StmntSeq Intrnl_Id="91">
                            <LocList>
                                <Loc EndOffset="2437" SrcFileId="1" StartOffset="2415"/>
                            </LocList>
                            <BasicStmnt CovItemId="S29" CovItemPrefix="printer.SmartPrinter.java" Intrnl_Id="92">
                                <LocList>
                                    <Loc EndOffset="2437" SrcFileId="1" StartOffset="2415"/>
                                </LocList>
                            </BasicStmnt>
                        </StmntSeq>
                    </HierarchyLvl>
                    <HierarchyLvl HierarchyLvlId="149" HierarchyLvlTypeId="5" Intrnl_Id="93" Name="getUtenti">
                        <Header>
                            <Loc EndOffset="2473" SrcFileId="1" StartOffset="2446"/>
                        </Header>
                        <LocList>
                            <Loc EndOffset="2497" SrcFileId="1" StartOffset="2446"/>
                        </LocList>
                        <StmntSeq Intrnl_Id="94">
                            <LocList>
                                <Loc EndOffset="2493" SrcFileId="1" StartOffset="2479"/>
                            </LocList>
                            <BasicStmnt CovItemId="S30" CovItemPrefix="printer.SmartPrinter.java" Intrnl_Id="95">
                                <LocList>
                                    <Loc EndOffset="2493" SrcFileId="1" StartOffset="2479"/>
                                </LocList>
                            </BasicStmnt>
                        </StmntSeq>
                    </HierarchyLvl>
                    <HierarchyLvl HierarchyLvlId="150" HierarchyLvlTypeId="5" Intrnl_Id="96" Name="getUtenteCorrente">
                        <Header>
                            <Loc EndOffset="2535" SrcFileId="1" StartOffset="2502"/>
                        </Header>
                        <LocList>
                            <Loc EndOffset="2567" SrcFileId="1" StartOffset="2502"/>
                        </LocList>
                        <StmntSeq Intrnl_Id="97">
                            <LocList>
                                <Loc EndOffset="2563" SrcFileId="1" StartOffset="2541"/>
                            </LocList>
                            <BasicStmnt CovItemId="S31" CovItemPrefix="printer.SmartPrinter.java" Intrnl_Id="98">
                                <LocList>
                                    <Loc EndOffset="2563" SrcFileId="1" StartOffset="2541"/>
                                </LocList>
                            </BasicStmnt>
                        </StmntSeq>
                    </HierarchyLvl>
                    <HierarchyLvl HierarchyLvlId="151" HierarchyLvlTypeId="5" Intrnl_Id="99" Name="aggiungiUtente">
                        <Header>
                            <Loc EndOffset="2608" SrcFileId="1" StartOffset="2572"/>
                        </Header>
                        <LocList>
                            <Loc EndOffset="2912" SrcFileId="1" StartOffset="2572"/>
                        </LocList>
                        <StmntSeq Intrnl_Id="100">
                            <LocList>
                                <Loc EndOffset="2895" SrcFileId="1" StartOffset="2620"/>
                            </LocList>
                            <CondStmnt CovItemId="S32" CovItemPrefix="printer.SmartPrinter.java" Intrnl_Id="101">
                                <Branch CovItemId="B5" CovItemPrefix="printer.SmartPrinter.java" Implct="false" Intrnl_Id="102">
                                    <Cond/>
                                    <LocList>
                                        <Loc EndOffset="2808" SrcFileId="1" StartOffset="2650"/>
                                    </LocList>
                                    <StmntSeq Intrnl_Id="103">
                                        <LocList>
                                            <Loc EndOffset="2684" SrcFileId="1" StartOffset="2662"/>
                                            <Loc EndOffset="2707" SrcFileId="1" StartOffset="2695"/>
                                            <Loc EndOffset="2797" SrcFileId="1" StartOffset="2718"/>
                                        </LocList>
                                        <BasicStmnt CovItemId="S33" CovItemPrefix="printer.SmartPrinter.java" Intrnl_Id="104">
                                            <LocList>
                                                <Loc EndOffset="2684" SrcFileId="1" StartOffset="2662"/>
                                            </LocList>
                                        </BasicStmnt>
                                        <BasicStmnt CovItemId="S34" CovItemPrefix="printer.SmartPrinter.java" Intrnl_Id="105">
                                            <LocList>
                                                <Loc EndOffset="2707" SrcFileId="1" StartOffset="2695"/>
                                            </LocList>
                                        </BasicStmnt>
                                        <BasicStmnt CovItemId="S35" CovItemPrefix="printer.SmartPrinter.java" Intrnl_Id="106">
                                            <LocList>
                                                <Loc EndOffset="2797" SrcFileId="1" StartOffset="2718"/>
                                            </LocList>
                                        </BasicStmnt>
                                    </StmntSeq>
                                </Branch>
                                <Branch CovItemId="B6" CovItemPrefix="printer.SmartPrinter.java" Implct="false" Intrnl_Id="107">
                                    <Cond>
                                        <Loc EndOffset="2822" SrcFileId="1" StartOffset="2818"/>
                                    </Cond>
                                    <LocList>
                                        <Loc EndOffset="2895" SrcFileId="1" StartOffset="2833"/>
                                    </LocList>
                                    <StmntSeq Intrnl_Id="108">
                                        <LocList>
                                            <Loc EndOffset="2895" SrcFileId="1" StartOffset="2833"/>
                                        </LocList>
                                        <BasicStmnt CovItemId="S36" CovItemPrefix="printer.SmartPrinter.java" Intrnl_Id="109">
                                            <LocList>
                                                <Loc EndOffset="2895" SrcFileId="1" StartOffset="2833"/>
                                            </LocList>
                                        </BasicStmnt>
                                    </StmntSeq>
                                </Branch>
                                <Keyword EndOffset="2622" SrcFileId="1" StartOffset="2620"/>
                                <LocList>
                                    <Loc EndOffset="2895" SrcFileId="1" StartOffset="2620"/>
                                </LocList>
                                <RootTerm CovItemId="C4" CovItemPrefix="printer.SmartPrinter.java" Intrnl_Id="110">
                                    <BasicBoolTerm Intrnl_Id="111">
                                        <LocList>
                                            <Loc EndOffset="2648" SrcFileId="1" StartOffset="2623"/>
                                        </LocList>
                                    </BasicBoolTerm>
                                </RootTerm>
                            </CondStmnt>
                        </StmntSeq>
                    </HierarchyLvl>
                    <HierarchyLvl HierarchyLvlId="152" HierarchyLvlTypeId="5" Intrnl_Id="112" Name="guastoStampante">
                        <Header>
                            <Loc EndOffset="2956" SrcFileId="1" StartOffset="2924"/>
                        </Header>
                        <LocList>
                            <Loc EndOffset="3045" SrcFileId="1" StartOffset="2924"/>
                        </LocList>
                        <StmntSeq Intrnl_Id="113">
                            <LocList>
                                <Loc EndOffset="3038" SrcFileId="1" StartOffset="2965"/>
                            </LocList>
                            <CondStmnt CovItemId="S37" CovItemPrefix="printer.SmartPrinter.java" Intrnl_Id="114">
                                <Branch CovItemId="B7" CovItemPrefix="printer.SmartPrinter.java" Implct="false" Intrnl_Id="115">
                                    <Cond/>
                                    <LocList>
                                        <Loc EndOffset="3038" SrcFileId="1" StartOffset="3004"/>
                                    </LocList>
                                    <StmntSeq Intrnl_Id="116">
                                        <LocList>
                                            <Loc EndOffset="3038" SrcFileId="1" StartOffset="3004"/>
                                        </LocList>
                                        <BasicStmnt CovItemId="S38" CovItemPrefix="printer.SmartPrinter.java" Intrnl_Id="117">
                                            <LocList>
                                                <Loc EndOffset="3038" SrcFileId="1" StartOffset="3004"/>
                                            </LocList>
                                        </BasicStmnt>
                                    </StmntSeq>
                                </Branch>
                                <Branch CovItemId="B8" CovItemPrefix="printer.SmartPrinter.java" Implct="true" Intrnl_Id="118">
                                    <Cond/>
                                    <LocList/>
                                    <StmntSeq Intrnl_Id="119">
                                        <LocList/>
                                    </StmntSeq>
                                </Branch>
                                <Keyword EndOffset="2967" SrcFileId="1" StartOffset="2965"/>
                                <LocList>
                                    <Loc EndOffset="3038" SrcFileId="1" StartOffset="2965"/>
                                </LocList>
                                <RootTerm CovItemId="C5" CovItemPrefix="printer.SmartPrinter.java" Intrnl_Id="120">
                                    <BasicBoolTerm Intrnl_Id="121">
                                        <LocList>
                                            <Loc EndOffset="2995" SrcFileId="1" StartOffset="2968"/>
                                        </LocList>
                                    </BasicBoolTerm>
                                </RootTerm>
                            </CondStmnt>
                        </StmntSeq>
                    </HierarchyLvl>
                    <HierarchyLvl HierarchyLvlId="153" HierarchyLvlTypeId="5" Intrnl_Id="122" Name="riparazioneStampante">
                        <Header>
                            <Loc EndOffset="3094" SrcFileId="1" StartOffset="3057"/>
                        </Header>
                        <LocList>
                            <Loc EndOffset="3193" SrcFileId="1" StartOffset="3057"/>
                        </LocList>
                        <StmntSeq Intrnl_Id="123">
                            <LocList>
                                <Loc EndOffset="3186" SrcFileId="1" StartOffset="3103"/>
                            </LocList>
                            <CondStmnt CovItemId="S39" CovItemPrefix="printer.SmartPrinter.java" Intrnl_Id="124">
                                <Branch CovItemId="B9" CovItemPrefix="printer.SmartPrinter.java" Implct="false" Intrnl_Id="125">
                                    <Cond/>
                                    <LocList>
                                        <Loc EndOffset="3186" SrcFileId="1" StartOffset="3149"/>
                                    </LocList>
                                    <StmntSeq Intrnl_Id="126">
                                        <LocList>
                                            <Loc EndOffset="3186" SrcFileId="1" StartOffset="3149"/>
                                        </LocList>
                                        <BasicStmnt CovItemId="S40" CovItemPrefix="printer.SmartPrinter.java" Intrnl_Id="127">
                                            <LocList>
                                                <Loc EndOffset="3186" SrcFileId="1" StartOffset="3149"/>
                                            </LocList>
                                        </BasicStmnt>
                                    </StmntSeq>
                                </Branch>
                                <Branch CovItemId="B10" CovItemPrefix="printer.SmartPrinter.java" Implct="true" Intrnl_Id="128">
                                    <Cond/>
                                    <LocList/>
                                    <StmntSeq Intrnl_Id="129">
                                        <LocList/>
                                    </StmntSeq>
                                </Branch>
                                <Keyword EndOffset="3105" SrcFileId="1" StartOffset="3103"/>
                                <LocList>
                                    <Loc EndOffset="3186" SrcFileId="1" StartOffset="3103"/>
                                </LocList>
                                <RootTerm CovItemId="C6" CovItemPrefix="printer.SmartPrinter.java" Intrnl_Id="130">
                                    <BasicBoolTerm Intrnl_Id="131">
                                        <LocList>
                                            <Loc EndOffset="3140" SrcFileId="1" StartOffset="3106"/>
                                        </LocList>
                                    </BasicBoolTerm>
                                </RootTerm>
                            </CondStmnt>
                        </StmntSeq>
                    </HierarchyLvl>
                    <HierarchyLvl HierarchyLvlId="154" HierarchyLvlTypeId="5" Intrnl_Id="132" Name="accendiStampante">
                        <Header>
                            <Loc EndOffset="3234" SrcFileId="1" StartOffset="3201"/>
                        </Header>
                        <LocList>
                            <Loc EndOffset="3479" SrcFileId="1" StartOffset="3201"/>
                        </LocList>
                        <StmntSeq Intrnl_Id="133">
                            <LocList>
                                <Loc EndOffset="3390" SrcFileId="1" StartOffset="3243"/>
                                <Loc EndOffset="3445" SrcFileId="1" StartOffset="3397"/>
                                <Loc EndOffset="3465" SrcFileId="1" StartOffset="3452"/>
                            </LocList>
                            <CondStmnt CovItemId="S41" CovItemPrefix="printer.SmartPrinter.java" Intrnl_Id="134">
                                <Branch CovItemId="B11" CovItemPrefix="printer.SmartPrinter.java" Implct="false" Intrnl_Id="135">
                                    <Cond/>
                                    <LocList>
                                        <Loc EndOffset="3390" SrcFileId="1" StartOffset="3276"/>
                                    </LocList>
                                    <StmntSeq Intrnl_Id="136">
                                        <LocList>
                                            <Loc EndOffset="3312" SrcFileId="1" StartOffset="3285"/>
                                            <Loc EndOffset="3362" SrcFileId="1" StartOffset="3320"/>
                                            <Loc EndOffset="3382" SrcFileId="1" StartOffset="3370"/>
                                        </LocList>
                                        <BasicStmnt CovItemId="S42" CovItemPrefix="printer.SmartPrinter.java" Intrnl_Id="137">
                                            <LocList>
                                                <Loc EndOffset="3312" SrcFileId="1" StartOffset="3285"/>
                                            </LocList>
                                        </BasicStmnt>
                                        <BasicStmnt CovItemId="S43" CovItemPrefix="printer.SmartPrinter.java" Intrnl_Id="138">
                                            <LocList>
                                                <Loc EndOffset="3362" SrcFileId="1" StartOffset="3320"/>
                                            </LocList>
                                        </BasicStmnt>
                                        <BasicStmnt CovItemId="S44" CovItemPrefix="printer.SmartPrinter.java" Intrnl_Id="139">
                                            <LocList>
                                                <Loc EndOffset="3382" SrcFileId="1" StartOffset="3370"/>
                                            </LocList>
                                        </BasicStmnt>
                                    </StmntSeq>
                                </Branch>
                                <Branch CovItemId="B12" CovItemPrefix="printer.SmartPrinter.java" Implct="true" Intrnl_Id="140">
                                    <Cond/>
                                    <LocList/>
                                    <StmntSeq Intrnl_Id="141">
                                        <LocList/>
                                    </StmntSeq>
                                </Branch>
                                <Keyword EndOffset="3245" SrcFileId="1" StartOffset="3243"/>
                                <LocList>
                                    <Loc EndOffset="3390" SrcFileId="1" StartOffset="3243"/>
                                </LocList>
                                <RootTerm CovItemId="C7" CovItemPrefix="printer.SmartPrinter.java" Intrnl_Id="142">
                                    <BasicBoolTerm Intrnl_Id="143">
                                        <LocList>
                                            <Loc EndOffset="3274" SrcFileId="1" StartOffset="3246"/>
                                        </LocList>
                                    </BasicBoolTerm>
                                </RootTerm>
                            </CondStmnt>
                            <BasicStmnt CovItemId="S45" CovItemPrefix="printer.SmartPrinter.java" Intrnl_Id="144">
                                <LocList>
                                    <Loc EndOffset="3445" SrcFileId="1" StartOffset="3397"/>
                                </LocList>
                            </BasicStmnt>
                            <BasicStmnt CovItemId="S46" CovItemPrefix="printer.SmartPrinter.java" Intrnl_Id="145">
                                <LocList>
                                    <Loc EndOffset="3465" SrcFileId="1" StartOffset="3452"/>
                                </LocList>
                            </BasicStmnt>
                        </StmntSeq>
                    </HierarchyLvl>
                    <HierarchyLvl HierarchyLvlId="155" HierarchyLvlTypeId="5" Intrnl_Id="146" Name="avvioStampante">
                        <Header>
                            <Loc EndOffset="3518" SrcFileId="1" StartOffset="3487"/>
                        </Header>
                        <LocList>
                            <Loc EndOffset="3954" SrcFileId="1" StartOffset="3487"/>
                        </LocList>
                        <StmntSeq Intrnl_Id="147">
                            <LocList>
                                <Loc EndOffset="3876" SrcFileId="1" StartOffset="3527"/>
                                <Loc EndOffset="3927" SrcFileId="1" StartOffset="3883"/>
                                <Loc EndOffset="3947" SrcFileId="1" StartOffset="3934"/>
                            </LocList>
                            <CondStmnt CovItemId="S47" CovItemPrefix="printer.SmartPrinter.java" Intrnl_Id="148">
                                <Branch CovItemId="B13" CovItemPrefix="printer.SmartPrinter.java" Implct="false" Intrnl_Id="149">
                                    <Cond/>
                                    <LocList>
                                        <Loc EndOffset="3876" SrcFileId="1" StartOffset="3559"/>
                                    </LocList>
                                    <StmntSeq Intrnl_Id="150">
                                        <LocList>
                                            <Loc EndOffset="3868" SrcFileId="1" StartOffset="3568"/>
                                        </LocList>
                                        <CondStmnt CovItemId="S48" CovItemPrefix="printer.SmartPrinter.java" Intrnl_Id="151">
                                            <Branch CovItemId="B15" CovItemPrefix="printer.SmartPrinter.java" Implct="false" Intrnl_Id="152">
                                                <Cond/>
                                                <LocList>
                                                    <Loc EndOffset="3733" SrcFileId="1" StartOffset="3607"/>
                                                </LocList>
                                                <StmntSeq Intrnl_Id="153">
                                                    <LocList>
                                                        <Loc EndOffset="3651" SrcFileId="1" StartOffset="3617"/>
                                                        <Loc EndOffset="3699" SrcFileId="1" StartOffset="3660"/>
                                                        <Loc EndOffset="3721" SrcFileId="1" StartOffset="3708"/>
                                                    </LocList>
                                                    <BasicStmnt CovItemId="S49" CovItemPrefix="printer.SmartPrinter.java" Intrnl_Id="154">
                                                        <LocList>
                                                            <Loc EndOffset="3651" SrcFileId="1" StartOffset="3617"/>
                                                        </LocList>
                                                    </BasicStmnt>
                                                    <BasicStmnt CovItemId="S50" CovItemPrefix="printer.SmartPrinter.java" Intrnl_Id="155">
                                                        <LocList>
                                                            <Loc EndOffset="3699" SrcFileId="1" StartOffset="3660"/>
                                                        </LocList>
                                                    </BasicStmnt>
                                                    <BasicStmnt CovItemId="S51" CovItemPrefix="printer.SmartPrinter.java" Intrnl_Id="156">
                                                        <LocList>
                                                            <Loc EndOffset="3721" SrcFileId="1" StartOffset="3708"/>
                                                        </LocList>
                                                    </BasicStmnt>
                                                </StmntSeq>
                                            </Branch>
                                            <Branch CovItemId="B16" CovItemPrefix="printer.SmartPrinter.java" Implct="false" Intrnl_Id="157">
                                                <Cond>
                                                    <Loc EndOffset="3748" SrcFileId="1" StartOffset="3744"/>
                                                </Cond>
                                                <LocList>
                                                    <Loc EndOffset="3868" SrcFileId="1" StartOffset="3749"/>
                                                </LocList>
                                                <StmntSeq Intrnl_Id="158">
                                                    <LocList>
                                                        <Loc EndOffset="3792" SrcFileId="1" StartOffset="3759"/>
                                                        <Loc EndOffset="3838" SrcFileId="1" StartOffset="3801"/>
                                                        <Loc EndOffset="3859" SrcFileId="1" StartOffset="3847"/>
                                                    </LocList>
                                                    <BasicStmnt CovItemId="S52" CovItemPrefix="printer.SmartPrinter.java" Intrnl_Id="159">
                                                        <LocList>
                                                            <Loc EndOffset="3792" SrcFileId="1" StartOffset="3759"/>
                                                        </LocList>
                                                    </BasicStmnt>
                                                    <BasicStmnt CovItemId="S53" CovItemPrefix="printer.SmartPrinter.java" Intrnl_Id="160">
                                                        <LocList>
                                                            <Loc EndOffset="3838" SrcFileId="1" StartOffset="3801"/>
                                                        </LocList>
                                                    </BasicStmnt>
                                                    <BasicStmnt CovItemId="S54" CovItemPrefix="printer.SmartPrinter.java" Intrnl_Id="161">
                                                        <LocList>
                                                            <Loc EndOffset="3859" SrcFileId="1" StartOffset="3847"/>
                                                        </LocList>
                                                    </BasicStmnt>
                                                </StmntSeq>
                                            </Branch>
                                            <Keyword EndOffset="3570" SrcFileId="1" StartOffset="3568"/>
                                            <LocList>
                                                <Loc EndOffset="3868" SrcFileId="1" StartOffset="3568"/>
                                            </LocList>
                                            <RootTerm CovItemId="C9" CovItemPrefix="printer.SmartPrinter.java" Intrnl_Id="162">
                                                <BasicBoolTerm Intrnl_Id="163">
                                                    <LocList>
                                                        <Loc EndOffset="3605" SrcFileId="1" StartOffset="3571"/>
                                                    </LocList>
                                                </BasicBoolTerm>
                                            </RootTerm>
                                        </CondStmnt>
                                    </StmntSeq>
                                </Branch>
                                <Branch CovItemId="B14" CovItemPrefix="printer.SmartPrinter.java" Implct="true" Intrnl_Id="164">
                                    <Cond/>
                                    <LocList/>
                                    <StmntSeq Intrnl_Id="165">
                                        <LocList/>
                                    </StmntSeq>
                                </Branch>
                                <Keyword EndOffset="3529" SrcFileId="1" StartOffset="3527"/>
                                <LocList>
                                    <Loc EndOffset="3876" SrcFileId="1" StartOffset="3527"/>
                                </LocList>
                                <RootTerm CovItemId="C8" CovItemPrefix="printer.SmartPrinter.java" Intrnl_Id="166">
                                    <BasicBoolTerm Intrnl_Id="167">
                                        <LocList>
                                            <Loc EndOffset="3557" SrcFileId="1" StartOffset="3530"/>
                                        </LocList>
                                    </BasicBoolTerm>
                                </RootTerm>
                            </CondStmnt>
                            <BasicStmnt CovItemId="S55" CovItemPrefix="printer.SmartPrinter.java" Intrnl_Id="168">
                                <LocList>
                                    <Loc EndOffset="3927" SrcFileId="1" StartOffset="3883"/>
                                </LocList>
                            </BasicStmnt>
                            <BasicStmnt CovItemId="S56" CovItemPrefix="printer.SmartPrinter.java" Intrnl_Id="169">
                                <LocList>
                                    <Loc EndOffset="3947" SrcFileId="1" StartOffset="3934"/>
                                </LocList>
                            </BasicStmnt>
                        </StmntSeq>
                    </HierarchyLvl>
                    <HierarchyLvl HierarchyLvlId="156" HierarchyLvlTypeId="5" Intrnl_Id="170" Name="gestioneGuasto">
                        <Header>
                            <Loc EndOffset="3997" SrcFileId="1" StartOffset="3966"/>
                        </Header>
                        <LocList>
                            <Loc EndOffset="4416" SrcFileId="1" StartOffset="3966"/>
                        </LocList>
                        <StmntSeq Intrnl_Id="171">
                            <LocList>
                                <Loc EndOffset="4338" SrcFileId="1" StartOffset="4006"/>
                                <Loc EndOffset="4389" SrcFileId="1" StartOffset="4345"/>
                                <Loc EndOffset="4409" SrcFileId="1" StartOffset="4396"/>
                            </LocList>
                            <CondStmnt CovItemId="S57" CovItemPrefix="printer.SmartPrinter.java" Intrnl_Id="172">
                                <Branch CovItemId="B17" CovItemPrefix="printer.SmartPrinter.java" Implct="false" Intrnl_Id="173">
                                    <Cond/>
                                    <LocList>
                                        <Loc EndOffset="4338" SrcFileId="1" StartOffset="4045"/>
                                    </LocList>
                                    <StmntSeq Intrnl_Id="174">
                                        <LocList>
                                            <Loc EndOffset="4330" SrcFileId="1" StartOffset="4054"/>
                                        </LocList>
                                        <CondStmnt CovItemId="S58" CovItemPrefix="printer.SmartPrinter.java" Intrnl_Id="175">
                                            <Branch CovItemId="B19" CovItemPrefix="printer.SmartPrinter.java" Implct="false" Intrnl_Id="176">
                                                <Cond/>
                                                <LocList>
                                                    <Loc EndOffset="4218" SrcFileId="1" StartOffset="4096"/>
                                                </LocList>
                                                <StmntSeq Intrnl_Id="177">
                                                    <LocList>
                                                        <Loc EndOffset="4139" SrcFileId="1" StartOffset="4106"/>
                                                        <Loc EndOffset="4185" SrcFileId="1" StartOffset="4148"/>
                                                        <Loc EndOffset="4206" SrcFileId="1" StartOffset="4194"/>
                                                    </LocList>
                                                    <BasicStmnt CovItemId="S59" CovItemPrefix="printer.SmartPrinter.java" Intrnl_Id="178">
                                                        <LocList>
                                                            <Loc EndOffset="4139" SrcFileId="1" StartOffset="4106"/>
                                                        </LocList>
                                                    </BasicStmnt>
                                                    <BasicStmnt CovItemId="S60" CovItemPrefix="printer.SmartPrinter.java" Intrnl_Id="179">
                                                        <LocList>
                                                            <Loc EndOffset="4185" SrcFileId="1" StartOffset="4148"/>
                                                        </LocList>
                                                    </BasicStmnt>
                                                    <BasicStmnt CovItemId="S61" CovItemPrefix="printer.SmartPrinter.java" Intrnl_Id="180">
                                                        <LocList>
                                                            <Loc EndOffset="4206" SrcFileId="1" StartOffset="4194"/>
                                                        </LocList>
                                                    </BasicStmnt>
                                                </StmntSeq>
                                            </Branch>
                                            <Branch CovItemId="B20" CovItemPrefix="printer.SmartPrinter.java" Implct="false" Intrnl_Id="181">
                                                <Cond>
                                                    <Loc EndOffset="4233" SrcFileId="1" StartOffset="4229"/>
                                                </Cond>
                                                <LocList>
                                                    <Loc EndOffset="4330" SrcFileId="1" StartOffset="4234"/>
                                                </LocList>
                                                <StmntSeq Intrnl_Id="182">
                                                    <LocList>
                                                        <Loc EndOffset="4293" SrcFileId="1" StartOffset="4247"/>
                                                        <Loc EndOffset="4318" SrcFileId="1" StartOffset="4305"/>
                                                    </LocList>
                                                    <BasicStmnt CovItemId="S62" CovItemPrefix="printer.SmartPrinter.java" Intrnl_Id="183">
                                                        <LocList>
                                                            <Loc EndOffset="4293" SrcFileId="1" StartOffset="4247"/>
                                                        </LocList>
                                                    </BasicStmnt>
                                                    <BasicStmnt CovItemId="S63" CovItemPrefix="printer.SmartPrinter.java" Intrnl_Id="184">
                                                        <LocList>
                                                            <Loc EndOffset="4318" SrcFileId="1" StartOffset="4305"/>
                                                        </LocList>
                                                    </BasicStmnt>
                                                </StmntSeq>
                                            </Branch>
                                            <Keyword EndOffset="4056" SrcFileId="1" StartOffset="4054"/>
                                            <LocList>
                                                <Loc EndOffset="4330" SrcFileId="1" StartOffset="4054"/>
                                            </LocList>
                                            <RootTerm CovItemId="C11" CovItemPrefix="printer.SmartPrinter.java" Intrnl_Id="185">
                                                <BasicBoolTerm Intrnl_Id="186">
                                                    <LocList>
                                                        <Loc EndOffset="4094" SrcFileId="1" StartOffset="4057"/>
                                                    </LocList>
                                                </BasicBoolTerm>
                                            </RootTerm>
                                        </CondStmnt>
                                    </StmntSeq>
                                </Branch>
                                <Branch CovItemId="B18" CovItemPrefix="printer.SmartPrinter.java" Implct="true" Intrnl_Id="187">
                                    <Cond/>
                                    <LocList/>
                                    <StmntSeq Intrnl_Id="188">
                                        <LocList/>
                                    </StmntSeq>
                                </Branch>
                                <Keyword EndOffset="4008" SrcFileId="1" StartOffset="4006"/>
                                <LocList>
                                    <Loc EndOffset="4338" SrcFileId="1" StartOffset="4006"/>
                                </LocList>
                                <RootTerm CovItemId="C10" CovItemPrefix="printer.SmartPrinter.java" Intrnl_Id="189">
                                    <BasicBoolTerm Intrnl_Id="190">
                                        <LocList>
                                            <Loc EndOffset="4043" SrcFileId="1" StartOffset="4009"/>
                                        </LocList>
                                    </BasicBoolTerm>
                                </RootTerm>
                            </CondStmnt>
                            <BasicStmnt CovItemId="S64" CovItemPrefix="printer.SmartPrinter.java" Intrnl_Id="191">
                                <LocList>
                                    <Loc EndOffset="4389" SrcFileId="1" StartOffset="4345"/>
                                </LocList>
                            </BasicStmnt>
                            <BasicStmnt CovItemId="S65" CovItemPrefix="printer.SmartPrinter.java" Intrnl_Id="192">
                                <LocList>
                                    <Loc EndOffset="4409" SrcFileId="1" StartOffset="4396"/>
                                </LocList>
                            </BasicStmnt>
                        </StmntSeq>
                    </HierarchyLvl>
                    <HierarchyLvl HierarchyLvlId="157" HierarchyLvlTypeId="5" Intrnl_Id="193" Name="identificazioneUtente">
                        <Header>
                            <Loc EndOffset="4478" SrcFileId="1" StartOffset="4428"/>
                        </Header>
                        <LocList>
                            <Loc EndOffset="4982" SrcFileId="1" StartOffset="4428"/>
                        </LocList>
                        <StmntSeq Intrnl_Id="194">
                            <LocList>
                                <Loc EndOffset="4904" SrcFileId="1" StartOffset="4487"/>
                                <Loc EndOffset="4955" SrcFileId="1" StartOffset="4911"/>
                                <Loc EndOffset="4975" SrcFileId="1" StartOffset="4962"/>
                            </LocList>
                            <CondStmnt CovItemId="S66" CovItemPrefix="printer.SmartPrinter.java" Intrnl_Id="195">
                                <Branch CovItemId="B21" CovItemPrefix="printer.SmartPrinter.java" Implct="false" Intrnl_Id="196">
                                    <Cond/>
                                    <LocList>
                                        <Loc EndOffset="4904" SrcFileId="1" StartOffset="4525"/>
                                    </LocList>
                                    <StmntSeq Intrnl_Id="197">
                                        <LocList>
                                            <Loc EndOffset="4896" SrcFileId="1" StartOffset="4535"/>
                                        </LocList>
                                        <CondStmnt CovItemId="S67" CovItemPrefix="printer.SmartPrinter.java" Intrnl_Id="198">
                                            <Branch CovItemId="B23" CovItemPrefix="printer.SmartPrinter.java" Implct="false" Intrnl_Id="199">
                                                <Cond/>
                                                <LocList>
                                                    <Loc EndOffset="4785" SrcFileId="1" StartOffset="4563"/>
                                                </LocList>
                                                <StmntSeq Intrnl_Id="200">
                                                    <LocList>
                                                        <Loc EndOffset="4620" SrcFileId="1" StartOffset="4573"/>
                                                        <Loc EndOffset="4663" SrcFileId="1" StartOffset="4629"/>
                                                        <Loc EndOffset="4752" SrcFileId="1" StartOffset="4672"/>
                                                        <Loc EndOffset="4773" SrcFileId="1" StartOffset="4761"/>
                                                    </LocList>
                                                    <BasicStmnt CovItemId="S68" CovItemPrefix="printer.SmartPrinter.java" Intrnl_Id="201">
                                                        <LocList>
                                                            <Loc EndOffset="4620" SrcFileId="1" StartOffset="4573"/>
                                                        </LocList>
                                                    </BasicStmnt>
                                                    <BasicStmnt CovItemId="S69" CovItemPrefix="printer.SmartPrinter.java" Intrnl_Id="202">
                                                        <LocList>
                                                            <Loc EndOffset="4663" SrcFileId="1" StartOffset="4629"/>
                                                        </LocList>
                                                    </BasicStmnt>
                                                    <BasicStmnt CovItemId="S70" CovItemPrefix="printer.SmartPrinter.java" Intrnl_Id="203">
                                                        <LocList>
                                                            <Loc EndOffset="4752" SrcFileId="1" StartOffset="4672"/>
                                                        </LocList>
                                                    </BasicStmnt>
                                                    <BasicStmnt CovItemId="S71" CovItemPrefix="printer.SmartPrinter.java" Intrnl_Id="204">
                                                        <LocList>
                                                            <Loc EndOffset="4773" SrcFileId="1" StartOffset="4761"/>
                                                        </LocList>
                                                    </BasicStmnt>
                                                </StmntSeq>
                                            </Branch>
                                            <Branch CovItemId="B24" CovItemPrefix="printer.SmartPrinter.java" Implct="false" Intrnl_Id="205">
                                                <Cond>
                                                    <Loc EndOffset="4800" SrcFileId="1" StartOffset="4796"/>
                                                </Cond>
                                                <LocList>
                                                    <Loc EndOffset="4896" SrcFileId="1" StartOffset="4801"/>
                                                </LocList>
                                                <StmntSeq Intrnl_Id="206">
                                                    <LocList>
                                                        <Loc EndOffset="4859" SrcFileId="1" StartOffset="4814"/>
                                                        <Loc EndOffset="4884" SrcFileId="1" StartOffset="4871"/>
                                                    </LocList>
                                                    <BasicStmnt CovItemId="S72" CovItemPrefix="printer.SmartPrinter.java" Intrnl_Id="207">
                                                        <LocList>
                                                            <Loc EndOffset="4859" SrcFileId="1" StartOffset="4814"/>
                                                        </LocList>
                                                    </BasicStmnt>
                                                    <BasicStmnt CovItemId="S73" CovItemPrefix="printer.SmartPrinter.java" Intrnl_Id="208">
                                                        <LocList>
                                                            <Loc EndOffset="4884" SrcFileId="1" StartOffset="4871"/>
                                                        </LocList>
                                                    </BasicStmnt>
                                                </StmntSeq>
                                            </Branch>
                                            <Keyword EndOffset="4537" SrcFileId="1" StartOffset="4535"/>
                                            <LocList>
                                                <Loc EndOffset="4896" SrcFileId="1" StartOffset="4535"/>
                                            </LocList>
                                            <RootTerm CovItemId="C13" CovItemPrefix="printer.SmartPrinter.java" Intrnl_Id="209">
                                                <BasicBoolTerm Intrnl_Id="210">
                                                    <LocList>
                                                        <Loc EndOffset="4561" SrcFileId="1" StartOffset="4538"/>
                                                    </LocList>
                                                </BasicBoolTerm>
                                            </RootTerm>
                                        </CondStmnt>
                                    </StmntSeq>
                                </Branch>
                                <Branch CovItemId="B22" CovItemPrefix="printer.SmartPrinter.java" Implct="true" Intrnl_Id="211">
                                    <Cond/>
                                    <LocList/>
                                    <StmntSeq Intrnl_Id="212">
                                        <LocList/>
                                    </StmntSeq>
                                </Branch>
                                <Keyword EndOffset="4489" SrcFileId="1" StartOffset="4487"/>
                                <LocList>
                                    <Loc EndOffset="4904" SrcFileId="1" StartOffset="4487"/>
                                </LocList>
                                <RootTerm CovItemId="C12" CovItemPrefix="printer.SmartPrinter.java" Intrnl_Id="213">
                                    <BasicBoolTerm Intrnl_Id="214">
                                        <LocList>
                                            <Loc EndOffset="4523" SrcFileId="1" StartOffset="4490"/>
                                        </LocList>
                                    </BasicBoolTerm>
                                </RootTerm>
                            </CondStmnt>
                            <BasicStmnt CovItemId="S74" CovItemPrefix="printer.SmartPrinter.java" Intrnl_Id="215">
                                <LocList>
                                    <Loc EndOffset="4955" SrcFileId="1" StartOffset="4911"/>
                                </LocList>
                            </BasicStmnt>
                            <BasicStmnt CovItemId="S75" CovItemPrefix="printer.SmartPrinter.java" Intrnl_Id="216">
                                <LocList>
                                    <Loc EndOffset="4975" SrcFileId="1" StartOffset="4962"/>
                                </LocList>
                            </BasicStmnt>
                        </StmntSeq>
                    </HierarchyLvl>
                    <HierarchyLvl HierarchyLvlId="158" HierarchyLvlTypeId="5" Intrnl_Id="217" Name="inserimentoPin">
                        <Header>
                            <Loc EndOffset="5022" SrcFileId="1" StartOffset="4990"/>
                        </Header>
                        <LocList>
                            <Loc EndOffset="5064" SrcFileId="1" StartOffset="4990"/>
                        </LocList>
                        <StmntSeq Intrnl_Id="218">
                            <LocList>
                                <Loc EndOffset="5057" SrcFileId="1" StartOffset="5044"/>
                            </LocList>
                            <BasicStmnt CovItemId="S76" CovItemPrefix="printer.SmartPrinter.java" Intrnl_Id="219">
                                <LocList>
                                    <Loc EndOffset="5057" SrcFileId="1" StartOffset="5044"/>
                                </LocList>
                            </BasicStmnt>
                        </StmntSeq>
                    </HierarchyLvl>
                    <HierarchyLvl HierarchyLvlId="159" HierarchyLvlTypeId="5" Intrnl_Id="220" Name="sceltaServizio">
                        <Header>
                            <Loc EndOffset="5108" SrcFileId="1" StartOffset="5076"/>
                        </Header>
                        <LocList>
                            <Loc EndOffset="5157" SrcFileId="1" StartOffset="5076"/>
                        </LocList>
                        <StmntSeq Intrnl_Id="221">
                            <LocList>
                                <Loc EndOffset="5143" SrcFileId="1" StartOffset="5130"/>
                            </LocList>
                            <BasicStmnt CovItemId="S77" CovItemPrefix="printer.SmartPrinter.java" Intrnl_Id="222">
                                <LocList>
                                    <Loc EndOffset="5143" SrcFileId="1" StartOffset="5130"/>
                                </LocList>
                            </BasicStmnt>
                        </StmntSeq>
                    </HierarchyLvl>
                    <HierarchyLvl HierarchyLvlId="160" HierarchyLvlTypeId="5" Intrnl_Id="223" Name="stampanteInUso">
                        <Header>
                            <Loc EndOffset="5201" SrcFileId="1" StartOffset="5169"/>
                        </Header>
                        <LocList>
                            <Loc EndOffset="5243" SrcFileId="1" StartOffset="5169"/>
                        </LocList>
                        <StmntSeq Intrnl_Id="224">
                            <LocList>
                                <Loc EndOffset="5236" SrcFileId="1" StartOffset="5223"/>
                            </LocList>
                            <BasicStmnt CovItemId="S78" CovItemPrefix="printer.SmartPrinter.java" Intrnl_Id="225">
                                <LocList>
                                    <Loc EndOffset="5236" SrcFileId="1" StartOffset="5223"/>
                                </LocList>
                            </BasicStmnt>
                        </StmntSeq>
                    </HierarchyLvl>
                    <HierarchyLvl HierarchyLvlId="161" HierarchyLvlTypeId="5" Intrnl_Id="226" Name="gestioneErrore">
                        <Header>
                            <Loc EndOffset="5287" SrcFileId="1" StartOffset="5255"/>
                        </Header>
                        <LocList>
                            <Loc EndOffset="5329" SrcFileId="1" StartOffset="5255"/>
                        </LocList>
                        <StmntSeq Intrnl_Id="227">
                            <LocList>
                                <Loc EndOffset="5322" SrcFileId="1" StartOffset="5309"/>
                            </LocList>
                            <BasicStmnt CovItemId="S79" CovItemPrefix="printer.SmartPrinter.java" Intrnl_Id="228">
                                <LocList>
                                    <Loc EndOffset="5322" SrcFileId="1" StartOffset="5309"/>
                                </LocList>
                            </BasicStmnt>
                        </StmntSeq>
                    </HierarchyLvl>
                    <HierarchyLvl HierarchyLvlId="162" HierarchyLvlTypeId="5" Intrnl_Id="229" Name="statoCorrente">
                        <Header>
                            <Loc EndOffset="5364" SrcFileId="1" StartOffset="5337"/>
                        </Header>
                        <LocList>
                            <Loc EndOffset="6062" SrcFileId="1" StartOffset="5337"/>
                        </LocList>
                        <StmntSeq Intrnl_Id="230">
                            <LocList>
                                <Loc EndOffset="5423" SrcFileId="1" StartOffset="5376"/>
                                <Loc EndOffset="5478" SrcFileId="1" StartOffset="5433"/>
                                <Loc EndOffset="5532" SrcFileId="1" StartOffset="5488"/>
                                <Loc EndOffset="5620" SrcFileId="1" StartOffset="5542"/>
                                <Loc EndOffset="5677" SrcFileId="1" StartOffset="5630"/>
                                <Loc EndOffset="5738" SrcFileId="1" StartOffset="5687"/>
                                <Loc EndOffset="5791" SrcFileId="1" StartOffset="5748"/>
                                <Loc EndOffset="5864" SrcFileId="1" StartOffset="5801"/>
                                <Loc EndOffset="5929" SrcFileId="1" StartOffset="5874"/>
                                <Loc EndOffset="5996" SrcFileId="1" StartOffset="5939"/>
                                <Loc EndOffset="6055" SrcFileId="1" StartOffset="6006"/>
                            </LocList>
                            <BasicStmnt CovItemId="S80" CovItemPrefix="printer.SmartPrinter.java" Intrnl_Id="231">
                                <LocList>
                                    <Loc EndOffset="5423" SrcFileId="1" StartOffset="5376"/>
                                </LocList>
                            </BasicStmnt>
                            <BasicStmnt CovItemId="S81" CovItemPrefix="printer.SmartPrinter.java" Intrnl_Id="232">
                                <LocList>
                                    <Loc EndOffset="5478" SrcFileId="1" StartOffset="5433"/>
                                </LocList>
                            </BasicStmnt>
                            <BasicStmnt CovItemId="S82" CovItemPrefix="printer.SmartPrinter.java" Intrnl_Id="233">
                                <LocList>
                                    <Loc EndOffset="5532" SrcFileId="1" StartOffset="5488"/>
                                </LocList>
                            </BasicStmnt>
                            <BasicStmnt CovItemId="S83" CovItemPrefix="printer.SmartPrinter.java" Intrnl_Id="234">
                                <LocList>
                                    <Loc EndOffset="5620" SrcFileId="1" StartOffset="5542"/>
                                </LocList>
                            </BasicStmnt>
                            <BasicStmnt CovItemId="S84" CovItemPrefix="printer.SmartPrinter.java" Intrnl_Id="235">
                                <LocList>
                                    <Loc EndOffset="5677" SrcFileId="1" StartOffset="5630"/>
                                </LocList>
                            </BasicStmnt>
                            <BasicStmnt CovItemId="S85" CovItemPrefix="printer.SmartPrinter.java" Intrnl_Id="236">
                                <LocList>
                                    <Loc EndOffset="5738" SrcFileId="1" StartOffset="5687"/>
                                </LocList>
                            </BasicStmnt>
                            <BasicStmnt CovItemId="S86" CovItemPrefix="printer.SmartPrinter.java" Intrnl_Id="237">
                                <LocList>
                                    <Loc EndOffset="5791" SrcFileId="1" StartOffset="5748"/>
                                </LocList>
                            </BasicStmnt>
                            <BasicStmnt CovItemId="S87" CovItemPrefix="printer.SmartPrinter.java" Intrnl_Id="238">
                                <LocList>
                                    <Loc EndOffset="5864" SrcFileId="1" StartOffset="5801"/>
                                </LocList>
                            </BasicStmnt>
                            <BasicStmnt CovItemId="S88" CovItemPrefix="printer.SmartPrinter.java" Intrnl_Id="239">
                                <LocList>
                                    <Loc EndOffset="5929" SrcFileId="1" StartOffset="5874"/>
                                </LocList>
                            </BasicStmnt>
                            <BasicStmnt CovItemId="S89" CovItemPrefix="printer.SmartPrinter.java" Intrnl_Id="240">
                                <LocList>
                                    <Loc EndOffset="5996" SrcFileId="1" StartOffset="5939"/>
                                </LocList>
                            </BasicStmnt>
                            <BasicStmnt CovItemId="S90" CovItemPrefix="printer.SmartPrinter.java" Intrnl_Id="241">
                                <LocList>
                                    <Loc EndOffset="6055" SrcFileId="1" StartOffset="6006"/>
                                </LocList>
                            </BasicStmnt>
                        </StmntSeq>
                    </HierarchyLvl>
                    <HierarchyLvl HierarchyLvlId="163" HierarchyLvlTypeId="5" Intrnl_Id="242" Name="usoStampante">
                        <Header>
                            <Loc EndOffset="6137" SrcFileId="1" StartOffset="6111"/>
                        </Header>
                        <LocList>
                            <Loc EndOffset="8967" SrcFileId="1" StartOffset="6111"/>
                        </LocList>
                        <StmntSeq Intrnl_Id="243">
                            <LocList>
                                <Loc EndOffset="6190" SrcFileId="1" StartOffset="6149"/>
                                <Loc EndOffset="6229" SrcFileId="1" StartOffset="6200"/>
                                <Loc EndOffset="6266" SrcFileId="1" StartOffset="6239"/>
                                <Loc EndOffset="8914" SrcFileId="1" StartOffset="6286"/>
                                <Loc EndOffset="8950" SrcFileId="1" StartOffset="8934"/>
                            </LocList>
                            <BasicStmnt CovItemId="S91" CovItemPrefix="printer.SmartPrinter.java" Intrnl_Id="244">
                                <LocList>
                                    <Loc EndOffset="6190" SrcFileId="1" StartOffset="6149"/>
                                </LocList>
                            </BasicStmnt>
                            <BasicStmnt CovItemId="S92" CovItemPrefix="printer.SmartPrinter.java" Intrnl_Id="245">
                                <LocList>
                                    <Loc EndOffset="6229" SrcFileId="1" StartOffset="6200"/>
                                </LocList>
                            </BasicStmnt>
                            <BasicStmnt CovItemId="S93" CovItemPrefix="printer.SmartPrinter.java" Intrnl_Id="246">
                                <LocList>
                                    <Loc EndOffset="6266" SrcFileId="1" StartOffset="6239"/>
                                </LocList>
                            </BasicStmnt>
                            <LoopStmnt CovItemId="S94" CovItemPrefix="printer.SmartPrinter.java" Intrnl_Id="247" MltplExecId="L3-2" MltplExecPrefix="printer.SmartPrinter.java" NvrExecId="L3-0" NvrExecPrefix="printer.SmartPrinter.java" OnceExecutedId="L3-1" OnceExecutedPrefix="printer.SmartPrinter.java" OptBodyExec="true">
                                <StmntSeq Intrnl_Id="248">
                                    <LocList>
                                        <Loc EndOffset="8892" SrcFileId="1" StartOffset="6330"/>
                                    </LocList>
                                    <CondStmnt CovItemId="S95" CovItemPrefix="printer.SmartPrinter.java" Intrnl_Id="249">
                                        <Branch CovItemId="B25" CovItemPrefix="printer.SmartPrinter.java" Implct="false" Intrnl_Id="250">
                                            <Cond>
                                                <Loc EndOffset="6375" SrcFileId="1" StartOffset="6364"/>
                                            </Cond>
                                            <LocList>
                                                <Loc EndOffset="6871" SrcFileId="1" StartOffset="6389"/>
                                            </LocList>
                                            <StmntSeq Intrnl_Id="251">
                                                <LocList>
                                                    <Loc EndOffset="6693" SrcFileId="1" StartOffset="6428"/>
                                                    <Loc EndOffset="6839" SrcFileId="1" StartOffset="6720"/>
                                                    <Loc EndOffset="6871" SrcFileId="1" StartOffset="6865"/>
                                                </LocList>
                                                <LoopStmnt CovItemId="S96" CovItemPrefix="printer.SmartPrinter.java" Intrnl_Id="252" MltplExecId="L4-2" MltplExecPrefix="printer.SmartPrinter.java" NvrExecId="L4-0" NvrExecPrefix="printer.SmartPrinter.java" OnceExecutedId="L4-1" OnceExecutedPrefix="printer.SmartPrinter.java" OptBodyExec="false">
                                                    <StmntSeq Intrnl_Id="253">
                                                        <LocList>
                                                            <Loc EndOffset="6507" SrcFileId="1" StartOffset="6446"/>
                                                            <Loc EndOffset="6575" SrcFileId="1" StartOffset="6521"/>
                                                            <Loc EndOffset="6647" SrcFileId="1" StartOffset="6589"/>
                                                        </LocList>
                                                        <BasicStmnt CovItemId="S97" CovItemPrefix="printer.SmartPrinter.java" Intrnl_Id="254">
                                                            <LocList>
                                                                <Loc EndOffset="6507" SrcFileId="1" StartOffset="6446"/>
                                                            </LocList>
                                                        </BasicStmnt>
                                                        <BasicStmnt CovItemId="S98" CovItemPrefix="printer.SmartPrinter.java" Intrnl_Id="255">
                                                            <LocList>
                                                                <Loc EndOffset="6575" SrcFileId="1" StartOffset="6521"/>
                                                            </LocList>
                                                        </BasicStmnt>
                                                        <BasicStmnt CovItemId="S99" CovItemPrefix="printer.SmartPrinter.java" Intrnl_Id="256">
                                                            <LocList>
                                                                <Loc EndOffset="6647" SrcFileId="1" StartOffset="6589"/>
                                                            </LocList>
                                                        </BasicStmnt>
                                                    </StmntSeq>
                                                    <Keyword EndOffset="6430" SrcFileId="1" StartOffset="6428"/>
                                                    <LocList>
                                                        <Loc EndOffset="6693" SrcFileId="1" StartOffset="6428"/>
                                                    </LocList>
                                                    <RootTerm CovItemId="C15" CovItemPrefix="printer.SmartPrinter.java" Intrnl_Id="257">
                                                        <OpTerm BooleanOpId="2" Intrnl_Id="258">
                                                            <BasicBoolTerm Intrnl_Id="259">
                                                                <LocList>
                                                                    <Loc EndOffset="6691" SrcFileId="1" StartOffset="6681"/>
                                                                </LocList>
                                                            </BasicBoolTerm>
                                                            <LocList>
                                                                <Loc EndOffset="6681" SrcFileId="1" StartOffset="6680"/>
                                                            </LocList>
                                                        </OpTerm>
                                                    </RootTerm>
                                                </LoopStmnt>
                                                <CondStmnt CovItemId="S100" CovItemPrefix="printer.SmartPrinter.java" Intrnl_Id="260">
                                                    <Branch CovItemId="B26" CovItemPrefix="printer.SmartPrinter.java" Implct="false" Intrnl_Id="261">
                                                        <Cond/>
                                                        <LocList>
                                                            <Loc EndOffset="6788" SrcFileId="1" StartOffset="6769"/>
                                                        </LocList>
                                                        <StmntSeq Intrnl_Id="262">
                                                            <LocList>
                                                                <Loc EndOffset="6788" SrcFileId="1" StartOffset="6769"/>
                                                            </LocList>
                                                            <BasicStmnt CovItemId="S101" CovItemPrefix="printer.SmartPrinter.java" Intrnl_Id="263">
                                                                <LocList>
                                                                    <Loc EndOffset="6788" SrcFileId="1" StartOffset="6769"/>
                                                                </LocList>
                                                            </BasicStmnt>
                                                        </StmntSeq>
                                                    </Branch>
                                                    <Branch CovItemId="B27" CovItemPrefix="printer.SmartPrinter.java" Implct="false" Intrnl_Id="264">
                                                        <Cond>
                                                            <Loc EndOffset="6805" SrcFileId="1" StartOffset="6801"/>
                                                        </Cond>
                                                        <LocList>
                                                            <Loc EndOffset="6839" SrcFileId="1" StartOffset="6819"/>
                                                        </LocList>
                                                        <StmntSeq Intrnl_Id="265">
                                                            <LocList>
                                                                <Loc EndOffset="6839" SrcFileId="1" StartOffset="6819"/>
                                                            </LocList>
                                                            <BasicStmnt CovItemId="S102" CovItemPrefix="printer.SmartPrinter.java" Intrnl_Id="266">
                                                                <LocList>
                                                                    <Loc EndOffset="6839" SrcFileId="1" StartOffset="6819"/>
                                                                </LocList>
                                                            </BasicStmnt>
                                                        </StmntSeq>
                                                    </Branch>
                                                    <Keyword EndOffset="6722" SrcFileId="1" StartOffset="6720"/>
                                                    <LocList>
                                                        <Loc EndOffset="6839" SrcFileId="1" StartOffset="6720"/>
                                                    </LocList>
                                                    <RootTerm CovItemId="C16" CovItemPrefix="printer.SmartPrinter.java" Intrnl_Id="267">
                                                        <BasicBoolTerm Intrnl_Id="268">
                                                            <LocList>
                                                                <Loc EndOffset="6754" SrcFileId="1" StartOffset="6723"/>
                                                            </LocList>
                                                        </BasicBoolTerm>
                                                    </RootTerm>
                                                </CondStmnt>
                                                <BasicStmnt CovItemId="S103" CovItemPrefix="printer.SmartPrinter.java" Intrnl_Id="269">
                                                    <LocList>
                                                        <Loc EndOffset="6871" SrcFileId="1" StartOffset="6865"/>
                                                    </LocList>
                                                </BasicStmnt>
                                            </StmntSeq>
                                        </Branch>
                                        <Branch CovItemId="B28" CovItemPrefix="printer.SmartPrinter.java" Implct="false" Intrnl_Id="270">
                                            <Cond>
                                                <Loc EndOffset="6900" SrcFileId="1" StartOffset="6890"/>
                                            </Cond>
                                            <LocList>
                                                <Loc EndOffset="7355" SrcFileId="1" StartOffset="6914"/>
                                            </LocList>
                                            <StmntSeq Intrnl_Id="271">
                                                <LocList>
                                                    <Loc EndOffset="7204" SrcFileId="1" StartOffset="6949"/>
                                                    <Loc EndOffset="7293" SrcFileId="1" StartOffset="7230"/>
                                                    <Loc EndOffset="7336" SrcFileId="1" StartOffset="7319"/>
                                                    <Loc EndOffset="7355" SrcFileId="1" StartOffset="7349"/>
                                                </LocList>
                                                <LoopStmnt CovItemId="S104" CovItemPrefix="printer.SmartPrinter.java" Intrnl_Id="272" MltplExecId="L5-2" MltplExecPrefix="printer.SmartPrinter.java" NvrExecId="L5-0" NvrExecPrefix="printer.SmartPrinter.java" OnceExecutedId="L5-1" OnceExecutedPrefix="printer.SmartPrinter.java" OptBodyExec="false">
                                                    <StmntSeq Intrnl_Id="273">
                                                        <LocList>
                                                            <Loc EndOffset="7026" SrcFileId="1" StartOffset="6967"/>
                                                            <Loc EndOffset="7090" SrcFileId="1" StartOffset="7040"/>
                                                            <Loc EndOffset="7158" SrcFileId="1" StartOffset="7104"/>
                                                        </LocList>
                                                        <BasicStmnt CovItemId="S105" CovItemPrefix="printer.SmartPrinter.java" Intrnl_Id="274">
                                                            <LocList>
                                                                <Loc EndOffset="7026" SrcFileId="1" StartOffset="6967"/>
                                                            </LocList>
                                                        </BasicStmnt>
                                                        <BasicStmnt CovItemId="S106" CovItemPrefix="printer.SmartPrinter.java" Intrnl_Id="275">
                                                            <LocList>
                                                                <Loc EndOffset="7090" SrcFileId="1" StartOffset="7040"/>
                                                            </LocList>
                                                        </BasicStmnt>
                                                        <BasicStmnt CovItemId="S107" CovItemPrefix="printer.SmartPrinter.java" Intrnl_Id="276">
                                                            <LocList>
                                                                <Loc EndOffset="7158" SrcFileId="1" StartOffset="7104"/>
                                                            </LocList>
                                                        </BasicStmnt>
                                                    </StmntSeq>
                                                    <Keyword EndOffset="6951" SrcFileId="1" StartOffset="6949"/>
                                                    <LocList>
                                                        <Loc EndOffset="7204" SrcFileId="1" StartOffset="6949"/>
                                                    </LocList>
                                                    <RootTerm CovItemId="C17" CovItemPrefix="printer.SmartPrinter.java" Intrnl_Id="277">
                                                        <OpTerm BooleanOpId="2" Intrnl_Id="278">
                                                            <BasicBoolTerm Intrnl_Id="279">
                                                                <LocList>
                                                                    <Loc EndOffset="7202" SrcFileId="1" StartOffset="7192"/>
                                                                </LocList>
                                                            </BasicBoolTerm>
                                                            <LocList>
                                                                <Loc EndOffset="7192" SrcFileId="1" StartOffset="7191"/>
                                                            </LocList>
                                                        </OpTerm>
                                                    </RootTerm>
                                                </LoopStmnt>
                                                <CondStmnt CovItemId="S108" CovItemPrefix="printer.SmartPrinter.java" Intrnl_Id="280">
                                                    <Branch CovItemId="B29" CovItemPrefix="printer.SmartPrinter.java" Implct="false" Intrnl_Id="281">
                                                        <Cond/>
                                                        <LocList>
                                                            <Loc EndOffset="7293" SrcFileId="1" StartOffset="7275"/>
                                                        </LocList>
                                                        <StmntSeq Intrnl_Id="282">
                                                            <LocList>
                                                                <Loc EndOffset="7293" SrcFileId="1" StartOffset="7275"/>
                                                            </LocList>
                                                            <BasicStmnt CovItemId="S109" CovItemPrefix="printer.SmartPrinter.java" Intrnl_Id="283">
                                                                <LocList>
                                                                    <Loc EndOffset="7293" SrcFileId="1" StartOffset="7275"/>
                                                                </LocList>
                                                            </BasicStmnt>
                                                        </StmntSeq>
                                                    </Branch>
                                                    <Branch CovItemId="B30" CovItemPrefix="printer.SmartPrinter.java" Implct="true" Intrnl_Id="284">
                                                        <Cond/>
                                                        <LocList/>
                                                        <StmntSeq Intrnl_Id="285">
                                                            <LocList/>
                                                        </StmntSeq>
                                                    </Branch>
                                                    <Keyword EndOffset="7232" SrcFileId="1" StartOffset="7230"/>
                                                    <LocList>
                                                        <Loc EndOffset="7293" SrcFileId="1" StartOffset="7230"/>
                                                    </LocList>
                                                    <RootTerm CovItemId="C18" CovItemPrefix="printer.SmartPrinter.java" Intrnl_Id="286">
                                                        <BasicBoolTerm Intrnl_Id="287">
                                                            <LocList>
                                                                <Loc EndOffset="7260" SrcFileId="1" StartOffset="7233"/>
                                                            </LocList>
                                                        </BasicBoolTerm>
                                                    </RootTerm>
                                                </CondStmnt>
                                                <BasicStmnt CovItemId="S110" CovItemPrefix="printer.SmartPrinter.java" Intrnl_Id="288">
                                                    <LocList>
                                                        <Loc EndOffset="7336" SrcFileId="1" StartOffset="7319"/>
                                                    </LocList>
                                                </BasicStmnt>
                                                <BasicStmnt CovItemId="S111" CovItemPrefix="printer.SmartPrinter.java" Intrnl_Id="289">
                                                    <LocList>
                                                        <Loc EndOffset="7355" SrcFileId="1" StartOffset="7349"/>
                                                    </LocList>
                                                </BasicStmnt>
                                            </StmntSeq>
                                        </Branch>
                                        <Branch CovItemId="B31" CovItemPrefix="printer.SmartPrinter.java" Implct="false" Intrnl_Id="290">
                                            <Cond>
                                                <Loc EndOffset="7391" SrcFileId="1" StartOffset="7374"/>
                                            </Cond>
                                            <LocList>
                                                <Loc EndOffset="7866" SrcFileId="1" StartOffset="7399"/>
                                            </LocList>
                                            <StmntSeq Intrnl_Id="291">
                                                <LocList>
                                                    <Loc EndOffset="7714" SrcFileId="1" StartOffset="7442"/>
                                                    <Loc EndOffset="7816" SrcFileId="1" StartOffset="7740"/>
                                                    <Loc EndOffset="7847" SrcFileId="1" StartOffset="7830"/>
                                                    <Loc EndOffset="7866" SrcFileId="1" StartOffset="7860"/>
                                                </LocList>
                                                <LoopStmnt CovItemId="S112" CovItemPrefix="printer.SmartPrinter.java" Intrnl_Id="292" MltplExecId="L6-2" MltplExecPrefix="printer.SmartPrinter.java" NvrExecId="L6-0" NvrExecPrefix="printer.SmartPrinter.java" OnceExecutedId="L6-1" OnceExecutedPrefix="printer.SmartPrinter.java" OptBodyExec="false">
                                                    <StmntSeq Intrnl_Id="293">
                                                        <LocList>
                                                            <Loc EndOffset="7520" SrcFileId="1" StartOffset="7460"/>
                                                            <Loc EndOffset="7592" SrcFileId="1" StartOffset="7534"/>
                                                            <Loc EndOffset="7668" SrcFileId="1" StartOffset="7606"/>
                                                        </LocList>
                                                        <BasicStmnt CovItemId="S113" CovItemPrefix="printer.SmartPrinter.java" Intrnl_Id="294">
                                                            <LocList>
                                                                <Loc EndOffset="7520" SrcFileId="1" StartOffset="7460"/>
                                                            </LocList>
                                                        </BasicStmnt>
                                                        <BasicStmnt CovItemId="S114" CovItemPrefix="printer.SmartPrinter.java" Intrnl_Id="295">
                                                            <LocList>
                                                                <Loc EndOffset="7592" SrcFileId="1" StartOffset="7534"/>
                                                            </LocList>
                                                        </BasicStmnt>
                                                        <BasicStmnt CovItemId="S115" CovItemPrefix="printer.SmartPrinter.java" Intrnl_Id="296">
                                                            <LocList>
                                                                <Loc EndOffset="7668" SrcFileId="1" StartOffset="7606"/>
                                                            </LocList>
                                                        </BasicStmnt>
                                                    </StmntSeq>
                                                    <Keyword EndOffset="7444" SrcFileId="1" StartOffset="7442"/>
                                                    <LocList>
                                                        <Loc EndOffset="7714" SrcFileId="1" StartOffset="7442"/>
                                                    </LocList>
                                                    <RootTerm CovItemId="C19" CovItemPrefix="printer.SmartPrinter.java" Intrnl_Id="297">
                                                        <OpTerm BooleanOpId="2" Intrnl_Id="298">
                                                            <BasicBoolTerm Intrnl_Id="299">
                                                                <LocList>
                                                                    <Loc EndOffset="7712" SrcFileId="1" StartOffset="7702"/>
                                                                </LocList>
                                                            </BasicBoolTerm>
                                                            <LocList>
                                                                <Loc EndOffset="7702" SrcFileId="1" StartOffset="7701"/>
                                                            </LocList>
                                                        </OpTerm>
                                                    </RootTerm>
                                                </LoopStmnt>
                                                <CondStmnt CovItemId="S116" CovItemPrefix="printer.SmartPrinter.java" Intrnl_Id="300">
                                                    <Branch CovItemId="B32" CovItemPrefix="printer.SmartPrinter.java" Implct="false" Intrnl_Id="301">
                                                        <Cond/>
                                                        <LocList>
                                                            <Loc EndOffset="7816" SrcFileId="1" StartOffset="7793"/>
                                                        </LocList>
                                                        <StmntSeq Intrnl_Id="302">
                                                            <LocList>
                                                                <Loc EndOffset="7816" SrcFileId="1" StartOffset="7793"/>
                                                            </LocList>
                                                            <BasicStmnt CovItemId="S117" CovItemPrefix="printer.SmartPrinter.java" Intrnl_Id="303">
                                                                <LocList>
                                                                    <Loc EndOffset="7816" SrcFileId="1" StartOffset="7793"/>
                                                                </LocList>
                                                            </BasicStmnt>
                                                        </StmntSeq>
                                                    </Branch>
                                                    <Branch CovItemId="B33" CovItemPrefix="printer.SmartPrinter.java" Implct="true" Intrnl_Id="304">
                                                        <Cond/>
                                                        <LocList/>
                                                        <StmntSeq Intrnl_Id="305">
                                                            <LocList/>
                                                        </StmntSeq>
                                                    </Branch>
                                                    <Keyword EndOffset="7742" SrcFileId="1" StartOffset="7740"/>
                                                    <LocList>
                                                        <Loc EndOffset="7816" SrcFileId="1" StartOffset="7740"/>
                                                    </LocList>
                                                    <RootTerm CovItemId="C20" CovItemPrefix="printer.SmartPrinter.java" Intrnl_Id="306">
                                                        <BasicBoolTerm Intrnl_Id="307">
                                                            <LocList>
                                                                <Loc EndOffset="7778" SrcFileId="1" StartOffset="7743"/>
                                                            </LocList>
                                                        </BasicBoolTerm>
                                                    </RootTerm>
                                                </CondStmnt>
                                                <BasicStmnt CovItemId="S118" CovItemPrefix="printer.SmartPrinter.java" Intrnl_Id="308">
                                                    <LocList>
                                                        <Loc EndOffset="7847" SrcFileId="1" StartOffset="7830"/>
                                                    </LocList>
                                                </BasicStmnt>
                                                <BasicStmnt CovItemId="S119" CovItemPrefix="printer.SmartPrinter.java" Intrnl_Id="309">
                                                    <LocList>
                                                        <Loc EndOffset="7866" SrcFileId="1" StartOffset="7860"/>
                                                    </LocList>
                                                </BasicStmnt>
                                            </StmntSeq>
                                        </Branch>
                                        <Branch CovItemId="B34" CovItemPrefix="printer.SmartPrinter.java" Implct="false" Intrnl_Id="310">
                                            <Cond>
                                                <Loc EndOffset="7901" SrcFileId="1" StartOffset="7885"/>
                                            </Cond>
                                            <LocList>
                                                <Loc EndOffset="8487" SrcFileId="1" StartOffset="7909"/>
                                            </LocList>
                                            <StmntSeq Intrnl_Id="311">
                                                <LocList>
                                                    <Loc EndOffset="7931" SrcFileId="1" StartOffset="7909"/>
                                                    <Loc EndOffset="7957" SrcFileId="1" StartOffset="7938"/>
                                                    <Loc EndOffset="8341" SrcFileId="1" StartOffset="7971"/>
                                                    <Loc EndOffset="8374" SrcFileId="1" StartOffset="8355"/>
                                                    <Loc EndOffset="8468" SrcFileId="1" StartOffset="8431"/>
                                                    <Loc EndOffset="8487" SrcFileId="1" StartOffset="8481"/>
                                                </LocList>
                                                <BasicStmnt CovItemId="S120" CovItemPrefix="printer.SmartPrinter.java" Intrnl_Id="312">
                                                    <LocList>
                                                        <Loc EndOffset="7931" SrcFileId="1" StartOffset="7909"/>
                                                    </LocList>
                                                </BasicStmnt>
                                                <BasicStmnt CovItemId="S121" CovItemPrefix="printer.SmartPrinter.java" Intrnl_Id="313">
                                                    <LocList>
                                                        <Loc EndOffset="7957" SrcFileId="1" StartOffset="7938"/>
                                                    </LocList>
                                                </BasicStmnt>
                                                <LoopStmnt CovItemId="S122" CovItemPrefix="printer.SmartPrinter.java" Intrnl_Id="314" MltplExecId="L7-2" MltplExecPrefix="printer.SmartPrinter.java" NvrExecId="L7-0" NvrExecPrefix="printer.SmartPrinter.java" OnceExecutedId="L7-1" OnceExecutedPrefix="printer.SmartPrinter.java" OptBodyExec="true">
                                                    <StmntSeq Intrnl_Id="315">
                                                        <LocList>
                                                            <Loc EndOffset="8051" SrcFileId="1" StartOffset="7999"/>
                                                            <Loc EndOffset="8116" SrcFileId="1" StartOffset="8082"/>
                                                            <Loc EndOffset="8150" SrcFileId="1" StartOffset="8132"/>
                                                            <Loc EndOffset="8333" SrcFileId="1" StartOffset="8061"/>
                                                        </LocList>
                                                        <BasicStmnt CovItemId="S123" CovItemPrefix="printer.SmartPrinter.java" Intrnl_Id="316">
                                                            <LocList>
                                                                <Loc EndOffset="8051" SrcFileId="1" StartOffset="7999"/>
                                                            </LocList>
                                                        </BasicStmnt>
                                                        <BasicStmnt CovItemId="S125" CovItemPrefix="printer.SmartPrinter.java" Intrnl_Id="317">
                                                            <LocList>
                                                                <Loc EndOffset="8116" SrcFileId="1" StartOffset="8082"/>
                                                            </LocList>
                                                        </BasicStmnt>
                                                        <BasicStmnt CovItemId="S126" CovItemPrefix="printer.SmartPrinter.java" Intrnl_Id="318">
                                                            <LocList>
                                                                <Loc EndOffset="8150" SrcFileId="1" StartOffset="8132"/>
                                                            </LocList>
                                                        </BasicStmnt>
                                                        <CondStmnt CovItemId="S124" CovItemPrefix="printer.SmartPrinter.java" Intrnl_Id="319">
                                                            <Branch CovItemId="B35" CovItemPrefix="printer.SmartPrinter.java" Implct="true" Intrnl_Id="320">
                                                                <Cond/>
                                                                <LocList/>
                                                                <StmntSeq Intrnl_Id="321">
                                                                    <LocList/>
                                                                </StmntSeq>
                                                            </Branch>
                                                            <Branch CovItemId="B36" CovItemPrefix="printer.SmartPrinter.java" Implct="false" Intrnl_Id="322">
                                                                <Cond>
                                                                    <Loc EndOffset="8196" SrcFileId="1" StartOffset="8164"/>
                                                                </Cond>
                                                                <LocList>
                                                                    <Loc EndOffset="8333" SrcFileId="1" StartOffset="8197"/>
                                                                </LocList>
                                                                <StmntSeq Intrnl_Id="323">
                                                                    <LocList>
                                                                        <Loc EndOffset="8284" SrcFileId="1" StartOffset="8214"/>
                                                                        <Loc EndOffset="8319" SrcFileId="1" StartOffset="8300"/>
                                                                    </LocList>
                                                                    <BasicStmnt CovItemId="S127" CovItemPrefix="printer.SmartPrinter.java" Intrnl_Id="324">
                                                                        <LocList>
                                                                            <Loc EndOffset="8284" SrcFileId="1" StartOffset="8214"/>
                                                                        </LocList>
                                                                    </BasicStmnt>
                                                                    <BasicStmnt CovItemId="S128" CovItemPrefix="printer.SmartPrinter.java" Intrnl_Id="325">
                                                                        <LocList>
                                                                            <Loc EndOffset="8319" SrcFileId="1" StartOffset="8300"/>
                                                                        </LocList>
                                                                    </BasicStmnt>
                                                                </StmntSeq>
                                                            </Branch>
                                                            <Keyword EndOffset="8064" SrcFileId="1" StartOffset="8061"/>
                                                            <LocList>
                                                                <Loc EndOffset="8333" SrcFileId="1" StartOffset="8061"/>
                                                            </LocList>
                                                        </CondStmnt>
                                                    </StmntSeq>
                                                    <Keyword EndOffset="7976" SrcFileId="1" StartOffset="7971"/>
                                                    <LocList>
                                                        <Loc EndOffset="8341" SrcFileId="1" StartOffset="7971"/>
                                                    </LocList>
                                                    <RootTerm CovItemId="C21" CovItemPrefix="printer.SmartPrinter.java" Intrnl_Id="326">
                                                        <OpTerm BooleanOpId="2" Intrnl_Id="327">
                                                            <BasicBoolTerm Intrnl_Id="328">
                                                                <LocList>
                                                                    <Loc EndOffset="7988" SrcFileId="1" StartOffset="7978"/>
                                                                </LocList>
                                                            </BasicBoolTerm>
                                                            <LocList>
                                                                <Loc EndOffset="7978" SrcFileId="1" StartOffset="7977"/>
                                                            </LocList>
                                                        </OpTerm>
                                                    </RootTerm>
                                                </LoopStmnt>
                                                <BasicStmnt CovItemId="S129" CovItemPrefix="printer.SmartPrinter.java" Intrnl_Id="329">
                                                    <LocList>
                                                        <Loc EndOffset="8374" SrcFileId="1" StartOffset="8355"/>
                                                    </LocList>
                                                </BasicStmnt>
                                                <BasicStmnt CovItemId="S130" CovItemPrefix="printer.SmartPrinter.java" Intrnl_Id="330">
                                                    <LocList>
                                                        <Loc EndOffset="8468" SrcFileId="1" StartOffset="8431"/>
                                                    </LocList>
                                                </BasicStmnt>
                                                <BasicStmnt CovItemId="S131" CovItemPrefix="printer.SmartPrinter.java" Intrnl_Id="331">
                                                    <LocList>
                                                        <Loc EndOffset="8487" SrcFileId="1" StartOffset="8481"/>
                                                    </LocList>
                                                </BasicStmnt>
                                            </StmntSeq>
                                        </Branch>
                                        <Branch CovItemId="B37" CovItemPrefix="printer.SmartPrinter.java" Implct="false" Intrnl_Id="332">
                                            <Cond>
                                                <Loc EndOffset="8523" SrcFileId="1" StartOffset="8506"/>
                                            </Cond>
                                            <LocList>
                                                <Loc EndOffset="8716" SrcFileId="1" StartOffset="8557"/>
                                            </LocList>
                                            <StmntSeq Intrnl_Id="333">
                                                <LocList>
                                                    <Loc EndOffset="8573" SrcFileId="1" StartOffset="8557"/>
                                                    <Loc EndOffset="8628" SrcFileId="1" StartOffset="8580"/>
                                                    <Loc EndOffset="8690" SrcFileId="1" StartOffset="8641"/>
                                                    <Loc EndOffset="8716" SrcFileId="1" StartOffset="8710"/>
                                                </LocList>
                                                <BasicStmnt CovItemId="S132" CovItemPrefix="printer.SmartPrinter.java" Intrnl_Id="334">
                                                    <LocList>
                                                        <Loc EndOffset="8573" SrcFileId="1" StartOffset="8557"/>
                                                    </LocList>
                                                </BasicStmnt>
                                                <BasicStmnt CovItemId="S133" CovItemPrefix="printer.SmartPrinter.java" Intrnl_Id="335">
                                                    <LocList>
                                                        <Loc EndOffset="8628" SrcFileId="1" StartOffset="8580"/>
                                                    </LocList>
                                                </BasicStmnt>
                                                <BasicStmnt CovItemId="S134" CovItemPrefix="printer.SmartPrinter.java" Intrnl_Id="336">
                                                    <LocList>
                                                        <Loc EndOffset="8690" SrcFileId="1" StartOffset="8641"/>
                                                    </LocList>
                                                </BasicStmnt>
                                                <BasicStmnt CovItemId="S135" CovItemPrefix="printer.SmartPrinter.java" Intrnl_Id="337">
                                                    <LocList>
                                                        <Loc EndOffset="8716" SrcFileId="1" StartOffset="8710"/>
                                                    </LocList>
                                                </BasicStmnt>
                                            </StmntSeq>
                                        </Branch>
                                        <Branch CovItemId="B38" CovItemPrefix="printer.SmartPrinter.java" Implct="false" Intrnl_Id="338">
                                            <Cond>
                                                <Loc EndOffset="8733" SrcFileId="1" StartOffset="8722"/>
                                            </Cond>
                                            <LocList>
                                                <Loc EndOffset="8771" SrcFileId="1" StartOffset="8741"/>
                                            </LocList>
                                            <StmntSeq Intrnl_Id="339">
                                                <LocList>
                                                    <Loc EndOffset="8758" SrcFileId="1" StartOffset="8741"/>
                                                    <Loc EndOffset="8771" SrcFileId="1" StartOffset="8765"/>
                                                </LocList>
                                                <BasicStmnt CovItemId="S136" CovItemPrefix="printer.SmartPrinter.java" Intrnl_Id="340">
                                                    <LocList>
                                                        <Loc EndOffset="8758" SrcFileId="1" StartOffset="8741"/>
                                                    </LocList>
                                                </BasicStmnt>
                                                <BasicStmnt CovItemId="S137" CovItemPrefix="printer.SmartPrinter.java" Intrnl_Id="341">
                                                    <LocList>
                                                        <Loc EndOffset="8771" SrcFileId="1" StartOffset="8765"/>
                                                    </LocList>
                                                </BasicStmnt>
                                            </StmntSeq>
                                        </Branch>
                                        <Branch CovItemId="B39" CovItemPrefix="printer.SmartPrinter.java" Implct="false" Intrnl_Id="342">
                                            <Cond>
                                                <Loc EndOffset="8787" SrcFileId="1" StartOffset="8777"/>
                                            </Cond>
                                            <LocList>
                                                <Loc EndOffset="8825" SrcFileId="1" StartOffset="8795"/>
                                            </LocList>
                                            <StmntSeq Intrnl_Id="343">
                                                <LocList>
                                                    <Loc EndOffset="8812" SrcFileId="1" StartOffset="8795"/>
                                                    <Loc EndOffset="8825" SrcFileId="1" StartOffset="8819"/>
                                                </LocList>
                                                <BasicStmnt CovItemId="S138" CovItemPrefix="printer.SmartPrinter.java" Intrnl_Id="344">
                                                    <LocList>
                                                        <Loc EndOffset="8812" SrcFileId="1" StartOffset="8795"/>
                                                    </LocList>
                                                </BasicStmnt>
                                                <BasicStmnt CovItemId="S139" CovItemPrefix="printer.SmartPrinter.java" Intrnl_Id="345">
                                                    <LocList>
                                                        <Loc EndOffset="8825" SrcFileId="1" StartOffset="8819"/>
                                                    </LocList>
                                                </BasicStmnt>
                                            </StmntSeq>
                                        </Branch>
                                        <Branch CovItemId="B40" CovItemPrefix="printer.SmartPrinter.java" Implct="false" Intrnl_Id="346">
                                            <Cond>
                                                <Loc EndOffset="8842" SrcFileId="1" StartOffset="8831"/>
                                            </Cond>
                                            <LocList>
                                                <Loc EndOffset="8880" SrcFileId="1" StartOffset="8850"/>
                                            </LocList>
                                            <StmntSeq Intrnl_Id="347">
                                                <LocList>
                                                    <Loc EndOffset="8867" SrcFileId="1" StartOffset="8850"/>
                                                    <Loc EndOffset="8880" SrcFileId="1" StartOffset="8874"/>
                                                </LocList>
                                                <BasicStmnt CovItemId="S140" CovItemPrefix="printer.SmartPrinter.java" Intrnl_Id="348">
                                                    <LocList>
                                                        <Loc EndOffset="8867" SrcFileId="1" StartOffset="8850"/>
                                                    </LocList>
                                                </BasicStmnt>
                                                <BasicStmnt CovItemId="S141" CovItemPrefix="printer.SmartPrinter.java" Intrnl_Id="349">
                                                    <LocList>
                                                        <Loc EndOffset="8880" SrcFileId="1" StartOffset="8874"/>
                                                    </LocList>
                                                </BasicStmnt>
                                            </StmntSeq>
                                        </Branch>
                                        <Branch CovItemId="B41" CovItemPrefix="printer.SmartPrinter.java" Implct="true" Intrnl_Id="350">
                                            <Cond/>
                                            <LocList/>
                                            <StmntSeq Intrnl_Id="351">
                                                <LocList/>
                                            </StmntSeq>
                                        </Branch>
                                        <Keyword EndOffset="6336" SrcFileId="1" StartOffset="6330"/>
                                        <LocList>
                                            <Loc EndOffset="8892" SrcFileId="1" StartOffset="6330"/>
                                        </LocList>
                                    </CondStmnt>
                                </StmntSeq>
                                <Keyword EndOffset="6291" SrcFileId="1" StartOffset="6286"/>
                                <LocList>
                                    <Loc EndOffset="8914" SrcFileId="1" StartOffset="6286"/>
                                </LocList>
                                <RootTerm CovItemId="C14" CovItemPrefix="printer.SmartPrinter.java" Intrnl_Id="352">
                                    <OpTerm BooleanOpId="2" Intrnl_Id="353">
                                        <BasicBoolTerm Intrnl_Id="354">
                                            <LocList>
                                                <Loc EndOffset="6305" SrcFileId="1" StartOffset="6293"/>
                                            </LocList>
                                        </BasicBoolTerm>
                                        <LocList>
                                            <Loc EndOffset="6293" SrcFileId="1" StartOffset="6292"/>
                                        </LocList>
                                    </OpTerm>
                                </RootTerm>
                            </LoopStmnt>
                            <BasicStmnt CovItemId="S142" CovItemPrefix="printer.SmartPrinter.java" Intrnl_Id="355">
                                <LocList>
                                    <Loc EndOffset="8950" SrcFileId="1" StartOffset="8934"/>
                                </LocList>
                            </BasicStmnt>
                        </StmntSeq>
                    </HierarchyLvl>
                </HierarchyLvl>
            </HierarchyLvl>
        </HierarchyLvl>
    </MASTRoot>
    <TestSession Comment="" Date="1751882066774" Name="7 lug 2025, 11:54:26">
        <TestCase Comment="" Date="1751882066625" Name="printer.SmartPrinterTest:gestioneGuastoTest">
            <CovList>
                <CovPrefix CovItemPrefix="printer.SmartPrinter.java">
                    <Cov CovItemId="B11" Value="1"/>
                    <Cov CovItemId="B13" Value="1"/>
                    <Cov CovItemId="B15" Value="1"/>
                    <Cov CovItemId="B17" Value="2"/>
                    <Cov CovItemId="B18" Value="1"/>
                    <Cov CovItemId="B19" Value="1"/>
                    <Cov CovItemId="B20" Value="1"/>
                    <Cov CovItemId="B5" Value="3"/>
                    <Cov CovItemId="B7" Value="1"/>
                    <Cov CovItemId="B9" Value="1"/>
                    <Cov CovItemId="S11" Value="1"/>
                    <Cov CovItemId="S12" Value="1"/>
                    <Cov CovItemId="S13" Value="1"/>
                    <Cov CovItemId="S14" Value="1"/>
                    <Cov CovItemId="S15" Value="1"/>
                    <Cov CovItemId="S16" Value="1"/>
                    <Cov CovItemId="S17" Value="1"/>
                    <Cov CovItemId="S18" Value="1"/>
                    <Cov CovItemId="S19" Value="1"/>
                    <Cov CovItemId="S20" Value="1"/>
                    <Cov CovItemId="S21" Value="2"/>
                    <Cov CovItemId="S23" Value="1"/>
                    <Cov CovItemId="S32" Value="3"/>
                    <Cov CovItemId="S33" Value="3"/>
                    <Cov CovItemId="S34" Value="3"/>
                    <Cov CovItemId="S35" Value="3"/>
                    <Cov CovItemId="S37" Value="1"/>
                    <Cov CovItemId="S38" Value="1"/>
                    <Cov CovItemId="S39" Value="1"/>
                    <Cov CovItemId="S40" Value="1"/>
                    <Cov CovItemId="S41" Value="1"/>
                    <Cov CovItemId="S42" Value="1"/>
                    <Cov CovItemId="S43" Value="1"/>
                    <Cov CovItemId="S44" Value="1"/>
                    <Cov CovItemId="S47" Value="1"/>
                    <Cov CovItemId="S48" Value="1"/>
                    <Cov CovItemId="S49" Value="1"/>
                    <Cov CovItemId="S50" Value="1"/>
                    <Cov CovItemId="S51" Value="1"/>
                    <Cov CovItemId="S57" Value="3"/>
                    <Cov CovItemId="S58" Value="2"/>
                    <Cov CovItemId="S59" Value="1"/>
                    <Cov CovItemId="S60" Value="1"/>
                    <Cov CovItemId="S61" Value="1"/>
                    <Cov CovItemId="S62" Value="1"/>
                    <Cov CovItemId="S63" Value="1"/>
                    <Cov CovItemId="S64" Value="1"/>
                    <Cov CovItemId="S65" Value="1"/>
                </CovPrefix>
            </CovList>
            <AssgnmntList>
                <AssgnmntPrefix RootTermCovItemPrefix="printer.SmartPrinter.java">
                    <AssgnmntListEntry Length="1" RootTermCovItemId="C10">
                        <MapEntry BoolAssgnmnt="0" Value="1"/>
                        <MapEntry BoolAssgnmnt="1" Value="2"/>
                    </AssgnmntListEntry>
                    <AssgnmntListEntry Length="1" RootTermCovItemId="C11">
                        <MapEntry BoolAssgnmnt="0" Value="1"/>
                        <MapEntry BoolAssgnmnt="1" Value="1"/>
                    </AssgnmntListEntry>
                    <AssgnmntListEntry Length="1" RootTermCovItemId="C4">
                        <MapEntry BoolAssgnmnt="1" Value="3"/>
                    </AssgnmntListEntry>
                    <AssgnmntListEntry Length="1" RootTermCovItemId="C5">
                        <MapEntry BoolAssgnmnt="1" Value="1"/>
                    </AssgnmntListEntry>
                    <AssgnmntListEntry Length="1" RootTermCovItemId="C6">
                        <MapEntry BoolAssgnmnt="1" Value="1"/>
                    </AssgnmntListEntry>
                    <AssgnmntListEntry Length="1" RootTermCovItemId="C7">
                        <MapEntry BoolAssgnmnt="1" Value="1"/>
                    </AssgnmntListEntry>
                    <AssgnmntListEntry Length="1" RootTermCovItemId="C8">
                        <MapEntry BoolAssgnmnt="1" Value="1"/>
                    </AssgnmntListEntry>
                    <AssgnmntListEntry Length="1" RootTermCovItemId="C9">
                        <MapEntry BoolAssgnmnt="1" Value="1"/>
                    </AssgnmntListEntry>
                </AssgnmntPrefix>
            </AssgnmntList>
            <ObjMetaDataList/>
            <MetaDataList/>
        </TestCase>
        <TestCase Comment="" Date="1751882066638" Name="printer.SmartPrinterTest:accendiStampanteTest">
            <CovList>
                <CovPrefix CovItemPrefix="printer.SmartPrinter.java">
                    <Cov CovItemId="B11" Value="1"/>
                    <Cov CovItemId="B12" Value="1"/>
                    <Cov CovItemId="B5" Value="3"/>
                    <Cov CovItemId="S11" Value="1"/>
                    <Cov CovItemId="S12" Value="1"/>
                    <Cov CovItemId="S13" Value="1"/>
                    <Cov CovItemId="S14" Value="1"/>
                    <Cov CovItemId="S15" Value="1"/>
                    <Cov CovItemId="S16" Value="1"/>
                    <Cov CovItemId="S17" Value="1"/>
                    <Cov CovItemId="S18" Value="1"/>
                    <Cov CovItemId="S19" Value="1"/>
                    <Cov CovItemId="S20" Value="1"/>
                    <Cov CovItemId="S21" Value="2"/>
                    <Cov CovItemId="S32" Value="3"/>
                    <Cov CovItemId="S33" Value="3"/>
                    <Cov CovItemId="S34" Value="3"/>
                    <Cov CovItemId="S35" Value="3"/>
                    <Cov CovItemId="S41" Value="2"/>
                    <Cov CovItemId="S42" Value="1"/>
                    <Cov CovItemId="S43" Value="1"/>
                    <Cov CovItemId="S44" Value="1"/>
                    <Cov CovItemId="S45" Value="1"/>
                    <Cov CovItemId="S46" Value="1"/>
                </CovPrefix>
            </CovList>
            <AssgnmntList>
                <AssgnmntPrefix RootTermCovItemPrefix="printer.SmartPrinter.java">
                    <AssgnmntListEntry Length="1" RootTermCovItemId="C4">
                        <MapEntry BoolAssgnmnt="1" Value="3"/>
                    </AssgnmntListEntry>
                    <AssgnmntListEntry Length="1" RootTermCovItemId="C7">
                        <MapEntry BoolAssgnmnt="0" Value="1"/>
                        <MapEntry BoolAssgnmnt="1" Value="1"/>
                    </AssgnmntListEntry>
                </AssgnmntPrefix>
            </AssgnmntList>
            <ObjMetaDataList/>
            <MetaDataList/>
        </TestCase>
        <TestCase Comment="" Date="1751882066640" Name="printer.SmartPrinterTest:avvioStampanteTestGuasta">
            <CovList>
                <CovPrefix CovItemPrefix="printer.SmartPrinter.java">
                    <Cov CovItemId="B11" Value="1"/>
                    <Cov CovItemId="B13" Value="1"/>
                    <Cov CovItemId="B15" Value="1"/>
                    <Cov CovItemId="B5" Value="3"/>
                    <Cov CovItemId="B7" Value="1"/>
                    <Cov CovItemId="S11" Value="1"/>
                    <Cov CovItemId="S12" Value="1"/>
                    <Cov CovItemId="S13" Value="1"/>
                    <Cov CovItemId="S14" Value="1"/>
                    <Cov CovItemId="S15" Value="1"/>
                    <Cov CovItemId="S16" Value="1"/>
                    <Cov CovItemId="S17" Value="1"/>
                    <Cov CovItemId="S18" Value="1"/>
                    <Cov CovItemId="S19" Value="1"/>
                    <Cov CovItemId="S20" Value="1"/>
                    <Cov CovItemId="S21" Value="1"/>
                    <Cov CovItemId="S23" Value="1"/>
                    <Cov CovItemId="S32" Value="3"/>
                    <Cov CovItemId="S33" Value="3"/>
                    <Cov CovItemId="S34" Value="3"/>
                    <Cov CovItemId="S35" Value="3"/>
                    <Cov CovItemId="S37" Value="1"/>
                    <Cov CovItemId="S38" Value="1"/>
                    <Cov CovItemId="S41" Value="1"/>
                    <Cov CovItemId="S42" Value="1"/>
                    <Cov CovItemId="S43" Value="1"/>
                    <Cov CovItemId="S44" Value="1"/>
                    <Cov CovItemId="S47" Value="1"/>
                    <Cov CovItemId="S48" Value="1"/>
                    <Cov CovItemId="S49" Value="1"/>
                    <Cov CovItemId="S50" Value="1"/>
                    <Cov CovItemId="S51" Value="1"/>
                </CovPrefix>
            </CovList>
            <AssgnmntList>
                <AssgnmntPrefix RootTermCovItemPrefix="printer.SmartPrinter.java">
                    <AssgnmntListEntry Length="1" RootTermCovItemId="C4">
                        <MapEntry BoolAssgnmnt="1" Value="3"/>
                    </AssgnmntListEntry>
                    <AssgnmntListEntry Length="1" RootTermCovItemId="C5">
                        <MapEntry BoolAssgnmnt="1" Value="1"/>
                    </AssgnmntListEntry>
                    <AssgnmntListEntry Length="1" RootTermCovItemId="C7">
                        <MapEntry BoolAssgnmnt="1" Value="1"/>
                    </AssgnmntListEntry>
                    <AssgnmntListEntry Length="1" RootTermCovItemId="C8">
                        <MapEntry BoolAssgnmnt="1" Value="1"/>
                    </AssgnmntListEntry>
                    <AssgnmntListEntry Length="1" RootTermCovItemId="C9">
                        <MapEntry BoolAssgnmnt="1" Value="1"/>
                    </AssgnmntListEntry>
                </AssgnmntPrefix>
            </AssgnmntList>
            <ObjMetaDataList/>
            <MetaDataList/>
        </TestCase>
        <TestCase Comment="" Date="1751882066642" Name="printer.SmartPrinterTest:aggiungiUtenteTest">
            <CovList>
                <CovPrefix CovItemPrefix="printer.SmartPrinter.java">
                    <Cov CovItemId="B1" Value="3"/>
                    <Cov CovItemId="B2" Value="6"/>
                    <Cov CovItemId="B5" Value="3"/>
                    <Cov CovItemId="L1-1" Value="1"/>
                    <Cov CovItemId="L1-2" Value="3"/>
                    <Cov CovItemId="S11" Value="1"/>
                    <Cov CovItemId="S12" Value="1"/>
                    <Cov CovItemId="S13" Value="1"/>
                    <Cov CovItemId="S14" Value="1"/>
                    <Cov CovItemId="S15" Value="1"/>
                    <Cov CovItemId="S16" Value="1"/>
                    <Cov CovItemId="S17" Value="1"/>
                    <Cov CovItemId="S18" Value="1"/>
                    <Cov CovItemId="S19" Value="1"/>
                    <Cov CovItemId="S20" Value="1"/>
                    <Cov CovItemId="S3" Value="4"/>
                    <Cov CovItemId="S32" Value="3"/>
                    <Cov CovItemId="S33" Value="3"/>
                    <Cov CovItemId="S34" Value="3"/>
                    <Cov CovItemId="S35" Value="3"/>
                    <Cov CovItemId="S4" Value="9"/>
                    <Cov CovItemId="S5" Value="3"/>
                    <Cov CovItemId="S6" Value="1"/>
                </CovPrefix>
            </CovList>
            <AssgnmntList>
                <AssgnmntPrefix RootTermCovItemPrefix="printer.SmartPrinter.java">
                    <AssgnmntListEntry Length="1" RootTermCovItemId="C1">
                        <MapEntry BoolAssgnmnt="0" Value="1"/>
                        <MapEntry BoolAssgnmnt="1" Value="9"/>
                    </AssgnmntListEntry>
                    <AssgnmntListEntry Length="1" RootTermCovItemId="C2">
                        <MapEntry BoolAssgnmnt="0" Value="6"/>
                        <MapEntry BoolAssgnmnt="1" Value="3"/>
                    </AssgnmntListEntry>
                    <AssgnmntListEntry Length="1" RootTermCovItemId="C4">
                        <MapEntry BoolAssgnmnt="1" Value="3"/>
                    </AssgnmntListEntry>
                </AssgnmntPrefix>
            </AssgnmntList>
            <ObjMetaDataList/>
            <MetaDataList/>
        </TestCase>
        <TestCase Comment="" Date="1751882066644" Name="printer.SmartPrinterTest:identificazioneUtenteTest">
            <CovList>
                <CovPrefix CovItemPrefix="printer.SmartPrinter.java">
                    <Cov CovItemId="B1" Value="1"/>
                    <Cov CovItemId="B11" Value="1"/>
                    <Cov CovItemId="B13" Value="1"/>
                    <Cov CovItemId="B16" Value="1"/>
                    <Cov CovItemId="B2" Value="3"/>
                    <Cov CovItemId="B21" Value="2"/>
                    <Cov CovItemId="B22" Value="1"/>
                    <Cov CovItemId="B23" Value="1"/>
                    <Cov CovItemId="B24" Value="1"/>
                    <Cov CovItemId="B3" Value="1"/>
                    <Cov CovItemId="B5" Value="3"/>
                    <Cov CovItemId="L1-1" Value="1"/>
                    <Cov CovItemId="L1-2" Value="1"/>
                    <Cov CovItemId="L2-1" Value="1"/>
                    <Cov CovItemId="S11" Value="1"/>
                    <Cov CovItemId="S12" Value="1"/>
                    <Cov CovItemId="S13" Value="1"/>
                    <Cov CovItemId="S14" Value="1"/>
                    <Cov CovItemId="S15" Value="1"/>
                    <Cov CovItemId="S16" Value="1"/>
                    <Cov CovItemId="S17" Value="1"/>
                    <Cov CovItemId="S18" Value="1"/>
                    <Cov CovItemId="S19" Value="1"/>
                    <Cov CovItemId="S20" Value="1"/>
                    <Cov CovItemId="S21" Value="2"/>
                    <Cov CovItemId="S3" Value="2"/>
                    <Cov CovItemId="S31" Value="1"/>
                    <Cov CovItemId="S32" Value="3"/>
                    <Cov CovItemId="S33" Value="3"/>
                    <Cov CovItemId="S34" Value="3"/>
                    <Cov CovItemId="S35" Value="3"/>
                    <Cov CovItemId="S4" Value="4"/>
                    <Cov CovItemId="S41" Value="1"/>
                    <Cov CovItemId="S42" Value="1"/>
                    <Cov CovItemId="S43" Value="1"/>
                    <Cov CovItemId="S44" Value="1"/>
                    <Cov CovItemId="S47" Value="1"/>
                    <Cov CovItemId="S48" Value="1"/>
                    <Cov CovItemId="S5" Value="1"/>
                    <Cov CovItemId="S52" Value="1"/>
                    <Cov CovItemId="S53" Value="1"/>
                    <Cov CovItemId="S54" Value="1"/>
                    <Cov CovItemId="S6" Value="1"/>
                    <Cov CovItemId="S66" Value="3"/>
                    <Cov CovItemId="S67" Value="2"/>
                    <Cov CovItemId="S68" Value="1"/>
                    <Cov CovItemId="S69" Value="1"/>
                    <Cov CovItemId="S7" Value="1"/>
                    <Cov CovItemId="S70" Value="1"/>
                    <Cov CovItemId="S71" Value="1"/>
                    <Cov CovItemId="S72" Value="1"/>
                    <Cov CovItemId="S73" Value="1"/>
                    <Cov CovItemId="S74" Value="1"/>
                    <Cov CovItemId="S75" Value="1"/>
                    <Cov CovItemId="S8" Value="1"/>
                    <Cov CovItemId="S9" Value="1"/>
                </CovPrefix>
            </CovList>
            <AssgnmntList>
                <AssgnmntPrefix RootTermCovItemPrefix="printer.SmartPrinter.java">
                    <AssgnmntListEntry Length="1" RootTermCovItemId="C1">
                        <MapEntry BoolAssgnmnt="0" Value="1"/>
                        <MapEntry BoolAssgnmnt="1" Value="4"/>
                    </AssgnmntListEntry>
                    <AssgnmntListEntry Length="1" RootTermCovItemId="C12">
                        <MapEntry BoolAssgnmnt="0" Value="1"/>
                        <MapEntry BoolAssgnmnt="1" Value="2"/>
                    </AssgnmntListEntry>
                    <AssgnmntListEntry Length="1" RootTermCovItemId="C13">
                        <MapEntry BoolAssgnmnt="0" Value="1"/>
                        <MapEntry BoolAssgnmnt="1" Value="1"/>
                    </AssgnmntListEntry>
                    <AssgnmntListEntry Length="1" RootTermCovItemId="C2">
                        <MapEntry BoolAssgnmnt="0" Value="3"/>
                        <MapEntry BoolAssgnmnt="1" Value="1"/>
                    </AssgnmntListEntry>
                    <AssgnmntListEntry Length="1" RootTermCovItemId="C3">
                        <MapEntry BoolAssgnmnt="1" Value="1"/>
                    </AssgnmntListEntry>
                    <AssgnmntListEntry Length="1" RootTermCovItemId="C4">
                        <MapEntry BoolAssgnmnt="1" Value="3"/>
                    </AssgnmntListEntry>
                    <AssgnmntListEntry Length="1" RootTermCovItemId="C7">
                        <MapEntry BoolAssgnmnt="1" Value="1"/>
                    </AssgnmntListEntry>
                    <AssgnmntListEntry Length="1" RootTermCovItemId="C8">
                        <MapEntry BoolAssgnmnt="1" Value="1"/>
                    </AssgnmntListEntry>
                    <AssgnmntListEntry Length="1" RootTermCovItemId="C9">
                        <MapEntry BoolAssgnmnt="0" Value="1"/>
                    </AssgnmntListEntry>
                </AssgnmntPrefix>
            </AssgnmntList>
            <ObjMetaDataList/>
            <MetaDataList/>
        </TestCase>
        <TestCase Comment="" Date="1751882066646" Name="printer.SmartPrinterTest:avvioStampanteTest">
            <CovList>
                <CovPrefix CovItemPrefix="printer.SmartPrinter.java">
                    <Cov CovItemId="B11" Value="1"/>
                    <Cov CovItemId="B13" Value="1"/>
                    <Cov CovItemId="B14" Value="1"/>
                    <Cov CovItemId="B16" Value="1"/>
                    <Cov CovItemId="B5" Value="3"/>
                    <Cov CovItemId="S11" Value="1"/>
                    <Cov CovItemId="S12" Value="1"/>
                    <Cov CovItemId="S13" Value="1"/>
                    <Cov CovItemId="S14" Value="1"/>
                    <Cov CovItemId="S15" Value="1"/>
                    <Cov CovItemId="S16" Value="1"/>
                    <Cov CovItemId="S17" Value="1"/>
                    <Cov CovItemId="S18" Value="1"/>
                    <Cov CovItemId="S19" Value="1"/>
                    <Cov CovItemId="S20" Value="1"/>
                    <Cov CovItemId="S21" Value="1"/>
                    <Cov CovItemId="S32" Value="3"/>
                    <Cov CovItemId="S33" Value="3"/>
                    <Cov CovItemId="S34" Value="3"/>
                    <Cov CovItemId="S35" Value="3"/>
                    <Cov CovItemId="S41" Value="1"/>
                    <Cov CovItemId="S42" Value="1"/>
                    <Cov CovItemId="S43" Value="1"/>
                    <Cov CovItemId="S44" Value="1"/>
                    <Cov CovItemId="S47" Value="2"/>
                    <Cov CovItemId="S48" Value="1"/>
                    <Cov CovItemId="S52" Value="1"/>
                    <Cov CovItemId="S53" Value="1"/>
                    <Cov CovItemId="S54" Value="1"/>
                    <Cov CovItemId="S55" Value="1"/>
                    <Cov CovItemId="S56" Value="1"/>
                </CovPrefix>
            </CovList>
            <AssgnmntList>
                <AssgnmntPrefix RootTermCovItemPrefix="printer.SmartPrinter.java">
                    <AssgnmntListEntry Length="1" RootTermCovItemId="C4">
                        <MapEntry BoolAssgnmnt="1" Value="3"/>
                    </AssgnmntListEntry>
                    <AssgnmntListEntry Length="1" RootTermCovItemId="C7">
                        <MapEntry BoolAssgnmnt="1" Value="1"/>
                    </AssgnmntListEntry>
                    <AssgnmntListEntry Length="1" RootTermCovItemId="C8">
                        <MapEntry BoolAssgnmnt="0" Value="1"/>
                        <MapEntry BoolAssgnmnt="1" Value="1"/>
                    </AssgnmntListEntry>
                    <AssgnmntListEntry Length="1" RootTermCovItemId="C9">
                        <MapEntry BoolAssgnmnt="0" Value="1"/>
                    </AssgnmntListEntry>
                </AssgnmntPrefix>
            </AssgnmntList>
            <ObjMetaDataList/>
            <MetaDataList/>
        </TestCase>
        <MetaDataList/>
    </TestSession>
    <TestSession Comment="" Date="1751882124215" Name="7 lug 2025, 11:55:24">
        <TestCase Comment="" Date="1751882124140" Name="printer.SmartPrinterTest:gestioneGuastoTest">
            <CovList>
                <CovPrefix CovItemPrefix="printer.SmartPrinter.java">
                    <Cov CovItemId="B11" Value="1"/>
                    <Cov CovItemId="B13" Value="1"/>
                    <Cov CovItemId="B15" Value="1"/>
                    <Cov CovItemId="B17" Value="2"/>
                    <Cov CovItemId="B18" Value="1"/>
                    <Cov CovItemId="B19" Value="1"/>
                    <Cov CovItemId="B20" Value="1"/>
                    <Cov CovItemId="B5" Value="3"/>
                    <Cov CovItemId="B7" Value="1"/>
                    <Cov CovItemId="B9" Value="1"/>
                    <Cov CovItemId="Q1-1" Value="1"/>
                    <Cov CovItemId="S11" Value="1"/>
                    <Cov CovItemId="S12" Value="1"/>
                    <Cov CovItemId="S13" Value="1"/>
                    <Cov CovItemId="S14" Value="1"/>
                    <Cov CovItemId="S15" Value="1"/>
                    <Cov CovItemId="S16" Value="1"/>
                    <Cov CovItemId="S17" Value="1"/>
                    <Cov CovItemId="S18" Value="1"/>
                    <Cov CovItemId="S19" Value="1"/>
                    <Cov CovItemId="S2" Value="1"/>
                    <Cov CovItemId="S20" Value="1"/>
                    <Cov CovItemId="S21" Value="2"/>
                    <Cov CovItemId="S23" Value="1"/>
                    <Cov CovItemId="S32" Value="3"/>
                    <Cov CovItemId="S33" Value="3"/>
                    <Cov CovItemId="S34" Value="3"/>
                    <Cov CovItemId="S35" Value="3"/>
                    <Cov CovItemId="S37" Value="1"/>
                    <Cov CovItemId="S38" Value="1"/>
                    <Cov CovItemId="S39" Value="1"/>
                    <Cov CovItemId="S40" Value="1"/>
                    <Cov CovItemId="S41" Value="1"/>
                    <Cov CovItemId="S42" Value="1"/>
                    <Cov CovItemId="S43" Value="1"/>
                    <Cov CovItemId="S44" Value="1"/>
                    <Cov CovItemId="S47" Value="1"/>
                    <Cov CovItemId="S48" Value="1"/>
                    <Cov CovItemId="S49" Value="1"/>
                    <Cov CovItemId="S50" Value="1"/>
                    <Cov CovItemId="S51" Value="1"/>
                    <Cov CovItemId="S57" Value="3"/>
                    <Cov CovItemId="S58" Value="2"/>
                    <Cov CovItemId="S59" Value="1"/>
                    <Cov CovItemId="S60" Value="1"/>
                    <Cov CovItemId="S61" Value="1"/>
                    <Cov CovItemId="S62" Value="1"/>
                    <Cov CovItemId="S63" Value="1"/>
                    <Cov CovItemId="S64" Value="1"/>
                    <Cov CovItemId="S65" Value="1"/>
                    <Cov CovItemId="S80" Value="1"/>
                    <Cov CovItemId="S81" Value="1"/>
                    <Cov CovItemId="S82" Value="1"/>
                    <Cov CovItemId="S83" Value="1"/>
                    <Cov CovItemId="S84" Value="1"/>
                    <Cov CovItemId="S85" Value="1"/>
                    <Cov CovItemId="S86" Value="1"/>
                    <Cov CovItemId="S87" Value="1"/>
                    <Cov CovItemId="S88" Value="1"/>
                    <Cov CovItemId="S89" Value="1"/>
                    <Cov CovItemId="S90" Value="1"/>
                </CovPrefix>
            </CovList>
            <AssgnmntList>
                <AssgnmntPrefix RootTermCovItemPrefix="printer.SmartPrinter.java">
                    <AssgnmntListEntry Length="1" RootTermCovItemId="C10">
                        <MapEntry BoolAssgnmnt="0" Value="1"/>
                        <MapEntry BoolAssgnmnt="1" Value="2"/>
                    </AssgnmntListEntry>
                    <AssgnmntListEntry Length="1" RootTermCovItemId="C11">
                        <MapEntry BoolAssgnmnt="0" Value="1"/>
                        <MapEntry BoolAssgnmnt="1" Value="1"/>
                    </AssgnmntListEntry>
                    <AssgnmntListEntry Length="1" RootTermCovItemId="C4">
                        <MapEntry BoolAssgnmnt="1" Value="3"/>
                    </AssgnmntListEntry>
                    <AssgnmntListEntry Length="1" RootTermCovItemId="C5">
                        <MapEntry BoolAssgnmnt="1" Value="1"/>
                    </AssgnmntListEntry>
                    <AssgnmntListEntry Length="1" RootTermCovItemId="C6">
                        <MapEntry BoolAssgnmnt="1" Value="1"/>
                    </AssgnmntListEntry>
                    <AssgnmntListEntry Length="1" RootTermCovItemId="C7">
                        <MapEntry BoolAssgnmnt="1" Value="1"/>
                    </AssgnmntListEntry>
                    <AssgnmntListEntry Length="1" RootTermCovItemId="C8">
                        <MapEntry BoolAssgnmnt="1" Value="1"/>
                    </AssgnmntListEntry>
                    <AssgnmntListEntry Length="1" RootTermCovItemId="C9">
                        <MapEntry BoolAssgnmnt="1" Value="1"/>
                    </AssgnmntListEntry>
                </AssgnmntPrefix>
            </AssgnmntList>
            <ObjMetaDataList/>
            <MetaDataList/>
        </TestCase>
        <TestCase Comment="" Date="1751882124155" Name="printer.SmartPrinterTest:accendiStampanteTest">
            <CovList>
                <CovPrefix CovItemPrefix="printer.SmartPrinter.java">
                    <Cov CovItemId="B11" Value="1"/>
                    <Cov CovItemId="B12" Value="1"/>
                    <Cov CovItemId="B5" Value="3"/>
                    <Cov CovItemId="Q1-1" Value="1"/>
                    <Cov CovItemId="S11" Value="1"/>
                    <Cov CovItemId="S12" Value="1"/>
                    <Cov CovItemId="S13" Value="1"/>
                    <Cov CovItemId="S14" Value="1"/>
                    <Cov CovItemId="S15" Value="1"/>
                    <Cov CovItemId="S16" Value="1"/>
                    <Cov CovItemId="S17" Value="1"/>
                    <Cov CovItemId="S18" Value="1"/>
                    <Cov CovItemId="S19" Value="1"/>
                    <Cov CovItemId="S2" Value="1"/>
                    <Cov CovItemId="S20" Value="1"/>
                    <Cov CovItemId="S21" Value="2"/>
                    <Cov CovItemId="S32" Value="3"/>
                    <Cov CovItemId="S33" Value="3"/>
                    <Cov CovItemId="S34" Value="3"/>
                    <Cov CovItemId="S35" Value="3"/>
                    <Cov CovItemId="S41" Value="2"/>
                    <Cov CovItemId="S42" Value="1"/>
                    <Cov CovItemId="S43" Value="1"/>
                    <Cov CovItemId="S44" Value="1"/>
                    <Cov CovItemId="S45" Value="1"/>
                    <Cov CovItemId="S46" Value="1"/>
                    <Cov CovItemId="S80" Value="1"/>
                    <Cov CovItemId="S81" Value="1"/>
                    <Cov CovItemId="S82" Value="1"/>
                    <Cov CovItemId="S83" Value="1"/>
                    <Cov CovItemId="S84" Value="1"/>
                    <Cov CovItemId="S85" Value="1"/>
                    <Cov CovItemId="S86" Value="1"/>
                    <Cov CovItemId="S87" Value="1"/>
                    <Cov CovItemId="S88" Value="1"/>
                    <Cov CovItemId="S89" Value="1"/>
                    <Cov CovItemId="S90" Value="1"/>
                </CovPrefix>
            </CovList>
            <AssgnmntList>
                <AssgnmntPrefix RootTermCovItemPrefix="printer.SmartPrinter.java">
                    <AssgnmntListEntry Length="1" RootTermCovItemId="C4">
                        <MapEntry BoolAssgnmnt="1" Value="3"/>
                    </AssgnmntListEntry>
                    <AssgnmntListEntry Length="1" RootTermCovItemId="C7">
                        <MapEntry BoolAssgnmnt="0" Value="1"/>
                        <MapEntry BoolAssgnmnt="1" Value="1"/>
                    </AssgnmntListEntry>
                </AssgnmntPrefix>
            </AssgnmntList>
            <ObjMetaDataList/>
            <MetaDataList/>
        </TestCase>
        <TestCase Comment="" Date="1751882124157" Name="printer.SmartPrinterTest:avvioStampanteTestGuasta">
            <CovList>
                <CovPrefix CovItemPrefix="printer.SmartPrinter.java">
                    <Cov CovItemId="B11" Value="1"/>
                    <Cov CovItemId="B13" Value="1"/>
                    <Cov CovItemId="B15" Value="1"/>
                    <Cov CovItemId="B5" Value="3"/>
                    <Cov CovItemId="B7" Value="1"/>
                    <Cov CovItemId="Q1-1" Value="1"/>
                    <Cov CovItemId="S11" Value="1"/>
                    <Cov CovItemId="S12" Value="1"/>
                    <Cov CovItemId="S13" Value="1"/>
                    <Cov CovItemId="S14" Value="1"/>
                    <Cov CovItemId="S15" Value="1"/>
                    <Cov CovItemId="S16" Value="1"/>
                    <Cov CovItemId="S17" Value="1"/>
                    <Cov CovItemId="S18" Value="1"/>
                    <Cov CovItemId="S19" Value="1"/>
                    <Cov CovItemId="S2" Value="1"/>
                    <Cov CovItemId="S20" Value="1"/>
                    <Cov CovItemId="S21" Value="1"/>
                    <Cov CovItemId="S23" Value="1"/>
                    <Cov CovItemId="S32" Value="3"/>
                    <Cov CovItemId="S33" Value="3"/>
                    <Cov CovItemId="S34" Value="3"/>
                    <Cov CovItemId="S35" Value="3"/>
                    <Cov CovItemId="S37" Value="1"/>
                    <Cov CovItemId="S38" Value="1"/>
                    <Cov CovItemId="S41" Value="1"/>
                    <Cov CovItemId="S42" Value="1"/>
                    <Cov CovItemId="S43" Value="1"/>
                    <Cov CovItemId="S44" Value="1"/>
                    <Cov CovItemId="S47" Value="1"/>
                    <Cov CovItemId="S48" Value="1"/>
                    <Cov CovItemId="S49" Value="1"/>
                    <Cov CovItemId="S50" Value="1"/>
                    <Cov CovItemId="S51" Value="1"/>
                    <Cov CovItemId="S80" Value="1"/>
                    <Cov CovItemId="S81" Value="1"/>
                    <Cov CovItemId="S82" Value="1"/>
                    <Cov CovItemId="S83" Value="1"/>
                    <Cov CovItemId="S84" Value="1"/>
                    <Cov CovItemId="S85" Value="1"/>
                    <Cov CovItemId="S86" Value="1"/>
                    <Cov CovItemId="S87" Value="1"/>
                    <Cov CovItemId="S88" Value="1"/>
                    <Cov CovItemId="S89" Value="1"/>
                    <Cov CovItemId="S90" Value="1"/>
                </CovPrefix>
            </CovList>
            <AssgnmntList>
                <AssgnmntPrefix RootTermCovItemPrefix="printer.SmartPrinter.java">
                    <AssgnmntListEntry Length="1" RootTermCovItemId="C4">
                        <MapEntry BoolAssgnmnt="1" Value="3"/>
                    </AssgnmntListEntry>
                    <AssgnmntListEntry Length="1" RootTermCovItemId="C5">
                        <MapEntry BoolAssgnmnt="1" Value="1"/>
                    </AssgnmntListEntry>
                    <AssgnmntListEntry Length="1" RootTermCovItemId="C7">
                        <MapEntry BoolAssgnmnt="1" Value="1"/>
                    </AssgnmntListEntry>
                    <AssgnmntListEntry Length="1" RootTermCovItemId="C8">
                        <MapEntry BoolAssgnmnt="1" Value="1"/>
                    </AssgnmntListEntry>
                    <AssgnmntListEntry Length="1" RootTermCovItemId="C9">
                        <MapEntry BoolAssgnmnt="1" Value="1"/>
                    </AssgnmntListEntry>
                </AssgnmntPrefix>
            </AssgnmntList>
            <ObjMetaDataList/>
            <MetaDataList/>
        </TestCase>
        <TestCase Comment="" Date="1751882124160" Name="printer.SmartPrinterTest:aggiungiUtenteTest">
            <CovList>
                <CovPrefix CovItemPrefix="printer.SmartPrinter.java">
                    <Cov CovItemId="B1" Value="3"/>
                    <Cov CovItemId="B2" Value="6"/>
                    <Cov CovItemId="B5" Value="3"/>
                    <Cov CovItemId="L1-1" Value="1"/>
                    <Cov CovItemId="L1-2" Value="3"/>
                    <Cov CovItemId="Q1-1" Value="1"/>
                    <Cov CovItemId="S11" Value="1"/>
                    <Cov CovItemId="S12" Value="1"/>
                    <Cov CovItemId="S13" Value="1"/>
                    <Cov CovItemId="S14" Value="1"/>
                    <Cov CovItemId="S15" Value="1"/>
                    <Cov CovItemId="S16" Value="1"/>
                    <Cov CovItemId="S17" Value="1"/>
                    <Cov CovItemId="S18" Value="1"/>
                    <Cov CovItemId="S19" Value="1"/>
                    <Cov CovItemId="S2" Value="1"/>
                    <Cov CovItemId="S20" Value="1"/>
                    <Cov CovItemId="S3" Value="4"/>
                    <Cov CovItemId="S32" Value="3"/>
                    <Cov CovItemId="S33" Value="3"/>
                    <Cov CovItemId="S34" Value="3"/>
                    <Cov CovItemId="S35" Value="3"/>
                    <Cov CovItemId="S4" Value="9"/>
                    <Cov CovItemId="S5" Value="3"/>
                    <Cov CovItemId="S6" Value="1"/>
                    <Cov CovItemId="S80" Value="1"/>
                    <Cov CovItemId="S81" Value="1"/>
                    <Cov CovItemId="S82" Value="1"/>
                    <Cov CovItemId="S83" Value="1"/>
                    <Cov CovItemId="S84" Value="1"/>
                    <Cov CovItemId="S85" Value="1"/>
                    <Cov CovItemId="S86" Value="1"/>
                    <Cov CovItemId="S87" Value="1"/>
                    <Cov CovItemId="S88" Value="1"/>
                    <Cov CovItemId="S89" Value="1"/>
                    <Cov CovItemId="S90" Value="1"/>
                </CovPrefix>
            </CovList>
            <AssgnmntList>
                <AssgnmntPrefix RootTermCovItemPrefix="printer.SmartPrinter.java">
                    <AssgnmntListEntry Length="1" RootTermCovItemId="C1">
                        <MapEntry BoolAssgnmnt="0" Value="1"/>
                        <MapEntry BoolAssgnmnt="1" Value="9"/>
                    </AssgnmntListEntry>
                    <AssgnmntListEntry Length="1" RootTermCovItemId="C2">
                        <MapEntry BoolAssgnmnt="0" Value="6"/>
                        <MapEntry BoolAssgnmnt="1" Value="3"/>
                    </AssgnmntListEntry>
                    <AssgnmntListEntry Length="1" RootTermCovItemId="C4">
                        <MapEntry BoolAssgnmnt="1" Value="3"/>
                    </AssgnmntListEntry>
                </AssgnmntPrefix>
            </AssgnmntList>
            <ObjMetaDataList/>
            <MetaDataList/>
        </TestCase>
        <TestCase Comment="" Date="1751882124162" Name="printer.SmartPrinterTest:identificazioneUtenteTest">
            <CovList>
                <CovPrefix CovItemPrefix="printer.SmartPrinter.java">
                    <Cov CovItemId="B1" Value="1"/>
                    <Cov CovItemId="B11" Value="1"/>
                    <Cov CovItemId="B13" Value="1"/>
                    <Cov CovItemId="B16" Value="1"/>
                    <Cov CovItemId="B2" Value="3"/>
                    <Cov CovItemId="B21" Value="2"/>
                    <Cov CovItemId="B22" Value="1"/>
                    <Cov CovItemId="B23" Value="1"/>
                    <Cov CovItemId="B24" Value="1"/>
                    <Cov CovItemId="B3" Value="1"/>
                    <Cov CovItemId="B5" Value="3"/>
                    <Cov CovItemId="L1-1" Value="1"/>
                    <Cov CovItemId="L1-2" Value="1"/>
                    <Cov CovItemId="L2-1" Value="1"/>
                    <Cov CovItemId="Q1-1" Value="1"/>
                    <Cov CovItemId="S11" Value="1"/>
                    <Cov CovItemId="S12" Value="1"/>
                    <Cov CovItemId="S13" Value="1"/>
                    <Cov CovItemId="S14" Value="1"/>
                    <Cov CovItemId="S15" Value="1"/>
                    <Cov CovItemId="S16" Value="1"/>
                    <Cov CovItemId="S17" Value="1"/>
                    <Cov CovItemId="S18" Value="1"/>
                    <Cov CovItemId="S19" Value="1"/>
                    <Cov CovItemId="S2" Value="1"/>
                    <Cov CovItemId="S20" Value="1"/>
                    <Cov CovItemId="S21" Value="2"/>
                    <Cov CovItemId="S3" Value="2"/>
                    <Cov CovItemId="S31" Value="1"/>
                    <Cov CovItemId="S32" Value="3"/>
                    <Cov CovItemId="S33" Value="3"/>
                    <Cov CovItemId="S34" Value="3"/>
                    <Cov CovItemId="S35" Value="3"/>
                    <Cov CovItemId="S4" Value="4"/>
                    <Cov CovItemId="S41" Value="1"/>
                    <Cov CovItemId="S42" Value="1"/>
                    <Cov CovItemId="S43" Value="1"/>
                    <Cov CovItemId="S44" Value="1"/>
                    <Cov CovItemId="S47" Value="1"/>
                    <Cov CovItemId="S48" Value="1"/>
                    <Cov CovItemId="S5" Value="1"/>
                    <Cov CovItemId="S52" Value="1"/>
                    <Cov CovItemId="S53" Value="1"/>
                    <Cov CovItemId="S54" Value="1"/>
                    <Cov CovItemId="S6" Value="1"/>
                    <Cov CovItemId="S66" Value="3"/>
                    <Cov CovItemId="S67" Value="2"/>
                    <Cov CovItemId="S68" Value="1"/>
                    <Cov CovItemId="S69" Value="1"/>
                    <Cov CovItemId="S7" Value="1"/>
                    <Cov CovItemId="S70" Value="1"/>
                    <Cov CovItemId="S71" Value="1"/>
                    <Cov CovItemId="S72" Value="1"/>
                    <Cov CovItemId="S73" Value="1"/>
                    <Cov CovItemId="S74" Value="1"/>
                    <Cov CovItemId="S75" Value="1"/>
                    <Cov CovItemId="S8" Value="1"/>
                    <Cov CovItemId="S80" Value="1"/>
                    <Cov CovItemId="S81" Value="1"/>
                    <Cov CovItemId="S82" Value="1"/>
                    <Cov CovItemId="S83" Value="1"/>
                    <Cov CovItemId="S84" Value="1"/>
                    <Cov CovItemId="S85" Value="1"/>
                    <Cov CovItemId="S86" Value="1"/>
                    <Cov CovItemId="S87" Value="1"/>
                    <Cov CovItemId="S88" Value="1"/>
                    <Cov CovItemId="S89" Value="1"/>
                    <Cov CovItemId="S9" Value="1"/>
                    <Cov CovItemId="S90" Value="1"/>
                </CovPrefix>
            </CovList>
            <AssgnmntList>
                <AssgnmntPrefix RootTermCovItemPrefix="printer.SmartPrinter.java">
                    <AssgnmntListEntry Length="1" RootTermCovItemId="C1">
                        <MapEntry BoolAssgnmnt="0" Value="1"/>
                        <MapEntry BoolAssgnmnt="1" Value="4"/>
                    </AssgnmntListEntry>
                    <AssgnmntListEntry Length="1" RootTermCovItemId="C12">
                        <MapEntry BoolAssgnmnt="0" Value="1"/>
                        <MapEntry BoolAssgnmnt="1" Value="2"/>
                    </AssgnmntListEntry>
                    <AssgnmntListEntry Length="1" RootTermCovItemId="C13">
                        <MapEntry BoolAssgnmnt="0" Value="1"/>
                        <MapEntry BoolAssgnmnt="1" Value="1"/>
                    </AssgnmntListEntry>
                    <AssgnmntListEntry Length="1" RootTermCovItemId="C2">
                        <MapEntry BoolAssgnmnt="0" Value="3"/>
                        <MapEntry BoolAssgnmnt="1" Value="1"/>
                    </AssgnmntListEntry>
                    <AssgnmntListEntry Length="1" RootTermCovItemId="C3">
                        <MapEntry BoolAssgnmnt="1" Value="1"/>
                    </AssgnmntListEntry>
                    <AssgnmntListEntry Length="1" RootTermCovItemId="C4">
                        <MapEntry BoolAssgnmnt="1" Value="3"/>
                    </AssgnmntListEntry>
                    <AssgnmntListEntry Length="1" RootTermCovItemId="C7">
                        <MapEntry BoolAssgnmnt="1" Value="1"/>
                    </AssgnmntListEntry>
                    <AssgnmntListEntry Length="1" RootTermCovItemId="C8">
                        <MapEntry BoolAssgnmnt="1" Value="1"/>
                    </AssgnmntListEntry>
                    <AssgnmntListEntry Length="1" RootTermCovItemId="C9">
                        <MapEntry BoolAssgnmnt="0" Value="1"/>
                    </AssgnmntListEntry>
                </AssgnmntPrefix>
            </AssgnmntList>
            <ObjMetaDataList/>
            <MetaDataList/>
        </TestCase>
        <TestCase Comment="" Date="1751882124164" Name="printer.SmartPrinterTest:avvioStampanteTest">
            <CovList>
                <CovPrefix CovItemPrefix="printer.SmartPrinter.java">
                    <Cov CovItemId="B11" Value="1"/>
                    <Cov CovItemId="B13" Value="1"/>
                    <Cov CovItemId="B14" Value="1"/>
                    <Cov CovItemId="B16" Value="1"/>
                    <Cov CovItemId="B5" Value="3"/>
                    <Cov CovItemId="Q1-1" Value="1"/>
                    <Cov CovItemId="S11" Value="1"/>
                    <Cov CovItemId="S12" Value="1"/>
                    <Cov CovItemId="S13" Value="1"/>
                    <Cov CovItemId="S14" Value="1"/>
                    <Cov CovItemId="S15" Value="1"/>
                    <Cov CovItemId="S16" Value="1"/>
                    <Cov CovItemId="S17" Value="1"/>
                    <Cov CovItemId="S18" Value="1"/>
                    <Cov CovItemId="S19" Value="1"/>
                    <Cov CovItemId="S2" Value="1"/>
                    <Cov CovItemId="S20" Value="1"/>
                    <Cov CovItemId="S21" Value="1"/>
                    <Cov CovItemId="S32" Value="3"/>
                    <Cov CovItemId="S33" Value="3"/>
                    <Cov CovItemId="S34" Value="3"/>
                    <Cov CovItemId="S35" Value="3"/>
                    <Cov CovItemId="S41" Value="1"/>
                    <Cov CovItemId="S42" Value="1"/>
                    <Cov CovItemId="S43" Value="1"/>
                    <Cov CovItemId="S44" Value="1"/>
                    <Cov CovItemId="S47" Value="2"/>
                    <Cov CovItemId="S48" Value="1"/>
                    <Cov CovItemId="S52" Value="1"/>
                    <Cov CovItemId="S53" Value="1"/>
                    <Cov CovItemId="S54" Value="1"/>
                    <Cov CovItemId="S55" Value="1"/>
                    <Cov CovItemId="S56" Value="1"/>
                    <Cov CovItemId="S80" Value="1"/>
                    <Cov CovItemId="S81" Value="1"/>
                    <Cov CovItemId="S82" Value="1"/>
                    <Cov CovItemId="S83" Value="1"/>
                    <Cov CovItemId="S84" Value="1"/>
                    <Cov CovItemId="S85" Value="1"/>
                    <Cov CovItemId="S86" Value="1"/>
                    <Cov CovItemId="S87" Value="1"/>
                    <Cov CovItemId="S88" Value="1"/>
                    <Cov CovItemId="S89" Value="1"/>
                    <Cov CovItemId="S90" Value="1"/>
                </CovPrefix>
            </CovList>
            <AssgnmntList>
                <AssgnmntPrefix RootTermCovItemPrefix="printer.SmartPrinter.java">
                    <AssgnmntListEntry Length="1" RootTermCovItemId="C4">
                        <MapEntry BoolAssgnmnt="1" Value="3"/>
                    </AssgnmntListEntry>
                    <AssgnmntListEntry Length="1" RootTermCovItemId="C7">
                        <MapEntry BoolAssgnmnt="1" Value="1"/>
                    </AssgnmntListEntry>
                    <AssgnmntListEntry Length="1" RootTermCovItemId="C8">
                        <MapEntry BoolAssgnmnt="0" Value="1"/>
                        <MapEntry BoolAssgnmnt="1" Value="1"/>
                    </AssgnmntListEntry>
                    <AssgnmntListEntry Length="1" RootTermCovItemId="C9">
                        <MapEntry BoolAssgnmnt="0" Value="1"/>
                    </AssgnmntListEntry>
                </AssgnmntPrefix>
            </AssgnmntList>
            <ObjMetaDataList/>
            <MetaDataList/>
        </TestCase>
        <MetaDataList/>
    </TestSession>
</TestSessionContainer>
