<?xml version="1.0" encoding="UTF-8"?><TestSessionContainer xmlns="http://www.codecover.org/xml/testsession-container" Date="1751881799603" TestSessionContainerId="a505c853-31e0-42df-a5b8-1640aa37a8cc" version="1.0">
    <SrcFileList>
        <SrcFile Content="package printer;&#13;&#10;&#13;&#10;import java.util.HashMap;&#13;&#10;import java.util.InputMismatchException;&#13;&#10;import java.util.Scanner;&#13;&#10;&#13;&#10;&#13;&#10;public class SmartPrinter {&#13;&#10;&#13;&#10;    public enum Stato { SPENTA, AVVIO, MOSTRABADGE, INSERISCIPIN, PRONTA, INUSO, ERRORE, OUTOFSERVICE }&#13;&#10;    public enum Servizio { PRINTBN, PRINTCOL, SCANSIONE, EXIT }&#13;&#10;    public enum StatoMacchina { GUASTA, NONGUASTA }&#13;&#10;&#13;&#10;    private Stato printerState;&#13;&#10;    private Servizio selectedService;&#13;&#10;    private StatoMacchina spiaGuasto;&#13;&#10;    private int tonerNero;&#13;&#10;    private int tonerColore;&#13;&#10;    private int fogliCarta;&#13;&#10;    &#13;&#10;    private boolean collegatoWireless;&#13;&#10;    private boolean collegatoCavo;&#13;&#10;    private boolean cartaInceppata;&#13;&#10;&#13;&#10;    Utente[] utenti;&#13;&#10;    int numUtenti = 0;&#13;&#10;    private Utente utenteCorrente;&#13;&#10;    &#13;&#10;    private static boolean controlloInputUtenteBool(String s) {&#13;&#10;    &#9;return s.equals(&quot;si&quot;) || s.equals(&quot;no&quot;)  ? true : false;&#13;&#10;    }&#13;&#10;    &#13;&#10;    private static String getNomeUtenteLoggato(Utente u) {&#13;&#10;    &#9;return u != null ? u.getNome() : &quot;Nessuno&quot;;&#13;&#10;    }&#13;&#10;    &#13;&#10;    protected boolean ricercaUtente(int numBadgeInserito) {&#13;&#10;    &#9;&#13;&#10;    &#9;for(int i = 0; i &lt; numUtenti; i++) {&#13;&#10;    &#9;&#9;if(utenti[i].getBadgeId() == numBadgeInserito)&#13;&#10;    &#9;&#9;&#9;return true;&#13;&#10;    &#9;}&#13;&#10;    &#9;&#13;&#10;    &#9;return false;&#13;&#10;    &#9;&#13;&#10;    }&#13;&#10;    &#13;&#10;    private Utente getUtentebyNumBadge(int numBadge) {&#13;&#10;    &#9;&#13;&#10;    &#9;for(Utente u: utenti) {&#13;&#10;    &#9;&#9;if(u.getBadgeId() == numBadge)&#13;&#10;    &#9;&#9;&#9;return u;&#13;&#10;    &#9;}&#13;&#10;    &#9;&#13;&#10;    &#9;return null;&#13;&#10;    }&#13;&#10;    &#13;&#10;    public SmartPrinter() {&#13;&#10;        printerState = Stato.SPENTA;&#13;&#10;        tonerNero = 100;&#13;&#10;        tonerColore = 100;&#13;&#10;        fogliCarta = 500;&#13;&#10;        spiaGuasto = StatoMacchina.NONGUASTA;&#13;&#10;        utenti = new Utente[10];&#13;&#10;        collegatoWireless = false;&#13;&#10;        collegatoCavo = false;&#13;&#10;        cartaInceppata = false;&#13;&#10;    }&#13;&#10;&#13;&#10;    public Stato getPrinterState() {&#13;&#10;&#9;&#9;return printerState;&#13;&#10;&#9;}&#13;&#10;&#13;&#10;&#9;public Servizio getSelectedService() {&#13;&#10;&#9;&#9;return selectedService;&#13;&#10;&#9;}&#13;&#10;&#13;&#10;&#9;public StatoMacchina getSpiaGuasto() {&#13;&#10;&#9;&#9;return spiaGuasto;&#13;&#10;&#9;}&#13;&#10;&#13;&#10;&#9;public int getTonerNero() {&#13;&#10;&#9;&#9;return tonerNero;&#13;&#10;&#9;}&#13;&#10;&#13;&#10;&#9;public int getTonerColore() {&#13;&#10;&#9;&#9;return tonerColore;&#13;&#10;&#9;}&#13;&#10;&#13;&#10;&#9;public int getFogliCarta() {&#13;&#10;&#9;&#9;return fogliCarta;&#13;&#10;&#9;}&#13;&#10;&#13;&#10;&#9;public boolean isCollegatoWireless() {&#13;&#10;&#9;&#9;return collegatoWireless;&#13;&#10;&#9;}&#13;&#10;&#13;&#10;&#9;public boolean isCollegatoCavo() {&#13;&#10;&#9;&#9;return collegatoCavo;&#13;&#10;&#9;}&#13;&#10;&#13;&#10;&#9;public boolean isCartaInceppata() {&#13;&#10;&#9;&#9;return cartaInceppata;&#13;&#10;&#9;}&#13;&#10;&#13;&#10;&#9;public Utente[] getUtenti() {&#13;&#10;&#9;&#9;return utenti;&#13;&#10;&#9;}&#13;&#10;&#13;&#10;&#9;public Utente getUtenteCorrente() {&#13;&#10;&#9;&#9;return utenteCorrente;&#13;&#10;&#9;}&#13;&#10;&#13;&#10;&#9;public void aggiungiUtente(Utente u) {&#13;&#10;        if(numUtenti &lt; utenti.length) {&#13;&#10;        &#9;utenti[numUtenti] = u;&#13;&#10;        &#9;numUtenti++;&#13;&#10;        &#9;System.out.println(&quot;Utente aggiunto: &quot; + u.getNome() + &quot; : &quot; + u.getBadgeId());&#13;&#10;        }&#13;&#10;        else&#13;&#10;        &#9;System.out.println(&quot;Non è possibile aggiungere altri utenti&quot;);&#13;&#10;        &#13;&#10;    }&#13;&#10;    &#13;&#10;    protected void guastoStampante() {&#13;&#10;    &#9;if(printerState == Stato.AVVIO)&#13;&#10;    &#9;&#9;spiaGuasto = StatoMacchina.GUASTA;&#13;&#10;    }&#13;&#10;    &#13;&#10;    protected void riparazioneStampante() {&#13;&#10;    &#9;if(printerState == Stato.OUTOFSERVICE)&#13;&#10;    &#9;&#9;spiaGuasto = StatoMacchina.NONGUASTA;&#13;&#10;    }&#13;&#10;&#13;&#10;    public boolean accendiStampante() {&#13;&#10;    &#9;if(printerState == Stato.SPENTA) {&#13;&#10;    &#9;&#9;printerState = Stato.AVVIO;&#13;&#10;    &#9;&#9;System.out.println(&quot;Accensione in corso&quot;);&#13;&#10;    &#9;&#9;return true;&#13;&#10;    &#9;}&#13;&#10;    &#9;System.out.println(&quot;La stampante è già accesa&quot;);&#13;&#10;    &#9;return false;&#13;&#10;    &#9;&#13;&#10;    }&#13;&#10;&#13;&#10;    public boolean avvioStampante() {&#13;&#10;    &#9;if(printerState == Stato.AVVIO) {&#13;&#10;    &#9;&#9;if(spiaGuasto == StatoMacchina.GUASTA) {&#13;&#10;    &#9;&#9;&#9;printerState = Stato.OUTOFSERVICE;&#13;&#10;    &#9;&#9;&#9;System.out.println(&quot;Stampante guasta&quot;);&#13;&#10;    &#9;&#9;&#9;return false;&#13;&#10;        &#9;}&#13;&#10;        &#9;else {&#13;&#10;    &#9;&#9;&#9;printerState = Stato.MOSTRABADGE;&#13;&#10;    &#9;&#9;&#9;System.out.println(&quot;Mostrare Badge&quot;);&#13;&#10;    &#9;&#9;&#9;return true;&#13;&#10;    &#9;&#9;}&#13;&#10;    &#9;}&#13;&#10;    &#9;System.out.println(&quot;Azione non consentita&quot;);&#13;&#10;    &#9;return false;&#13;&#10;    }&#13;&#10;    &#13;&#10;    public boolean gestioneGuasto() {&#13;&#10;    &#9;if(printerState == Stato.OUTOFSERVICE) {&#13;&#10;    &#9;&#9;if(spiaGuasto == StatoMacchina.NONGUASTA) {&#13;&#10;    &#9;&#9;&#9;printerState = Stato.MOSTRABADGE;&#13;&#10;    &#9;&#9;&#9;System.out.println(&quot;Mostrare Badge&quot;);&#13;&#10;    &#9;&#9;&#9;return true;&#13;&#10;        &#9;}&#13;&#10;        &#9;else {&#13;&#10;        &#9;&#9;System.out.println(&quot;Stampante ancora guasta&quot;);&#13;&#10;        &#9;&#9;return false;&#13;&#10;        &#9;}&#13;&#10;    &#9;}&#13;&#10;    &#9;System.out.println(&quot;Azione non consentita&quot;);&#13;&#10;    &#9;return false;&#13;&#10;    }&#13;&#10;    &#13;&#10;    public boolean identificazioneUtente(int numBadge) {&#13;&#10;    &#9;if(printerState == Stato.MOSTRABADGE) {&#13;&#10;    &#9; &#9;if(ricercaUtente(numBadge)) {&#13;&#10;    &#9;&#9;&#9;utenteCorrente = getUtentebyNumBadge(numBadge);&#13;&#10;    &#9;&#9;&#9;printerState = Stato.INSERISCIPIN;&#13;&#10;    &#9;&#9;&#9;System.out.println(&quot;Benvenuto &quot; + utenteCorrente.getNome() + &quot;, Inserisci Pin&quot;);&#13;&#10;    &#9;&#9;&#9;return true;&#13;&#10;        &#9;}&#13;&#10;        &#9;else {&#13;&#10;        &#9;&#9;System.out.println(&quot;Badge non riconosciuto&quot;);&#13;&#10;        &#9;&#9;return false;&#13;&#10;        &#9;}&#13;&#10;    &#9;}&#13;&#10;    &#9;System.out.println(&quot;Azione non consentita&quot;);&#13;&#10;    &#9;return false;&#13;&#10;    }&#13;&#10;&#13;&#10;    private boolean inserimentoPin() {&#13;&#10;    &#9;//TODO&#13;&#10;    &#9;return false;&#13;&#10;    }&#13;&#10;    &#13;&#10;    private boolean sceltaServizio() {&#13;&#10;    &#9;//TODO&#13;&#10;    &#9;return false;&#13;&#10;    &#9;&#13;&#10;    }&#13;&#10;    &#13;&#10;    private boolean stampanteInUso() {&#13;&#10;    &#9;//TODO&#13;&#10;    &#9;return false;&#13;&#10;    }&#13;&#10;    &#13;&#10;    private boolean gestioneErrore() {&#13;&#10;    &#9;//TODO&#13;&#10;    &#9;return false;&#13;&#10;    }&#13;&#10;&#13;&#10;    public void statoCorrente() {&#13;&#10;        System.out.println(&quot;\n--- STATO CORRENTE ---&quot;);&#13;&#10;        System.out.println(&quot;Stato: &quot; + printerState);&#13;&#10;        System.out.println(&quot;Guasto: &quot; + spiaGuasto);&#13;&#10;        System.out.println(&quot;Utente loggato: &quot; + getNomeUtenteLoggato(utenteCorrente));&#13;&#10;        System.out.println(&quot;Toner Nero: &quot; + tonerNero);&#13;&#10;        System.out.println(&quot;Toner Colore: &quot; + tonerColore);&#13;&#10;        System.out.println(&quot;Carta: &quot; + fogliCarta);&#13;&#10;        System.out.println(&quot;Collegato Wireless: &quot; + collegatoWireless);&#13;&#10;        System.out.println(&quot;Collegato Cavo: &quot; + collegatoCavo);&#13;&#10;        System.out.println(&quot;Carta inceppata: &quot; + cartaInceppata);&#13;&#10;        System.out.println(&quot;------------------------\n&quot;);&#13;&#10;    }&#13;&#10;    &#13;&#10;    // Interazione con la stampante&#13;&#10;    public void usoStampante() {&#13;&#10;        Scanner scanner = new Scanner(System.in);&#13;&#10;        boolean closeProgram = false;&#13;&#10;        boolean validInput = false;&#13;&#10;        &#13;&#10;        while(!closeProgram) {&#13;&#10;        &#9;&#13;&#10;        &#9;switch(printerState) {&#13;&#10;&#9;        &#9;case SPENTA:&#13;&#10;&#9;        &#9;&#9;String rispostaAccensione;&#13;&#10;&#9;        &#9;&#9;do {&#13;&#10;&#9;&#9;        &#9;&#9;System.out.println(&quot;Vuoi accendere la stampante? (si/no): &quot;);&#13;&#10;&#9;&#9;        &#9;&#9;rispostaAccensione = scanner.nextLine().toLowerCase();&#13;&#10;&#9;&#9;        &#9;&#9;validInput = controlloInputUtenteBool(rispostaAccensione);&#13;&#10;&#9;        &#9;&#9;}&#13;&#10;&#9;        &#9;&#9;while(!validInput);&#13;&#10;&#9;        &#9;&#9;&#9;&#13;&#10;&#9;        &#9;&#9;if(rispostaAccensione.equals(&quot;si&quot;))&#13;&#10;&#9;        &#9;&#9;&#9;accendiStampante();&#13;&#10;&#9;        &#9;&#9;else&#13;&#10;&#9;        &#9;&#9;&#9;closeProgram = true;&#13;&#10;&#9;        &#9;&#9;&#13;&#10;&#9;        &#9;&#9;break;&#13;&#10;&#9;        &#9;&#9;&#13;&#10;&#9;&#9;&#9;&#9;case AVVIO:&#13;&#10;&#9;        &#9;&#9;String rispostaGuasto;&#13;&#10;&#9;        &#9;&#9;do {&#13;&#10;&#9;        &#9;&#9;&#9;System.out.println(&quot;Si è verificato un guasto? (si/no): &quot;);&#13;&#10;&#9;        &#9;&#9;&#9;rispostaGuasto = scanner.nextLine().toLowerCase();&#13;&#10;&#9;&#9;        &#9;&#9;validInput = controlloInputUtenteBool(rispostaGuasto);&#13;&#10;&#9;        &#9;&#9;}&#13;&#10;&#9;        &#9;&#9;while(!validInput);&#13;&#10;&#9;        &#9;&#9;&#13;&#10;&#9;        &#9;&#9;if(rispostaGuasto.equals(&quot;si&quot;))&#13;&#10;&#9;        &#9;&#9;&#9;guastoStampante();&#13;&#10;&#9;        &#9;&#9;&#13;&#10;&#9;        &#9;&#9;avvioStampante();&#13;&#10;&#9;        &#9;&#9;break;&#13;&#10;&#9;        &#9;&#9;&#13;&#10;&#9;&#9;&#9;&#9;case OUTOFSERVICE:&#13;&#10;&#9;&#9;&#9;&#9;&#9;String rispostaGuastoRiparato;&#13;&#10;&#9;        &#9;&#9;do {&#13;&#10;&#9;&#9;        &#9;&#9;System.out.println(&quot;Il guasto è stato riparato? (si/no): &quot;);&#13;&#10;&#9;&#9;        &#9;&#9;rispostaGuastoRiparato = scanner.nextLine().toLowerCase();&#13;&#10;&#9;&#9;        &#9;&#9;validInput = controlloInputUtenteBool(rispostaGuastoRiparato);&#13;&#10;&#9;        &#9;&#9;}&#13;&#10;&#9;        &#9;&#9;while(!validInput);&#13;&#10;&#9;        &#9;&#9;&#13;&#10;&#9;        &#9;&#9;if(rispostaGuastoRiparato.equals(&quot;si&quot;))&#13;&#10;&#9;        &#9;&#9;&#9;riparazioneStampante();&#13;&#10;&#9;&#9;&#9;&#9;&#9;&#13;&#10;&#9;&#9;&#9;&#9;&#9;gestioneGuasto();&#13;&#10;&#9;        &#9;&#9;break;&#13;&#10;&#9;        &#9;&#9;&#13;&#10;&#9;&#9;&#9;&#9;case MOSTRABADGE:&#13;&#10;&#9;&#9;&#9;&#9;&#9;int badgeMostrato = 0;&#13;&#10;&#9;&#9;&#9;&#9;&#9;validInput = false;&#13;&#10;&#9;&#9;&#9;&#9;&#9;&#13;&#10;&#9;&#9;&#9;&#9;&#9;while(!validInput) {&#13;&#10;&#9;&#9;&#9;&#9;&#9;&#9;System.out.println(&quot;Inserire un numero di Badge: &quot;);&#13;&#10;&#9;&#9;&#9;&#9;&#9;&#9;  try {&#13;&#10;&#9;&#9;&#9;&#9;&#9;&#9;        badgeMostrato = scanner.nextInt();&#13;&#10;&#9;&#9;&#9;&#9;&#9;&#9;        validInput = true;&#13;&#10;&#9;&#9;&#9;&#9;&#9;&#9;    } catch (InputMismatchException e) {&#13;&#10;&#9;&#9;&#9;&#9;&#9;&#9;        System.out.println(&quot;Input non valido. Inserisci un numero di Badge.&quot;);&#13;&#10;&#9;&#9;&#9;&#9;&#9;&#9;        scanner.nextLine(); &#13;&#10;&#9;&#9;&#9;&#9;&#9;&#9;    }&#13;&#10;&#9;&#9;&#9;&#9;&#9;}&#13;&#10;&#9;&#9;&#9;&#9;&#9;&#13;&#10;&#9;&#9;&#9;&#9;&#9;scanner.nextLine(); // consuma il newline residuo dopo input corretto&#13;&#10;&#9;&#9;&#9;&#9;&#9;identificazioneUtente(badgeMostrato);&#13;&#10;&#9;        &#9;&#9;break;&#13;&#10;&#9;        &#9;&#9;&#13;&#10;&#9;&#9;&#9;&#9;case INSERISCIPIN:&#13;&#10;&#9;&#9;&#9;&#9;&#9;//inserimentoPin();&#13;&#10;&#9;&#9;&#9;&#9;&#9;statoCorrente();&#13;&#10;&#9;&#9;&#9;&#9;&#9;System.out.println(&quot;Cjeckpoint inserisci pin &quot;);&#13;&#10;&#9;        &#9;&#9;String check3 = scanner.nextLine().toLowerCase();&#13;&#10;&#9;        &#9;&#9;&#13;&#10;&#9;&#9;&#9;&#9;&#9;break;&#13;&#10;&#9;&#9;&#9;&#9;case PRONTA:&#13;&#10;&#9;&#9;&#9;&#9;&#9;sceltaServizio();&#13;&#10;&#9;&#9;&#9;&#9;&#9;break;&#13;&#10;&#9;&#9;&#9;&#9;case INUSO:&#13;&#10;&#9;&#9;&#9;&#9;&#9;stampanteInUso();&#13;&#10;&#9;&#9;&#9;&#9;&#9;break;&#13;&#10;&#9;&#9;&#9;&#9;case ERRORE:&#13;&#10;&#9;&#9;&#9;&#9;&#9;gestioneErrore();&#13;&#10;&#9;&#9;&#9;&#9;&#9;break;&#13;&#10;        &#9;}&#13;&#10;        &#9;&#13;&#10;        }&#13;&#10;        &#13;&#10;        scanner.close();&#13;&#10;        &#13;&#10;    }&#13;&#10;}&#13;&#10;" Filename="SmartPrinter.java" Intrnl_Id="1"/>
    </SrcFileList>
    <CritList>
        <CritListEntry Name="org.codecover.model.utils.criteria.LoopCoverage" PluginName="org.codecover"/>
        <CritListEntry Name="org.codecover.model.utils.criteria.QMOCoverage" PluginName="org.codecover"/>
        <CritListEntry Name="org.codecover.model.utils.criteria.ConditionCoverage" PluginName="org.codecover"/>
        <CritListEntry Name="org.codecover.model.utils.criteria.BranchCoverage" PluginName="org.codecover"/>
        <CritListEntry Name="org.codecover.model.utils.criteria.SynchronizedStatementCoverage" PluginName="org.codecover"/>
        <CritListEntry Name="org.codecover.model.utils.criteria.StatementCoverage" PluginName="org.codecover"/>
    </CritList>
    <BoolOpList>
        <BoolOp Arity="1" Intrnl_Id="2" Name="not (!)">
            <BoolAssgnmntBoolMapList>
                <MapEntry BoolAssgnmnt="1" Value="false"/>
                <MapEntry BoolAssgnmnt="0" Value="true"/>
            </BoolAssgnmntBoolMapList>
        </BoolOp>
    </BoolOpList>
    <HierarchyLvlTypeList>
        <HierarchyLvlType EnglishName="enumeration" IntrnlName="enum" Intrnl_Id="3"/>
        <HierarchyLvlType EnglishName="package" IntrnlName="package" Intrnl_Id="4"/>
        <HierarchyLvlType EnglishName="method" IntrnlName="method" Intrnl_Id="5"/>
        <HierarchyLvlType EnglishName="class" IntrnlName="class" Intrnl_Id="6"/>
        <HierarchyLvlType EnglishName="default package" IntrnlName="default package" Intrnl_Id="7"/>
    </HierarchyLvlTypeList>
    <MASTRoot>
        <HierarchyLvl HierarchyLvlId="131" HierarchyLvlTypeId="7" Intrnl_Id="8" Name="default package">
            <Header/>
            <LocList/>
            <HierarchyLvl HierarchyLvlId="130" HierarchyLvlTypeId="4" Intrnl_Id="9" Name="printer">
                <Header/>
                <LocList/>
                <HierarchyLvl HierarchyLvlId="129" HierarchyLvlTypeId="6" Intrnl_Id="10" Name="SmartPrinter">
                    <Header>
                        <Loc EndOffset="145" SrcFileId="1" StartOffset="120"/>
                    </Header>
                    <LocList>
                        <Loc EndOffset="155" SrcFileId="1" StartOffset="120"/>
                        <Loc EndOffset="260" SrcFileId="1" StartOffset="254"/>
                        <Loc EndOffset="325" SrcFileId="1" StartOffset="319"/>
                        <Loc EndOffset="8950" SrcFileId="1" StartOffset="372"/>
                    </LocList>
                    <StmntSeq Intrnl_Id="11">
                        <LocList>
                            <Loc EndOffset="739" SrcFileId="1" StartOffset="721"/>
                        </LocList>
                        <BasicStmnt CovItemId="S1" CovItemPrefix="printer.SmartPrinter.java" Intrnl_Id="12">
                            <LocList>
                                <Loc EndOffset="739" SrcFileId="1" StartOffset="721"/>
                            </LocList>
                        </BasicStmnt>
                    </StmntSeq>
                    <HierarchyLvl HierarchyLvlId="97" HierarchyLvlTypeId="3" Intrnl_Id="13" Name="Stato">
                        <Header>
                            <Loc EndOffset="172" SrcFileId="1" StartOffset="155"/>
                        </Header>
                        <LocList>
                            <Loc EndOffset="254" SrcFileId="1" StartOffset="155"/>
                        </LocList>
                    </HierarchyLvl>
                    <HierarchyLvl HierarchyLvlId="98" HierarchyLvlTypeId="3" Intrnl_Id="14" Name="Servizio">
                        <Header>
                            <Loc EndOffset="280" SrcFileId="1" StartOffset="260"/>
                        </Header>
                        <LocList>
                            <Loc EndOffset="319" SrcFileId="1" StartOffset="260"/>
                        </LocList>
                    </HierarchyLvl>
                    <HierarchyLvl HierarchyLvlId="99" HierarchyLvlTypeId="3" Intrnl_Id="15" Name="StatoMacchina">
                        <Header>
                            <Loc EndOffset="350" SrcFileId="1" StartOffset="325"/>
                        </Header>
                        <LocList>
                            <Loc EndOffset="372" SrcFileId="1" StartOffset="325"/>
                        </LocList>
                    </HierarchyLvl>
                    <HierarchyLvl HierarchyLvlId="100" HierarchyLvlTypeId="5" Intrnl_Id="16" Name="controlloInputUtenteBool">
                        <Header>
                            <Loc EndOffset="844" SrcFileId="1" StartOffset="787"/>
                        </Header>
                        <LocList>
                            <Loc EndOffset="916" SrcFileId="1" StartOffset="787"/>
                        </LocList>
                        <StmntSeq Intrnl_Id="17">
                            <LocList>
                                <Loc EndOffset="909" SrcFileId="1" StartOffset="853"/>
                            </LocList>
                            <BasicStmnt CovItemId="S2" CovItemPrefix="printer.SmartPrinter.java" Intrnl_Id="18">
                                <LocList>
                                    <Loc EndOffset="909" SrcFileId="1" StartOffset="853"/>
                                </LocList>
                                <QMO CovItemId="Q0" CovItemPrefix="printer.SmartPrinter.java" Intrnl_Id="19">
                                    <LocList>
                                        <Loc EndOffset="892" SrcFileId="1" StartOffset="860"/>
                                    </LocList>
                                    <QMO_E CovItemId="Q0-0" CovItemPrefix="printer.SmartPrinter.java" Intrnl_Id="20">
                                        <LocList>
                                            <Loc EndOffset="900" SrcFileId="1" StartOffset="896"/>
                                        </LocList>
                                    </QMO_E>
                                    <QMO_E CovItemId="Q0-1" CovItemPrefix="printer.SmartPrinter.java" Intrnl_Id="21">
                                        <LocList>
                                            <Loc EndOffset="908" SrcFileId="1" StartOffset="903"/>
                                        </LocList>
                                    </QMO_E>
                                </QMO>
                            </BasicStmnt>
                        </StmntSeq>
                    </HierarchyLvl>
                    <HierarchyLvl HierarchyLvlId="101" HierarchyLvlTypeId="5" Intrnl_Id="22" Name="getNomeUtenteLoggato">
                        <Header>
                            <Loc EndOffset="980" SrcFileId="1" StartOffset="928"/>
                        </Header>
                        <LocList>
                            <Loc EndOffset="1039" SrcFileId="1" StartOffset="928"/>
                        </LocList>
                        <StmntSeq Intrnl_Id="23">
                            <LocList>
                                <Loc EndOffset="1032" SrcFileId="1" StartOffset="989"/>
                            </LocList>
                            <BasicStmnt CovItemId="S3" CovItemPrefix="printer.SmartPrinter.java" Intrnl_Id="24">
                                <LocList>
                                    <Loc EndOffset="1032" SrcFileId="1" StartOffset="989"/>
                                </LocList>
                                <QMO CovItemId="Q1" CovItemPrefix="printer.SmartPrinter.java" Intrnl_Id="25">
                                    <LocList>
                                        <Loc EndOffset="1005" SrcFileId="1" StartOffset="996"/>
                                    </LocList>
                                    <QMO_E CovItemId="Q1-0" CovItemPrefix="printer.SmartPrinter.java" Intrnl_Id="26">
                                        <LocList>
                                            <Loc EndOffset="1019" SrcFileId="1" StartOffset="1008"/>
                                        </LocList>
                                    </QMO_E>
                                    <QMO_E CovItemId="Q1-1" CovItemPrefix="printer.SmartPrinter.java" Intrnl_Id="27">
                                        <LocList>
                                            <Loc EndOffset="1031" SrcFileId="1" StartOffset="1022"/>
                                        </LocList>
                                    </QMO_E>
                                </QMO>
                            </BasicStmnt>
                        </StmntSeq>
                    </HierarchyLvl>
                    <HierarchyLvl HierarchyLvlId="102" HierarchyLvlTypeId="5" Intrnl_Id="28" Name="ricercaUtente">
                        <Header>
                            <Loc EndOffset="1104" SrcFileId="1" StartOffset="1051"/>
                        </Header>
                        <LocList>
                            <Loc EndOffset="1280" SrcFileId="1" StartOffset="1051"/>
                        </LocList>
                        <StmntSeq Intrnl_Id="29">
                            <LocList>
                                <Loc EndOffset="1239" SrcFileId="1" StartOffset="1120"/>
                                <Loc EndOffset="1266" SrcFileId="1" StartOffset="1253"/>
                            </LocList>
                            <LoopStmnt CovItemId="S4" CovItemPrefix="printer.SmartPrinter.java" Intrnl_Id="30" MltplExecId="L1-2" MltplExecPrefix="printer.SmartPrinter.java" NvrExecId="L1-0" NvrExecPrefix="printer.SmartPrinter.java" OnceExecutedId="L1-1" OnceExecutedPrefix="printer.SmartPrinter.java" OptBodyExec="true">
                                <StmntSeq Intrnl_Id="31">
                                    <LocList>
                                        <Loc EndOffset="1231" SrcFileId="1" StartOffset="1164"/>
                                    </LocList>
                                    <CondStmnt CovItemId="S5" CovItemPrefix="printer.SmartPrinter.java" Intrnl_Id="32">
                                        <Branch CovItemId="B1" CovItemPrefix="printer.SmartPrinter.java" Implct="false" Intrnl_Id="33">
                                            <Cond/>
                                            <LocList>
                                                <Loc EndOffset="1231" SrcFileId="1" StartOffset="1219"/>
                                            </LocList>
                                            <StmntSeq Intrnl_Id="34">
                                                <LocList>
                                                    <Loc EndOffset="1231" SrcFileId="1" StartOffset="1219"/>
                                                </LocList>
                                                <BasicStmnt CovItemId="S6" CovItemPrefix="printer.SmartPrinter.java" Intrnl_Id="35">
                                                    <LocList>
                                                        <Loc EndOffset="1231" SrcFileId="1" StartOffset="1219"/>
                                                    </LocList>
                                                </BasicStmnt>
                                            </StmntSeq>
                                        </Branch>
                                        <Branch CovItemId="B2" CovItemPrefix="printer.SmartPrinter.java" Implct="true" Intrnl_Id="36">
                                            <Cond/>
                                            <LocList/>
                                            <StmntSeq Intrnl_Id="37">
                                                <LocList/>
                                            </StmntSeq>
                                        </Branch>
                                        <Keyword EndOffset="1166" SrcFileId="1" StartOffset="1164"/>
                                        <LocList>
                                            <Loc EndOffset="1231" SrcFileId="1" StartOffset="1164"/>
                                        </LocList>
                                        <RootTerm CovItemId="C2" CovItemPrefix="printer.SmartPrinter.java" Intrnl_Id="38">
                                            <BasicBoolTerm Intrnl_Id="39">
                                                <LocList>
                                                    <Loc EndOffset="1209" SrcFileId="1" StartOffset="1167"/>
                                                </LocList>
                                            </BasicBoolTerm>
                                        </RootTerm>
                                    </CondStmnt>
                                </StmntSeq>
                                <Keyword EndOffset="1123" SrcFileId="1" StartOffset="1120"/>
                                <LocList>
                                    <Loc EndOffset="1239" SrcFileId="1" StartOffset="1120"/>
                                </LocList>
                                <RootTerm CovItemId="C1" CovItemPrefix="printer.SmartPrinter.java" Intrnl_Id="40">
                                    <BasicBoolTerm Intrnl_Id="41">
                                        <LocList>
                                            <Loc EndOffset="1148" SrcFileId="1" StartOffset="1135"/>
                                        </LocList>
                                    </BasicBoolTerm>
                                </RootTerm>
                            </LoopStmnt>
                            <BasicStmnt CovItemId="S7" CovItemPrefix="printer.SmartPrinter.java" Intrnl_Id="42">
                                <LocList>
                                    <Loc EndOffset="1266" SrcFileId="1" StartOffset="1253"/>
                                </LocList>
                            </BasicStmnt>
                        </StmntSeq>
                    </HierarchyLvl>
                    <HierarchyLvl HierarchyLvlId="103" HierarchyLvlTypeId="5" Intrnl_Id="43" Name="getUtentebyNumBadge">
                        <Header>
                            <Loc EndOffset="1340" SrcFileId="1" StartOffset="1292"/>
                        </Header>
                        <LocList>
                            <Loc EndOffset="1476" SrcFileId="1" StartOffset="1292"/>
                        </LocList>
                        <StmntSeq Intrnl_Id="44">
                            <LocList>
                                <Loc EndOffset="1443" SrcFileId="1" StartOffset="1356"/>
                                <Loc EndOffset="1469" SrcFileId="1" StartOffset="1457"/>
                            </LocList>
                            <LoopStmnt CovItemId="S8" CovItemPrefix="printer.SmartPrinter.java" Intrnl_Id="45" MltplExecId="L2-2" MltplExecPrefix="printer.SmartPrinter.java" NvrExecId="L2-0" NvrExecPrefix="printer.SmartPrinter.java" OnceExecutedId="L2-1" OnceExecutedPrefix="printer.SmartPrinter.java" OptBodyExec="true">
                                <StmntSeq Intrnl_Id="46">
                                    <LocList>
                                        <Loc EndOffset="1435" SrcFileId="1" StartOffset="1387"/>
                                    </LocList>
                                    <CondStmnt CovItemId="S9" CovItemPrefix="printer.SmartPrinter.java" Intrnl_Id="47">
                                        <Branch CovItemId="B3" CovItemPrefix="printer.SmartPrinter.java" Implct="false" Intrnl_Id="48">
                                            <Cond/>
                                            <LocList>
                                                <Loc EndOffset="1435" SrcFileId="1" StartOffset="1426"/>
                                            </LocList>
                                            <StmntSeq Intrnl_Id="49">
                                                <LocList>
                                                    <Loc EndOffset="1435" SrcFileId="1" StartOffset="1426"/>
                                                </LocList>
                                                <BasicStmnt CovItemId="S10" CovItemPrefix="printer.SmartPrinter.java" Intrnl_Id="50">
                                                    <LocList>
                                                        <Loc EndOffset="1435" SrcFileId="1" StartOffset="1426"/>
                                                    </LocList>
                                                </BasicStmnt>
                                            </StmntSeq>
                                        </Branch>
                                        <Branch CovItemId="B4" CovItemPrefix="printer.SmartPrinter.java" Implct="true" Intrnl_Id="51">
                                            <Cond/>
                                            <LocList/>
                                            <StmntSeq Intrnl_Id="52">
                                                <LocList/>
                                            </StmntSeq>
                                        </Branch>
                                        <Keyword EndOffset="1389" SrcFileId="1" StartOffset="1387"/>
                                        <LocList>
                                            <Loc EndOffset="1435" SrcFileId="1" StartOffset="1387"/>
                                        </LocList>
                                        <RootTerm CovItemId="C3" CovItemPrefix="printer.SmartPrinter.java" Intrnl_Id="53">
                                            <BasicBoolTerm Intrnl_Id="54">
                                                <LocList>
                                                    <Loc EndOffset="1416" SrcFileId="1" StartOffset="1390"/>
                                                </LocList>
                                            </BasicBoolTerm>
                                        </RootTerm>
                                    </CondStmnt>
                                </StmntSeq>
                                <Keyword EndOffset="1359" SrcFileId="1" StartOffset="1356"/>
                                <LocList>
                                    <Loc EndOffset="1443" SrcFileId="1" StartOffset="1356"/>
                                </LocList>
                            </LoopStmnt>
                            <BasicStmnt CovItemId="S11" CovItemPrefix="printer.SmartPrinter.java" Intrnl_Id="55">
                                <LocList>
                                    <Loc EndOffset="1469" SrcFileId="1" StartOffset="1457"/>
                                </LocList>
                            </BasicStmnt>
                        </StmntSeq>
                    </HierarchyLvl>
                    <HierarchyLvl HierarchyLvlId="104" HierarchyLvlTypeId="5" Intrnl_Id="56" Name="SmartPrinter">
                        <Header>
                            <Loc EndOffset="1509" SrcFileId="1" StartOffset="1488"/>
                        </Header>
                        <LocList>
                            <Loc EndOffset="1819" SrcFileId="1" StartOffset="1488"/>
                        </LocList>
                        <StmntSeq Intrnl_Id="57">
                            <LocList>
                                <Loc EndOffset="1549" SrcFileId="1" StartOffset="1521"/>
                                <Loc EndOffset="1575" SrcFileId="1" StartOffset="1559"/>
                                <Loc EndOffset="1603" SrcFileId="1" StartOffset="1585"/>
                                <Loc EndOffset="1630" SrcFileId="1" StartOffset="1613"/>
                                <Loc EndOffset="1677" SrcFileId="1" StartOffset="1640"/>
                                <Loc EndOffset="1711" SrcFileId="1" StartOffset="1687"/>
                                <Loc EndOffset="1747" SrcFileId="1" StartOffset="1721"/>
                                <Loc EndOffset="1779" SrcFileId="1" StartOffset="1757"/>
                                <Loc EndOffset="1812" SrcFileId="1" StartOffset="1789"/>
                            </LocList>
                            <BasicStmnt CovItemId="S12" CovItemPrefix="printer.SmartPrinter.java" Intrnl_Id="58">
                                <LocList>
                                    <Loc EndOffset="1549" SrcFileId="1" StartOffset="1521"/>
                                </LocList>
                            </BasicStmnt>
                            <BasicStmnt CovItemId="S13" CovItemPrefix="printer.SmartPrinter.java" Intrnl_Id="59">
                                <LocList>
                                    <Loc EndOffset="1575" SrcFileId="1" StartOffset="1559"/>
                                </LocList>
                            </BasicStmnt>
                            <BasicStmnt CovItemId="S14" CovItemPrefix="printer.SmartPrinter.java" Intrnl_Id="60">
                                <LocList>
                                    <Loc EndOffset="1603" SrcFileId="1" StartOffset="1585"/>
                                </LocList>
                            </BasicStmnt>
                            <BasicStmnt CovItemId="S15" CovItemPrefix="printer.SmartPrinter.java" Intrnl_Id="61">
                                <LocList>
                                    <Loc EndOffset="1630" SrcFileId="1" StartOffset="1613"/>
                                </LocList>
                            </BasicStmnt>
                            <BasicStmnt CovItemId="S16" CovItemPrefix="printer.SmartPrinter.java" Intrnl_Id="62">
                                <LocList>
                                    <Loc EndOffset="1677" SrcFileId="1" StartOffset="1640"/>
                                </LocList>
                            </BasicStmnt>
                            <BasicStmnt CovItemId="S17" CovItemPrefix="printer.SmartPrinter.java" Intrnl_Id="63">
                                <LocList>
                                    <Loc EndOffset="1711" SrcFileId="1" StartOffset="1687"/>
                                </LocList>
                            </BasicStmnt>
                            <BasicStmnt CovItemId="S18" CovItemPrefix="printer.SmartPrinter.java" Intrnl_Id="64">
                                <LocList>
                                    <Loc EndOffset="1747" SrcFileId="1" StartOffset="1721"/>
                                </LocList>
                            </BasicStmnt>
                            <BasicStmnt CovItemId="S19" CovItemPrefix="printer.SmartPrinter.java" Intrnl_Id="65">
                                <LocList>
                                    <Loc EndOffset="1779" SrcFileId="1" StartOffset="1757"/>
                                </LocList>
                            </BasicStmnt>
                            <BasicStmnt CovItemId="S20" CovItemPrefix="printer.SmartPrinter.java" Intrnl_Id="66">
                                <LocList>
                                    <Loc EndOffset="1812" SrcFileId="1" StartOffset="1789"/>
                                </LocList>
                            </BasicStmnt>
                        </StmntSeq>
                    </HierarchyLvl>
                    <HierarchyLvl HierarchyLvlId="105" HierarchyLvlTypeId="5" Intrnl_Id="67" Name="getPrinterState">
                        <Header>
                            <Loc EndOffset="1857" SrcFileId="1" StartOffset="1827"/>
                        </Header>
                        <LocList>
                            <Loc EndOffset="1887" SrcFileId="1" StartOffset="1827"/>
                        </LocList>
                        <StmntSeq Intrnl_Id="68">
                            <LocList>
                                <Loc EndOffset="1883" SrcFileId="1" StartOffset="1863"/>
                            </LocList>
                            <BasicStmnt CovItemId="S21" CovItemPrefix="printer.SmartPrinter.java" Intrnl_Id="69">
                                <LocList>
                                    <Loc EndOffset="1883" SrcFileId="1" StartOffset="1863"/>
                                </LocList>
                            </BasicStmnt>
                        </StmntSeq>
                    </HierarchyLvl>
                    <HierarchyLvl HierarchyLvlId="106" HierarchyLvlTypeId="5" Intrnl_Id="70" Name="getSelectedService">
                        <Header>
                            <Loc EndOffset="1928" SrcFileId="1" StartOffset="1892"/>
                        </Header>
                        <LocList>
                            <Loc EndOffset="1961" SrcFileId="1" StartOffset="1892"/>
                        </LocList>
                        <StmntSeq Intrnl_Id="71">
                            <LocList>
                                <Loc EndOffset="1957" SrcFileId="1" StartOffset="1934"/>
                            </LocList>
                            <BasicStmnt CovItemId="S22" CovItemPrefix="printer.SmartPrinter.java" Intrnl_Id="72">
                                <LocList>
                                    <Loc EndOffset="1957" SrcFileId="1" StartOffset="1934"/>
                                </LocList>
                            </BasicStmnt>
                        </StmntSeq>
                    </HierarchyLvl>
                    <HierarchyLvl HierarchyLvlId="107" HierarchyLvlTypeId="5" Intrnl_Id="73" Name="getSpiaGuasto">
                        <Header>
                            <Loc EndOffset="2002" SrcFileId="1" StartOffset="1966"/>
                        </Header>
                        <LocList>
                            <Loc EndOffset="2030" SrcFileId="1" StartOffset="1966"/>
                        </LocList>
                        <StmntSeq Intrnl_Id="74">
                            <LocList>
                                <Loc EndOffset="2026" SrcFileId="1" StartOffset="2008"/>
                            </LocList>
                            <BasicStmnt CovItemId="S23" CovItemPrefix="printer.SmartPrinter.java" Intrnl_Id="75">
                                <LocList>
                                    <Loc EndOffset="2026" SrcFileId="1" StartOffset="2008"/>
                                </LocList>
                            </BasicStmnt>
                        </StmntSeq>
                    </HierarchyLvl>
                    <HierarchyLvl HierarchyLvlId="108" HierarchyLvlTypeId="5" Intrnl_Id="76" Name="getTonerNero">
                        <Header>
                            <Loc EndOffset="2060" SrcFileId="1" StartOffset="2035"/>
                        </Header>
                        <LocList>
                            <Loc EndOffset="2087" SrcFileId="1" StartOffset="2035"/>
                        </LocList>
                        <StmntSeq Intrnl_Id="77">
                            <LocList>
                                <Loc EndOffset="2083" SrcFileId="1" StartOffset="2066"/>
                            </LocList>
                            <BasicStmnt CovItemId="S24" CovItemPrefix="printer.SmartPrinter.java" Intrnl_Id="78">
                                <LocList>
                                    <Loc EndOffset="2083" SrcFileId="1" StartOffset="2066"/>
                                </LocList>
                            </BasicStmnt>
                        </StmntSeq>
                    </HierarchyLvl>
                    <HierarchyLvl HierarchyLvlId="109" HierarchyLvlTypeId="5" Intrnl_Id="79" Name="getTonerColore">
                        <Header>
                            <Loc EndOffset="2119" SrcFileId="1" StartOffset="2092"/>
                        </Header>
                        <LocList>
                            <Loc EndOffset="2148" SrcFileId="1" StartOffset="2092"/>
                        </LocList>
                        <StmntSeq Intrnl_Id="80">
                            <LocList>
                                <Loc EndOffset="2144" SrcFileId="1" StartOffset="2125"/>
                            </LocList>
                            <BasicStmnt CovItemId="S25" CovItemPrefix="printer.SmartPrinter.java" Intrnl_Id="81">
                                <LocList>
                                    <Loc EndOffset="2144" SrcFileId="1" StartOffset="2125"/>
                                </LocList>
                            </BasicStmnt>
                        </StmntSeq>
                    </HierarchyLvl>
                    <HierarchyLvl HierarchyLvlId="110" HierarchyLvlTypeId="5" Intrnl_Id="82" Name="getFogliCarta">
                        <Header>
                            <Loc EndOffset="2179" SrcFileId="1" StartOffset="2153"/>
                        </Header>
                        <LocList>
                            <Loc EndOffset="2207" SrcFileId="1" StartOffset="2153"/>
                        </LocList>
                        <StmntSeq Intrnl_Id="83">
                            <LocList>
                                <Loc EndOffset="2203" SrcFileId="1" StartOffset="2185"/>
                            </LocList>
                            <BasicStmnt CovItemId="S26" CovItemPrefix="printer.SmartPrinter.java" Intrnl_Id="84">
                                <LocList>
                                    <Loc EndOffset="2203" SrcFileId="1" StartOffset="2185"/>
                                </LocList>
                            </BasicStmnt>
                        </StmntSeq>
                    </HierarchyLvl>
                    <HierarchyLvl HierarchyLvlId="111" HierarchyLvlTypeId="5" Intrnl_Id="85" Name="isCollegatoWireless">
                        <Header>
                            <Loc EndOffset="2248" SrcFileId="1" StartOffset="2212"/>
                        </Header>
                        <LocList>
                            <Loc EndOffset="2283" SrcFileId="1" StartOffset="2212"/>
                        </LocList>
                        <StmntSeq Intrnl_Id="86">
                            <LocList>
                                <Loc EndOffset="2279" SrcFileId="1" StartOffset="2254"/>
                            </LocList>
                            <BasicStmnt CovItemId="S27" CovItemPrefix="printer.SmartPrinter.java" Intrnl_Id="87">
                                <LocList>
                                    <Loc EndOffset="2279" SrcFileId="1" StartOffset="2254"/>
                                </LocList>
                            </BasicStmnt>
                        </StmntSeq>
                    </HierarchyLvl>
                    <HierarchyLvl HierarchyLvlId="112" HierarchyLvlTypeId="5" Intrnl_Id="88" Name="isCollegatoCavo">
                        <Header>
                            <Loc EndOffset="2320" SrcFileId="1" StartOffset="2288"/>
                        </Header>
                        <LocList>
                            <Loc EndOffset="2351" SrcFileId="1" StartOffset="2288"/>
                        </LocList>
                        <StmntSeq Intrnl_Id="89">
                            <LocList>
                                <Loc EndOffset="2347" SrcFileId="1" StartOffset="2326"/>
                            </LocList>
                            <BasicStmnt CovItemId="S28" CovItemPrefix="printer.SmartPrinter.java" Intrnl_Id="90">
                                <LocList>
                                    <Loc EndOffset="2347" SrcFileId="1" StartOffset="2326"/>
                                </LocList>
                            </BasicStmnt>
                        </StmntSeq>
                    </HierarchyLvl>
                    <HierarchyLvl HierarchyLvlId="113" HierarchyLvlTypeId="5" Intrnl_Id="91" Name="isCartaInceppata">
                        <Header>
                            <Loc EndOffset="2389" SrcFileId="1" StartOffset="2356"/>
                        </Header>
                        <LocList>
                            <Loc EndOffset="2421" SrcFileId="1" StartOffset="2356"/>
                        </LocList>
                        <StmntSeq Intrnl_Id="92">
                            <LocList>
                                <Loc EndOffset="2417" SrcFileId="1" StartOffset="2395"/>
                            </LocList>
                            <BasicStmnt CovItemId="S29" CovItemPrefix="printer.SmartPrinter.java" Intrnl_Id="93">
                                <LocList>
                                    <Loc EndOffset="2417" SrcFileId="1" StartOffset="2395"/>
                                </LocList>
                            </BasicStmnt>
                        </StmntSeq>
                    </HierarchyLvl>
                    <HierarchyLvl HierarchyLvlId="114" HierarchyLvlTypeId="5" Intrnl_Id="94" Name="getUtenti">
                        <Header>
                            <Loc EndOffset="2453" SrcFileId="1" StartOffset="2426"/>
                        </Header>
                        <LocList>
                            <Loc EndOffset="2477" SrcFileId="1" StartOffset="2426"/>
                        </LocList>
                        <StmntSeq Intrnl_Id="95">
                            <LocList>
                                <Loc EndOffset="2473" SrcFileId="1" StartOffset="2459"/>
                            </LocList>
                            <BasicStmnt CovItemId="S30" CovItemPrefix="printer.SmartPrinter.java" Intrnl_Id="96">
                                <LocList>
                                    <Loc EndOffset="2473" SrcFileId="1" StartOffset="2459"/>
                                </LocList>
                            </BasicStmnt>
                        </StmntSeq>
                    </HierarchyLvl>
                    <HierarchyLvl HierarchyLvlId="115" HierarchyLvlTypeId="5" Intrnl_Id="97" Name="getUtenteCorrente">
                        <Header>
                            <Loc EndOffset="2515" SrcFileId="1" StartOffset="2482"/>
                        </Header>
                        <LocList>
                            <Loc EndOffset="2547" SrcFileId="1" StartOffset="2482"/>
                        </LocList>
                        <StmntSeq Intrnl_Id="98">
                            <LocList>
                                <Loc EndOffset="2543" SrcFileId="1" StartOffset="2521"/>
                            </LocList>
                            <BasicStmnt CovItemId="S31" CovItemPrefix="printer.SmartPrinter.java" Intrnl_Id="99">
                                <LocList>
                                    <Loc EndOffset="2543" SrcFileId="1" StartOffset="2521"/>
                                </LocList>
                            </BasicStmnt>
                        </StmntSeq>
                    </HierarchyLvl>
                    <HierarchyLvl HierarchyLvlId="116" HierarchyLvlTypeId="5" Intrnl_Id="100" Name="aggiungiUtente">
                        <Header>
                            <Loc EndOffset="2588" SrcFileId="1" StartOffset="2552"/>
                        </Header>
                        <LocList>
                            <Loc EndOffset="2892" SrcFileId="1" StartOffset="2552"/>
                        </LocList>
                        <StmntSeq Intrnl_Id="101">
                            <LocList>
                                <Loc EndOffset="2875" SrcFileId="1" StartOffset="2600"/>
                            </LocList>
                            <CondStmnt CovItemId="S32" CovItemPrefix="printer.SmartPrinter.java" Intrnl_Id="102">
                                <Branch CovItemId="B5" CovItemPrefix="printer.SmartPrinter.java" Implct="false" Intrnl_Id="103">
                                    <Cond/>
                                    <LocList>
                                        <Loc EndOffset="2788" SrcFileId="1" StartOffset="2630"/>
                                    </LocList>
                                    <StmntSeq Intrnl_Id="104">
                                        <LocList>
                                            <Loc EndOffset="2664" SrcFileId="1" StartOffset="2642"/>
                                            <Loc EndOffset="2687" SrcFileId="1" StartOffset="2675"/>
                                            <Loc EndOffset="2777" SrcFileId="1" StartOffset="2698"/>
                                        </LocList>
                                        <BasicStmnt CovItemId="S33" CovItemPrefix="printer.SmartPrinter.java" Intrnl_Id="105">
                                            <LocList>
                                                <Loc EndOffset="2664" SrcFileId="1" StartOffset="2642"/>
                                            </LocList>
                                        </BasicStmnt>
                                        <BasicStmnt CovItemId="S34" CovItemPrefix="printer.SmartPrinter.java" Intrnl_Id="106">
                                            <LocList>
                                                <Loc EndOffset="2687" SrcFileId="1" StartOffset="2675"/>
                                            </LocList>
                                        </BasicStmnt>
                                        <BasicStmnt CovItemId="S35" CovItemPrefix="printer.SmartPrinter.java" Intrnl_Id="107">
                                            <LocList>
                                                <Loc EndOffset="2777" SrcFileId="1" StartOffset="2698"/>
                                            </LocList>
                                        </BasicStmnt>
                                    </StmntSeq>
                                </Branch>
                                <Branch CovItemId="B6" CovItemPrefix="printer.SmartPrinter.java" Implct="false" Intrnl_Id="108">
                                    <Cond>
                                        <Loc EndOffset="2802" SrcFileId="1" StartOffset="2798"/>
                                    </Cond>
                                    <LocList>
                                        <Loc EndOffset="2875" SrcFileId="1" StartOffset="2813"/>
                                    </LocList>
                                    <StmntSeq Intrnl_Id="109">
                                        <LocList>
                                            <Loc EndOffset="2875" SrcFileId="1" StartOffset="2813"/>
                                        </LocList>
                                        <BasicStmnt CovItemId="S36" CovItemPrefix="printer.SmartPrinter.java" Intrnl_Id="110">
                                            <LocList>
                                                <Loc EndOffset="2875" SrcFileId="1" StartOffset="2813"/>
                                            </LocList>
                                        </BasicStmnt>
                                    </StmntSeq>
                                </Branch>
                                <Keyword EndOffset="2602" SrcFileId="1" StartOffset="2600"/>
                                <LocList>
                                    <Loc EndOffset="2875" SrcFileId="1" StartOffset="2600"/>
                                </LocList>
                                <RootTerm CovItemId="C4" CovItemPrefix="printer.SmartPrinter.java" Intrnl_Id="111">
                                    <BasicBoolTerm Intrnl_Id="112">
                                        <LocList>
                                            <Loc EndOffset="2628" SrcFileId="1" StartOffset="2603"/>
                                        </LocList>
                                    </BasicBoolTerm>
                                </RootTerm>
                            </CondStmnt>
                        </StmntSeq>
                    </HierarchyLvl>
                    <HierarchyLvl HierarchyLvlId="117" HierarchyLvlTypeId="5" Intrnl_Id="113" Name="guastoStampante">
                        <Header>
                            <Loc EndOffset="2936" SrcFileId="1" StartOffset="2904"/>
                        </Header>
                        <LocList>
                            <Loc EndOffset="3025" SrcFileId="1" StartOffset="2904"/>
                        </LocList>
                        <StmntSeq Intrnl_Id="114">
                            <LocList>
                                <Loc EndOffset="3018" SrcFileId="1" StartOffset="2945"/>
                            </LocList>
                            <CondStmnt CovItemId="S37" CovItemPrefix="printer.SmartPrinter.java" Intrnl_Id="115">
                                <Branch CovItemId="B7" CovItemPrefix="printer.SmartPrinter.java" Implct="false" Intrnl_Id="116">
                                    <Cond/>
                                    <LocList>
                                        <Loc EndOffset="3018" SrcFileId="1" StartOffset="2984"/>
                                    </LocList>
                                    <StmntSeq Intrnl_Id="117">
                                        <LocList>
                                            <Loc EndOffset="3018" SrcFileId="1" StartOffset="2984"/>
                                        </LocList>
                                        <BasicStmnt CovItemId="S38" CovItemPrefix="printer.SmartPrinter.java" Intrnl_Id="118">
                                            <LocList>
                                                <Loc EndOffset="3018" SrcFileId="1" StartOffset="2984"/>
                                            </LocList>
                                        </BasicStmnt>
                                    </StmntSeq>
                                </Branch>
                                <Branch CovItemId="B8" CovItemPrefix="printer.SmartPrinter.java" Implct="true" Intrnl_Id="119">
                                    <Cond/>
                                    <LocList/>
                                    <StmntSeq Intrnl_Id="120">
                                        <LocList/>
                                    </StmntSeq>
                                </Branch>
                                <Keyword EndOffset="2947" SrcFileId="1" StartOffset="2945"/>
                                <LocList>
                                    <Loc EndOffset="3018" SrcFileId="1" StartOffset="2945"/>
                                </LocList>
                                <RootTerm CovItemId="C5" CovItemPrefix="printer.SmartPrinter.java" Intrnl_Id="121">
                                    <BasicBoolTerm Intrnl_Id="122">
                                        <LocList>
                                            <Loc EndOffset="2975" SrcFileId="1" StartOffset="2948"/>
                                        </LocList>
                                    </BasicBoolTerm>
                                </RootTerm>
                            </CondStmnt>
                        </StmntSeq>
                    </HierarchyLvl>
                    <HierarchyLvl HierarchyLvlId="118" HierarchyLvlTypeId="5" Intrnl_Id="123" Name="riparazioneStampante">
                        <Header>
                            <Loc EndOffset="3074" SrcFileId="1" StartOffset="3037"/>
                        </Header>
                        <LocList>
                            <Loc EndOffset="3173" SrcFileId="1" StartOffset="3037"/>
                        </LocList>
                        <StmntSeq Intrnl_Id="124">
                            <LocList>
                                <Loc EndOffset="3166" SrcFileId="1" StartOffset="3083"/>
                            </LocList>
                            <CondStmnt CovItemId="S39" CovItemPrefix="printer.SmartPrinter.java" Intrnl_Id="125">
                                <Branch CovItemId="B9" CovItemPrefix="printer.SmartPrinter.java" Implct="false" Intrnl_Id="126">
                                    <Cond/>
                                    <LocList>
                                        <Loc EndOffset="3166" SrcFileId="1" StartOffset="3129"/>
                                    </LocList>
                                    <StmntSeq Intrnl_Id="127">
                                        <LocList>
                                            <Loc EndOffset="3166" SrcFileId="1" StartOffset="3129"/>
                                        </LocList>
                                        <BasicStmnt CovItemId="S40" CovItemPrefix="printer.SmartPrinter.java" Intrnl_Id="128">
                                            <LocList>
                                                <Loc EndOffset="3166" SrcFileId="1" StartOffset="3129"/>
                                            </LocList>
                                        </BasicStmnt>
                                    </StmntSeq>
                                </Branch>
                                <Branch CovItemId="B10" CovItemPrefix="printer.SmartPrinter.java" Implct="true" Intrnl_Id="129">
                                    <Cond/>
                                    <LocList/>
                                    <StmntSeq Intrnl_Id="130">
                                        <LocList/>
                                    </StmntSeq>
                                </Branch>
                                <Keyword EndOffset="3085" SrcFileId="1" StartOffset="3083"/>
                                <LocList>
                                    <Loc EndOffset="3166" SrcFileId="1" StartOffset="3083"/>
                                </LocList>
                                <RootTerm CovItemId="C6" CovItemPrefix="printer.SmartPrinter.java" Intrnl_Id="131">
                                    <BasicBoolTerm Intrnl_Id="132">
                                        <LocList>
                                            <Loc EndOffset="3120" SrcFileId="1" StartOffset="3086"/>
                                        </LocList>
                                    </BasicBoolTerm>
                                </RootTerm>
                            </CondStmnt>
                        </StmntSeq>
                    </HierarchyLvl>
                    <HierarchyLvl HierarchyLvlId="119" HierarchyLvlTypeId="5" Intrnl_Id="133" Name="accendiStampante">
                        <Header>
                            <Loc EndOffset="3214" SrcFileId="1" StartOffset="3181"/>
                        </Header>
                        <LocList>
                            <Loc EndOffset="3459" SrcFileId="1" StartOffset="3181"/>
                        </LocList>
                        <StmntSeq Intrnl_Id="134">
                            <LocList>
                                <Loc EndOffset="3370" SrcFileId="1" StartOffset="3223"/>
                                <Loc EndOffset="3425" SrcFileId="1" StartOffset="3377"/>
                                <Loc EndOffset="3445" SrcFileId="1" StartOffset="3432"/>
                            </LocList>
                            <CondStmnt CovItemId="S41" CovItemPrefix="printer.SmartPrinter.java" Intrnl_Id="135">
                                <Branch CovItemId="B11" CovItemPrefix="printer.SmartPrinter.java" Implct="false" Intrnl_Id="136">
                                    <Cond/>
                                    <LocList>
                                        <Loc EndOffset="3370" SrcFileId="1" StartOffset="3256"/>
                                    </LocList>
                                    <StmntSeq Intrnl_Id="137">
                                        <LocList>
                                            <Loc EndOffset="3292" SrcFileId="1" StartOffset="3265"/>
                                            <Loc EndOffset="3342" SrcFileId="1" StartOffset="3300"/>
                                            <Loc EndOffset="3362" SrcFileId="1" StartOffset="3350"/>
                                        </LocList>
                                        <BasicStmnt CovItemId="S42" CovItemPrefix="printer.SmartPrinter.java" Intrnl_Id="138">
                                            <LocList>
                                                <Loc EndOffset="3292" SrcFileId="1" StartOffset="3265"/>
                                            </LocList>
                                        </BasicStmnt>
                                        <BasicStmnt CovItemId="S43" CovItemPrefix="printer.SmartPrinter.java" Intrnl_Id="139">
                                            <LocList>
                                                <Loc EndOffset="3342" SrcFileId="1" StartOffset="3300"/>
                                            </LocList>
                                        </BasicStmnt>
                                        <BasicStmnt CovItemId="S44" CovItemPrefix="printer.SmartPrinter.java" Intrnl_Id="140">
                                            <LocList>
                                                <Loc EndOffset="3362" SrcFileId="1" StartOffset="3350"/>
                                            </LocList>
                                        </BasicStmnt>
                                    </StmntSeq>
                                </Branch>
                                <Branch CovItemId="B12" CovItemPrefix="printer.SmartPrinter.java" Implct="true" Intrnl_Id="141">
                                    <Cond/>
                                    <LocList/>
                                    <StmntSeq Intrnl_Id="142">
                                        <LocList/>
                                    </StmntSeq>
                                </Branch>
                                <Keyword EndOffset="3225" SrcFileId="1" StartOffset="3223"/>
                                <LocList>
                                    <Loc EndOffset="3370" SrcFileId="1" StartOffset="3223"/>
                                </LocList>
                                <RootTerm CovItemId="C7" CovItemPrefix="printer.SmartPrinter.java" Intrnl_Id="143">
                                    <BasicBoolTerm Intrnl_Id="144">
                                        <LocList>
                                            <Loc EndOffset="3254" SrcFileId="1" StartOffset="3226"/>
                                        </LocList>
                                    </BasicBoolTerm>
                                </RootTerm>
                            </CondStmnt>
                            <BasicStmnt CovItemId="S45" CovItemPrefix="printer.SmartPrinter.java" Intrnl_Id="145">
                                <LocList>
                                    <Loc EndOffset="3425" SrcFileId="1" StartOffset="3377"/>
                                </LocList>
                            </BasicStmnt>
                            <BasicStmnt CovItemId="S46" CovItemPrefix="printer.SmartPrinter.java" Intrnl_Id="146">
                                <LocList>
                                    <Loc EndOffset="3445" SrcFileId="1" StartOffset="3432"/>
                                </LocList>
                            </BasicStmnt>
                        </StmntSeq>
                    </HierarchyLvl>
                    <HierarchyLvl HierarchyLvlId="120" HierarchyLvlTypeId="5" Intrnl_Id="147" Name="avvioStampante">
                        <Header>
                            <Loc EndOffset="3498" SrcFileId="1" StartOffset="3467"/>
                        </Header>
                        <LocList>
                            <Loc EndOffset="3934" SrcFileId="1" StartOffset="3467"/>
                        </LocList>
                        <StmntSeq Intrnl_Id="148">
                            <LocList>
                                <Loc EndOffset="3856" SrcFileId="1" StartOffset="3507"/>
                                <Loc EndOffset="3907" SrcFileId="1" StartOffset="3863"/>
                                <Loc EndOffset="3927" SrcFileId="1" StartOffset="3914"/>
                            </LocList>
                            <CondStmnt CovItemId="S47" CovItemPrefix="printer.SmartPrinter.java" Intrnl_Id="149">
                                <Branch CovItemId="B13" CovItemPrefix="printer.SmartPrinter.java" Implct="false" Intrnl_Id="150">
                                    <Cond/>
                                    <LocList>
                                        <Loc EndOffset="3856" SrcFileId="1" StartOffset="3539"/>
                                    </LocList>
                                    <StmntSeq Intrnl_Id="151">
                                        <LocList>
                                            <Loc EndOffset="3848" SrcFileId="1" StartOffset="3548"/>
                                        </LocList>
                                        <CondStmnt CovItemId="S48" CovItemPrefix="printer.SmartPrinter.java" Intrnl_Id="152">
                                            <Branch CovItemId="B15" CovItemPrefix="printer.SmartPrinter.java" Implct="false" Intrnl_Id="153">
                                                <Cond/>
                                                <LocList>
                                                    <Loc EndOffset="3713" SrcFileId="1" StartOffset="3587"/>
                                                </LocList>
                                                <StmntSeq Intrnl_Id="154">
                                                    <LocList>
                                                        <Loc EndOffset="3631" SrcFileId="1" StartOffset="3597"/>
                                                        <Loc EndOffset="3679" SrcFileId="1" StartOffset="3640"/>
                                                        <Loc EndOffset="3701" SrcFileId="1" StartOffset="3688"/>
                                                    </LocList>
                                                    <BasicStmnt CovItemId="S49" CovItemPrefix="printer.SmartPrinter.java" Intrnl_Id="155">
                                                        <LocList>
                                                            <Loc EndOffset="3631" SrcFileId="1" StartOffset="3597"/>
                                                        </LocList>
                                                    </BasicStmnt>
                                                    <BasicStmnt CovItemId="S50" CovItemPrefix="printer.SmartPrinter.java" Intrnl_Id="156">
                                                        <LocList>
                                                            <Loc EndOffset="3679" SrcFileId="1" StartOffset="3640"/>
                                                        </LocList>
                                                    </BasicStmnt>
                                                    <BasicStmnt CovItemId="S51" CovItemPrefix="printer.SmartPrinter.java" Intrnl_Id="157">
                                                        <LocList>
                                                            <Loc EndOffset="3701" SrcFileId="1" StartOffset="3688"/>
                                                        </LocList>
                                                    </BasicStmnt>
                                                </StmntSeq>
                                            </Branch>
                                            <Branch CovItemId="B16" CovItemPrefix="printer.SmartPrinter.java" Implct="false" Intrnl_Id="158">
                                                <Cond>
                                                    <Loc EndOffset="3728" SrcFileId="1" StartOffset="3724"/>
                                                </Cond>
                                                <LocList>
                                                    <Loc EndOffset="3848" SrcFileId="1" StartOffset="3729"/>
                                                </LocList>
                                                <StmntSeq Intrnl_Id="159">
                                                    <LocList>
                                                        <Loc EndOffset="3772" SrcFileId="1" StartOffset="3739"/>
                                                        <Loc EndOffset="3818" SrcFileId="1" StartOffset="3781"/>
                                                        <Loc EndOffset="3839" SrcFileId="1" StartOffset="3827"/>
                                                    </LocList>
                                                    <BasicStmnt CovItemId="S52" CovItemPrefix="printer.SmartPrinter.java" Intrnl_Id="160">
                                                        <LocList>
                                                            <Loc EndOffset="3772" SrcFileId="1" StartOffset="3739"/>
                                                        </LocList>
                                                    </BasicStmnt>
                                                    <BasicStmnt CovItemId="S53" CovItemPrefix="printer.SmartPrinter.java" Intrnl_Id="161">
                                                        <LocList>
                                                            <Loc EndOffset="3818" SrcFileId="1" StartOffset="3781"/>
                                                        </LocList>
                                                    </BasicStmnt>
                                                    <BasicStmnt CovItemId="S54" CovItemPrefix="printer.SmartPrinter.java" Intrnl_Id="162">
                                                        <LocList>
                                                            <Loc EndOffset="3839" SrcFileId="1" StartOffset="3827"/>
                                                        </LocList>
                                                    </BasicStmnt>
                                                </StmntSeq>
                                            </Branch>
                                            <Keyword EndOffset="3550" SrcFileId="1" StartOffset="3548"/>
                                            <LocList>
                                                <Loc EndOffset="3848" SrcFileId="1" StartOffset="3548"/>
                                            </LocList>
                                            <RootTerm CovItemId="C9" CovItemPrefix="printer.SmartPrinter.java" Intrnl_Id="163">
                                                <BasicBoolTerm Intrnl_Id="164">
                                                    <LocList>
                                                        <Loc EndOffset="3585" SrcFileId="1" StartOffset="3551"/>
                                                    </LocList>
                                                </BasicBoolTerm>
                                            </RootTerm>
                                        </CondStmnt>
                                    </StmntSeq>
                                </Branch>
                                <Branch CovItemId="B14" CovItemPrefix="printer.SmartPrinter.java" Implct="true" Intrnl_Id="165">
                                    <Cond/>
                                    <LocList/>
                                    <StmntSeq Intrnl_Id="166">
                                        <LocList/>
                                    </StmntSeq>
                                </Branch>
                                <Keyword EndOffset="3509" SrcFileId="1" StartOffset="3507"/>
                                <LocList>
                                    <Loc EndOffset="3856" SrcFileId="1" StartOffset="3507"/>
                                </LocList>
                                <RootTerm CovItemId="C8" CovItemPrefix="printer.SmartPrinter.java" Intrnl_Id="167">
                                    <BasicBoolTerm Intrnl_Id="168">
                                        <LocList>
                                            <Loc EndOffset="3537" SrcFileId="1" StartOffset="3510"/>
                                        </LocList>
                                    </BasicBoolTerm>
                                </RootTerm>
                            </CondStmnt>
                            <BasicStmnt CovItemId="S55" CovItemPrefix="printer.SmartPrinter.java" Intrnl_Id="169">
                                <LocList>
                                    <Loc EndOffset="3907" SrcFileId="1" StartOffset="3863"/>
                                </LocList>
                            </BasicStmnt>
                            <BasicStmnt CovItemId="S56" CovItemPrefix="printer.SmartPrinter.java" Intrnl_Id="170">
                                <LocList>
                                    <Loc EndOffset="3927" SrcFileId="1" StartOffset="3914"/>
                                </LocList>
                            </BasicStmnt>
                        </StmntSeq>
                    </HierarchyLvl>
                    <HierarchyLvl HierarchyLvlId="121" HierarchyLvlTypeId="5" Intrnl_Id="171" Name="gestioneGuasto">
                        <Header>
                            <Loc EndOffset="3977" SrcFileId="1" StartOffset="3946"/>
                        </Header>
                        <LocList>
                            <Loc EndOffset="4396" SrcFileId="1" StartOffset="3946"/>
                        </LocList>
                        <StmntSeq Intrnl_Id="172">
                            <LocList>
                                <Loc EndOffset="4318" SrcFileId="1" StartOffset="3986"/>
                                <Loc EndOffset="4369" SrcFileId="1" StartOffset="4325"/>
                                <Loc EndOffset="4389" SrcFileId="1" StartOffset="4376"/>
                            </LocList>
                            <CondStmnt CovItemId="S57" CovItemPrefix="printer.SmartPrinter.java" Intrnl_Id="173">
                                <Branch CovItemId="B17" CovItemPrefix="printer.SmartPrinter.java" Implct="false" Intrnl_Id="174">
                                    <Cond/>
                                    <LocList>
                                        <Loc EndOffset="4318" SrcFileId="1" StartOffset="4025"/>
                                    </LocList>
                                    <StmntSeq Intrnl_Id="175">
                                        <LocList>
                                            <Loc EndOffset="4310" SrcFileId="1" StartOffset="4034"/>
                                        </LocList>
                                        <CondStmnt CovItemId="S58" CovItemPrefix="printer.SmartPrinter.java" Intrnl_Id="176">
                                            <Branch CovItemId="B19" CovItemPrefix="printer.SmartPrinter.java" Implct="false" Intrnl_Id="177">
                                                <Cond/>
                                                <LocList>
                                                    <Loc EndOffset="4198" SrcFileId="1" StartOffset="4076"/>
                                                </LocList>
                                                <StmntSeq Intrnl_Id="178">
                                                    <LocList>
                                                        <Loc EndOffset="4119" SrcFileId="1" StartOffset="4086"/>
                                                        <Loc EndOffset="4165" SrcFileId="1" StartOffset="4128"/>
                                                        <Loc EndOffset="4186" SrcFileId="1" StartOffset="4174"/>
                                                    </LocList>
                                                    <BasicStmnt CovItemId="S59" CovItemPrefix="printer.SmartPrinter.java" Intrnl_Id="179">
                                                        <LocList>
                                                            <Loc EndOffset="4119" SrcFileId="1" StartOffset="4086"/>
                                                        </LocList>
                                                    </BasicStmnt>
                                                    <BasicStmnt CovItemId="S60" CovItemPrefix="printer.SmartPrinter.java" Intrnl_Id="180">
                                                        <LocList>
                                                            <Loc EndOffset="4165" SrcFileId="1" StartOffset="4128"/>
                                                        </LocList>
                                                    </BasicStmnt>
                                                    <BasicStmnt CovItemId="S61" CovItemPrefix="printer.SmartPrinter.java" Intrnl_Id="181">
                                                        <LocList>
                                                            <Loc EndOffset="4186" SrcFileId="1" StartOffset="4174"/>
                                                        </LocList>
                                                    </BasicStmnt>
                                                </StmntSeq>
                                            </Branch>
                                            <Branch CovItemId="B20" CovItemPrefix="printer.SmartPrinter.java" Implct="false" Intrnl_Id="182">
                                                <Cond>
                                                    <Loc EndOffset="4213" SrcFileId="1" StartOffset="4209"/>
                                                </Cond>
                                                <LocList>
                                                    <Loc EndOffset="4310" SrcFileId="1" StartOffset="4214"/>
                                                </LocList>
                                                <StmntSeq Intrnl_Id="183">
                                                    <LocList>
                                                        <Loc EndOffset="4273" SrcFileId="1" StartOffset="4227"/>
                                                        <Loc EndOffset="4298" SrcFileId="1" StartOffset="4285"/>
                                                    </LocList>
                                                    <BasicStmnt CovItemId="S62" CovItemPrefix="printer.SmartPrinter.java" Intrnl_Id="184">
                                                        <LocList>
                                                            <Loc EndOffset="4273" SrcFileId="1" StartOffset="4227"/>
                                                        </LocList>
                                                    </BasicStmnt>
                                                    <BasicStmnt CovItemId="S63" CovItemPrefix="printer.SmartPrinter.java" Intrnl_Id="185">
                                                        <LocList>
                                                            <Loc EndOffset="4298" SrcFileId="1" StartOffset="4285"/>
                                                        </LocList>
                                                    </BasicStmnt>
                                                </StmntSeq>
                                            </Branch>
                                            <Keyword EndOffset="4036" SrcFileId="1" StartOffset="4034"/>
                                            <LocList>
                                                <Loc EndOffset="4310" SrcFileId="1" StartOffset="4034"/>
                                            </LocList>
                                            <RootTerm CovItemId="C11" CovItemPrefix="printer.SmartPrinter.java" Intrnl_Id="186">
                                                <BasicBoolTerm Intrnl_Id="187">
                                                    <LocList>
                                                        <Loc EndOffset="4074" SrcFileId="1" StartOffset="4037"/>
                                                    </LocList>
                                                </BasicBoolTerm>
                                            </RootTerm>
                                        </CondStmnt>
                                    </StmntSeq>
                                </Branch>
                                <Branch CovItemId="B18" CovItemPrefix="printer.SmartPrinter.java" Implct="true" Intrnl_Id="188">
                                    <Cond/>
                                    <LocList/>
                                    <StmntSeq Intrnl_Id="189">
                                        <LocList/>
                                    </StmntSeq>
                                </Branch>
                                <Keyword EndOffset="3988" SrcFileId="1" StartOffset="3986"/>
                                <LocList>
                                    <Loc EndOffset="4318" SrcFileId="1" StartOffset="3986"/>
                                </LocList>
                                <RootTerm CovItemId="C10" CovItemPrefix="printer.SmartPrinter.java" Intrnl_Id="190">
                                    <BasicBoolTerm Intrnl_Id="191">
                                        <LocList>
                                            <Loc EndOffset="4023" SrcFileId="1" StartOffset="3989"/>
                                        </LocList>
                                    </BasicBoolTerm>
                                </RootTerm>
                            </CondStmnt>
                            <BasicStmnt CovItemId="S64" CovItemPrefix="printer.SmartPrinter.java" Intrnl_Id="192">
                                <LocList>
                                    <Loc EndOffset="4369" SrcFileId="1" StartOffset="4325"/>
                                </LocList>
                            </BasicStmnt>
                            <BasicStmnt CovItemId="S65" CovItemPrefix="printer.SmartPrinter.java" Intrnl_Id="193">
                                <LocList>
                                    <Loc EndOffset="4389" SrcFileId="1" StartOffset="4376"/>
                                </LocList>
                            </BasicStmnt>
                        </StmntSeq>
                    </HierarchyLvl>
                    <HierarchyLvl HierarchyLvlId="122" HierarchyLvlTypeId="5" Intrnl_Id="194" Name="identificazioneUtente">
                        <Header>
                            <Loc EndOffset="4458" SrcFileId="1" StartOffset="4408"/>
                        </Header>
                        <LocList>
                            <Loc EndOffset="4962" SrcFileId="1" StartOffset="4408"/>
                        </LocList>
                        <StmntSeq Intrnl_Id="195">
                            <LocList>
                                <Loc EndOffset="4884" SrcFileId="1" StartOffset="4467"/>
                                <Loc EndOffset="4935" SrcFileId="1" StartOffset="4891"/>
                                <Loc EndOffset="4955" SrcFileId="1" StartOffset="4942"/>
                            </LocList>
                            <CondStmnt CovItemId="S66" CovItemPrefix="printer.SmartPrinter.java" Intrnl_Id="196">
                                <Branch CovItemId="B21" CovItemPrefix="printer.SmartPrinter.java" Implct="false" Intrnl_Id="197">
                                    <Cond/>
                                    <LocList>
                                        <Loc EndOffset="4884" SrcFileId="1" StartOffset="4505"/>
                                    </LocList>
                                    <StmntSeq Intrnl_Id="198">
                                        <LocList>
                                            <Loc EndOffset="4876" SrcFileId="1" StartOffset="4515"/>
                                        </LocList>
                                        <CondStmnt CovItemId="S67" CovItemPrefix="printer.SmartPrinter.java" Intrnl_Id="199">
                                            <Branch CovItemId="B23" CovItemPrefix="printer.SmartPrinter.java" Implct="false" Intrnl_Id="200">
                                                <Cond/>
                                                <LocList>
                                                    <Loc EndOffset="4765" SrcFileId="1" StartOffset="4543"/>
                                                </LocList>
                                                <StmntSeq Intrnl_Id="201">
                                                    <LocList>
                                                        <Loc EndOffset="4600" SrcFileId="1" StartOffset="4553"/>
                                                        <Loc EndOffset="4643" SrcFileId="1" StartOffset="4609"/>
                                                        <Loc EndOffset="4732" SrcFileId="1" StartOffset="4652"/>
                                                        <Loc EndOffset="4753" SrcFileId="1" StartOffset="4741"/>
                                                    </LocList>
                                                    <BasicStmnt CovItemId="S68" CovItemPrefix="printer.SmartPrinter.java" Intrnl_Id="202">
                                                        <LocList>
                                                            <Loc EndOffset="4600" SrcFileId="1" StartOffset="4553"/>
                                                        </LocList>
                                                    </BasicStmnt>
                                                    <BasicStmnt CovItemId="S69" CovItemPrefix="printer.SmartPrinter.java" Intrnl_Id="203">
                                                        <LocList>
                                                            <Loc EndOffset="4643" SrcFileId="1" StartOffset="4609"/>
                                                        </LocList>
                                                    </BasicStmnt>
                                                    <BasicStmnt CovItemId="S70" CovItemPrefix="printer.SmartPrinter.java" Intrnl_Id="204">
                                                        <LocList>
                                                            <Loc EndOffset="4732" SrcFileId="1" StartOffset="4652"/>
                                                        </LocList>
                                                    </BasicStmnt>
                                                    <BasicStmnt CovItemId="S71" CovItemPrefix="printer.SmartPrinter.java" Intrnl_Id="205">
                                                        <LocList>
                                                            <Loc EndOffset="4753" SrcFileId="1" StartOffset="4741"/>
                                                        </LocList>
                                                    </BasicStmnt>
                                                </StmntSeq>
                                            </Branch>
                                            <Branch CovItemId="B24" CovItemPrefix="printer.SmartPrinter.java" Implct="false" Intrnl_Id="206">
                                                <Cond>
                                                    <Loc EndOffset="4780" SrcFileId="1" StartOffset="4776"/>
                                                </Cond>
                                                <LocList>
                                                    <Loc EndOffset="4876" SrcFileId="1" StartOffset="4781"/>
                                                </LocList>
                                                <StmntSeq Intrnl_Id="207">
                                                    <LocList>
                                                        <Loc EndOffset="4839" SrcFileId="1" StartOffset="4794"/>
                                                        <Loc EndOffset="4864" SrcFileId="1" StartOffset="4851"/>
                                                    </LocList>
                                                    <BasicStmnt CovItemId="S72" CovItemPrefix="printer.SmartPrinter.java" Intrnl_Id="208">
                                                        <LocList>
                                                            <Loc EndOffset="4839" SrcFileId="1" StartOffset="4794"/>
                                                        </LocList>
                                                    </BasicStmnt>
                                                    <BasicStmnt CovItemId="S73" CovItemPrefix="printer.SmartPrinter.java" Intrnl_Id="209">
                                                        <LocList>
                                                            <Loc EndOffset="4864" SrcFileId="1" StartOffset="4851"/>
                                                        </LocList>
                                                    </BasicStmnt>
                                                </StmntSeq>
                                            </Branch>
                                            <Keyword EndOffset="4517" SrcFileId="1" StartOffset="4515"/>
                                            <LocList>
                                                <Loc EndOffset="4876" SrcFileId="1" StartOffset="4515"/>
                                            </LocList>
                                            <RootTerm CovItemId="C13" CovItemPrefix="printer.SmartPrinter.java" Intrnl_Id="210">
                                                <BasicBoolTerm Intrnl_Id="211">
                                                    <LocList>
                                                        <Loc EndOffset="4541" SrcFileId="1" StartOffset="4518"/>
                                                    </LocList>
                                                </BasicBoolTerm>
                                            </RootTerm>
                                        </CondStmnt>
                                    </StmntSeq>
                                </Branch>
                                <Branch CovItemId="B22" CovItemPrefix="printer.SmartPrinter.java" Implct="true" Intrnl_Id="212">
                                    <Cond/>
                                    <LocList/>
                                    <StmntSeq Intrnl_Id="213">
                                        <LocList/>
                                    </StmntSeq>
                                </Branch>
                                <Keyword EndOffset="4469" SrcFileId="1" StartOffset="4467"/>
                                <LocList>
                                    <Loc EndOffset="4884" SrcFileId="1" StartOffset="4467"/>
                                </LocList>
                                <RootTerm CovItemId="C12" CovItemPrefix="printer.SmartPrinter.java" Intrnl_Id="214">
                                    <BasicBoolTerm Intrnl_Id="215">
                                        <LocList>
                                            <Loc EndOffset="4503" SrcFileId="1" StartOffset="4470"/>
                                        </LocList>
                                    </BasicBoolTerm>
                                </RootTerm>
                            </CondStmnt>
                            <BasicStmnt CovItemId="S74" CovItemPrefix="printer.SmartPrinter.java" Intrnl_Id="216">
                                <LocList>
                                    <Loc EndOffset="4935" SrcFileId="1" StartOffset="4891"/>
                                </LocList>
                            </BasicStmnt>
                            <BasicStmnt CovItemId="S75" CovItemPrefix="printer.SmartPrinter.java" Intrnl_Id="217">
                                <LocList>
                                    <Loc EndOffset="4955" SrcFileId="1" StartOffset="4942"/>
                                </LocList>
                            </BasicStmnt>
                        </StmntSeq>
                    </HierarchyLvl>
                    <HierarchyLvl HierarchyLvlId="123" HierarchyLvlTypeId="5" Intrnl_Id="218" Name="inserimentoPin">
                        <Header>
                            <Loc EndOffset="5002" SrcFileId="1" StartOffset="4970"/>
                        </Header>
                        <LocList>
                            <Loc EndOffset="5044" SrcFileId="1" StartOffset="4970"/>
                        </LocList>
                        <StmntSeq Intrnl_Id="219">
                            <LocList>
                                <Loc EndOffset="5037" SrcFileId="1" StartOffset="5024"/>
                            </LocList>
                            <BasicStmnt CovItemId="S76" CovItemPrefix="printer.SmartPrinter.java" Intrnl_Id="220">
                                <LocList>
                                    <Loc EndOffset="5037" SrcFileId="1" StartOffset="5024"/>
                                </LocList>
                            </BasicStmnt>
                        </StmntSeq>
                    </HierarchyLvl>
                    <HierarchyLvl HierarchyLvlId="124" HierarchyLvlTypeId="5" Intrnl_Id="221" Name="sceltaServizio">
                        <Header>
                            <Loc EndOffset="5088" SrcFileId="1" StartOffset="5056"/>
                        </Header>
                        <LocList>
                            <Loc EndOffset="5137" SrcFileId="1" StartOffset="5056"/>
                        </LocList>
                        <StmntSeq Intrnl_Id="222">
                            <LocList>
                                <Loc EndOffset="5123" SrcFileId="1" StartOffset="5110"/>
                            </LocList>
                            <BasicStmnt CovItemId="S77" CovItemPrefix="printer.SmartPrinter.java" Intrnl_Id="223">
                                <LocList>
                                    <Loc EndOffset="5123" SrcFileId="1" StartOffset="5110"/>
                                </LocList>
                            </BasicStmnt>
                        </StmntSeq>
                    </HierarchyLvl>
                    <HierarchyLvl HierarchyLvlId="125" HierarchyLvlTypeId="5" Intrnl_Id="224" Name="stampanteInUso">
                        <Header>
                            <Loc EndOffset="5181" SrcFileId="1" StartOffset="5149"/>
                        </Header>
                        <LocList>
                            <Loc EndOffset="5223" SrcFileId="1" StartOffset="5149"/>
                        </LocList>
                        <StmntSeq Intrnl_Id="225">
                            <LocList>
                                <Loc EndOffset="5216" SrcFileId="1" StartOffset="5203"/>
                            </LocList>
                            <BasicStmnt CovItemId="S78" CovItemPrefix="printer.SmartPrinter.java" Intrnl_Id="226">
                                <LocList>
                                    <Loc EndOffset="5216" SrcFileId="1" StartOffset="5203"/>
                                </LocList>
                            </BasicStmnt>
                        </StmntSeq>
                    </HierarchyLvl>
                    <HierarchyLvl HierarchyLvlId="126" HierarchyLvlTypeId="5" Intrnl_Id="227" Name="gestioneErrore">
                        <Header>
                            <Loc EndOffset="5267" SrcFileId="1" StartOffset="5235"/>
                        </Header>
                        <LocList>
                            <Loc EndOffset="5309" SrcFileId="1" StartOffset="5235"/>
                        </LocList>
                        <StmntSeq Intrnl_Id="228">
                            <LocList>
                                <Loc EndOffset="5302" SrcFileId="1" StartOffset="5289"/>
                            </LocList>
                            <BasicStmnt CovItemId="S79" CovItemPrefix="printer.SmartPrinter.java" Intrnl_Id="229">
                                <LocList>
                                    <Loc EndOffset="5302" SrcFileId="1" StartOffset="5289"/>
                                </LocList>
                            </BasicStmnt>
                        </StmntSeq>
                    </HierarchyLvl>
                    <HierarchyLvl HierarchyLvlId="127" HierarchyLvlTypeId="5" Intrnl_Id="230" Name="statoCorrente">
                        <Header>
                            <Loc EndOffset="5344" SrcFileId="1" StartOffset="5317"/>
                        </Header>
                        <LocList>
                            <Loc EndOffset="6042" SrcFileId="1" StartOffset="5317"/>
                        </LocList>
                        <StmntSeq Intrnl_Id="231">
                            <LocList>
                                <Loc EndOffset="5403" SrcFileId="1" StartOffset="5356"/>
                                <Loc EndOffset="5458" SrcFileId="1" StartOffset="5413"/>
                                <Loc EndOffset="5512" SrcFileId="1" StartOffset="5468"/>
                                <Loc EndOffset="5600" SrcFileId="1" StartOffset="5522"/>
                                <Loc EndOffset="5657" SrcFileId="1" StartOffset="5610"/>
                                <Loc EndOffset="5718" SrcFileId="1" StartOffset="5667"/>
                                <Loc EndOffset="5771" SrcFileId="1" StartOffset="5728"/>
                                <Loc EndOffset="5844" SrcFileId="1" StartOffset="5781"/>
                                <Loc EndOffset="5909" SrcFileId="1" StartOffset="5854"/>
                                <Loc EndOffset="5976" SrcFileId="1" StartOffset="5919"/>
                                <Loc EndOffset="6035" SrcFileId="1" StartOffset="5986"/>
                            </LocList>
                            <BasicStmnt CovItemId="S80" CovItemPrefix="printer.SmartPrinter.java" Intrnl_Id="232">
                                <LocList>
                                    <Loc EndOffset="5403" SrcFileId="1" StartOffset="5356"/>
                                </LocList>
                            </BasicStmnt>
                            <BasicStmnt CovItemId="S81" CovItemPrefix="printer.SmartPrinter.java" Intrnl_Id="233">
                                <LocList>
                                    <Loc EndOffset="5458" SrcFileId="1" StartOffset="5413"/>
                                </LocList>
                            </BasicStmnt>
                            <BasicStmnt CovItemId="S82" CovItemPrefix="printer.SmartPrinter.java" Intrnl_Id="234">
                                <LocList>
                                    <Loc EndOffset="5512" SrcFileId="1" StartOffset="5468"/>
                                </LocList>
                            </BasicStmnt>
                            <BasicStmnt CovItemId="S83" CovItemPrefix="printer.SmartPrinter.java" Intrnl_Id="235">
                                <LocList>
                                    <Loc EndOffset="5600" SrcFileId="1" StartOffset="5522"/>
                                </LocList>
                            </BasicStmnt>
                            <BasicStmnt CovItemId="S84" CovItemPrefix="printer.SmartPrinter.java" Intrnl_Id="236">
                                <LocList>
                                    <Loc EndOffset="5657" SrcFileId="1" StartOffset="5610"/>
                                </LocList>
                            </BasicStmnt>
                            <BasicStmnt CovItemId="S85" CovItemPrefix="printer.SmartPrinter.java" Intrnl_Id="237">
                                <LocList>
                                    <Loc EndOffset="5718" SrcFileId="1" StartOffset="5667"/>
                                </LocList>
                            </BasicStmnt>
                            <BasicStmnt CovItemId="S86" CovItemPrefix="printer.SmartPrinter.java" Intrnl_Id="238">
                                <LocList>
                                    <Loc EndOffset="5771" SrcFileId="1" StartOffset="5728"/>
                                </LocList>
                            </BasicStmnt>
                            <BasicStmnt CovItemId="S87" CovItemPrefix="printer.SmartPrinter.java" Intrnl_Id="239">
                                <LocList>
                                    <Loc EndOffset="5844" SrcFileId="1" StartOffset="5781"/>
                                </LocList>
                            </BasicStmnt>
                            <BasicStmnt CovItemId="S88" CovItemPrefix="printer.SmartPrinter.java" Intrnl_Id="240">
                                <LocList>
                                    <Loc EndOffset="5909" SrcFileId="1" StartOffset="5854"/>
                                </LocList>
                            </BasicStmnt>
                            <BasicStmnt CovItemId="S89" CovItemPrefix="printer.SmartPrinter.java" Intrnl_Id="241">
                                <LocList>
                                    <Loc EndOffset="5976" SrcFileId="1" StartOffset="5919"/>
                                </LocList>
                            </BasicStmnt>
                            <BasicStmnt CovItemId="S90" CovItemPrefix="printer.SmartPrinter.java" Intrnl_Id="242">
                                <LocList>
                                    <Loc EndOffset="6035" SrcFileId="1" StartOffset="5986"/>
                                </LocList>
                            </BasicStmnt>
                        </StmntSeq>
                    </HierarchyLvl>
                    <HierarchyLvl HierarchyLvlId="128" HierarchyLvlTypeId="5" Intrnl_Id="243" Name="usoStampante">
                        <Header>
                            <Loc EndOffset="6117" SrcFileId="1" StartOffset="6091"/>
                        </Header>
                        <LocList>
                            <Loc EndOffset="8947" SrcFileId="1" StartOffset="6091"/>
                        </LocList>
                        <StmntSeq Intrnl_Id="244">
                            <LocList>
                                <Loc EndOffset="6170" SrcFileId="1" StartOffset="6129"/>
                                <Loc EndOffset="6209" SrcFileId="1" StartOffset="6180"/>
                                <Loc EndOffset="6246" SrcFileId="1" StartOffset="6219"/>
                                <Loc EndOffset="8894" SrcFileId="1" StartOffset="6266"/>
                                <Loc EndOffset="8930" SrcFileId="1" StartOffset="8914"/>
                            </LocList>
                            <BasicStmnt CovItemId="S91" CovItemPrefix="printer.SmartPrinter.java" Intrnl_Id="245">
                                <LocList>
                                    <Loc EndOffset="6170" SrcFileId="1" StartOffset="6129"/>
                                </LocList>
                            </BasicStmnt>
                            <BasicStmnt CovItemId="S92" CovItemPrefix="printer.SmartPrinter.java" Intrnl_Id="246">
                                <LocList>
                                    <Loc EndOffset="6209" SrcFileId="1" StartOffset="6180"/>
                                </LocList>
                            </BasicStmnt>
                            <BasicStmnt CovItemId="S93" CovItemPrefix="printer.SmartPrinter.java" Intrnl_Id="247">
                                <LocList>
                                    <Loc EndOffset="6246" SrcFileId="1" StartOffset="6219"/>
                                </LocList>
                            </BasicStmnt>
                            <LoopStmnt CovItemId="S94" CovItemPrefix="printer.SmartPrinter.java" Intrnl_Id="248" MltplExecId="L3-2" MltplExecPrefix="printer.SmartPrinter.java" NvrExecId="L3-0" NvrExecPrefix="printer.SmartPrinter.java" OnceExecutedId="L3-1" OnceExecutedPrefix="printer.SmartPrinter.java" OptBodyExec="true">
                                <StmntSeq Intrnl_Id="249">
                                    <LocList>
                                        <Loc EndOffset="8872" SrcFileId="1" StartOffset="6310"/>
                                    </LocList>
                                    <CondStmnt CovItemId="S95" CovItemPrefix="printer.SmartPrinter.java" Intrnl_Id="250">
                                        <Branch CovItemId="B25" CovItemPrefix="printer.SmartPrinter.java" Implct="false" Intrnl_Id="251">
                                            <Cond>
                                                <Loc EndOffset="6355" SrcFileId="1" StartOffset="6344"/>
                                            </Cond>
                                            <LocList>
                                                <Loc EndOffset="6851" SrcFileId="1" StartOffset="6369"/>
                                            </LocList>
                                            <StmntSeq Intrnl_Id="252">
                                                <LocList>
                                                    <Loc EndOffset="6673" SrcFileId="1" StartOffset="6408"/>
                                                    <Loc EndOffset="6819" SrcFileId="1" StartOffset="6700"/>
                                                    <Loc EndOffset="6851" SrcFileId="1" StartOffset="6845"/>
                                                </LocList>
                                                <LoopStmnt CovItemId="S96" CovItemPrefix="printer.SmartPrinter.java" Intrnl_Id="253" MltplExecId="L4-2" MltplExecPrefix="printer.SmartPrinter.java" NvrExecId="L4-0" NvrExecPrefix="printer.SmartPrinter.java" OnceExecutedId="L4-1" OnceExecutedPrefix="printer.SmartPrinter.java" OptBodyExec="false">
                                                    <StmntSeq Intrnl_Id="254">
                                                        <LocList>
                                                            <Loc EndOffset="6487" SrcFileId="1" StartOffset="6426"/>
                                                            <Loc EndOffset="6555" SrcFileId="1" StartOffset="6501"/>
                                                            <Loc EndOffset="6627" SrcFileId="1" StartOffset="6569"/>
                                                        </LocList>
                                                        <BasicStmnt CovItemId="S97" CovItemPrefix="printer.SmartPrinter.java" Intrnl_Id="255">
                                                            <LocList>
                                                                <Loc EndOffset="6487" SrcFileId="1" StartOffset="6426"/>
                                                            </LocList>
                                                        </BasicStmnt>
                                                        <BasicStmnt CovItemId="S98" CovItemPrefix="printer.SmartPrinter.java" Intrnl_Id="256">
                                                            <LocList>
                                                                <Loc EndOffset="6555" SrcFileId="1" StartOffset="6501"/>
                                                            </LocList>
                                                        </BasicStmnt>
                                                        <BasicStmnt CovItemId="S99" CovItemPrefix="printer.SmartPrinter.java" Intrnl_Id="257">
                                                            <LocList>
                                                                <Loc EndOffset="6627" SrcFileId="1" StartOffset="6569"/>
                                                            </LocList>
                                                        </BasicStmnt>
                                                    </StmntSeq>
                                                    <Keyword EndOffset="6410" SrcFileId="1" StartOffset="6408"/>
                                                    <LocList>
                                                        <Loc EndOffset="6673" SrcFileId="1" StartOffset="6408"/>
                                                    </LocList>
                                                    <RootTerm CovItemId="C15" CovItemPrefix="printer.SmartPrinter.java" Intrnl_Id="258">
                                                        <OpTerm BooleanOpId="2" Intrnl_Id="259">
                                                            <BasicBoolTerm Intrnl_Id="260">
                                                                <LocList>
                                                                    <Loc EndOffset="6671" SrcFileId="1" StartOffset="6661"/>
                                                                </LocList>
                                                            </BasicBoolTerm>
                                                            <LocList>
                                                                <Loc EndOffset="6661" SrcFileId="1" StartOffset="6660"/>
                                                            </LocList>
                                                        </OpTerm>
                                                    </RootTerm>
                                                </LoopStmnt>
                                                <CondStmnt CovItemId="S100" CovItemPrefix="printer.SmartPrinter.java" Intrnl_Id="261">
                                                    <Branch CovItemId="B26" CovItemPrefix="printer.SmartPrinter.java" Implct="false" Intrnl_Id="262">
                                                        <Cond/>
                                                        <LocList>
                                                            <Loc EndOffset="6768" SrcFileId="1" StartOffset="6749"/>
                                                        </LocList>
                                                        <StmntSeq Intrnl_Id="263">
                                                            <LocList>
                                                                <Loc EndOffset="6768" SrcFileId="1" StartOffset="6749"/>
                                                            </LocList>
                                                            <BasicStmnt CovItemId="S101" CovItemPrefix="printer.SmartPrinter.java" Intrnl_Id="264">
                                                                <LocList>
                                                                    <Loc EndOffset="6768" SrcFileId="1" StartOffset="6749"/>
                                                                </LocList>
                                                            </BasicStmnt>
                                                        </StmntSeq>
                                                    </Branch>
                                                    <Branch CovItemId="B27" CovItemPrefix="printer.SmartPrinter.java" Implct="false" Intrnl_Id="265">
                                                        <Cond>
                                                            <Loc EndOffset="6785" SrcFileId="1" StartOffset="6781"/>
                                                        </Cond>
                                                        <LocList>
                                                            <Loc EndOffset="6819" SrcFileId="1" StartOffset="6799"/>
                                                        </LocList>
                                                        <StmntSeq Intrnl_Id="266">
                                                            <LocList>
                                                                <Loc EndOffset="6819" SrcFileId="1" StartOffset="6799"/>
                                                            </LocList>
                                                            <BasicStmnt CovItemId="S102" CovItemPrefix="printer.SmartPrinter.java" Intrnl_Id="267">
                                                                <LocList>
                                                                    <Loc EndOffset="6819" SrcFileId="1" StartOffset="6799"/>
                                                                </LocList>
                                                            </BasicStmnt>
                                                        </StmntSeq>
                                                    </Branch>
                                                    <Keyword EndOffset="6702" SrcFileId="1" StartOffset="6700"/>
                                                    <LocList>
                                                        <Loc EndOffset="6819" SrcFileId="1" StartOffset="6700"/>
                                                    </LocList>
                                                    <RootTerm CovItemId="C16" CovItemPrefix="printer.SmartPrinter.java" Intrnl_Id="268">
                                                        <BasicBoolTerm Intrnl_Id="269">
                                                            <LocList>
                                                                <Loc EndOffset="6734" SrcFileId="1" StartOffset="6703"/>
                                                            </LocList>
                                                        </BasicBoolTerm>
                                                    </RootTerm>
                                                </CondStmnt>
                                                <BasicStmnt CovItemId="S103" CovItemPrefix="printer.SmartPrinter.java" Intrnl_Id="270">
                                                    <LocList>
                                                        <Loc EndOffset="6851" SrcFileId="1" StartOffset="6845"/>
                                                    </LocList>
                                                </BasicStmnt>
                                            </StmntSeq>
                                        </Branch>
                                        <Branch CovItemId="B28" CovItemPrefix="printer.SmartPrinter.java" Implct="false" Intrnl_Id="271">
                                            <Cond>
                                                <Loc EndOffset="6880" SrcFileId="1" StartOffset="6870"/>
                                            </Cond>
                                            <LocList>
                                                <Loc EndOffset="7335" SrcFileId="1" StartOffset="6894"/>
                                            </LocList>
                                            <StmntSeq Intrnl_Id="272">
                                                <LocList>
                                                    <Loc EndOffset="7184" SrcFileId="1" StartOffset="6929"/>
                                                    <Loc EndOffset="7273" SrcFileId="1" StartOffset="7210"/>
                                                    <Loc EndOffset="7316" SrcFileId="1" StartOffset="7299"/>
                                                    <Loc EndOffset="7335" SrcFileId="1" StartOffset="7329"/>
                                                </LocList>
                                                <LoopStmnt CovItemId="S104" CovItemPrefix="printer.SmartPrinter.java" Intrnl_Id="273" MltplExecId="L5-2" MltplExecPrefix="printer.SmartPrinter.java" NvrExecId="L5-0" NvrExecPrefix="printer.SmartPrinter.java" OnceExecutedId="L5-1" OnceExecutedPrefix="printer.SmartPrinter.java" OptBodyExec="false">
                                                    <StmntSeq Intrnl_Id="274">
                                                        <LocList>
                                                            <Loc EndOffset="7006" SrcFileId="1" StartOffset="6947"/>
                                                            <Loc EndOffset="7070" SrcFileId="1" StartOffset="7020"/>
                                                            <Loc EndOffset="7138" SrcFileId="1" StartOffset="7084"/>
                                                        </LocList>
                                                        <BasicStmnt CovItemId="S105" CovItemPrefix="printer.SmartPrinter.java" Intrnl_Id="275">
                                                            <LocList>
                                                                <Loc EndOffset="7006" SrcFileId="1" StartOffset="6947"/>
                                                            </LocList>
                                                        </BasicStmnt>
                                                        <BasicStmnt CovItemId="S106" CovItemPrefix="printer.SmartPrinter.java" Intrnl_Id="276">
                                                            <LocList>
                                                                <Loc EndOffset="7070" SrcFileId="1" StartOffset="7020"/>
                                                            </LocList>
                                                        </BasicStmnt>
                                                        <BasicStmnt CovItemId="S107" CovItemPrefix="printer.SmartPrinter.java" Intrnl_Id="277">
                                                            <LocList>
                                                                <Loc EndOffset="7138" SrcFileId="1" StartOffset="7084"/>
                                                            </LocList>
                                                        </BasicStmnt>
                                                    </StmntSeq>
                                                    <Keyword EndOffset="6931" SrcFileId="1" StartOffset="6929"/>
                                                    <LocList>
                                                        <Loc EndOffset="7184" SrcFileId="1" StartOffset="6929"/>
                                                    </LocList>
                                                    <RootTerm CovItemId="C17" CovItemPrefix="printer.SmartPrinter.java" Intrnl_Id="278">
                                                        <OpTerm BooleanOpId="2" Intrnl_Id="279">
                                                            <BasicBoolTerm Intrnl_Id="280">
                                                                <LocList>
                                                                    <Loc EndOffset="7182" SrcFileId="1" StartOffset="7172"/>
                                                                </LocList>
                                                            </BasicBoolTerm>
                                                            <LocList>
                                                                <Loc EndOffset="7172" SrcFileId="1" StartOffset="7171"/>
                                                            </LocList>
                                                        </OpTerm>
                                                    </RootTerm>
                                                </LoopStmnt>
                                                <CondStmnt CovItemId="S108" CovItemPrefix="printer.SmartPrinter.java" Intrnl_Id="281">
                                                    <Branch CovItemId="B29" CovItemPrefix="printer.SmartPrinter.java" Implct="false" Intrnl_Id="282">
                                                        <Cond/>
                                                        <LocList>
                                                            <Loc EndOffset="7273" SrcFileId="1" StartOffset="7255"/>
                                                        </LocList>
                                                        <StmntSeq Intrnl_Id="283">
                                                            <LocList>
                                                                <Loc EndOffset="7273" SrcFileId="1" StartOffset="7255"/>
                                                            </LocList>
                                                            <BasicStmnt CovItemId="S109" CovItemPrefix="printer.SmartPrinter.java" Intrnl_Id="284">
                                                                <LocList>
                                                                    <Loc EndOffset="7273" SrcFileId="1" StartOffset="7255"/>
                                                                </LocList>
                                                            </BasicStmnt>
                                                        </StmntSeq>
                                                    </Branch>
                                                    <Branch CovItemId="B30" CovItemPrefix="printer.SmartPrinter.java" Implct="true" Intrnl_Id="285">
                                                        <Cond/>
                                                        <LocList/>
                                                        <StmntSeq Intrnl_Id="286">
                                                            <LocList/>
                                                        </StmntSeq>
                                                    </Branch>
                                                    <Keyword EndOffset="7212" SrcFileId="1" StartOffset="7210"/>
                                                    <LocList>
                                                        <Loc EndOffset="7273" SrcFileId="1" StartOffset="7210"/>
                                                    </LocList>
                                                    <RootTerm CovItemId="C18" CovItemPrefix="printer.SmartPrinter.java" Intrnl_Id="287">
                                                        <BasicBoolTerm Intrnl_Id="288">
                                                            <LocList>
                                                                <Loc EndOffset="7240" SrcFileId="1" StartOffset="7213"/>
                                                            </LocList>
                                                        </BasicBoolTerm>
                                                    </RootTerm>
                                                </CondStmnt>
                                                <BasicStmnt CovItemId="S110" CovItemPrefix="printer.SmartPrinter.java" Intrnl_Id="289">
                                                    <LocList>
                                                        <Loc EndOffset="7316" SrcFileId="1" StartOffset="7299"/>
                                                    </LocList>
                                                </BasicStmnt>
                                                <BasicStmnt CovItemId="S111" CovItemPrefix="printer.SmartPrinter.java" Intrnl_Id="290">
                                                    <LocList>
                                                        <Loc EndOffset="7335" SrcFileId="1" StartOffset="7329"/>
                                                    </LocList>
                                                </BasicStmnt>
                                            </StmntSeq>
                                        </Branch>
                                        <Branch CovItemId="B31" CovItemPrefix="printer.SmartPrinter.java" Implct="false" Intrnl_Id="291">
                                            <Cond>
                                                <Loc EndOffset="7371" SrcFileId="1" StartOffset="7354"/>
                                            </Cond>
                                            <LocList>
                                                <Loc EndOffset="7846" SrcFileId="1" StartOffset="7379"/>
                                            </LocList>
                                            <StmntSeq Intrnl_Id="292">
                                                <LocList>
                                                    <Loc EndOffset="7694" SrcFileId="1" StartOffset="7422"/>
                                                    <Loc EndOffset="7796" SrcFileId="1" StartOffset="7720"/>
                                                    <Loc EndOffset="7827" SrcFileId="1" StartOffset="7810"/>
                                                    <Loc EndOffset="7846" SrcFileId="1" StartOffset="7840"/>
                                                </LocList>
                                                <LoopStmnt CovItemId="S112" CovItemPrefix="printer.SmartPrinter.java" Intrnl_Id="293" MltplExecId="L6-2" MltplExecPrefix="printer.SmartPrinter.java" NvrExecId="L6-0" NvrExecPrefix="printer.SmartPrinter.java" OnceExecutedId="L6-1" OnceExecutedPrefix="printer.SmartPrinter.java" OptBodyExec="false">
                                                    <StmntSeq Intrnl_Id="294">
                                                        <LocList>
                                                            <Loc EndOffset="7500" SrcFileId="1" StartOffset="7440"/>
                                                            <Loc EndOffset="7572" SrcFileId="1" StartOffset="7514"/>
                                                            <Loc EndOffset="7648" SrcFileId="1" StartOffset="7586"/>
                                                        </LocList>
                                                        <BasicStmnt CovItemId="S113" CovItemPrefix="printer.SmartPrinter.java" Intrnl_Id="295">
                                                            <LocList>
                                                                <Loc EndOffset="7500" SrcFileId="1" StartOffset="7440"/>
                                                            </LocList>
                                                        </BasicStmnt>
                                                        <BasicStmnt CovItemId="S114" CovItemPrefix="printer.SmartPrinter.java" Intrnl_Id="296">
                                                            <LocList>
                                                                <Loc EndOffset="7572" SrcFileId="1" StartOffset="7514"/>
                                                            </LocList>
                                                        </BasicStmnt>
                                                        <BasicStmnt CovItemId="S115" CovItemPrefix="printer.SmartPrinter.java" Intrnl_Id="297">
                                                            <LocList>
                                                                <Loc EndOffset="7648" SrcFileId="1" StartOffset="7586"/>
                                                            </LocList>
                                                        </BasicStmnt>
                                                    </StmntSeq>
                                                    <Keyword EndOffset="7424" SrcFileId="1" StartOffset="7422"/>
                                                    <LocList>
                                                        <Loc EndOffset="7694" SrcFileId="1" StartOffset="7422"/>
                                                    </LocList>
                                                    <RootTerm CovItemId="C19" CovItemPrefix="printer.SmartPrinter.java" Intrnl_Id="298">
                                                        <OpTerm BooleanOpId="2" Intrnl_Id="299">
                                                            <BasicBoolTerm Intrnl_Id="300">
                                                                <LocList>
                                                                    <Loc EndOffset="7692" SrcFileId="1" StartOffset="7682"/>
                                                                </LocList>
                                                            </BasicBoolTerm>
                                                            <LocList>
                                                                <Loc EndOffset="7682" SrcFileId="1" StartOffset="7681"/>
                                                            </LocList>
                                                        </OpTerm>
                                                    </RootTerm>
                                                </LoopStmnt>
                                                <CondStmnt CovItemId="S116" CovItemPrefix="printer.SmartPrinter.java" Intrnl_Id="301">
                                                    <Branch CovItemId="B32" CovItemPrefix="printer.SmartPrinter.java" Implct="false" Intrnl_Id="302">
                                                        <Cond/>
                                                        <LocList>
                                                            <Loc EndOffset="7796" SrcFileId="1" StartOffset="7773"/>
                                                        </LocList>
                                                        <StmntSeq Intrnl_Id="303">
                                                            <LocList>
                                                                <Loc EndOffset="7796" SrcFileId="1" StartOffset="7773"/>
                                                            </LocList>
                                                            <BasicStmnt CovItemId="S117" CovItemPrefix="printer.SmartPrinter.java" Intrnl_Id="304">
                                                                <LocList>
                                                                    <Loc EndOffset="7796" SrcFileId="1" StartOffset="7773"/>
                                                                </LocList>
                                                            </BasicStmnt>
                                                        </StmntSeq>
                                                    </Branch>
                                                    <Branch CovItemId="B33" CovItemPrefix="printer.SmartPrinter.java" Implct="true" Intrnl_Id="305">
                                                        <Cond/>
                                                        <LocList/>
                                                        <StmntSeq Intrnl_Id="306">
                                                            <LocList/>
                                                        </StmntSeq>
                                                    </Branch>
                                                    <Keyword EndOffset="7722" SrcFileId="1" StartOffset="7720"/>
                                                    <LocList>
                                                        <Loc EndOffset="7796" SrcFileId="1" StartOffset="7720"/>
                                                    </LocList>
                                                    <RootTerm CovItemId="C20" CovItemPrefix="printer.SmartPrinter.java" Intrnl_Id="307">
                                                        <BasicBoolTerm Intrnl_Id="308">
                                                            <LocList>
                                                                <Loc EndOffset="7758" SrcFileId="1" StartOffset="7723"/>
                                                            </LocList>
                                                        </BasicBoolTerm>
                                                    </RootTerm>
                                                </CondStmnt>
                                                <BasicStmnt CovItemId="S118" CovItemPrefix="printer.SmartPrinter.java" Intrnl_Id="309">
                                                    <LocList>
                                                        <Loc EndOffset="7827" SrcFileId="1" StartOffset="7810"/>
                                                    </LocList>
                                                </BasicStmnt>
                                                <BasicStmnt CovItemId="S119" CovItemPrefix="printer.SmartPrinter.java" Intrnl_Id="310">
                                                    <LocList>
                                                        <Loc EndOffset="7846" SrcFileId="1" StartOffset="7840"/>
                                                    </LocList>
                                                </BasicStmnt>
                                            </StmntSeq>
                                        </Branch>
                                        <Branch CovItemId="B34" CovItemPrefix="printer.SmartPrinter.java" Implct="false" Intrnl_Id="311">
                                            <Cond>
                                                <Loc EndOffset="7881" SrcFileId="1" StartOffset="7865"/>
                                            </Cond>
                                            <LocList>
                                                <Loc EndOffset="8467" SrcFileId="1" StartOffset="7889"/>
                                            </LocList>
                                            <StmntSeq Intrnl_Id="312">
                                                <LocList>
                                                    <Loc EndOffset="7911" SrcFileId="1" StartOffset="7889"/>
                                                    <Loc EndOffset="7937" SrcFileId="1" StartOffset="7918"/>
                                                    <Loc EndOffset="8321" SrcFileId="1" StartOffset="7951"/>
                                                    <Loc EndOffset="8354" SrcFileId="1" StartOffset="8335"/>
                                                    <Loc EndOffset="8448" SrcFileId="1" StartOffset="8411"/>
                                                    <Loc EndOffset="8467" SrcFileId="1" StartOffset="8461"/>
                                                </LocList>
                                                <BasicStmnt CovItemId="S120" CovItemPrefix="printer.SmartPrinter.java" Intrnl_Id="313">
                                                    <LocList>
                                                        <Loc EndOffset="7911" SrcFileId="1" StartOffset="7889"/>
                                                    </LocList>
                                                </BasicStmnt>
                                                <BasicStmnt CovItemId="S121" CovItemPrefix="printer.SmartPrinter.java" Intrnl_Id="314">
                                                    <LocList>
                                                        <Loc EndOffset="7937" SrcFileId="1" StartOffset="7918"/>
                                                    </LocList>
                                                </BasicStmnt>
                                                <LoopStmnt CovItemId="S122" CovItemPrefix="printer.SmartPrinter.java" Intrnl_Id="315" MltplExecId="L7-2" MltplExecPrefix="printer.SmartPrinter.java" NvrExecId="L7-0" NvrExecPrefix="printer.SmartPrinter.java" OnceExecutedId="L7-1" OnceExecutedPrefix="printer.SmartPrinter.java" OptBodyExec="true">
                                                    <StmntSeq Intrnl_Id="316">
                                                        <LocList>
                                                            <Loc EndOffset="8031" SrcFileId="1" StartOffset="7979"/>
                                                            <Loc EndOffset="8096" SrcFileId="1" StartOffset="8062"/>
                                                            <Loc EndOffset="8130" SrcFileId="1" StartOffset="8112"/>
                                                            <Loc EndOffset="8313" SrcFileId="1" StartOffset="8041"/>
                                                        </LocList>
                                                        <BasicStmnt CovItemId="S123" CovItemPrefix="printer.SmartPrinter.java" Intrnl_Id="317">
                                                            <LocList>
                                                                <Loc EndOffset="8031" SrcFileId="1" StartOffset="7979"/>
                                                            </LocList>
                                                        </BasicStmnt>
                                                        <BasicStmnt CovItemId="S125" CovItemPrefix="printer.SmartPrinter.java" Intrnl_Id="318">
                                                            <LocList>
                                                                <Loc EndOffset="8096" SrcFileId="1" StartOffset="8062"/>
                                                            </LocList>
                                                        </BasicStmnt>
                                                        <BasicStmnt CovItemId="S126" CovItemPrefix="printer.SmartPrinter.java" Intrnl_Id="319">
                                                            <LocList>
                                                                <Loc EndOffset="8130" SrcFileId="1" StartOffset="8112"/>
                                                            </LocList>
                                                        </BasicStmnt>
                                                        <CondStmnt CovItemId="S124" CovItemPrefix="printer.SmartPrinter.java" Intrnl_Id="320">
                                                            <Branch CovItemId="B35" CovItemPrefix="printer.SmartPrinter.java" Implct="true" Intrnl_Id="321">
                                                                <Cond/>
                                                                <LocList/>
                                                                <StmntSeq Intrnl_Id="322">
                                                                    <LocList/>
                                                                </StmntSeq>
                                                            </Branch>
                                                            <Branch CovItemId="B36" CovItemPrefix="printer.SmartPrinter.java" Implct="false" Intrnl_Id="323">
                                                                <Cond>
                                                                    <Loc EndOffset="8176" SrcFileId="1" StartOffset="8144"/>
                                                                </Cond>
                                                                <LocList>
                                                                    <Loc EndOffset="8313" SrcFileId="1" StartOffset="8177"/>
                                                                </LocList>
                                                                <StmntSeq Intrnl_Id="324">
                                                                    <LocList>
                                                                        <Loc EndOffset="8264" SrcFileId="1" StartOffset="8194"/>
                                                                        <Loc EndOffset="8299" SrcFileId="1" StartOffset="8280"/>
                                                                    </LocList>
                                                                    <BasicStmnt CovItemId="S127" CovItemPrefix="printer.SmartPrinter.java" Intrnl_Id="325">
                                                                        <LocList>
                                                                            <Loc EndOffset="8264" SrcFileId="1" StartOffset="8194"/>
                                                                        </LocList>
                                                                    </BasicStmnt>
                                                                    <BasicStmnt CovItemId="S128" CovItemPrefix="printer.SmartPrinter.java" Intrnl_Id="326">
                                                                        <LocList>
                                                                            <Loc EndOffset="8299" SrcFileId="1" StartOffset="8280"/>
                                                                        </LocList>
                                                                    </BasicStmnt>
                                                                </StmntSeq>
                                                            </Branch>
                                                            <Keyword EndOffset="8044" SrcFileId="1" StartOffset="8041"/>
                                                            <LocList>
                                                                <Loc EndOffset="8313" SrcFileId="1" StartOffset="8041"/>
                                                            </LocList>
                                                        </CondStmnt>
                                                    </StmntSeq>
                                                    <Keyword EndOffset="7956" SrcFileId="1" StartOffset="7951"/>
                                                    <LocList>
                                                        <Loc EndOffset="8321" SrcFileId="1" StartOffset="7951"/>
                                                    </LocList>
                                                    <RootTerm CovItemId="C21" CovItemPrefix="printer.SmartPrinter.java" Intrnl_Id="327">
                                                        <OpTerm BooleanOpId="2" Intrnl_Id="328">
                                                            <BasicBoolTerm Intrnl_Id="329">
                                                                <LocList>
                                                                    <Loc EndOffset="7968" SrcFileId="1" StartOffset="7958"/>
                                                                </LocList>
                                                            </BasicBoolTerm>
                                                            <LocList>
                                                                <Loc EndOffset="7958" SrcFileId="1" StartOffset="7957"/>
                                                            </LocList>
                                                        </OpTerm>
                                                    </RootTerm>
                                                </LoopStmnt>
                                                <BasicStmnt CovItemId="S129" CovItemPrefix="printer.SmartPrinter.java" Intrnl_Id="330">
                                                    <LocList>
                                                        <Loc EndOffset="8354" SrcFileId="1" StartOffset="8335"/>
                                                    </LocList>
                                                </BasicStmnt>
                                                <BasicStmnt CovItemId="S130" CovItemPrefix="printer.SmartPrinter.java" Intrnl_Id="331">
                                                    <LocList>
                                                        <Loc EndOffset="8448" SrcFileId="1" StartOffset="8411"/>
                                                    </LocList>
                                                </BasicStmnt>
                                                <BasicStmnt CovItemId="S131" CovItemPrefix="printer.SmartPrinter.java" Intrnl_Id="332">
                                                    <LocList>
                                                        <Loc EndOffset="8467" SrcFileId="1" StartOffset="8461"/>
                                                    </LocList>
                                                </BasicStmnt>
                                            </StmntSeq>
                                        </Branch>
                                        <Branch CovItemId="B37" CovItemPrefix="printer.SmartPrinter.java" Implct="false" Intrnl_Id="333">
                                            <Cond>
                                                <Loc EndOffset="8503" SrcFileId="1" StartOffset="8486"/>
                                            </Cond>
                                            <LocList>
                                                <Loc EndOffset="8696" SrcFileId="1" StartOffset="8537"/>
                                            </LocList>
                                            <StmntSeq Intrnl_Id="334">
                                                <LocList>
                                                    <Loc EndOffset="8553" SrcFileId="1" StartOffset="8537"/>
                                                    <Loc EndOffset="8608" SrcFileId="1" StartOffset="8560"/>
                                                    <Loc EndOffset="8670" SrcFileId="1" StartOffset="8621"/>
                                                    <Loc EndOffset="8696" SrcFileId="1" StartOffset="8690"/>
                                                </LocList>
                                                <BasicStmnt CovItemId="S132" CovItemPrefix="printer.SmartPrinter.java" Intrnl_Id="335">
                                                    <LocList>
                                                        <Loc EndOffset="8553" SrcFileId="1" StartOffset="8537"/>
                                                    </LocList>
                                                </BasicStmnt>
                                                <BasicStmnt CovItemId="S133" CovItemPrefix="printer.SmartPrinter.java" Intrnl_Id="336">
                                                    <LocList>
                                                        <Loc EndOffset="8608" SrcFileId="1" StartOffset="8560"/>
                                                    </LocList>
                                                </BasicStmnt>
                                                <BasicStmnt CovItemId="S134" CovItemPrefix="printer.SmartPrinter.java" Intrnl_Id="337">
                                                    <LocList>
                                                        <Loc EndOffset="8670" SrcFileId="1" StartOffset="8621"/>
                                                    </LocList>
                                                </BasicStmnt>
                                                <BasicStmnt CovItemId="S135" CovItemPrefix="printer.SmartPrinter.java" Intrnl_Id="338">
                                                    <LocList>
                                                        <Loc EndOffset="8696" SrcFileId="1" StartOffset="8690"/>
                                                    </LocList>
                                                </BasicStmnt>
                                            </StmntSeq>
                                        </Branch>
                                        <Branch CovItemId="B38" CovItemPrefix="printer.SmartPrinter.java" Implct="false" Intrnl_Id="339">
                                            <Cond>
                                                <Loc EndOffset="8713" SrcFileId="1" StartOffset="8702"/>
                                            </Cond>
                                            <LocList>
                                                <Loc EndOffset="8751" SrcFileId="1" StartOffset="8721"/>
                                            </LocList>
                                            <StmntSeq Intrnl_Id="340">
                                                <LocList>
                                                    <Loc EndOffset="8738" SrcFileId="1" StartOffset="8721"/>
                                                    <Loc EndOffset="8751" SrcFileId="1" StartOffset="8745"/>
                                                </LocList>
                                                <BasicStmnt CovItemId="S136" CovItemPrefix="printer.SmartPrinter.java" Intrnl_Id="341">
                                                    <LocList>
                                                        <Loc EndOffset="8738" SrcFileId="1" StartOffset="8721"/>
                                                    </LocList>
                                                </BasicStmnt>
                                                <BasicStmnt CovItemId="S137" CovItemPrefix="printer.SmartPrinter.java" Intrnl_Id="342">
                                                    <LocList>
                                                        <Loc EndOffset="8751" SrcFileId="1" StartOffset="8745"/>
                                                    </LocList>
                                                </BasicStmnt>
                                            </StmntSeq>
                                        </Branch>
                                        <Branch CovItemId="B39" CovItemPrefix="printer.SmartPrinter.java" Implct="false" Intrnl_Id="343">
                                            <Cond>
                                                <Loc EndOffset="8767" SrcFileId="1" StartOffset="8757"/>
                                            </Cond>
                                            <LocList>
                                                <Loc EndOffset="8805" SrcFileId="1" StartOffset="8775"/>
                                            </LocList>
                                            <StmntSeq Intrnl_Id="344">
                                                <LocList>
                                                    <Loc EndOffset="8792" SrcFileId="1" StartOffset="8775"/>
                                                    <Loc EndOffset="8805" SrcFileId="1" StartOffset="8799"/>
                                                </LocList>
                                                <BasicStmnt CovItemId="S138" CovItemPrefix="printer.SmartPrinter.java" Intrnl_Id="345">
                                                    <LocList>
                                                        <Loc EndOffset="8792" SrcFileId="1" StartOffset="8775"/>
                                                    </LocList>
                                                </BasicStmnt>
                                                <BasicStmnt CovItemId="S139" CovItemPrefix="printer.SmartPrinter.java" Intrnl_Id="346">
                                                    <LocList>
                                                        <Loc EndOffset="8805" SrcFileId="1" StartOffset="8799"/>
                                                    </LocList>
                                                </BasicStmnt>
                                            </StmntSeq>
                                        </Branch>
                                        <Branch CovItemId="B40" CovItemPrefix="printer.SmartPrinter.java" Implct="false" Intrnl_Id="347">
                                            <Cond>
                                                <Loc EndOffset="8822" SrcFileId="1" StartOffset="8811"/>
                                            </Cond>
                                            <LocList>
                                                <Loc EndOffset="8860" SrcFileId="1" StartOffset="8830"/>
                                            </LocList>
                                            <StmntSeq Intrnl_Id="348">
                                                <LocList>
                                                    <Loc EndOffset="8847" SrcFileId="1" StartOffset="8830"/>
                                                    <Loc EndOffset="8860" SrcFileId="1" StartOffset="8854"/>
                                                </LocList>
                                                <BasicStmnt CovItemId="S140" CovItemPrefix="printer.SmartPrinter.java" Intrnl_Id="349">
                                                    <LocList>
                                                        <Loc EndOffset="8847" SrcFileId="1" StartOffset="8830"/>
                                                    </LocList>
                                                </BasicStmnt>
                                                <BasicStmnt CovItemId="S141" CovItemPrefix="printer.SmartPrinter.java" Intrnl_Id="350">
                                                    <LocList>
                                                        <Loc EndOffset="8860" SrcFileId="1" StartOffset="8854"/>
                                                    </LocList>
                                                </BasicStmnt>
                                            </StmntSeq>
                                        </Branch>
                                        <Branch CovItemId="B41" CovItemPrefix="printer.SmartPrinter.java" Implct="true" Intrnl_Id="351">
                                            <Cond/>
                                            <LocList/>
                                            <StmntSeq Intrnl_Id="352">
                                                <LocList/>
                                            </StmntSeq>
                                        </Branch>
                                        <Keyword EndOffset="6316" SrcFileId="1" StartOffset="6310"/>
                                        <LocList>
                                            <Loc EndOffset="8872" SrcFileId="1" StartOffset="6310"/>
                                        </LocList>
                                    </CondStmnt>
                                </StmntSeq>
                                <Keyword EndOffset="6271" SrcFileId="1" StartOffset="6266"/>
                                <LocList>
                                    <Loc EndOffset="8894" SrcFileId="1" StartOffset="6266"/>
                                </LocList>
                                <RootTerm CovItemId="C14" CovItemPrefix="printer.SmartPrinter.java" Intrnl_Id="353">
                                    <OpTerm BooleanOpId="2" Intrnl_Id="354">
                                        <BasicBoolTerm Intrnl_Id="355">
                                            <LocList>
                                                <Loc EndOffset="6285" SrcFileId="1" StartOffset="6273"/>
                                            </LocList>
                                        </BasicBoolTerm>
                                        <LocList>
                                            <Loc EndOffset="6273" SrcFileId="1" StartOffset="6272"/>
                                        </LocList>
                                    </OpTerm>
                                </RootTerm>
                            </LoopStmnt>
                            <BasicStmnt CovItemId="S142" CovItemPrefix="printer.SmartPrinter.java" Intrnl_Id="356">
                                <LocList>
                                    <Loc EndOffset="8930" SrcFileId="1" StartOffset="8914"/>
                                </LocList>
                            </BasicStmnt>
                        </StmntSeq>
                    </HierarchyLvl>
                </HierarchyLvl>
            </HierarchyLvl>
        </HierarchyLvl>
    </MASTRoot>
    <TestSession Comment="" Date="1751881843929" Name="7 lug 2025, 11:50:43">
        <TestCase Comment="" Date="1751881843806" Name="printer.SmartPrinterTest:gestioneGuastoTest">
            <CovList>
                <CovPrefix CovItemPrefix="printer.SmartPrinter.java">
                    <Cov CovItemId="B11" Value="1"/>
                    <Cov CovItemId="B13" Value="1"/>
                    <Cov CovItemId="B15" Value="1"/>
                    <Cov CovItemId="B17" Value="2"/>
                    <Cov CovItemId="B18" Value="1"/>
                    <Cov CovItemId="B19" Value="1"/>
                    <Cov CovItemId="B20" Value="1"/>
                    <Cov CovItemId="B5" Value="3"/>
                    <Cov CovItemId="B7" Value="1"/>
                    <Cov CovItemId="B9" Value="1"/>
                    <Cov CovItemId="S1" Value="1"/>
                    <Cov CovItemId="S12" Value="1"/>
                    <Cov CovItemId="S13" Value="1"/>
                    <Cov CovItemId="S14" Value="1"/>
                    <Cov CovItemId="S15" Value="1"/>
                    <Cov CovItemId="S16" Value="1"/>
                    <Cov CovItemId="S17" Value="1"/>
                    <Cov CovItemId="S18" Value="1"/>
                    <Cov CovItemId="S19" Value="1"/>
                    <Cov CovItemId="S20" Value="1"/>
                    <Cov CovItemId="S21" Value="2"/>
                    <Cov CovItemId="S23" Value="1"/>
                    <Cov CovItemId="S32" Value="3"/>
                    <Cov CovItemId="S33" Value="3"/>
                    <Cov CovItemId="S34" Value="3"/>
                    <Cov CovItemId="S35" Value="3"/>
                    <Cov CovItemId="S37" Value="1"/>
                    <Cov CovItemId="S38" Value="1"/>
                    <Cov CovItemId="S39" Value="1"/>
                    <Cov CovItemId="S40" Value="1"/>
                    <Cov CovItemId="S41" Value="1"/>
                    <Cov CovItemId="S42" Value="1"/>
                    <Cov CovItemId="S43" Value="1"/>
                    <Cov CovItemId="S44" Value="1"/>
                    <Cov CovItemId="S47" Value="1"/>
                    <Cov CovItemId="S48" Value="1"/>
                    <Cov CovItemId="S49" Value="1"/>
                    <Cov CovItemId="S50" Value="1"/>
                    <Cov CovItemId="S51" Value="1"/>
                    <Cov CovItemId="S57" Value="3"/>
                    <Cov CovItemId="S58" Value="2"/>
                    <Cov CovItemId="S59" Value="1"/>
                    <Cov CovItemId="S60" Value="1"/>
                    <Cov CovItemId="S61" Value="1"/>
                    <Cov CovItemId="S62" Value="1"/>
                    <Cov CovItemId="S63" Value="1"/>
                    <Cov CovItemId="S64" Value="1"/>
                    <Cov CovItemId="S65" Value="1"/>
                </CovPrefix>
            </CovList>
            <AssgnmntList>
                <AssgnmntPrefix RootTermCovItemPrefix="printer.SmartPrinter.java">
                    <AssgnmntListEntry Length="1" RootTermCovItemId="C10">
                        <MapEntry BoolAssgnmnt="0" Value="1"/>
                        <MapEntry BoolAssgnmnt="1" Value="2"/>
                    </AssgnmntListEntry>
                    <AssgnmntListEntry Length="1" RootTermCovItemId="C11">
                        <MapEntry BoolAssgnmnt="0" Value="1"/>
                        <MapEntry BoolAssgnmnt="1" Value="1"/>
                    </AssgnmntListEntry>
                    <AssgnmntListEntry Length="1" RootTermCovItemId="C4">
                        <MapEntry BoolAssgnmnt="1" Value="3"/>
                    </AssgnmntListEntry>
                    <AssgnmntListEntry Length="1" RootTermCovItemId="C5">
                        <MapEntry BoolAssgnmnt="1" Value="1"/>
                    </AssgnmntListEntry>
                    <AssgnmntListEntry Length="1" RootTermCovItemId="C6">
                        <MapEntry BoolAssgnmnt="1" Value="1"/>
                    </AssgnmntListEntry>
                    <AssgnmntListEntry Length="1" RootTermCovItemId="C7">
                        <MapEntry BoolAssgnmnt="1" Value="1"/>
                    </AssgnmntListEntry>
                    <AssgnmntListEntry Length="1" RootTermCovItemId="C8">
                        <MapEntry BoolAssgnmnt="1" Value="1"/>
                    </AssgnmntListEntry>
                    <AssgnmntListEntry Length="1" RootTermCovItemId="C9">
                        <MapEntry BoolAssgnmnt="1" Value="1"/>
                    </AssgnmntListEntry>
                </AssgnmntPrefix>
            </AssgnmntList>
            <ObjMetaDataList/>
            <MetaDataList/>
        </TestCase>
        <TestCase Comment="" Date="1751881843852" Name="printer.SmartPrinterTest:accendiStampanteTest">
            <CovList>
                <CovPrefix CovItemPrefix="printer.SmartPrinter.java">
                    <Cov CovItemId="B11" Value="1"/>
                    <Cov CovItemId="B12" Value="1"/>
                    <Cov CovItemId="B5" Value="3"/>
                    <Cov CovItemId="S1" Value="1"/>
                    <Cov CovItemId="S12" Value="1"/>
                    <Cov CovItemId="S13" Value="1"/>
                    <Cov CovItemId="S14" Value="1"/>
                    <Cov CovItemId="S15" Value="1"/>
                    <Cov CovItemId="S16" Value="1"/>
                    <Cov CovItemId="S17" Value="1"/>
                    <Cov CovItemId="S18" Value="1"/>
                    <Cov CovItemId="S19" Value="1"/>
                    <Cov CovItemId="S20" Value="1"/>
                    <Cov CovItemId="S21" Value="2"/>
                    <Cov CovItemId="S32" Value="3"/>
                    <Cov CovItemId="S33" Value="3"/>
                    <Cov CovItemId="S34" Value="3"/>
                    <Cov CovItemId="S35" Value="3"/>
                    <Cov CovItemId="S41" Value="2"/>
                    <Cov CovItemId="S42" Value="1"/>
                    <Cov CovItemId="S43" Value="1"/>
                    <Cov CovItemId="S44" Value="1"/>
                    <Cov CovItemId="S45" Value="1"/>
                    <Cov CovItemId="S46" Value="1"/>
                </CovPrefix>
            </CovList>
            <AssgnmntList>
                <AssgnmntPrefix RootTermCovItemPrefix="printer.SmartPrinter.java">
                    <AssgnmntListEntry Length="1" RootTermCovItemId="C4">
                        <MapEntry BoolAssgnmnt="1" Value="3"/>
                    </AssgnmntListEntry>
                    <AssgnmntListEntry Length="1" RootTermCovItemId="C7">
                        <MapEntry BoolAssgnmnt="0" Value="1"/>
                        <MapEntry BoolAssgnmnt="1" Value="1"/>
                    </AssgnmntListEntry>
                </AssgnmntPrefix>
            </AssgnmntList>
            <ObjMetaDataList/>
            <MetaDataList/>
        </TestCase>
        <TestCase Comment="" Date="1751881843854" Name="printer.SmartPrinterTest:avvioStampanteTestGuasta">
            <CovList>
                <CovPrefix CovItemPrefix="printer.SmartPrinter.java">
                    <Cov CovItemId="B11" Value="1"/>
                    <Cov CovItemId="B13" Value="1"/>
                    <Cov CovItemId="B15" Value="1"/>
                    <Cov CovItemId="B5" Value="3"/>
                    <Cov CovItemId="B7" Value="1"/>
                    <Cov CovItemId="S1" Value="1"/>
                    <Cov CovItemId="S12" Value="1"/>
                    <Cov CovItemId="S13" Value="1"/>
                    <Cov CovItemId="S14" Value="1"/>
                    <Cov CovItemId="S15" Value="1"/>
                    <Cov CovItemId="S16" Value="1"/>
                    <Cov CovItemId="S17" Value="1"/>
                    <Cov CovItemId="S18" Value="1"/>
                    <Cov CovItemId="S19" Value="1"/>
                    <Cov CovItemId="S20" Value="1"/>
                    <Cov CovItemId="S21" Value="1"/>
                    <Cov CovItemId="S23" Value="1"/>
                    <Cov CovItemId="S32" Value="3"/>
                    <Cov CovItemId="S33" Value="3"/>
                    <Cov CovItemId="S34" Value="3"/>
                    <Cov CovItemId="S35" Value="3"/>
                    <Cov CovItemId="S37" Value="1"/>
                    <Cov CovItemId="S38" Value="1"/>
                    <Cov CovItemId="S41" Value="1"/>
                    <Cov CovItemId="S42" Value="1"/>
                    <Cov CovItemId="S43" Value="1"/>
                    <Cov CovItemId="S44" Value="1"/>
                    <Cov CovItemId="S47" Value="1"/>
                    <Cov CovItemId="S48" Value="1"/>
                    <Cov CovItemId="S49" Value="1"/>
                    <Cov CovItemId="S50" Value="1"/>
                    <Cov CovItemId="S51" Value="1"/>
                </CovPrefix>
            </CovList>
            <AssgnmntList>
                <AssgnmntPrefix RootTermCovItemPrefix="printer.SmartPrinter.java">
                    <AssgnmntListEntry Length="1" RootTermCovItemId="C4">
                        <MapEntry BoolAssgnmnt="1" Value="3"/>
                    </AssgnmntListEntry>
                    <AssgnmntListEntry Length="1" RootTermCovItemId="C5">
                        <MapEntry BoolAssgnmnt="1" Value="1"/>
                    </AssgnmntListEntry>
                    <AssgnmntListEntry Length="1" RootTermCovItemId="C7">
                        <MapEntry BoolAssgnmnt="1" Value="1"/>
                    </AssgnmntListEntry>
                    <AssgnmntListEntry Length="1" RootTermCovItemId="C8">
                        <MapEntry BoolAssgnmnt="1" Value="1"/>
                    </AssgnmntListEntry>
                    <AssgnmntListEntry Length="1" RootTermCovItemId="C9">
                        <MapEntry BoolAssgnmnt="1" Value="1"/>
                    </AssgnmntListEntry>
                </AssgnmntPrefix>
            </AssgnmntList>
            <ObjMetaDataList/>
            <MetaDataList/>
        </TestCase>
        <TestCase Comment="" Date="1751881843858" Name="printer.SmartPrinterTest:aggiungiUtenteTest">
            <CovList>
                <CovPrefix CovItemPrefix="printer.SmartPrinter.java">
                    <Cov CovItemId="B1" Value="3"/>
                    <Cov CovItemId="B2" Value="6"/>
                    <Cov CovItemId="B5" Value="3"/>
                    <Cov CovItemId="L1-1" Value="1"/>
                    <Cov CovItemId="L1-2" Value="3"/>
                    <Cov CovItemId="S1" Value="1"/>
                    <Cov CovItemId="S12" Value="1"/>
                    <Cov CovItemId="S13" Value="1"/>
                    <Cov CovItemId="S14" Value="1"/>
                    <Cov CovItemId="S15" Value="1"/>
                    <Cov CovItemId="S16" Value="1"/>
                    <Cov CovItemId="S17" Value="1"/>
                    <Cov CovItemId="S18" Value="1"/>
                    <Cov CovItemId="S19" Value="1"/>
                    <Cov CovItemId="S20" Value="1"/>
                    <Cov CovItemId="S32" Value="3"/>
                    <Cov CovItemId="S33" Value="3"/>
                    <Cov CovItemId="S34" Value="3"/>
                    <Cov CovItemId="S35" Value="3"/>
                    <Cov CovItemId="S4" Value="4"/>
                    <Cov CovItemId="S5" Value="9"/>
                    <Cov CovItemId="S6" Value="3"/>
                    <Cov CovItemId="S7" Value="1"/>
                </CovPrefix>
            </CovList>
            <AssgnmntList>
                <AssgnmntPrefix RootTermCovItemPrefix="printer.SmartPrinter.java">
                    <AssgnmntListEntry Length="1" RootTermCovItemId="C1">
                        <MapEntry BoolAssgnmnt="0" Value="1"/>
                        <MapEntry BoolAssgnmnt="1" Value="9"/>
                    </AssgnmntListEntry>
                    <AssgnmntListEntry Length="1" RootTermCovItemId="C2">
                        <MapEntry BoolAssgnmnt="0" Value="6"/>
                        <MapEntry BoolAssgnmnt="1" Value="3"/>
                    </AssgnmntListEntry>
                    <AssgnmntListEntry Length="1" RootTermCovItemId="C4">
                        <MapEntry BoolAssgnmnt="1" Value="3"/>
                    </AssgnmntListEntry>
                </AssgnmntPrefix>
            </AssgnmntList>
            <ObjMetaDataList/>
            <MetaDataList/>
        </TestCase>
        <TestCase Comment="" Date="1751881843865" Name="printer.SmartPrinterTest:identificazioneUtenteTest">
            <CovList>
                <CovPrefix CovItemPrefix="printer.SmartPrinter.java">
                    <Cov CovItemId="B1" Value="1"/>
                    <Cov CovItemId="B11" Value="1"/>
                    <Cov CovItemId="B13" Value="1"/>
                    <Cov CovItemId="B16" Value="1"/>
                    <Cov CovItemId="B2" Value="3"/>
                    <Cov CovItemId="B21" Value="2"/>
                    <Cov CovItemId="B22" Value="1"/>
                    <Cov CovItemId="B23" Value="1"/>
                    <Cov CovItemId="B24" Value="1"/>
                    <Cov CovItemId="B3" Value="1"/>
                    <Cov CovItemId="B5" Value="3"/>
                    <Cov CovItemId="L1-1" Value="1"/>
                    <Cov CovItemId="L1-2" Value="1"/>
                    <Cov CovItemId="L2-1" Value="1"/>
                    <Cov CovItemId="S1" Value="1"/>
                    <Cov CovItemId="S10" Value="1"/>
                    <Cov CovItemId="S12" Value="1"/>
                    <Cov CovItemId="S13" Value="1"/>
                    <Cov CovItemId="S14" Value="1"/>
                    <Cov CovItemId="S15" Value="1"/>
                    <Cov CovItemId="S16" Value="1"/>
                    <Cov CovItemId="S17" Value="1"/>
                    <Cov CovItemId="S18" Value="1"/>
                    <Cov CovItemId="S19" Value="1"/>
                    <Cov CovItemId="S20" Value="1"/>
                    <Cov CovItemId="S21" Value="2"/>
                    <Cov CovItemId="S31" Value="1"/>
                    <Cov CovItemId="S32" Value="3"/>
                    <Cov CovItemId="S33" Value="3"/>
                    <Cov CovItemId="S34" Value="3"/>
                    <Cov CovItemId="S35" Value="3"/>
                    <Cov CovItemId="S4" Value="2"/>
                    <Cov CovItemId="S41" Value="1"/>
                    <Cov CovItemId="S42" Value="1"/>
                    <Cov CovItemId="S43" Value="1"/>
                    <Cov CovItemId="S44" Value="1"/>
                    <Cov CovItemId="S47" Value="1"/>
                    <Cov CovItemId="S48" Value="1"/>
                    <Cov CovItemId="S5" Value="4"/>
                    <Cov CovItemId="S52" Value="1"/>
                    <Cov CovItemId="S53" Value="1"/>
                    <Cov CovItemId="S54" Value="1"/>
                    <Cov CovItemId="S6" Value="1"/>
                    <Cov CovItemId="S66" Value="3"/>
                    <Cov CovItemId="S67" Value="2"/>
                    <Cov CovItemId="S68" Value="1"/>
                    <Cov CovItemId="S69" Value="1"/>
                    <Cov CovItemId="S7" Value="1"/>
                    <Cov CovItemId="S70" Value="1"/>
                    <Cov CovItemId="S71" Value="1"/>
                    <Cov CovItemId="S72" Value="1"/>
                    <Cov CovItemId="S73" Value="1"/>
                    <Cov CovItemId="S74" Value="1"/>
                    <Cov CovItemId="S75" Value="1"/>
                    <Cov CovItemId="S8" Value="1"/>
                    <Cov CovItemId="S9" Value="1"/>
                </CovPrefix>
            </CovList>
            <AssgnmntList>
                <AssgnmntPrefix RootTermCovItemPrefix="printer.SmartPrinter.java">
                    <AssgnmntListEntry Length="1" RootTermCovItemId="C1">
                        <MapEntry BoolAssgnmnt="0" Value="1"/>
                        <MapEntry BoolAssgnmnt="1" Value="4"/>
                    </AssgnmntListEntry>
                    <AssgnmntListEntry Length="1" RootTermCovItemId="C12">
                        <MapEntry BoolAssgnmnt="0" Value="1"/>
                        <MapEntry BoolAssgnmnt="1" Value="2"/>
                    </AssgnmntListEntry>
                    <AssgnmntListEntry Length="1" RootTermCovItemId="C13">
                        <MapEntry BoolAssgnmnt="0" Value="1"/>
                        <MapEntry BoolAssgnmnt="1" Value="1"/>
                    </AssgnmntListEntry>
                    <AssgnmntListEntry Length="1" RootTermCovItemId="C2">
                        <MapEntry BoolAssgnmnt="0" Value="3"/>
                        <MapEntry BoolAssgnmnt="1" Value="1"/>
                    </AssgnmntListEntry>
                    <AssgnmntListEntry Length="1" RootTermCovItemId="C3">
                        <MapEntry BoolAssgnmnt="1" Value="1"/>
                    </AssgnmntListEntry>
                    <AssgnmntListEntry Length="1" RootTermCovItemId="C4">
                        <MapEntry BoolAssgnmnt="1" Value="3"/>
                    </AssgnmntListEntry>
                    <AssgnmntListEntry Length="1" RootTermCovItemId="C7">
                        <MapEntry BoolAssgnmnt="1" Value="1"/>
                    </AssgnmntListEntry>
                    <AssgnmntListEntry Length="1" RootTermCovItemId="C8">
                        <MapEntry BoolAssgnmnt="1" Value="1"/>
                    </AssgnmntListEntry>
                    <AssgnmntListEntry Length="1" RootTermCovItemId="C9">
                        <MapEntry BoolAssgnmnt="0" Value="1"/>
                    </AssgnmntListEntry>
                </AssgnmntPrefix>
            </AssgnmntList>
            <ObjMetaDataList/>
            <MetaDataList/>
        </TestCase>
        <TestCase Comment="" Date="1751881843871" Name="printer.SmartPrinterTest:avvioStampanteTest">
            <CovList>
                <CovPrefix CovItemPrefix="printer.SmartPrinter.java">
                    <Cov CovItemId="B11" Value="1"/>
                    <Cov CovItemId="B13" Value="1"/>
                    <Cov CovItemId="B14" Value="1"/>
                    <Cov CovItemId="B16" Value="1"/>
                    <Cov CovItemId="B5" Value="3"/>
                    <Cov CovItemId="S1" Value="1"/>
                    <Cov CovItemId="S12" Value="1"/>
                    <Cov CovItemId="S13" Value="1"/>
                    <Cov CovItemId="S14" Value="1"/>
                    <Cov CovItemId="S15" Value="1"/>
                    <Cov CovItemId="S16" Value="1"/>
                    <Cov CovItemId="S17" Value="1"/>
                    <Cov CovItemId="S18" Value="1"/>
                    <Cov CovItemId="S19" Value="1"/>
                    <Cov CovItemId="S20" Value="1"/>
                    <Cov CovItemId="S21" Value="1"/>
                    <Cov CovItemId="S32" Value="3"/>
                    <Cov CovItemId="S33" Value="3"/>
                    <Cov CovItemId="S34" Value="3"/>
                    <Cov CovItemId="S35" Value="3"/>
                    <Cov CovItemId="S41" Value="1"/>
                    <Cov CovItemId="S42" Value="1"/>
                    <Cov CovItemId="S43" Value="1"/>
                    <Cov CovItemId="S44" Value="1"/>
                    <Cov CovItemId="S47" Value="2"/>
                    <Cov CovItemId="S48" Value="1"/>
                    <Cov CovItemId="S52" Value="1"/>
                    <Cov CovItemId="S53" Value="1"/>
                    <Cov CovItemId="S54" Value="1"/>
                    <Cov CovItemId="S55" Value="1"/>
                    <Cov CovItemId="S56" Value="1"/>
                </CovPrefix>
            </CovList>
            <AssgnmntList>
                <AssgnmntPrefix RootTermCovItemPrefix="printer.SmartPrinter.java">
                    <AssgnmntListEntry Length="1" RootTermCovItemId="C4">
                        <MapEntry BoolAssgnmnt="1" Value="3"/>
                    </AssgnmntListEntry>
                    <AssgnmntListEntry Length="1" RootTermCovItemId="C7">
                        <MapEntry BoolAssgnmnt="1" Value="1"/>
                    </AssgnmntListEntry>
                    <AssgnmntListEntry Length="1" RootTermCovItemId="C8">
                        <MapEntry BoolAssgnmnt="0" Value="1"/>
                        <MapEntry BoolAssgnmnt="1" Value="1"/>
                    </AssgnmntListEntry>
                    <AssgnmntListEntry Length="1" RootTermCovItemId="C9">
                        <MapEntry BoolAssgnmnt="0" Value="1"/>
                    </AssgnmntListEntry>
                </AssgnmntPrefix>
            </AssgnmntList>
            <ObjMetaDataList/>
            <MetaDataList/>
        </TestCase>
        <MetaDataList/>
    </TestSession>
</TestSessionContainer>
