<?xml version="1.0" encoding="UTF-8"?><TestSessionContainer xmlns="http://www.codecover.org/xml/testsession-container" Date="1751882185788" TestSessionContainerId="f1807e6e-040b-452b-a058-95a9483b47e4" version="1.0">
    <SrcFileList>
        <SrcFile Content="package printer;&#13;&#10;&#13;&#10;import java.util.HashMap;&#13;&#10;import java.util.InputMismatchException;&#13;&#10;import java.util.Scanner;&#13;&#10;&#13;&#10;&#13;&#10;public class SmartPrinter {&#13;&#10;&#13;&#10;    public enum Stato { SPENTA, AVVIO, MOSTRABADGE, INSERISCIPIN, PRONTA, INUSO, ERRORE, OUTOFSERVICE }&#13;&#10;    public enum Servizio { PRINTBN, PRINTCOL, SCANSIONE, EXIT }&#13;&#10;    public enum StatoMacchina { GUASTA, NONGUASTA }&#13;&#10;&#13;&#10;    private Stato printerState;&#13;&#10;    private Servizio selectedService;&#13;&#10;    private StatoMacchina spiaGuasto;&#13;&#10;    private int tonerNero;&#13;&#10;    private int tonerColore;&#13;&#10;    private int fogliCarta;&#13;&#10;    &#13;&#10;    private boolean collegatoWireless;&#13;&#10;    private boolean collegatoCavo;&#13;&#10;    private boolean cartaInceppata;&#13;&#10;&#13;&#10;    Utente[] utenti;&#13;&#10;    int numUtenti;&#13;&#10;    private Utente utenteCorrente;&#13;&#10;    &#13;&#10;    private static boolean controlloInputUtenteBool(String s) {&#13;&#10;    &#9;return s.equals(&quot;si&quot;) || s.equals(&quot;no&quot;)  ? true : false;&#13;&#10;    }&#13;&#10;    &#13;&#10;    private static String getNomeUtenteLoggato(Utente u) {&#13;&#10;    &#9;return u != null ? u.getNome() : &quot;Nessuno&quot;;&#13;&#10;    }&#13;&#10;    &#13;&#10;    protected boolean ricercaUtente(int numBadgeInserito) {&#13;&#10;    &#9;&#13;&#10;    &#9;for(int i = 0; i &lt; numUtenti; i++) {&#13;&#10;    &#9;&#9;if(utenti[i].getBadgeId() == numBadgeInserito)&#13;&#10;    &#9;&#9;&#9;return true;&#13;&#10;    &#9;}&#13;&#10;    &#9;&#13;&#10;    &#9;return false;&#13;&#10;    &#9;&#13;&#10;    }&#13;&#10;    &#13;&#10;    private Utente getUtentebyNumBadge(int numBadge) {&#13;&#10;    &#9;&#13;&#10;    &#9;for(Utente u: utenti) {&#13;&#10;    &#9;&#9;if(u.getBadgeId() == numBadge)&#13;&#10;    &#9;&#9;&#9;return u;&#13;&#10;    &#9;}&#13;&#10;    &#9;&#13;&#10;    &#9;return null;&#13;&#10;    }&#13;&#10;    &#13;&#10;    public SmartPrinter() {&#13;&#10;        printerState = Stato.SPENTA;&#13;&#10;        tonerNero = 100;&#13;&#10;        tonerColore = 100;&#13;&#10;        fogliCarta = 500;&#13;&#10;        spiaGuasto = StatoMacchina.NONGUASTA;&#13;&#10;        utenti = new Utente[2];&#13;&#10;        numUtenti = 0;&#13;&#10;        collegatoWireless = false;&#13;&#10;        collegatoCavo = false;&#13;&#10;        cartaInceppata = false;&#13;&#10;    }&#13;&#10;&#13;&#10;    public Stato getPrinterState() {&#13;&#10;&#9;&#9;return printerState;&#13;&#10;&#9;}&#13;&#10;&#13;&#10;&#9;public Servizio getSelectedService() {&#13;&#10;&#9;&#9;return selectedService;&#13;&#10;&#9;}&#13;&#10;&#13;&#10;&#9;public StatoMacchina getSpiaGuasto() {&#13;&#10;&#9;&#9;return spiaGuasto;&#13;&#10;&#9;}&#13;&#10;&#13;&#10;&#9;public int getTonerNero() {&#13;&#10;&#9;&#9;return tonerNero;&#13;&#10;&#9;}&#13;&#10;&#13;&#10;&#9;public int getTonerColore() {&#13;&#10;&#9;&#9;return tonerColore;&#13;&#10;&#9;}&#13;&#10;&#13;&#10;&#9;public int getFogliCarta() {&#13;&#10;&#9;&#9;return fogliCarta;&#13;&#10;&#9;}&#13;&#10;&#13;&#10;&#9;public boolean isCollegatoWireless() {&#13;&#10;&#9;&#9;return collegatoWireless;&#13;&#10;&#9;}&#13;&#10;&#13;&#10;&#9;public boolean isCollegatoCavo() {&#13;&#10;&#9;&#9;return collegatoCavo;&#13;&#10;&#9;}&#13;&#10;&#13;&#10;&#9;public boolean isCartaInceppata() {&#13;&#10;&#9;&#9;return cartaInceppata;&#13;&#10;&#9;}&#13;&#10;&#13;&#10;&#9;public Utente[] getUtenti() {&#13;&#10;&#9;&#9;return utenti;&#13;&#10;&#9;}&#13;&#10;&#13;&#10;&#9;public Utente getUtenteCorrente() {&#13;&#10;&#9;&#9;return utenteCorrente;&#13;&#10;&#9;}&#13;&#10;&#13;&#10;&#9;public void aggiungiUtente(Utente u) {&#13;&#10;        if(numUtenti &lt; utenti.length) {&#13;&#10;        &#9;utenti[numUtenti] = u;&#13;&#10;        &#9;numUtenti++;&#13;&#10;        &#9;System.out.println(&quot;Utente aggiunto: &quot; + u.getNome() + &quot; : &quot; + u.getBadgeId());&#13;&#10;        }&#13;&#10;        else&#13;&#10;        &#9;System.out.println(&quot;Non è possibile aggiungere altri utenti&quot;);&#13;&#10;        &#13;&#10;    }&#13;&#10;    &#13;&#10;    protected void guastoStampante() {&#13;&#10;    &#9;if(printerState == Stato.AVVIO)&#13;&#10;    &#9;&#9;spiaGuasto = StatoMacchina.GUASTA;&#13;&#10;    }&#13;&#10;    &#13;&#10;    protected void riparazioneStampante() {&#13;&#10;    &#9;if(printerState == Stato.OUTOFSERVICE)&#13;&#10;    &#9;&#9;spiaGuasto = StatoMacchina.NONGUASTA;&#13;&#10;    }&#13;&#10;&#13;&#10;    public boolean accendiStampante() {&#13;&#10;    &#9;if(printerState == Stato.SPENTA) {&#13;&#10;    &#9;&#9;printerState = Stato.AVVIO;&#13;&#10;    &#9;&#9;System.out.println(&quot;Accensione in corso&quot;);&#13;&#10;    &#9;&#9;return true;&#13;&#10;    &#9;}&#13;&#10;    &#9;System.out.println(&quot;La stampante è già accesa&quot;);&#13;&#10;    &#9;return false;&#13;&#10;    &#9;&#13;&#10;    }&#13;&#10;&#13;&#10;    public boolean avvioStampante() {&#13;&#10;    &#9;if(printerState == Stato.AVVIO) {&#13;&#10;    &#9;&#9;if(spiaGuasto == StatoMacchina.GUASTA) {&#13;&#10;    &#9;&#9;&#9;printerState = Stato.OUTOFSERVICE;&#13;&#10;    &#9;&#9;&#9;System.out.println(&quot;Stampante guasta&quot;);&#13;&#10;    &#9;&#9;&#9;return false;&#13;&#10;        &#9;}&#13;&#10;        &#9;else {&#13;&#10;    &#9;&#9;&#9;printerState = Stato.MOSTRABADGE;&#13;&#10;    &#9;&#9;&#9;System.out.println(&quot;Mostrare Badge&quot;);&#13;&#10;    &#9;&#9;&#9;return true;&#13;&#10;    &#9;&#9;}&#13;&#10;    &#9;}&#13;&#10;    &#9;System.out.println(&quot;Azione non consentita&quot;);&#13;&#10;    &#9;return false;&#13;&#10;    }&#13;&#10;    &#13;&#10;    public boolean gestioneGuasto() {&#13;&#10;    &#9;if(printerState == Stato.OUTOFSERVICE) {&#13;&#10;    &#9;&#9;if(spiaGuasto == StatoMacchina.NONGUASTA) {&#13;&#10;    &#9;&#9;&#9;printerState = Stato.MOSTRABADGE;&#13;&#10;    &#9;&#9;&#9;System.out.println(&quot;Mostrare Badge&quot;);&#13;&#10;    &#9;&#9;&#9;return true;&#13;&#10;        &#9;}&#13;&#10;        &#9;else {&#13;&#10;        &#9;&#9;System.out.println(&quot;Stampante ancora guasta&quot;);&#13;&#10;        &#9;&#9;return false;&#13;&#10;        &#9;}&#13;&#10;    &#9;}&#13;&#10;    &#9;System.out.println(&quot;Azione non consentita&quot;);&#13;&#10;    &#9;return false;&#13;&#10;    }&#13;&#10;    &#13;&#10;    public boolean identificazioneUtente(int numBadge) {&#13;&#10;    &#9;if(printerState == Stato.MOSTRABADGE) {&#13;&#10;    &#9; &#9;if(ricercaUtente(numBadge)) {&#13;&#10;    &#9;&#9;&#9;utenteCorrente = getUtentebyNumBadge(numBadge);&#13;&#10;    &#9;&#9;&#9;printerState = Stato.INSERISCIPIN;&#13;&#10;    &#9;&#9;&#9;System.out.println(&quot;Benvenuto &quot; + utenteCorrente.getNome() + &quot;, Inserisci Pin&quot;);&#13;&#10;    &#9;&#9;&#9;return true;&#13;&#10;        &#9;}&#13;&#10;        &#9;else {&#13;&#10;        &#9;&#9;System.out.println(&quot;Badge non riconosciuto&quot;);&#13;&#10;        &#9;&#9;return false;&#13;&#10;        &#9;}&#13;&#10;    &#9;}&#13;&#10;    &#9;System.out.println(&quot;Azione non consentita&quot;);&#13;&#10;    &#9;return false;&#13;&#10;    }&#13;&#10;&#13;&#10;    private boolean inserimentoPin() {&#13;&#10;    &#9;//TODO&#13;&#10;    &#9;return false;&#13;&#10;    }&#13;&#10;    &#13;&#10;    private boolean sceltaServizio() {&#13;&#10;    &#9;//TODO&#13;&#10;    &#9;return false;&#13;&#10;    &#9;&#13;&#10;    }&#13;&#10;    &#13;&#10;    private boolean stampanteInUso() {&#13;&#10;    &#9;//TODO&#13;&#10;    &#9;return false;&#13;&#10;    }&#13;&#10;    &#13;&#10;    private boolean gestioneErrore() {&#13;&#10;    &#9;//TODO&#13;&#10;    &#9;return false;&#13;&#10;    }&#13;&#10;&#13;&#10;    public void statoCorrente() {&#13;&#10;        System.out.println(&quot;\n--- STATO CORRENTE ---&quot;);&#13;&#10;        System.out.println(&quot;Stato: &quot; + printerState);&#13;&#10;        System.out.println(&quot;Guasto: &quot; + spiaGuasto);&#13;&#10;        System.out.println(&quot;Utente loggato: &quot; + getNomeUtenteLoggato(utenteCorrente));&#13;&#10;        System.out.println(&quot;Toner Nero: &quot; + tonerNero);&#13;&#10;        System.out.println(&quot;Toner Colore: &quot; + tonerColore);&#13;&#10;        System.out.println(&quot;Carta: &quot; + fogliCarta);&#13;&#10;        System.out.println(&quot;Collegato Wireless: &quot; + collegatoWireless);&#13;&#10;        System.out.println(&quot;Collegato Cavo: &quot; + collegatoCavo);&#13;&#10;        System.out.println(&quot;Carta inceppata: &quot; + cartaInceppata);&#13;&#10;        System.out.println(&quot;------------------------\n&quot;);&#13;&#10;    }&#13;&#10;    &#13;&#10;    // Interazione con la stampante&#13;&#10;    public void usoStampante() {&#13;&#10;        Scanner scanner = new Scanner(System.in);&#13;&#10;        boolean closeProgram = false;&#13;&#10;        boolean validInput = false;&#13;&#10;        &#13;&#10;        while(!closeProgram) {&#13;&#10;        &#9;&#13;&#10;        &#9;switch(printerState) {&#13;&#10;&#9;        &#9;case SPENTA:&#13;&#10;&#9;        &#9;&#9;String rispostaAccensione;&#13;&#10;&#9;        &#9;&#9;do {&#13;&#10;&#9;&#9;        &#9;&#9;System.out.println(&quot;Vuoi accendere la stampante? (si/no): &quot;);&#13;&#10;&#9;&#9;        &#9;&#9;rispostaAccensione = scanner.nextLine().toLowerCase();&#13;&#10;&#9;&#9;        &#9;&#9;validInput = controlloInputUtenteBool(rispostaAccensione);&#13;&#10;&#9;        &#9;&#9;}&#13;&#10;&#9;        &#9;&#9;while(!validInput);&#13;&#10;&#9;        &#9;&#9;&#9;&#13;&#10;&#9;        &#9;&#9;if(rispostaAccensione.equals(&quot;si&quot;))&#13;&#10;&#9;        &#9;&#9;&#9;accendiStampante();&#13;&#10;&#9;        &#9;&#9;else&#13;&#10;&#9;        &#9;&#9;&#9;closeProgram = true;&#13;&#10;&#9;        &#9;&#9;&#13;&#10;&#9;        &#9;&#9;break;&#13;&#10;&#9;        &#9;&#9;&#13;&#10;&#9;&#9;&#9;&#9;case AVVIO:&#13;&#10;&#9;        &#9;&#9;String rispostaGuasto;&#13;&#10;&#9;        &#9;&#9;do {&#13;&#10;&#9;        &#9;&#9;&#9;System.out.println(&quot;Si è verificato un guasto? (si/no): &quot;);&#13;&#10;&#9;        &#9;&#9;&#9;rispostaGuasto = scanner.nextLine().toLowerCase();&#13;&#10;&#9;&#9;        &#9;&#9;validInput = controlloInputUtenteBool(rispostaGuasto);&#13;&#10;&#9;        &#9;&#9;}&#13;&#10;&#9;        &#9;&#9;while(!validInput);&#13;&#10;&#9;        &#9;&#9;&#13;&#10;&#9;        &#9;&#9;if(rispostaGuasto.equals(&quot;si&quot;))&#13;&#10;&#9;        &#9;&#9;&#9;guastoStampante();&#13;&#10;&#9;        &#9;&#9;&#13;&#10;&#9;        &#9;&#9;avvioStampante();&#13;&#10;&#9;        &#9;&#9;break;&#13;&#10;&#9;        &#9;&#9;&#13;&#10;&#9;&#9;&#9;&#9;case OUTOFSERVICE:&#13;&#10;&#9;&#9;&#9;&#9;&#9;String rispostaGuastoRiparato;&#13;&#10;&#9;        &#9;&#9;do {&#13;&#10;&#9;&#9;        &#9;&#9;System.out.println(&quot;Il guasto è stato riparato? (si/no): &quot;);&#13;&#10;&#9;&#9;        &#9;&#9;rispostaGuastoRiparato = scanner.nextLine().toLowerCase();&#13;&#10;&#9;&#9;        &#9;&#9;validInput = controlloInputUtenteBool(rispostaGuastoRiparato);&#13;&#10;&#9;        &#9;&#9;}&#13;&#10;&#9;        &#9;&#9;while(!validInput);&#13;&#10;&#9;        &#9;&#9;&#13;&#10;&#9;        &#9;&#9;if(rispostaGuastoRiparato.equals(&quot;si&quot;))&#13;&#10;&#9;        &#9;&#9;&#9;riparazioneStampante();&#13;&#10;&#9;&#9;&#9;&#9;&#9;&#13;&#10;&#9;&#9;&#9;&#9;&#9;gestioneGuasto();&#13;&#10;&#9;        &#9;&#9;break;&#13;&#10;&#9;        &#9;&#9;&#13;&#10;&#9;&#9;&#9;&#9;case MOSTRABADGE:&#13;&#10;&#9;&#9;&#9;&#9;&#9;int badgeMostrato = 0;&#13;&#10;&#9;&#9;&#9;&#9;&#9;validInput = false;&#13;&#10;&#9;&#9;&#9;&#9;&#9;&#13;&#10;&#9;&#9;&#9;&#9;&#9;while(!validInput) {&#13;&#10;&#9;&#9;&#9;&#9;&#9;&#9;System.out.println(&quot;Inserire un numero di Badge: &quot;);&#13;&#10;&#9;&#9;&#9;&#9;&#9;&#9;  try {&#13;&#10;&#9;&#9;&#9;&#9;&#9;&#9;        badgeMostrato = scanner.nextInt();&#13;&#10;&#9;&#9;&#9;&#9;&#9;&#9;        validInput = true;&#13;&#10;&#9;&#9;&#9;&#9;&#9;&#9;    } catch (InputMismatchException e) {&#13;&#10;&#9;&#9;&#9;&#9;&#9;&#9;        System.out.println(&quot;Input non valido. Inserisci un numero di Badge.&quot;);&#13;&#10;&#9;&#9;&#9;&#9;&#9;&#9;        scanner.nextLine(); &#13;&#10;&#9;&#9;&#9;&#9;&#9;&#9;    }&#13;&#10;&#9;&#9;&#9;&#9;&#9;}&#13;&#10;&#9;&#9;&#9;&#9;&#9;&#13;&#10;&#9;&#9;&#9;&#9;&#9;scanner.nextLine(); // consuma il newline residuo dopo input corretto&#13;&#10;&#9;&#9;&#9;&#9;&#9;identificazioneUtente(badgeMostrato);&#13;&#10;&#9;        &#9;&#9;break;&#13;&#10;&#9;        &#9;&#9;&#13;&#10;&#9;&#9;&#9;&#9;case INSERISCIPIN:&#13;&#10;&#9;&#9;&#9;&#9;&#9;//inserimentoPin();&#13;&#10;&#9;&#9;&#9;&#9;&#9;statoCorrente();&#13;&#10;&#9;&#9;&#9;&#9;&#9;System.out.println(&quot;Cjeckpoint inserisci pin &quot;);&#13;&#10;&#9;        &#9;&#9;String check3 = scanner.nextLine().toLowerCase();&#13;&#10;&#9;        &#9;&#9;&#13;&#10;&#9;&#9;&#9;&#9;&#9;break;&#13;&#10;&#9;&#9;&#9;&#9;case PRONTA:&#13;&#10;&#9;&#9;&#9;&#9;&#9;sceltaServizio();&#13;&#10;&#9;&#9;&#9;&#9;&#9;break;&#13;&#10;&#9;&#9;&#9;&#9;case INUSO:&#13;&#10;&#9;&#9;&#9;&#9;&#9;stampanteInUso();&#13;&#10;&#9;&#9;&#9;&#9;&#9;break;&#13;&#10;&#9;&#9;&#9;&#9;case ERRORE:&#13;&#10;&#9;&#9;&#9;&#9;&#9;gestioneErrore();&#13;&#10;&#9;&#9;&#9;&#9;&#9;break;&#13;&#10;        &#9;}&#13;&#10;        &#9;&#13;&#10;        }&#13;&#10;        &#13;&#10;        scanner.close();&#13;&#10;        &#13;&#10;    }&#13;&#10;}&#13;&#10;" Filename="SmartPrinter.java" Intrnl_Id="1"/>
    </SrcFileList>
    <CritList>
        <CritListEntry Name="org.codecover.model.utils.criteria.LoopCoverage" PluginName="org.codecover"/>
        <CritListEntry Name="org.codecover.model.utils.criteria.QMOCoverage" PluginName="org.codecover"/>
        <CritListEntry Name="org.codecover.model.utils.criteria.ConditionCoverage" PluginName="org.codecover"/>
        <CritListEntry Name="org.codecover.model.utils.criteria.BranchCoverage" PluginName="org.codecover"/>
        <CritListEntry Name="org.codecover.model.utils.criteria.SynchronizedStatementCoverage" PluginName="org.codecover"/>
        <CritListEntry Name="org.codecover.model.utils.criteria.StatementCoverage" PluginName="org.codecover"/>
    </CritList>
    <BoolOpList>
        <BoolOp Arity="1" Intrnl_Id="2" Name="not (!)">
            <BoolAssgnmntBoolMapList>
                <MapEntry BoolAssgnmnt="1" Value="false"/>
                <MapEntry BoolAssgnmnt="0" Value="true"/>
            </BoolAssgnmntBoolMapList>
        </BoolOp>
    </BoolOpList>
    <HierarchyLvlTypeList>
        <HierarchyLvlType EnglishName="enumeration" IntrnlName="enum" Intrnl_Id="3"/>
        <HierarchyLvlType EnglishName="package" IntrnlName="package" Intrnl_Id="4"/>
        <HierarchyLvlType EnglishName="method" IntrnlName="method" Intrnl_Id="5"/>
        <HierarchyLvlType EnglishName="class" IntrnlName="class" Intrnl_Id="6"/>
        <HierarchyLvlType EnglishName="default package" IntrnlName="default package" Intrnl_Id="7"/>
    </HierarchyLvlTypeList>
    <MASTRoot>
        <HierarchyLvl HierarchyLvlId="271" HierarchyLvlTypeId="7" Intrnl_Id="8" Name="default package">
            <Header/>
            <LocList/>
            <HierarchyLvl HierarchyLvlId="270" HierarchyLvlTypeId="4" Intrnl_Id="9" Name="printer">
                <Header/>
                <LocList/>
                <HierarchyLvl HierarchyLvlId="269" HierarchyLvlTypeId="6" Intrnl_Id="10" Name="SmartPrinter">
                    <Header>
                        <Loc EndOffset="145" SrcFileId="1" StartOffset="120"/>
                    </Header>
                    <LocList>
                        <Loc EndOffset="155" SrcFileId="1" StartOffset="120"/>
                        <Loc EndOffset="260" SrcFileId="1" StartOffset="254"/>
                        <Loc EndOffset="325" SrcFileId="1" StartOffset="319"/>
                        <Loc EndOffset="8969" SrcFileId="1" StartOffset="372"/>
                    </LocList>
                    <HierarchyLvl HierarchyLvlId="237" HierarchyLvlTypeId="3" Intrnl_Id="11" Name="Stato">
                        <Header>
                            <Loc EndOffset="172" SrcFileId="1" StartOffset="155"/>
                        </Header>
                        <LocList>
                            <Loc EndOffset="254" SrcFileId="1" StartOffset="155"/>
                        </LocList>
                    </HierarchyLvl>
                    <HierarchyLvl HierarchyLvlId="238" HierarchyLvlTypeId="3" Intrnl_Id="12" Name="Servizio">
                        <Header>
                            <Loc EndOffset="280" SrcFileId="1" StartOffset="260"/>
                        </Header>
                        <LocList>
                            <Loc EndOffset="319" SrcFileId="1" StartOffset="260"/>
                        </LocList>
                    </HierarchyLvl>
                    <HierarchyLvl HierarchyLvlId="239" HierarchyLvlTypeId="3" Intrnl_Id="13" Name="StatoMacchina">
                        <Header>
                            <Loc EndOffset="350" SrcFileId="1" StartOffset="325"/>
                        </Header>
                        <LocList>
                            <Loc EndOffset="372" SrcFileId="1" StartOffset="325"/>
                        </LocList>
                    </HierarchyLvl>
                    <HierarchyLvl HierarchyLvlId="240" HierarchyLvlTypeId="5" Intrnl_Id="14" Name="controlloInputUtenteBool">
                        <Header>
                            <Loc EndOffset="840" SrcFileId="1" StartOffset="783"/>
                        </Header>
                        <LocList>
                            <Loc EndOffset="912" SrcFileId="1" StartOffset="783"/>
                        </LocList>
                        <StmntSeq Intrnl_Id="15">
                            <LocList>
                                <Loc EndOffset="905" SrcFileId="1" StartOffset="849"/>
                            </LocList>
                            <BasicStmnt CovItemId="S1" CovItemPrefix="printer.SmartPrinter.java" Intrnl_Id="16">
                                <LocList>
                                    <Loc EndOffset="905" SrcFileId="1" StartOffset="849"/>
                                </LocList>
                                <QMO CovItemId="Q0" CovItemPrefix="printer.SmartPrinter.java" Intrnl_Id="17">
                                    <LocList>
                                        <Loc EndOffset="888" SrcFileId="1" StartOffset="856"/>
                                    </LocList>
                                    <QMO_E CovItemId="Q0-0" CovItemPrefix="printer.SmartPrinter.java" Intrnl_Id="18">
                                        <LocList>
                                            <Loc EndOffset="896" SrcFileId="1" StartOffset="892"/>
                                        </LocList>
                                    </QMO_E>
                                    <QMO_E CovItemId="Q0-1" CovItemPrefix="printer.SmartPrinter.java" Intrnl_Id="19">
                                        <LocList>
                                            <Loc EndOffset="904" SrcFileId="1" StartOffset="899"/>
                                        </LocList>
                                    </QMO_E>
                                </QMO>
                            </BasicStmnt>
                        </StmntSeq>
                    </HierarchyLvl>
                    <HierarchyLvl HierarchyLvlId="241" HierarchyLvlTypeId="5" Intrnl_Id="20" Name="getNomeUtenteLoggato">
                        <Header>
                            <Loc EndOffset="976" SrcFileId="1" StartOffset="924"/>
                        </Header>
                        <LocList>
                            <Loc EndOffset="1035" SrcFileId="1" StartOffset="924"/>
                        </LocList>
                        <StmntSeq Intrnl_Id="21">
                            <LocList>
                                <Loc EndOffset="1028" SrcFileId="1" StartOffset="985"/>
                            </LocList>
                            <BasicStmnt CovItemId="S2" CovItemPrefix="printer.SmartPrinter.java" Intrnl_Id="22">
                                <LocList>
                                    <Loc EndOffset="1028" SrcFileId="1" StartOffset="985"/>
                                </LocList>
                                <QMO CovItemId="Q1" CovItemPrefix="printer.SmartPrinter.java" Intrnl_Id="23">
                                    <LocList>
                                        <Loc EndOffset="1001" SrcFileId="1" StartOffset="992"/>
                                    </LocList>
                                    <QMO_E CovItemId="Q1-0" CovItemPrefix="printer.SmartPrinter.java" Intrnl_Id="24">
                                        <LocList>
                                            <Loc EndOffset="1015" SrcFileId="1" StartOffset="1004"/>
                                        </LocList>
                                    </QMO_E>
                                    <QMO_E CovItemId="Q1-1" CovItemPrefix="printer.SmartPrinter.java" Intrnl_Id="25">
                                        <LocList>
                                            <Loc EndOffset="1027" SrcFileId="1" StartOffset="1018"/>
                                        </LocList>
                                    </QMO_E>
                                </QMO>
                            </BasicStmnt>
                        </StmntSeq>
                    </HierarchyLvl>
                    <HierarchyLvl HierarchyLvlId="242" HierarchyLvlTypeId="5" Intrnl_Id="26" Name="ricercaUtente">
                        <Header>
                            <Loc EndOffset="1100" SrcFileId="1" StartOffset="1047"/>
                        </Header>
                        <LocList>
                            <Loc EndOffset="1276" SrcFileId="1" StartOffset="1047"/>
                        </LocList>
                        <StmntSeq Intrnl_Id="27">
                            <LocList>
                                <Loc EndOffset="1235" SrcFileId="1" StartOffset="1116"/>
                                <Loc EndOffset="1262" SrcFileId="1" StartOffset="1249"/>
                            </LocList>
                            <LoopStmnt CovItemId="S3" CovItemPrefix="printer.SmartPrinter.java" Intrnl_Id="28" MltplExecId="L1-2" MltplExecPrefix="printer.SmartPrinter.java" NvrExecId="L1-0" NvrExecPrefix="printer.SmartPrinter.java" OnceExecutedId="L1-1" OnceExecutedPrefix="printer.SmartPrinter.java" OptBodyExec="true">
                                <StmntSeq Intrnl_Id="29">
                                    <LocList>
                                        <Loc EndOffset="1227" SrcFileId="1" StartOffset="1160"/>
                                    </LocList>
                                    <CondStmnt CovItemId="S4" CovItemPrefix="printer.SmartPrinter.java" Intrnl_Id="30">
                                        <Branch CovItemId="B1" CovItemPrefix="printer.SmartPrinter.java" Implct="false" Intrnl_Id="31">
                                            <Cond/>
                                            <LocList>
                                                <Loc EndOffset="1227" SrcFileId="1" StartOffset="1215"/>
                                            </LocList>
                                            <StmntSeq Intrnl_Id="32">
                                                <LocList>
                                                    <Loc EndOffset="1227" SrcFileId="1" StartOffset="1215"/>
                                                </LocList>
                                                <BasicStmnt CovItemId="S5" CovItemPrefix="printer.SmartPrinter.java" Intrnl_Id="33">
                                                    <LocList>
                                                        <Loc EndOffset="1227" SrcFileId="1" StartOffset="1215"/>
                                                    </LocList>
                                                </BasicStmnt>
                                            </StmntSeq>
                                        </Branch>
                                        <Branch CovItemId="B2" CovItemPrefix="printer.SmartPrinter.java" Implct="true" Intrnl_Id="34">
                                            <Cond/>
                                            <LocList/>
                                            <StmntSeq Intrnl_Id="35">
                                                <LocList/>
                                            </StmntSeq>
                                        </Branch>
                                        <Keyword EndOffset="1162" SrcFileId="1" StartOffset="1160"/>
                                        <LocList>
                                            <Loc EndOffset="1227" SrcFileId="1" StartOffset="1160"/>
                                        </LocList>
                                        <RootTerm CovItemId="C2" CovItemPrefix="printer.SmartPrinter.java" Intrnl_Id="36">
                                            <BasicBoolTerm Intrnl_Id="37">
                                                <LocList>
                                                    <Loc EndOffset="1205" SrcFileId="1" StartOffset="1163"/>
                                                </LocList>
                                            </BasicBoolTerm>
                                        </RootTerm>
                                    </CondStmnt>
                                </StmntSeq>
                                <Keyword EndOffset="1119" SrcFileId="1" StartOffset="1116"/>
                                <LocList>
                                    <Loc EndOffset="1235" SrcFileId="1" StartOffset="1116"/>
                                </LocList>
                                <RootTerm CovItemId="C1" CovItemPrefix="printer.SmartPrinter.java" Intrnl_Id="38">
                                    <BasicBoolTerm Intrnl_Id="39">
                                        <LocList>
                                            <Loc EndOffset="1144" SrcFileId="1" StartOffset="1131"/>
                                        </LocList>
                                    </BasicBoolTerm>
                                </RootTerm>
                            </LoopStmnt>
                            <BasicStmnt CovItemId="S6" CovItemPrefix="printer.SmartPrinter.java" Intrnl_Id="40">
                                <LocList>
                                    <Loc EndOffset="1262" SrcFileId="1" StartOffset="1249"/>
                                </LocList>
                            </BasicStmnt>
                        </StmntSeq>
                    </HierarchyLvl>
                    <HierarchyLvl HierarchyLvlId="243" HierarchyLvlTypeId="5" Intrnl_Id="41" Name="getUtentebyNumBadge">
                        <Header>
                            <Loc EndOffset="1336" SrcFileId="1" StartOffset="1288"/>
                        </Header>
                        <LocList>
                            <Loc EndOffset="1472" SrcFileId="1" StartOffset="1288"/>
                        </LocList>
                        <StmntSeq Intrnl_Id="42">
                            <LocList>
                                <Loc EndOffset="1439" SrcFileId="1" StartOffset="1352"/>
                                <Loc EndOffset="1465" SrcFileId="1" StartOffset="1453"/>
                            </LocList>
                            <LoopStmnt CovItemId="S7" CovItemPrefix="printer.SmartPrinter.java" Intrnl_Id="43" MltplExecId="L2-2" MltplExecPrefix="printer.SmartPrinter.java" NvrExecId="L2-0" NvrExecPrefix="printer.SmartPrinter.java" OnceExecutedId="L2-1" OnceExecutedPrefix="printer.SmartPrinter.java" OptBodyExec="true">
                                <StmntSeq Intrnl_Id="44">
                                    <LocList>
                                        <Loc EndOffset="1431" SrcFileId="1" StartOffset="1383"/>
                                    </LocList>
                                    <CondStmnt CovItemId="S8" CovItemPrefix="printer.SmartPrinter.java" Intrnl_Id="45">
                                        <Branch CovItemId="B3" CovItemPrefix="printer.SmartPrinter.java" Implct="false" Intrnl_Id="46">
                                            <Cond/>
                                            <LocList>
                                                <Loc EndOffset="1431" SrcFileId="1" StartOffset="1422"/>
                                            </LocList>
                                            <StmntSeq Intrnl_Id="47">
                                                <LocList>
                                                    <Loc EndOffset="1431" SrcFileId="1" StartOffset="1422"/>
                                                </LocList>
                                                <BasicStmnt CovItemId="S9" CovItemPrefix="printer.SmartPrinter.java" Intrnl_Id="48">
                                                    <LocList>
                                                        <Loc EndOffset="1431" SrcFileId="1" StartOffset="1422"/>
                                                    </LocList>
                                                </BasicStmnt>
                                            </StmntSeq>
                                        </Branch>
                                        <Branch CovItemId="B4" CovItemPrefix="printer.SmartPrinter.java" Implct="true" Intrnl_Id="49">
                                            <Cond/>
                                            <LocList/>
                                            <StmntSeq Intrnl_Id="50">
                                                <LocList/>
                                            </StmntSeq>
                                        </Branch>
                                        <Keyword EndOffset="1385" SrcFileId="1" StartOffset="1383"/>
                                        <LocList>
                                            <Loc EndOffset="1431" SrcFileId="1" StartOffset="1383"/>
                                        </LocList>
                                        <RootTerm CovItemId="C3" CovItemPrefix="printer.SmartPrinter.java" Intrnl_Id="51">
                                            <BasicBoolTerm Intrnl_Id="52">
                                                <LocList>
                                                    <Loc EndOffset="1412" SrcFileId="1" StartOffset="1386"/>
                                                </LocList>
                                            </BasicBoolTerm>
                                        </RootTerm>
                                    </CondStmnt>
                                </StmntSeq>
                                <Keyword EndOffset="1355" SrcFileId="1" StartOffset="1352"/>
                                <LocList>
                                    <Loc EndOffset="1439" SrcFileId="1" StartOffset="1352"/>
                                </LocList>
                            </LoopStmnt>
                            <BasicStmnt CovItemId="S10" CovItemPrefix="printer.SmartPrinter.java" Intrnl_Id="53">
                                <LocList>
                                    <Loc EndOffset="1465" SrcFileId="1" StartOffset="1453"/>
                                </LocList>
                            </BasicStmnt>
                        </StmntSeq>
                    </HierarchyLvl>
                    <HierarchyLvl HierarchyLvlId="244" HierarchyLvlTypeId="5" Intrnl_Id="54" Name="SmartPrinter">
                        <Header>
                            <Loc EndOffset="1505" SrcFileId="1" StartOffset="1484"/>
                        </Header>
                        <LocList>
                            <Loc EndOffset="1838" SrcFileId="1" StartOffset="1484"/>
                        </LocList>
                        <StmntSeq Intrnl_Id="55">
                            <LocList>
                                <Loc EndOffset="1545" SrcFileId="1" StartOffset="1517"/>
                                <Loc EndOffset="1571" SrcFileId="1" StartOffset="1555"/>
                                <Loc EndOffset="1599" SrcFileId="1" StartOffset="1581"/>
                                <Loc EndOffset="1626" SrcFileId="1" StartOffset="1609"/>
                                <Loc EndOffset="1673" SrcFileId="1" StartOffset="1636"/>
                                <Loc EndOffset="1706" SrcFileId="1" StartOffset="1683"/>
                                <Loc EndOffset="1730" SrcFileId="1" StartOffset="1716"/>
                                <Loc EndOffset="1766" SrcFileId="1" StartOffset="1740"/>
                                <Loc EndOffset="1798" SrcFileId="1" StartOffset="1776"/>
                                <Loc EndOffset="1831" SrcFileId="1" StartOffset="1808"/>
                            </LocList>
                            <BasicStmnt CovItemId="S11" CovItemPrefix="printer.SmartPrinter.java" Intrnl_Id="56">
                                <LocList>
                                    <Loc EndOffset="1545" SrcFileId="1" StartOffset="1517"/>
                                </LocList>
                            </BasicStmnt>
                            <BasicStmnt CovItemId="S12" CovItemPrefix="printer.SmartPrinter.java" Intrnl_Id="57">
                                <LocList>
                                    <Loc EndOffset="1571" SrcFileId="1" StartOffset="1555"/>
                                </LocList>
                            </BasicStmnt>
                            <BasicStmnt CovItemId="S13" CovItemPrefix="printer.SmartPrinter.java" Intrnl_Id="58">
                                <LocList>
                                    <Loc EndOffset="1599" SrcFileId="1" StartOffset="1581"/>
                                </LocList>
                            </BasicStmnt>
                            <BasicStmnt CovItemId="S14" CovItemPrefix="printer.SmartPrinter.java" Intrnl_Id="59">
                                <LocList>
                                    <Loc EndOffset="1626" SrcFileId="1" StartOffset="1609"/>
                                </LocList>
                            </BasicStmnt>
                            <BasicStmnt CovItemId="S15" CovItemPrefix="printer.SmartPrinter.java" Intrnl_Id="60">
                                <LocList>
                                    <Loc EndOffset="1673" SrcFileId="1" StartOffset="1636"/>
                                </LocList>
                            </BasicStmnt>
                            <BasicStmnt CovItemId="S16" CovItemPrefix="printer.SmartPrinter.java" Intrnl_Id="61">
                                <LocList>
                                    <Loc EndOffset="1706" SrcFileId="1" StartOffset="1683"/>
                                </LocList>
                            </BasicStmnt>
                            <BasicStmnt CovItemId="S17" CovItemPrefix="printer.SmartPrinter.java" Intrnl_Id="62">
                                <LocList>
                                    <Loc EndOffset="1730" SrcFileId="1" StartOffset="1716"/>
                                </LocList>
                            </BasicStmnt>
                            <BasicStmnt CovItemId="S18" CovItemPrefix="printer.SmartPrinter.java" Intrnl_Id="63">
                                <LocList>
                                    <Loc EndOffset="1766" SrcFileId="1" StartOffset="1740"/>
                                </LocList>
                            </BasicStmnt>
                            <BasicStmnt CovItemId="S19" CovItemPrefix="printer.SmartPrinter.java" Intrnl_Id="64">
                                <LocList>
                                    <Loc EndOffset="1798" SrcFileId="1" StartOffset="1776"/>
                                </LocList>
                            </BasicStmnt>
                            <BasicStmnt CovItemId="S20" CovItemPrefix="printer.SmartPrinter.java" Intrnl_Id="65">
                                <LocList>
                                    <Loc EndOffset="1831" SrcFileId="1" StartOffset="1808"/>
                                </LocList>
                            </BasicStmnt>
                        </StmntSeq>
                    </HierarchyLvl>
                    <HierarchyLvl HierarchyLvlId="245" HierarchyLvlTypeId="5" Intrnl_Id="66" Name="getPrinterState">
                        <Header>
                            <Loc EndOffset="1876" SrcFileId="1" StartOffset="1846"/>
                        </Header>
                        <LocList>
                            <Loc EndOffset="1906" SrcFileId="1" StartOffset="1846"/>
                        </LocList>
                        <StmntSeq Intrnl_Id="67">
                            <LocList>
                                <Loc EndOffset="1902" SrcFileId="1" StartOffset="1882"/>
                            </LocList>
                            <BasicStmnt CovItemId="S21" CovItemPrefix="printer.SmartPrinter.java" Intrnl_Id="68">
                                <LocList>
                                    <Loc EndOffset="1902" SrcFileId="1" StartOffset="1882"/>
                                </LocList>
                            </BasicStmnt>
                        </StmntSeq>
                    </HierarchyLvl>
                    <HierarchyLvl HierarchyLvlId="246" HierarchyLvlTypeId="5" Intrnl_Id="69" Name="getSelectedService">
                        <Header>
                            <Loc EndOffset="1947" SrcFileId="1" StartOffset="1911"/>
                        </Header>
                        <LocList>
                            <Loc EndOffset="1980" SrcFileId="1" StartOffset="1911"/>
                        </LocList>
                        <StmntSeq Intrnl_Id="70">
                            <LocList>
                                <Loc EndOffset="1976" SrcFileId="1" StartOffset="1953"/>
                            </LocList>
                            <BasicStmnt CovItemId="S22" CovItemPrefix="printer.SmartPrinter.java" Intrnl_Id="71">
                                <LocList>
                                    <Loc EndOffset="1976" SrcFileId="1" StartOffset="1953"/>
                                </LocList>
                            </BasicStmnt>
                        </StmntSeq>
                    </HierarchyLvl>
                    <HierarchyLvl HierarchyLvlId="247" HierarchyLvlTypeId="5" Intrnl_Id="72" Name="getSpiaGuasto">
                        <Header>
                            <Loc EndOffset="2021" SrcFileId="1" StartOffset="1985"/>
                        </Header>
                        <LocList>
                            <Loc EndOffset="2049" SrcFileId="1" StartOffset="1985"/>
                        </LocList>
                        <StmntSeq Intrnl_Id="73">
                            <LocList>
                                <Loc EndOffset="2045" SrcFileId="1" StartOffset="2027"/>
                            </LocList>
                            <BasicStmnt CovItemId="S23" CovItemPrefix="printer.SmartPrinter.java" Intrnl_Id="74">
                                <LocList>
                                    <Loc EndOffset="2045" SrcFileId="1" StartOffset="2027"/>
                                </LocList>
                            </BasicStmnt>
                        </StmntSeq>
                    </HierarchyLvl>
                    <HierarchyLvl HierarchyLvlId="248" HierarchyLvlTypeId="5" Intrnl_Id="75" Name="getTonerNero">
                        <Header>
                            <Loc EndOffset="2079" SrcFileId="1" StartOffset="2054"/>
                        </Header>
                        <LocList>
                            <Loc EndOffset="2106" SrcFileId="1" StartOffset="2054"/>
                        </LocList>
                        <StmntSeq Intrnl_Id="76">
                            <LocList>
                                <Loc EndOffset="2102" SrcFileId="1" StartOffset="2085"/>
                            </LocList>
                            <BasicStmnt CovItemId="S24" CovItemPrefix="printer.SmartPrinter.java" Intrnl_Id="77">
                                <LocList>
                                    <Loc EndOffset="2102" SrcFileId="1" StartOffset="2085"/>
                                </LocList>
                            </BasicStmnt>
                        </StmntSeq>
                    </HierarchyLvl>
                    <HierarchyLvl HierarchyLvlId="249" HierarchyLvlTypeId="5" Intrnl_Id="78" Name="getTonerColore">
                        <Header>
                            <Loc EndOffset="2138" SrcFileId="1" StartOffset="2111"/>
                        </Header>
                        <LocList>
                            <Loc EndOffset="2167" SrcFileId="1" StartOffset="2111"/>
                        </LocList>
                        <StmntSeq Intrnl_Id="79">
                            <LocList>
                                <Loc EndOffset="2163" SrcFileId="1" StartOffset="2144"/>
                            </LocList>
                            <BasicStmnt CovItemId="S25" CovItemPrefix="printer.SmartPrinter.java" Intrnl_Id="80">
                                <LocList>
                                    <Loc EndOffset="2163" SrcFileId="1" StartOffset="2144"/>
                                </LocList>
                            </BasicStmnt>
                        </StmntSeq>
                    </HierarchyLvl>
                    <HierarchyLvl HierarchyLvlId="250" HierarchyLvlTypeId="5" Intrnl_Id="81" Name="getFogliCarta">
                        <Header>
                            <Loc EndOffset="2198" SrcFileId="1" StartOffset="2172"/>
                        </Header>
                        <LocList>
                            <Loc EndOffset="2226" SrcFileId="1" StartOffset="2172"/>
                        </LocList>
                        <StmntSeq Intrnl_Id="82">
                            <LocList>
                                <Loc EndOffset="2222" SrcFileId="1" StartOffset="2204"/>
                            </LocList>
                            <BasicStmnt CovItemId="S26" CovItemPrefix="printer.SmartPrinter.java" Intrnl_Id="83">
                                <LocList>
                                    <Loc EndOffset="2222" SrcFileId="1" StartOffset="2204"/>
                                </LocList>
                            </BasicStmnt>
                        </StmntSeq>
                    </HierarchyLvl>
                    <HierarchyLvl HierarchyLvlId="251" HierarchyLvlTypeId="5" Intrnl_Id="84" Name="isCollegatoWireless">
                        <Header>
                            <Loc EndOffset="2267" SrcFileId="1" StartOffset="2231"/>
                        </Header>
                        <LocList>
                            <Loc EndOffset="2302" SrcFileId="1" StartOffset="2231"/>
                        </LocList>
                        <StmntSeq Intrnl_Id="85">
                            <LocList>
                                <Loc EndOffset="2298" SrcFileId="1" StartOffset="2273"/>
                            </LocList>
                            <BasicStmnt CovItemId="S27" CovItemPrefix="printer.SmartPrinter.java" Intrnl_Id="86">
                                <LocList>
                                    <Loc EndOffset="2298" SrcFileId="1" StartOffset="2273"/>
                                </LocList>
                            </BasicStmnt>
                        </StmntSeq>
                    </HierarchyLvl>
                    <HierarchyLvl HierarchyLvlId="252" HierarchyLvlTypeId="5" Intrnl_Id="87" Name="isCollegatoCavo">
                        <Header>
                            <Loc EndOffset="2339" SrcFileId="1" StartOffset="2307"/>
                        </Header>
                        <LocList>
                            <Loc EndOffset="2370" SrcFileId="1" StartOffset="2307"/>
                        </LocList>
                        <StmntSeq Intrnl_Id="88">
                            <LocList>
                                <Loc EndOffset="2366" SrcFileId="1" StartOffset="2345"/>
                            </LocList>
                            <BasicStmnt CovItemId="S28" CovItemPrefix="printer.SmartPrinter.java" Intrnl_Id="89">
                                <LocList>
                                    <Loc EndOffset="2366" SrcFileId="1" StartOffset="2345"/>
                                </LocList>
                            </BasicStmnt>
                        </StmntSeq>
                    </HierarchyLvl>
                    <HierarchyLvl HierarchyLvlId="253" HierarchyLvlTypeId="5" Intrnl_Id="90" Name="isCartaInceppata">
                        <Header>
                            <Loc EndOffset="2408" SrcFileId="1" StartOffset="2375"/>
                        </Header>
                        <LocList>
                            <Loc EndOffset="2440" SrcFileId="1" StartOffset="2375"/>
                        </LocList>
                        <StmntSeq Intrnl_Id="91">
                            <LocList>
                                <Loc EndOffset="2436" SrcFileId="1" StartOffset="2414"/>
                            </LocList>
                            <BasicStmnt CovItemId="S29" CovItemPrefix="printer.SmartPrinter.java" Intrnl_Id="92">
                                <LocList>
                                    <Loc EndOffset="2436" SrcFileId="1" StartOffset="2414"/>
                                </LocList>
                            </BasicStmnt>
                        </StmntSeq>
                    </HierarchyLvl>
                    <HierarchyLvl HierarchyLvlId="254" HierarchyLvlTypeId="5" Intrnl_Id="93" Name="getUtenti">
                        <Header>
                            <Loc EndOffset="2472" SrcFileId="1" StartOffset="2445"/>
                        </Header>
                        <LocList>
                            <Loc EndOffset="2496" SrcFileId="1" StartOffset="2445"/>
                        </LocList>
                        <StmntSeq Intrnl_Id="94">
                            <LocList>
                                <Loc EndOffset="2492" SrcFileId="1" StartOffset="2478"/>
                            </LocList>
                            <BasicStmnt CovItemId="S30" CovItemPrefix="printer.SmartPrinter.java" Intrnl_Id="95">
                                <LocList>
                                    <Loc EndOffset="2492" SrcFileId="1" StartOffset="2478"/>
                                </LocList>
                            </BasicStmnt>
                        </StmntSeq>
                    </HierarchyLvl>
                    <HierarchyLvl HierarchyLvlId="255" HierarchyLvlTypeId="5" Intrnl_Id="96" Name="getUtenteCorrente">
                        <Header>
                            <Loc EndOffset="2534" SrcFileId="1" StartOffset="2501"/>
                        </Header>
                        <LocList>
                            <Loc EndOffset="2566" SrcFileId="1" StartOffset="2501"/>
                        </LocList>
                        <StmntSeq Intrnl_Id="97">
                            <LocList>
                                <Loc EndOffset="2562" SrcFileId="1" StartOffset="2540"/>
                            </LocList>
                            <BasicStmnt CovItemId="S31" CovItemPrefix="printer.SmartPrinter.java" Intrnl_Id="98">
                                <LocList>
                                    <Loc EndOffset="2562" SrcFileId="1" StartOffset="2540"/>
                                </LocList>
                            </BasicStmnt>
                        </StmntSeq>
                    </HierarchyLvl>
                    <HierarchyLvl HierarchyLvlId="256" HierarchyLvlTypeId="5" Intrnl_Id="99" Name="aggiungiUtente">
                        <Header>
                            <Loc EndOffset="2607" SrcFileId="1" StartOffset="2571"/>
                        </Header>
                        <LocList>
                            <Loc EndOffset="2911" SrcFileId="1" StartOffset="2571"/>
                        </LocList>
                        <StmntSeq Intrnl_Id="100">
                            <LocList>
                                <Loc EndOffset="2894" SrcFileId="1" StartOffset="2619"/>
                            </LocList>
                            <CondStmnt CovItemId="S32" CovItemPrefix="printer.SmartPrinter.java" Intrnl_Id="101">
                                <Branch CovItemId="B5" CovItemPrefix="printer.SmartPrinter.java" Implct="false" Intrnl_Id="102">
                                    <Cond/>
                                    <LocList>
                                        <Loc EndOffset="2807" SrcFileId="1" StartOffset="2649"/>
                                    </LocList>
                                    <StmntSeq Intrnl_Id="103">
                                        <LocList>
                                            <Loc EndOffset="2683" SrcFileId="1" StartOffset="2661"/>
                                            <Loc EndOffset="2706" SrcFileId="1" StartOffset="2694"/>
                                            <Loc EndOffset="2796" SrcFileId="1" StartOffset="2717"/>
                                        </LocList>
                                        <BasicStmnt CovItemId="S33" CovItemPrefix="printer.SmartPrinter.java" Intrnl_Id="104">
                                            <LocList>
                                                <Loc EndOffset="2683" SrcFileId="1" StartOffset="2661"/>
                                            </LocList>
                                        </BasicStmnt>
                                        <BasicStmnt CovItemId="S34" CovItemPrefix="printer.SmartPrinter.java" Intrnl_Id="105">
                                            <LocList>
                                                <Loc EndOffset="2706" SrcFileId="1" StartOffset="2694"/>
                                            </LocList>
                                        </BasicStmnt>
                                        <BasicStmnt CovItemId="S35" CovItemPrefix="printer.SmartPrinter.java" Intrnl_Id="106">
                                            <LocList>
                                                <Loc EndOffset="2796" SrcFileId="1" StartOffset="2717"/>
                                            </LocList>
                                        </BasicStmnt>
                                    </StmntSeq>
                                </Branch>
                                <Branch CovItemId="B6" CovItemPrefix="printer.SmartPrinter.java" Implct="false" Intrnl_Id="107">
                                    <Cond>
                                        <Loc EndOffset="2821" SrcFileId="1" StartOffset="2817"/>
                                    </Cond>
                                    <LocList>
                                        <Loc EndOffset="2894" SrcFileId="1" StartOffset="2832"/>
                                    </LocList>
                                    <StmntSeq Intrnl_Id="108">
                                        <LocList>
                                            <Loc EndOffset="2894" SrcFileId="1" StartOffset="2832"/>
                                        </LocList>
                                        <BasicStmnt CovItemId="S36" CovItemPrefix="printer.SmartPrinter.java" Intrnl_Id="109">
                                            <LocList>
                                                <Loc EndOffset="2894" SrcFileId="1" StartOffset="2832"/>
                                            </LocList>
                                        </BasicStmnt>
                                    </StmntSeq>
                                </Branch>
                                <Keyword EndOffset="2621" SrcFileId="1" StartOffset="2619"/>
                                <LocList>
                                    <Loc EndOffset="2894" SrcFileId="1" StartOffset="2619"/>
                                </LocList>
                                <RootTerm CovItemId="C4" CovItemPrefix="printer.SmartPrinter.java" Intrnl_Id="110">
                                    <BasicBoolTerm Intrnl_Id="111">
                                        <LocList>
                                            <Loc EndOffset="2647" SrcFileId="1" StartOffset="2622"/>
                                        </LocList>
                                    </BasicBoolTerm>
                                </RootTerm>
                            </CondStmnt>
                        </StmntSeq>
                    </HierarchyLvl>
                    <HierarchyLvl HierarchyLvlId="257" HierarchyLvlTypeId="5" Intrnl_Id="112" Name="guastoStampante">
                        <Header>
                            <Loc EndOffset="2955" SrcFileId="1" StartOffset="2923"/>
                        </Header>
                        <LocList>
                            <Loc EndOffset="3044" SrcFileId="1" StartOffset="2923"/>
                        </LocList>
                        <StmntSeq Intrnl_Id="113">
                            <LocList>
                                <Loc EndOffset="3037" SrcFileId="1" StartOffset="2964"/>
                            </LocList>
                            <CondStmnt CovItemId="S37" CovItemPrefix="printer.SmartPrinter.java" Intrnl_Id="114">
                                <Branch CovItemId="B7" CovItemPrefix="printer.SmartPrinter.java" Implct="false" Intrnl_Id="115">
                                    <Cond/>
                                    <LocList>
                                        <Loc EndOffset="3037" SrcFileId="1" StartOffset="3003"/>
                                    </LocList>
                                    <StmntSeq Intrnl_Id="116">
                                        <LocList>
                                            <Loc EndOffset="3037" SrcFileId="1" StartOffset="3003"/>
                                        </LocList>
                                        <BasicStmnt CovItemId="S38" CovItemPrefix="printer.SmartPrinter.java" Intrnl_Id="117">
                                            <LocList>
                                                <Loc EndOffset="3037" SrcFileId="1" StartOffset="3003"/>
                                            </LocList>
                                        </BasicStmnt>
                                    </StmntSeq>
                                </Branch>
                                <Branch CovItemId="B8" CovItemPrefix="printer.SmartPrinter.java" Implct="true" Intrnl_Id="118">
                                    <Cond/>
                                    <LocList/>
                                    <StmntSeq Intrnl_Id="119">
                                        <LocList/>
                                    </StmntSeq>
                                </Branch>
                                <Keyword EndOffset="2966" SrcFileId="1" StartOffset="2964"/>
                                <LocList>
                                    <Loc EndOffset="3037" SrcFileId="1" StartOffset="2964"/>
                                </LocList>
                                <RootTerm CovItemId="C5" CovItemPrefix="printer.SmartPrinter.java" Intrnl_Id="120">
                                    <BasicBoolTerm Intrnl_Id="121">
                                        <LocList>
                                            <Loc EndOffset="2994" SrcFileId="1" StartOffset="2967"/>
                                        </LocList>
                                    </BasicBoolTerm>
                                </RootTerm>
                            </CondStmnt>
                        </StmntSeq>
                    </HierarchyLvl>
                    <HierarchyLvl HierarchyLvlId="258" HierarchyLvlTypeId="5" Intrnl_Id="122" Name="riparazioneStampante">
                        <Header>
                            <Loc EndOffset="3093" SrcFileId="1" StartOffset="3056"/>
                        </Header>
                        <LocList>
                            <Loc EndOffset="3192" SrcFileId="1" StartOffset="3056"/>
                        </LocList>
                        <StmntSeq Intrnl_Id="123">
                            <LocList>
                                <Loc EndOffset="3185" SrcFileId="1" StartOffset="3102"/>
                            </LocList>
                            <CondStmnt CovItemId="S39" CovItemPrefix="printer.SmartPrinter.java" Intrnl_Id="124">
                                <Branch CovItemId="B9" CovItemPrefix="printer.SmartPrinter.java" Implct="false" Intrnl_Id="125">
                                    <Cond/>
                                    <LocList>
                                        <Loc EndOffset="3185" SrcFileId="1" StartOffset="3148"/>
                                    </LocList>
                                    <StmntSeq Intrnl_Id="126">
                                        <LocList>
                                            <Loc EndOffset="3185" SrcFileId="1" StartOffset="3148"/>
                                        </LocList>
                                        <BasicStmnt CovItemId="S40" CovItemPrefix="printer.SmartPrinter.java" Intrnl_Id="127">
                                            <LocList>
                                                <Loc EndOffset="3185" SrcFileId="1" StartOffset="3148"/>
                                            </LocList>
                                        </BasicStmnt>
                                    </StmntSeq>
                                </Branch>
                                <Branch CovItemId="B10" CovItemPrefix="printer.SmartPrinter.java" Implct="true" Intrnl_Id="128">
                                    <Cond/>
                                    <LocList/>
                                    <StmntSeq Intrnl_Id="129">
                                        <LocList/>
                                    </StmntSeq>
                                </Branch>
                                <Keyword EndOffset="3104" SrcFileId="1" StartOffset="3102"/>
                                <LocList>
                                    <Loc EndOffset="3185" SrcFileId="1" StartOffset="3102"/>
                                </LocList>
                                <RootTerm CovItemId="C6" CovItemPrefix="printer.SmartPrinter.java" Intrnl_Id="130">
                                    <BasicBoolTerm Intrnl_Id="131">
                                        <LocList>
                                            <Loc EndOffset="3139" SrcFileId="1" StartOffset="3105"/>
                                        </LocList>
                                    </BasicBoolTerm>
                                </RootTerm>
                            </CondStmnt>
                        </StmntSeq>
                    </HierarchyLvl>
                    <HierarchyLvl HierarchyLvlId="259" HierarchyLvlTypeId="5" Intrnl_Id="132" Name="accendiStampante">
                        <Header>
                            <Loc EndOffset="3233" SrcFileId="1" StartOffset="3200"/>
                        </Header>
                        <LocList>
                            <Loc EndOffset="3478" SrcFileId="1" StartOffset="3200"/>
                        </LocList>
                        <StmntSeq Intrnl_Id="133">
                            <LocList>
                                <Loc EndOffset="3389" SrcFileId="1" StartOffset="3242"/>
                                <Loc EndOffset="3444" SrcFileId="1" StartOffset="3396"/>
                                <Loc EndOffset="3464" SrcFileId="1" StartOffset="3451"/>
                            </LocList>
                            <CondStmnt CovItemId="S41" CovItemPrefix="printer.SmartPrinter.java" Intrnl_Id="134">
                                <Branch CovItemId="B11" CovItemPrefix="printer.SmartPrinter.java" Implct="false" Intrnl_Id="135">
                                    <Cond/>
                                    <LocList>
                                        <Loc EndOffset="3389" SrcFileId="1" StartOffset="3275"/>
                                    </LocList>
                                    <StmntSeq Intrnl_Id="136">
                                        <LocList>
                                            <Loc EndOffset="3311" SrcFileId="1" StartOffset="3284"/>
                                            <Loc EndOffset="3361" SrcFileId="1" StartOffset="3319"/>
                                            <Loc EndOffset="3381" SrcFileId="1" StartOffset="3369"/>
                                        </LocList>
                                        <BasicStmnt CovItemId="S42" CovItemPrefix="printer.SmartPrinter.java" Intrnl_Id="137">
                                            <LocList>
                                                <Loc EndOffset="3311" SrcFileId="1" StartOffset="3284"/>
                                            </LocList>
                                        </BasicStmnt>
                                        <BasicStmnt CovItemId="S43" CovItemPrefix="printer.SmartPrinter.java" Intrnl_Id="138">
                                            <LocList>
                                                <Loc EndOffset="3361" SrcFileId="1" StartOffset="3319"/>
                                            </LocList>
                                        </BasicStmnt>
                                        <BasicStmnt CovItemId="S44" CovItemPrefix="printer.SmartPrinter.java" Intrnl_Id="139">
                                            <LocList>
                                                <Loc EndOffset="3381" SrcFileId="1" StartOffset="3369"/>
                                            </LocList>
                                        </BasicStmnt>
                                    </StmntSeq>
                                </Branch>
                                <Branch CovItemId="B12" CovItemPrefix="printer.SmartPrinter.java" Implct="true" Intrnl_Id="140">
                                    <Cond/>
                                    <LocList/>
                                    <StmntSeq Intrnl_Id="141">
                                        <LocList/>
                                    </StmntSeq>
                                </Branch>
                                <Keyword EndOffset="3244" SrcFileId="1" StartOffset="3242"/>
                                <LocList>
                                    <Loc EndOffset="3389" SrcFileId="1" StartOffset="3242"/>
                                </LocList>
                                <RootTerm CovItemId="C7" CovItemPrefix="printer.SmartPrinter.java" Intrnl_Id="142">
                                    <BasicBoolTerm Intrnl_Id="143">
                                        <LocList>
                                            <Loc EndOffset="3273" SrcFileId="1" StartOffset="3245"/>
                                        </LocList>
                                    </BasicBoolTerm>
                                </RootTerm>
                            </CondStmnt>
                            <BasicStmnt CovItemId="S45" CovItemPrefix="printer.SmartPrinter.java" Intrnl_Id="144">
                                <LocList>
                                    <Loc EndOffset="3444" SrcFileId="1" StartOffset="3396"/>
                                </LocList>
                            </BasicStmnt>
                            <BasicStmnt CovItemId="S46" CovItemPrefix="printer.SmartPrinter.java" Intrnl_Id="145">
                                <LocList>
                                    <Loc EndOffset="3464" SrcFileId="1" StartOffset="3451"/>
                                </LocList>
                            </BasicStmnt>
                        </StmntSeq>
                    </HierarchyLvl>
                    <HierarchyLvl HierarchyLvlId="260" HierarchyLvlTypeId="5" Intrnl_Id="146" Name="avvioStampante">
                        <Header>
                            <Loc EndOffset="3517" SrcFileId="1" StartOffset="3486"/>
                        </Header>
                        <LocList>
                            <Loc EndOffset="3953" SrcFileId="1" StartOffset="3486"/>
                        </LocList>
                        <StmntSeq Intrnl_Id="147">
                            <LocList>
                                <Loc EndOffset="3875" SrcFileId="1" StartOffset="3526"/>
                                <Loc EndOffset="3926" SrcFileId="1" StartOffset="3882"/>
                                <Loc EndOffset="3946" SrcFileId="1" StartOffset="3933"/>
                            </LocList>
                            <CondStmnt CovItemId="S47" CovItemPrefix="printer.SmartPrinter.java" Intrnl_Id="148">
                                <Branch CovItemId="B13" CovItemPrefix="printer.SmartPrinter.java" Implct="false" Intrnl_Id="149">
                                    <Cond/>
                                    <LocList>
                                        <Loc EndOffset="3875" SrcFileId="1" StartOffset="3558"/>
                                    </LocList>
                                    <StmntSeq Intrnl_Id="150">
                                        <LocList>
                                            <Loc EndOffset="3867" SrcFileId="1" StartOffset="3567"/>
                                        </LocList>
                                        <CondStmnt CovItemId="S48" CovItemPrefix="printer.SmartPrinter.java" Intrnl_Id="151">
                                            <Branch CovItemId="B15" CovItemPrefix="printer.SmartPrinter.java" Implct="false" Intrnl_Id="152">
                                                <Cond/>
                                                <LocList>
                                                    <Loc EndOffset="3732" SrcFileId="1" StartOffset="3606"/>
                                                </LocList>
                                                <StmntSeq Intrnl_Id="153">
                                                    <LocList>
                                                        <Loc EndOffset="3650" SrcFileId="1" StartOffset="3616"/>
                                                        <Loc EndOffset="3698" SrcFileId="1" StartOffset="3659"/>
                                                        <Loc EndOffset="3720" SrcFileId="1" StartOffset="3707"/>
                                                    </LocList>
                                                    <BasicStmnt CovItemId="S49" CovItemPrefix="printer.SmartPrinter.java" Intrnl_Id="154">
                                                        <LocList>
                                                            <Loc EndOffset="3650" SrcFileId="1" StartOffset="3616"/>
                                                        </LocList>
                                                    </BasicStmnt>
                                                    <BasicStmnt CovItemId="S50" CovItemPrefix="printer.SmartPrinter.java" Intrnl_Id="155">
                                                        <LocList>
                                                            <Loc EndOffset="3698" SrcFileId="1" StartOffset="3659"/>
                                                        </LocList>
                                                    </BasicStmnt>
                                                    <BasicStmnt CovItemId="S51" CovItemPrefix="printer.SmartPrinter.java" Intrnl_Id="156">
                                                        <LocList>
                                                            <Loc EndOffset="3720" SrcFileId="1" StartOffset="3707"/>
                                                        </LocList>
                                                    </BasicStmnt>
                                                </StmntSeq>
                                            </Branch>
                                            <Branch CovItemId="B16" CovItemPrefix="printer.SmartPrinter.java" Implct="false" Intrnl_Id="157">
                                                <Cond>
                                                    <Loc EndOffset="3747" SrcFileId="1" StartOffset="3743"/>
                                                </Cond>
                                                <LocList>
                                                    <Loc EndOffset="3867" SrcFileId="1" StartOffset="3748"/>
                                                </LocList>
                                                <StmntSeq Intrnl_Id="158">
                                                    <LocList>
                                                        <Loc EndOffset="3791" SrcFileId="1" StartOffset="3758"/>
                                                        <Loc EndOffset="3837" SrcFileId="1" StartOffset="3800"/>
                                                        <Loc EndOffset="3858" SrcFileId="1" StartOffset="3846"/>
                                                    </LocList>
                                                    <BasicStmnt CovItemId="S52" CovItemPrefix="printer.SmartPrinter.java" Intrnl_Id="159">
                                                        <LocList>
                                                            <Loc EndOffset="3791" SrcFileId="1" StartOffset="3758"/>
                                                        </LocList>
                                                    </BasicStmnt>
                                                    <BasicStmnt CovItemId="S53" CovItemPrefix="printer.SmartPrinter.java" Intrnl_Id="160">
                                                        <LocList>
                                                            <Loc EndOffset="3837" SrcFileId="1" StartOffset="3800"/>
                                                        </LocList>
                                                    </BasicStmnt>
                                                    <BasicStmnt CovItemId="S54" CovItemPrefix="printer.SmartPrinter.java" Intrnl_Id="161">
                                                        <LocList>
                                                            <Loc EndOffset="3858" SrcFileId="1" StartOffset="3846"/>
                                                        </LocList>
                                                    </BasicStmnt>
                                                </StmntSeq>
                                            </Branch>
                                            <Keyword EndOffset="3569" SrcFileId="1" StartOffset="3567"/>
                                            <LocList>
                                                <Loc EndOffset="3867" SrcFileId="1" StartOffset="3567"/>
                                            </LocList>
                                            <RootTerm CovItemId="C9" CovItemPrefix="printer.SmartPrinter.java" Intrnl_Id="162">
                                                <BasicBoolTerm Intrnl_Id="163">
                                                    <LocList>
                                                        <Loc EndOffset="3604" SrcFileId="1" StartOffset="3570"/>
                                                    </LocList>
                                                </BasicBoolTerm>
                                            </RootTerm>
                                        </CondStmnt>
                                    </StmntSeq>
                                </Branch>
                                <Branch CovItemId="B14" CovItemPrefix="printer.SmartPrinter.java" Implct="true" Intrnl_Id="164">
                                    <Cond/>
                                    <LocList/>
                                    <StmntSeq Intrnl_Id="165">
                                        <LocList/>
                                    </StmntSeq>
                                </Branch>
                                <Keyword EndOffset="3528" SrcFileId="1" StartOffset="3526"/>
                                <LocList>
                                    <Loc EndOffset="3875" SrcFileId="1" StartOffset="3526"/>
                                </LocList>
                                <RootTerm CovItemId="C8" CovItemPrefix="printer.SmartPrinter.java" Intrnl_Id="166">
                                    <BasicBoolTerm Intrnl_Id="167">
                                        <LocList>
                                            <Loc EndOffset="3556" SrcFileId="1" StartOffset="3529"/>
                                        </LocList>
                                    </BasicBoolTerm>
                                </RootTerm>
                            </CondStmnt>
                            <BasicStmnt CovItemId="S55" CovItemPrefix="printer.SmartPrinter.java" Intrnl_Id="168">
                                <LocList>
                                    <Loc EndOffset="3926" SrcFileId="1" StartOffset="3882"/>
                                </LocList>
                            </BasicStmnt>
                            <BasicStmnt CovItemId="S56" CovItemPrefix="printer.SmartPrinter.java" Intrnl_Id="169">
                                <LocList>
                                    <Loc EndOffset="3946" SrcFileId="1" StartOffset="3933"/>
                                </LocList>
                            </BasicStmnt>
                        </StmntSeq>
                    </HierarchyLvl>
                    <HierarchyLvl HierarchyLvlId="261" HierarchyLvlTypeId="5" Intrnl_Id="170" Name="gestioneGuasto">
                        <Header>
                            <Loc EndOffset="3996" SrcFileId="1" StartOffset="3965"/>
                        </Header>
                        <LocList>
                            <Loc EndOffset="4415" SrcFileId="1" StartOffset="3965"/>
                        </LocList>
                        <StmntSeq Intrnl_Id="171">
                            <LocList>
                                <Loc EndOffset="4337" SrcFileId="1" StartOffset="4005"/>
                                <Loc EndOffset="4388" SrcFileId="1" StartOffset="4344"/>
                                <Loc EndOffset="4408" SrcFileId="1" StartOffset="4395"/>
                            </LocList>
                            <CondStmnt CovItemId="S57" CovItemPrefix="printer.SmartPrinter.java" Intrnl_Id="172">
                                <Branch CovItemId="B17" CovItemPrefix="printer.SmartPrinter.java" Implct="false" Intrnl_Id="173">
                                    <Cond/>
                                    <LocList>
                                        <Loc EndOffset="4337" SrcFileId="1" StartOffset="4044"/>
                                    </LocList>
                                    <StmntSeq Intrnl_Id="174">
                                        <LocList>
                                            <Loc EndOffset="4329" SrcFileId="1" StartOffset="4053"/>
                                        </LocList>
                                        <CondStmnt CovItemId="S58" CovItemPrefix="printer.SmartPrinter.java" Intrnl_Id="175">
                                            <Branch CovItemId="B19" CovItemPrefix="printer.SmartPrinter.java" Implct="false" Intrnl_Id="176">
                                                <Cond/>
                                                <LocList>
                                                    <Loc EndOffset="4217" SrcFileId="1" StartOffset="4095"/>
                                                </LocList>
                                                <StmntSeq Intrnl_Id="177">
                                                    <LocList>
                                                        <Loc EndOffset="4138" SrcFileId="1" StartOffset="4105"/>
                                                        <Loc EndOffset="4184" SrcFileId="1" StartOffset="4147"/>
                                                        <Loc EndOffset="4205" SrcFileId="1" StartOffset="4193"/>
                                                    </LocList>
                                                    <BasicStmnt CovItemId="S59" CovItemPrefix="printer.SmartPrinter.java" Intrnl_Id="178">
                                                        <LocList>
                                                            <Loc EndOffset="4138" SrcFileId="1" StartOffset="4105"/>
                                                        </LocList>
                                                    </BasicStmnt>
                                                    <BasicStmnt CovItemId="S60" CovItemPrefix="printer.SmartPrinter.java" Intrnl_Id="179">
                                                        <LocList>
                                                            <Loc EndOffset="4184" SrcFileId="1" StartOffset="4147"/>
                                                        </LocList>
                                                    </BasicStmnt>
                                                    <BasicStmnt CovItemId="S61" CovItemPrefix="printer.SmartPrinter.java" Intrnl_Id="180">
                                                        <LocList>
                                                            <Loc EndOffset="4205" SrcFileId="1" StartOffset="4193"/>
                                                        </LocList>
                                                    </BasicStmnt>
                                                </StmntSeq>
                                            </Branch>
                                            <Branch CovItemId="B20" CovItemPrefix="printer.SmartPrinter.java" Implct="false" Intrnl_Id="181">
                                                <Cond>
                                                    <Loc EndOffset="4232" SrcFileId="1" StartOffset="4228"/>
                                                </Cond>
                                                <LocList>
                                                    <Loc EndOffset="4329" SrcFileId="1" StartOffset="4233"/>
                                                </LocList>
                                                <StmntSeq Intrnl_Id="182">
                                                    <LocList>
                                                        <Loc EndOffset="4292" SrcFileId="1" StartOffset="4246"/>
                                                        <Loc EndOffset="4317" SrcFileId="1" StartOffset="4304"/>
                                                    </LocList>
                                                    <BasicStmnt CovItemId="S62" CovItemPrefix="printer.SmartPrinter.java" Intrnl_Id="183">
                                                        <LocList>
                                                            <Loc EndOffset="4292" SrcFileId="1" StartOffset="4246"/>
                                                        </LocList>
                                                    </BasicStmnt>
                                                    <BasicStmnt CovItemId="S63" CovItemPrefix="printer.SmartPrinter.java" Intrnl_Id="184">
                                                        <LocList>
                                                            <Loc EndOffset="4317" SrcFileId="1" StartOffset="4304"/>
                                                        </LocList>
                                                    </BasicStmnt>
                                                </StmntSeq>
                                            </Branch>
                                            <Keyword EndOffset="4055" SrcFileId="1" StartOffset="4053"/>
                                            <LocList>
                                                <Loc EndOffset="4329" SrcFileId="1" StartOffset="4053"/>
                                            </LocList>
                                            <RootTerm CovItemId="C11" CovItemPrefix="printer.SmartPrinter.java" Intrnl_Id="185">
                                                <BasicBoolTerm Intrnl_Id="186">
                                                    <LocList>
                                                        <Loc EndOffset="4093" SrcFileId="1" StartOffset="4056"/>
                                                    </LocList>
                                                </BasicBoolTerm>
                                            </RootTerm>
                                        </CondStmnt>
                                    </StmntSeq>
                                </Branch>
                                <Branch CovItemId="B18" CovItemPrefix="printer.SmartPrinter.java" Implct="true" Intrnl_Id="187">
                                    <Cond/>
                                    <LocList/>
                                    <StmntSeq Intrnl_Id="188">
                                        <LocList/>
                                    </StmntSeq>
                                </Branch>
                                <Keyword EndOffset="4007" SrcFileId="1" StartOffset="4005"/>
                                <LocList>
                                    <Loc EndOffset="4337" SrcFileId="1" StartOffset="4005"/>
                                </LocList>
                                <RootTerm CovItemId="C10" CovItemPrefix="printer.SmartPrinter.java" Intrnl_Id="189">
                                    <BasicBoolTerm Intrnl_Id="190">
                                        <LocList>
                                            <Loc EndOffset="4042" SrcFileId="1" StartOffset="4008"/>
                                        </LocList>
                                    </BasicBoolTerm>
                                </RootTerm>
                            </CondStmnt>
                            <BasicStmnt CovItemId="S64" CovItemPrefix="printer.SmartPrinter.java" Intrnl_Id="191">
                                <LocList>
                                    <Loc EndOffset="4388" SrcFileId="1" StartOffset="4344"/>
                                </LocList>
                            </BasicStmnt>
                            <BasicStmnt CovItemId="S65" CovItemPrefix="printer.SmartPrinter.java" Intrnl_Id="192">
                                <LocList>
                                    <Loc EndOffset="4408" SrcFileId="1" StartOffset="4395"/>
                                </LocList>
                            </BasicStmnt>
                        </StmntSeq>
                    </HierarchyLvl>
                    <HierarchyLvl HierarchyLvlId="262" HierarchyLvlTypeId="5" Intrnl_Id="193" Name="identificazioneUtente">
                        <Header>
                            <Loc EndOffset="4477" SrcFileId="1" StartOffset="4427"/>
                        </Header>
                        <LocList>
                            <Loc EndOffset="4981" SrcFileId="1" StartOffset="4427"/>
                        </LocList>
                        <StmntSeq Intrnl_Id="194">
                            <LocList>
                                <Loc EndOffset="4903" SrcFileId="1" StartOffset="4486"/>
                                <Loc EndOffset="4954" SrcFileId="1" StartOffset="4910"/>
                                <Loc EndOffset="4974" SrcFileId="1" StartOffset="4961"/>
                            </LocList>
                            <CondStmnt CovItemId="S66" CovItemPrefix="printer.SmartPrinter.java" Intrnl_Id="195">
                                <Branch CovItemId="B21" CovItemPrefix="printer.SmartPrinter.java" Implct="false" Intrnl_Id="196">
                                    <Cond/>
                                    <LocList>
                                        <Loc EndOffset="4903" SrcFileId="1" StartOffset="4524"/>
                                    </LocList>
                                    <StmntSeq Intrnl_Id="197">
                                        <LocList>
                                            <Loc EndOffset="4895" SrcFileId="1" StartOffset="4534"/>
                                        </LocList>
                                        <CondStmnt CovItemId="S67" CovItemPrefix="printer.SmartPrinter.java" Intrnl_Id="198">
                                            <Branch CovItemId="B23" CovItemPrefix="printer.SmartPrinter.java" Implct="false" Intrnl_Id="199">
                                                <Cond/>
                                                <LocList>
                                                    <Loc EndOffset="4784" SrcFileId="1" StartOffset="4562"/>
                                                </LocList>
                                                <StmntSeq Intrnl_Id="200">
                                                    <LocList>
                                                        <Loc EndOffset="4619" SrcFileId="1" StartOffset="4572"/>
                                                        <Loc EndOffset="4662" SrcFileId="1" StartOffset="4628"/>
                                                        <Loc EndOffset="4751" SrcFileId="1" StartOffset="4671"/>
                                                        <Loc EndOffset="4772" SrcFileId="1" StartOffset="4760"/>
                                                    </LocList>
                                                    <BasicStmnt CovItemId="S68" CovItemPrefix="printer.SmartPrinter.java" Intrnl_Id="201">
                                                        <LocList>
                                                            <Loc EndOffset="4619" SrcFileId="1" StartOffset="4572"/>
                                                        </LocList>
                                                    </BasicStmnt>
                                                    <BasicStmnt CovItemId="S69" CovItemPrefix="printer.SmartPrinter.java" Intrnl_Id="202">
                                                        <LocList>
                                                            <Loc EndOffset="4662" SrcFileId="1" StartOffset="4628"/>
                                                        </LocList>
                                                    </BasicStmnt>
                                                    <BasicStmnt CovItemId="S70" CovItemPrefix="printer.SmartPrinter.java" Intrnl_Id="203">
                                                        <LocList>
                                                            <Loc EndOffset="4751" SrcFileId="1" StartOffset="4671"/>
                                                        </LocList>
                                                    </BasicStmnt>
                                                    <BasicStmnt CovItemId="S71" CovItemPrefix="printer.SmartPrinter.java" Intrnl_Id="204">
                                                        <LocList>
                                                            <Loc EndOffset="4772" SrcFileId="1" StartOffset="4760"/>
                                                        </LocList>
                                                    </BasicStmnt>
                                                </StmntSeq>
                                            </Branch>
                                            <Branch CovItemId="B24" CovItemPrefix="printer.SmartPrinter.java" Implct="false" Intrnl_Id="205">
                                                <Cond>
                                                    <Loc EndOffset="4799" SrcFileId="1" StartOffset="4795"/>
                                                </Cond>
                                                <LocList>
                                                    <Loc EndOffset="4895" SrcFileId="1" StartOffset="4800"/>
                                                </LocList>
                                                <StmntSeq Intrnl_Id="206">
                                                    <LocList>
                                                        <Loc EndOffset="4858" SrcFileId="1" StartOffset="4813"/>
                                                        <Loc EndOffset="4883" SrcFileId="1" StartOffset="4870"/>
                                                    </LocList>
                                                    <BasicStmnt CovItemId="S72" CovItemPrefix="printer.SmartPrinter.java" Intrnl_Id="207">
                                                        <LocList>
                                                            <Loc EndOffset="4858" SrcFileId="1" StartOffset="4813"/>
                                                        </LocList>
                                                    </BasicStmnt>
                                                    <BasicStmnt CovItemId="S73" CovItemPrefix="printer.SmartPrinter.java" Intrnl_Id="208">
                                                        <LocList>
                                                            <Loc EndOffset="4883" SrcFileId="1" StartOffset="4870"/>
                                                        </LocList>
                                                    </BasicStmnt>
                                                </StmntSeq>
                                            </Branch>
                                            <Keyword EndOffset="4536" SrcFileId="1" StartOffset="4534"/>
                                            <LocList>
                                                <Loc EndOffset="4895" SrcFileId="1" StartOffset="4534"/>
                                            </LocList>
                                            <RootTerm CovItemId="C13" CovItemPrefix="printer.SmartPrinter.java" Intrnl_Id="209">
                                                <BasicBoolTerm Intrnl_Id="210">
                                                    <LocList>
                                                        <Loc EndOffset="4560" SrcFileId="1" StartOffset="4537"/>
                                                    </LocList>
                                                </BasicBoolTerm>
                                            </RootTerm>
                                        </CondStmnt>
                                    </StmntSeq>
                                </Branch>
                                <Branch CovItemId="B22" CovItemPrefix="printer.SmartPrinter.java" Implct="true" Intrnl_Id="211">
                                    <Cond/>
                                    <LocList/>
                                    <StmntSeq Intrnl_Id="212">
                                        <LocList/>
                                    </StmntSeq>
                                </Branch>
                                <Keyword EndOffset="4488" SrcFileId="1" StartOffset="4486"/>
                                <LocList>
                                    <Loc EndOffset="4903" SrcFileId="1" StartOffset="4486"/>
                                </LocList>
                                <RootTerm CovItemId="C12" CovItemPrefix="printer.SmartPrinter.java" Intrnl_Id="213">
                                    <BasicBoolTerm Intrnl_Id="214">
                                        <LocList>
                                            <Loc EndOffset="4522" SrcFileId="1" StartOffset="4489"/>
                                        </LocList>
                                    </BasicBoolTerm>
                                </RootTerm>
                            </CondStmnt>
                            <BasicStmnt CovItemId="S74" CovItemPrefix="printer.SmartPrinter.java" Intrnl_Id="215">
                                <LocList>
                                    <Loc EndOffset="4954" SrcFileId="1" StartOffset="4910"/>
                                </LocList>
                            </BasicStmnt>
                            <BasicStmnt CovItemId="S75" CovItemPrefix="printer.SmartPrinter.java" Intrnl_Id="216">
                                <LocList>
                                    <Loc EndOffset="4974" SrcFileId="1" StartOffset="4961"/>
                                </LocList>
                            </BasicStmnt>
                        </StmntSeq>
                    </HierarchyLvl>
                    <HierarchyLvl HierarchyLvlId="263" HierarchyLvlTypeId="5" Intrnl_Id="217" Name="inserimentoPin">
                        <Header>
                            <Loc EndOffset="5021" SrcFileId="1" StartOffset="4989"/>
                        </Header>
                        <LocList>
                            <Loc EndOffset="5063" SrcFileId="1" StartOffset="4989"/>
                        </LocList>
                        <StmntSeq Intrnl_Id="218">
                            <LocList>
                                <Loc EndOffset="5056" SrcFileId="1" StartOffset="5043"/>
                            </LocList>
                            <BasicStmnt CovItemId="S76" CovItemPrefix="printer.SmartPrinter.java" Intrnl_Id="219">
                                <LocList>
                                    <Loc EndOffset="5056" SrcFileId="1" StartOffset="5043"/>
                                </LocList>
                            </BasicStmnt>
                        </StmntSeq>
                    </HierarchyLvl>
                    <HierarchyLvl HierarchyLvlId="264" HierarchyLvlTypeId="5" Intrnl_Id="220" Name="sceltaServizio">
                        <Header>
                            <Loc EndOffset="5107" SrcFileId="1" StartOffset="5075"/>
                        </Header>
                        <LocList>
                            <Loc EndOffset="5156" SrcFileId="1" StartOffset="5075"/>
                        </LocList>
                        <StmntSeq Intrnl_Id="221">
                            <LocList>
                                <Loc EndOffset="5142" SrcFileId="1" StartOffset="5129"/>
                            </LocList>
                            <BasicStmnt CovItemId="S77" CovItemPrefix="printer.SmartPrinter.java" Intrnl_Id="222">
                                <LocList>
                                    <Loc EndOffset="5142" SrcFileId="1" StartOffset="5129"/>
                                </LocList>
                            </BasicStmnt>
                        </StmntSeq>
                    </HierarchyLvl>
                    <HierarchyLvl HierarchyLvlId="265" HierarchyLvlTypeId="5" Intrnl_Id="223" Name="stampanteInUso">
                        <Header>
                            <Loc EndOffset="5200" SrcFileId="1" StartOffset="5168"/>
                        </Header>
                        <LocList>
                            <Loc EndOffset="5242" SrcFileId="1" StartOffset="5168"/>
                        </LocList>
                        <StmntSeq Intrnl_Id="224">
                            <LocList>
                                <Loc EndOffset="5235" SrcFileId="1" StartOffset="5222"/>
                            </LocList>
                            <BasicStmnt CovItemId="S78" CovItemPrefix="printer.SmartPrinter.java" Intrnl_Id="225">
                                <LocList>
                                    <Loc EndOffset="5235" SrcFileId="1" StartOffset="5222"/>
                                </LocList>
                            </BasicStmnt>
                        </StmntSeq>
                    </HierarchyLvl>
                    <HierarchyLvl HierarchyLvlId="266" HierarchyLvlTypeId="5" Intrnl_Id="226" Name="gestioneErrore">
                        <Header>
                            <Loc EndOffset="5286" SrcFileId="1" StartOffset="5254"/>
                        </Header>
                        <LocList>
                            <Loc EndOffset="5328" SrcFileId="1" StartOffset="5254"/>
                        </LocList>
                        <StmntSeq Intrnl_Id="227">
                            <LocList>
                                <Loc EndOffset="5321" SrcFileId="1" StartOffset="5308"/>
                            </LocList>
                            <BasicStmnt CovItemId="S79" CovItemPrefix="printer.SmartPrinter.java" Intrnl_Id="228">
                                <LocList>
                                    <Loc EndOffset="5321" SrcFileId="1" StartOffset="5308"/>
                                </LocList>
                            </BasicStmnt>
                        </StmntSeq>
                    </HierarchyLvl>
                    <HierarchyLvl HierarchyLvlId="267" HierarchyLvlTypeId="5" Intrnl_Id="229" Name="statoCorrente">
                        <Header>
                            <Loc EndOffset="5363" SrcFileId="1" StartOffset="5336"/>
                        </Header>
                        <LocList>
                            <Loc EndOffset="6061" SrcFileId="1" StartOffset="5336"/>
                        </LocList>
                        <StmntSeq Intrnl_Id="230">
                            <LocList>
                                <Loc EndOffset="5422" SrcFileId="1" StartOffset="5375"/>
                                <Loc EndOffset="5477" SrcFileId="1" StartOffset="5432"/>
                                <Loc EndOffset="5531" SrcFileId="1" StartOffset="5487"/>
                                <Loc EndOffset="5619" SrcFileId="1" StartOffset="5541"/>
                                <Loc EndOffset="5676" SrcFileId="1" StartOffset="5629"/>
                                <Loc EndOffset="5737" SrcFileId="1" StartOffset="5686"/>
                                <Loc EndOffset="5790" SrcFileId="1" StartOffset="5747"/>
                                <Loc EndOffset="5863" SrcFileId="1" StartOffset="5800"/>
                                <Loc EndOffset="5928" SrcFileId="1" StartOffset="5873"/>
                                <Loc EndOffset="5995" SrcFileId="1" StartOffset="5938"/>
                                <Loc EndOffset="6054" SrcFileId="1" StartOffset="6005"/>
                            </LocList>
                            <BasicStmnt CovItemId="S80" CovItemPrefix="printer.SmartPrinter.java" Intrnl_Id="231">
                                <LocList>
                                    <Loc EndOffset="5422" SrcFileId="1" StartOffset="5375"/>
                                </LocList>
                            </BasicStmnt>
                            <BasicStmnt CovItemId="S81" CovItemPrefix="printer.SmartPrinter.java" Intrnl_Id="232">
                                <LocList>
                                    <Loc EndOffset="5477" SrcFileId="1" StartOffset="5432"/>
                                </LocList>
                            </BasicStmnt>
                            <BasicStmnt CovItemId="S82" CovItemPrefix="printer.SmartPrinter.java" Intrnl_Id="233">
                                <LocList>
                                    <Loc EndOffset="5531" SrcFileId="1" StartOffset="5487"/>
                                </LocList>
                            </BasicStmnt>
                            <BasicStmnt CovItemId="S83" CovItemPrefix="printer.SmartPrinter.java" Intrnl_Id="234">
                                <LocList>
                                    <Loc EndOffset="5619" SrcFileId="1" StartOffset="5541"/>
                                </LocList>
                            </BasicStmnt>
                            <BasicStmnt CovItemId="S84" CovItemPrefix="printer.SmartPrinter.java" Intrnl_Id="235">
                                <LocList>
                                    <Loc EndOffset="5676" SrcFileId="1" StartOffset="5629"/>
                                </LocList>
                            </BasicStmnt>
                            <BasicStmnt CovItemId="S85" CovItemPrefix="printer.SmartPrinter.java" Intrnl_Id="236">
                                <LocList>
                                    <Loc EndOffset="5737" SrcFileId="1" StartOffset="5686"/>
                                </LocList>
                            </BasicStmnt>
                            <BasicStmnt CovItemId="S86" CovItemPrefix="printer.SmartPrinter.java" Intrnl_Id="237">
                                <LocList>
                                    <Loc EndOffset="5790" SrcFileId="1" StartOffset="5747"/>
                                </LocList>
                            </BasicStmnt>
                            <BasicStmnt CovItemId="S87" CovItemPrefix="printer.SmartPrinter.java" Intrnl_Id="238">
                                <LocList>
                                    <Loc EndOffset="5863" SrcFileId="1" StartOffset="5800"/>
                                </LocList>
                            </BasicStmnt>
                            <BasicStmnt CovItemId="S88" CovItemPrefix="printer.SmartPrinter.java" Intrnl_Id="239">
                                <LocList>
                                    <Loc EndOffset="5928" SrcFileId="1" StartOffset="5873"/>
                                </LocList>
                            </BasicStmnt>
                            <BasicStmnt CovItemId="S89" CovItemPrefix="printer.SmartPrinter.java" Intrnl_Id="240">
                                <LocList>
                                    <Loc EndOffset="5995" SrcFileId="1" StartOffset="5938"/>
                                </LocList>
                            </BasicStmnt>
                            <BasicStmnt CovItemId="S90" CovItemPrefix="printer.SmartPrinter.java" Intrnl_Id="241">
                                <LocList>
                                    <Loc EndOffset="6054" SrcFileId="1" StartOffset="6005"/>
                                </LocList>
                            </BasicStmnt>
                        </StmntSeq>
                    </HierarchyLvl>
                    <HierarchyLvl HierarchyLvlId="268" HierarchyLvlTypeId="5" Intrnl_Id="242" Name="usoStampante">
                        <Header>
                            <Loc EndOffset="6136" SrcFileId="1" StartOffset="6110"/>
                        </Header>
                        <LocList>
                            <Loc EndOffset="8966" SrcFileId="1" StartOffset="6110"/>
                        </LocList>
                        <StmntSeq Intrnl_Id="243">
                            <LocList>
                                <Loc EndOffset="6189" SrcFileId="1" StartOffset="6148"/>
                                <Loc EndOffset="6228" SrcFileId="1" StartOffset="6199"/>
                                <Loc EndOffset="6265" SrcFileId="1" StartOffset="6238"/>
                                <Loc EndOffset="8913" SrcFileId="1" StartOffset="6285"/>
                                <Loc EndOffset="8949" SrcFileId="1" StartOffset="8933"/>
                            </LocList>
                            <BasicStmnt CovItemId="S91" CovItemPrefix="printer.SmartPrinter.java" Intrnl_Id="244">
                                <LocList>
                                    <Loc EndOffset="6189" SrcFileId="1" StartOffset="6148"/>
                                </LocList>
                            </BasicStmnt>
                            <BasicStmnt CovItemId="S92" CovItemPrefix="printer.SmartPrinter.java" Intrnl_Id="245">
                                <LocList>
                                    <Loc EndOffset="6228" SrcFileId="1" StartOffset="6199"/>
                                </LocList>
                            </BasicStmnt>
                            <BasicStmnt CovItemId="S93" CovItemPrefix="printer.SmartPrinter.java" Intrnl_Id="246">
                                <LocList>
                                    <Loc EndOffset="6265" SrcFileId="1" StartOffset="6238"/>
                                </LocList>
                            </BasicStmnt>
                            <LoopStmnt CovItemId="S94" CovItemPrefix="printer.SmartPrinter.java" Intrnl_Id="247" MltplExecId="L3-2" MltplExecPrefix="printer.SmartPrinter.java" NvrExecId="L3-0" NvrExecPrefix="printer.SmartPrinter.java" OnceExecutedId="L3-1" OnceExecutedPrefix="printer.SmartPrinter.java" OptBodyExec="true">
                                <StmntSeq Intrnl_Id="248">
                                    <LocList>
                                        <Loc EndOffset="8891" SrcFileId="1" StartOffset="6329"/>
                                    </LocList>
                                    <CondStmnt CovItemId="S95" CovItemPrefix="printer.SmartPrinter.java" Intrnl_Id="249">
                                        <Branch CovItemId="B25" CovItemPrefix="printer.SmartPrinter.java" Implct="false" Intrnl_Id="250">
                                            <Cond>
                                                <Loc EndOffset="6374" SrcFileId="1" StartOffset="6363"/>
                                            </Cond>
                                            <LocList>
                                                <Loc EndOffset="6870" SrcFileId="1" StartOffset="6388"/>
                                            </LocList>
                                            <StmntSeq Intrnl_Id="251">
                                                <LocList>
                                                    <Loc EndOffset="6692" SrcFileId="1" StartOffset="6427"/>
                                                    <Loc EndOffset="6838" SrcFileId="1" StartOffset="6719"/>
                                                    <Loc EndOffset="6870" SrcFileId="1" StartOffset="6864"/>
                                                </LocList>
                                                <LoopStmnt CovItemId="S96" CovItemPrefix="printer.SmartPrinter.java" Intrnl_Id="252" MltplExecId="L4-2" MltplExecPrefix="printer.SmartPrinter.java" NvrExecId="L4-0" NvrExecPrefix="printer.SmartPrinter.java" OnceExecutedId="L4-1" OnceExecutedPrefix="printer.SmartPrinter.java" OptBodyExec="false">
                                                    <StmntSeq Intrnl_Id="253">
                                                        <LocList>
                                                            <Loc EndOffset="6506" SrcFileId="1" StartOffset="6445"/>
                                                            <Loc EndOffset="6574" SrcFileId="1" StartOffset="6520"/>
                                                            <Loc EndOffset="6646" SrcFileId="1" StartOffset="6588"/>
                                                        </LocList>
                                                        <BasicStmnt CovItemId="S97" CovItemPrefix="printer.SmartPrinter.java" Intrnl_Id="254">
                                                            <LocList>
                                                                <Loc EndOffset="6506" SrcFileId="1" StartOffset="6445"/>
                                                            </LocList>
                                                        </BasicStmnt>
                                                        <BasicStmnt CovItemId="S98" CovItemPrefix="printer.SmartPrinter.java" Intrnl_Id="255">
                                                            <LocList>
                                                                <Loc EndOffset="6574" SrcFileId="1" StartOffset="6520"/>
                                                            </LocList>
                                                        </BasicStmnt>
                                                        <BasicStmnt CovItemId="S99" CovItemPrefix="printer.SmartPrinter.java" Intrnl_Id="256">
                                                            <LocList>
                                                                <Loc EndOffset="6646" SrcFileId="1" StartOffset="6588"/>
                                                            </LocList>
                                                        </BasicStmnt>
                                                    </StmntSeq>
                                                    <Keyword EndOffset="6429" SrcFileId="1" StartOffset="6427"/>
                                                    <LocList>
                                                        <Loc EndOffset="6692" SrcFileId="1" StartOffset="6427"/>
                                                    </LocList>
                                                    <RootTerm CovItemId="C15" CovItemPrefix="printer.SmartPrinter.java" Intrnl_Id="257">
                                                        <OpTerm BooleanOpId="2" Intrnl_Id="258">
                                                            <BasicBoolTerm Intrnl_Id="259">
                                                                <LocList>
                                                                    <Loc EndOffset="6690" SrcFileId="1" StartOffset="6680"/>
                                                                </LocList>
                                                            </BasicBoolTerm>
                                                            <LocList>
                                                                <Loc EndOffset="6680" SrcFileId="1" StartOffset="6679"/>
                                                            </LocList>
                                                        </OpTerm>
                                                    </RootTerm>
                                                </LoopStmnt>
                                                <CondStmnt CovItemId="S100" CovItemPrefix="printer.SmartPrinter.java" Intrnl_Id="260">
                                                    <Branch CovItemId="B26" CovItemPrefix="printer.SmartPrinter.java" Implct="false" Intrnl_Id="261">
                                                        <Cond/>
                                                        <LocList>
                                                            <Loc EndOffset="6787" SrcFileId="1" StartOffset="6768"/>
                                                        </LocList>
                                                        <StmntSeq Intrnl_Id="262">
                                                            <LocList>
                                                                <Loc EndOffset="6787" SrcFileId="1" StartOffset="6768"/>
                                                            </LocList>
                                                            <BasicStmnt CovItemId="S101" CovItemPrefix="printer.SmartPrinter.java" Intrnl_Id="263">
                                                                <LocList>
                                                                    <Loc EndOffset="6787" SrcFileId="1" StartOffset="6768"/>
                                                                </LocList>
                                                            </BasicStmnt>
                                                        </StmntSeq>
                                                    </Branch>
                                                    <Branch CovItemId="B27" CovItemPrefix="printer.SmartPrinter.java" Implct="false" Intrnl_Id="264">
                                                        <Cond>
                                                            <Loc EndOffset="6804" SrcFileId="1" StartOffset="6800"/>
                                                        </Cond>
                                                        <LocList>
                                                            <Loc EndOffset="6838" SrcFileId="1" StartOffset="6818"/>
                                                        </LocList>
                                                        <StmntSeq Intrnl_Id="265">
                                                            <LocList>
                                                                <Loc EndOffset="6838" SrcFileId="1" StartOffset="6818"/>
                                                            </LocList>
                                                            <BasicStmnt CovItemId="S102" CovItemPrefix="printer.SmartPrinter.java" Intrnl_Id="266">
                                                                <LocList>
                                                                    <Loc EndOffset="6838" SrcFileId="1" StartOffset="6818"/>
                                                                </LocList>
                                                            </BasicStmnt>
                                                        </StmntSeq>
                                                    </Branch>
                                                    <Keyword EndOffset="6721" SrcFileId="1" StartOffset="6719"/>
                                                    <LocList>
                                                        <Loc EndOffset="6838" SrcFileId="1" StartOffset="6719"/>
                                                    </LocList>
                                                    <RootTerm CovItemId="C16" CovItemPrefix="printer.SmartPrinter.java" Intrnl_Id="267">
                                                        <BasicBoolTerm Intrnl_Id="268">
                                                            <LocList>
                                                                <Loc EndOffset="6753" SrcFileId="1" StartOffset="6722"/>
                                                            </LocList>
                                                        </BasicBoolTerm>
                                                    </RootTerm>
                                                </CondStmnt>
                                                <BasicStmnt CovItemId="S103" CovItemPrefix="printer.SmartPrinter.java" Intrnl_Id="269">
                                                    <LocList>
                                                        <Loc EndOffset="6870" SrcFileId="1" StartOffset="6864"/>
                                                    </LocList>
                                                </BasicStmnt>
                                            </StmntSeq>
                                        </Branch>
                                        <Branch CovItemId="B28" CovItemPrefix="printer.SmartPrinter.java" Implct="false" Intrnl_Id="270">
                                            <Cond>
                                                <Loc EndOffset="6899" SrcFileId="1" StartOffset="6889"/>
                                            </Cond>
                                            <LocList>
                                                <Loc EndOffset="7354" SrcFileId="1" StartOffset="6913"/>
                                            </LocList>
                                            <StmntSeq Intrnl_Id="271">
                                                <LocList>
                                                    <Loc EndOffset="7203" SrcFileId="1" StartOffset="6948"/>
                                                    <Loc EndOffset="7292" SrcFileId="1" StartOffset="7229"/>
                                                    <Loc EndOffset="7335" SrcFileId="1" StartOffset="7318"/>
                                                    <Loc EndOffset="7354" SrcFileId="1" StartOffset="7348"/>
                                                </LocList>
                                                <LoopStmnt CovItemId="S104" CovItemPrefix="printer.SmartPrinter.java" Intrnl_Id="272" MltplExecId="L5-2" MltplExecPrefix="printer.SmartPrinter.java" NvrExecId="L5-0" NvrExecPrefix="printer.SmartPrinter.java" OnceExecutedId="L5-1" OnceExecutedPrefix="printer.SmartPrinter.java" OptBodyExec="false">
                                                    <StmntSeq Intrnl_Id="273">
                                                        <LocList>
                                                            <Loc EndOffset="7025" SrcFileId="1" StartOffset="6966"/>
                                                            <Loc EndOffset="7089" SrcFileId="1" StartOffset="7039"/>
                                                            <Loc EndOffset="7157" SrcFileId="1" StartOffset="7103"/>
                                                        </LocList>
                                                        <BasicStmnt CovItemId="S105" CovItemPrefix="printer.SmartPrinter.java" Intrnl_Id="274">
                                                            <LocList>
                                                                <Loc EndOffset="7025" SrcFileId="1" StartOffset="6966"/>
                                                            </LocList>
                                                        </BasicStmnt>
                                                        <BasicStmnt CovItemId="S106" CovItemPrefix="printer.SmartPrinter.java" Intrnl_Id="275">
                                                            <LocList>
                                                                <Loc EndOffset="7089" SrcFileId="1" StartOffset="7039"/>
                                                            </LocList>
                                                        </BasicStmnt>
                                                        <BasicStmnt CovItemId="S107" CovItemPrefix="printer.SmartPrinter.java" Intrnl_Id="276">
                                                            <LocList>
                                                                <Loc EndOffset="7157" SrcFileId="1" StartOffset="7103"/>
                                                            </LocList>
                                                        </BasicStmnt>
                                                    </StmntSeq>
                                                    <Keyword EndOffset="6950" SrcFileId="1" StartOffset="6948"/>
                                                    <LocList>
                                                        <Loc EndOffset="7203" SrcFileId="1" StartOffset="6948"/>
                                                    </LocList>
                                                    <RootTerm CovItemId="C17" CovItemPrefix="printer.SmartPrinter.java" Intrnl_Id="277">
                                                        <OpTerm BooleanOpId="2" Intrnl_Id="278">
                                                            <BasicBoolTerm Intrnl_Id="279">
                                                                <LocList>
                                                                    <Loc EndOffset="7201" SrcFileId="1" StartOffset="7191"/>
                                                                </LocList>
                                                            </BasicBoolTerm>
                                                            <LocList>
                                                                <Loc EndOffset="7191" SrcFileId="1" StartOffset="7190"/>
                                                            </LocList>
                                                        </OpTerm>
                                                    </RootTerm>
                                                </LoopStmnt>
                                                <CondStmnt CovItemId="S108" CovItemPrefix="printer.SmartPrinter.java" Intrnl_Id="280">
                                                    <Branch CovItemId="B29" CovItemPrefix="printer.SmartPrinter.java" Implct="false" Intrnl_Id="281">
                                                        <Cond/>
                                                        <LocList>
                                                            <Loc EndOffset="7292" SrcFileId="1" StartOffset="7274"/>
                                                        </LocList>
                                                        <StmntSeq Intrnl_Id="282">
                                                            <LocList>
                                                                <Loc EndOffset="7292" SrcFileId="1" StartOffset="7274"/>
                                                            </LocList>
                                                            <BasicStmnt CovItemId="S109" CovItemPrefix="printer.SmartPrinter.java" Intrnl_Id="283">
                                                                <LocList>
                                                                    <Loc EndOffset="7292" SrcFileId="1" StartOffset="7274"/>
                                                                </LocList>
                                                            </BasicStmnt>
                                                        </StmntSeq>
                                                    </Branch>
                                                    <Branch CovItemId="B30" CovItemPrefix="printer.SmartPrinter.java" Implct="true" Intrnl_Id="284">
                                                        <Cond/>
                                                        <LocList/>
                                                        <StmntSeq Intrnl_Id="285">
                                                            <LocList/>
                                                        </StmntSeq>
                                                    </Branch>
                                                    <Keyword EndOffset="7231" SrcFileId="1" StartOffset="7229"/>
                                                    <LocList>
                                                        <Loc EndOffset="7292" SrcFileId="1" StartOffset="7229"/>
                                                    </LocList>
                                                    <RootTerm CovItemId="C18" CovItemPrefix="printer.SmartPrinter.java" Intrnl_Id="286">
                                                        <BasicBoolTerm Intrnl_Id="287">
                                                            <LocList>
                                                                <Loc EndOffset="7259" SrcFileId="1" StartOffset="7232"/>
                                                            </LocList>
                                                        </BasicBoolTerm>
                                                    </RootTerm>
                                                </CondStmnt>
                                                <BasicStmnt CovItemId="S110" CovItemPrefix="printer.SmartPrinter.java" Intrnl_Id="288">
                                                    <LocList>
                                                        <Loc EndOffset="7335" SrcFileId="1" StartOffset="7318"/>
                                                    </LocList>
                                                </BasicStmnt>
                                                <BasicStmnt CovItemId="S111" CovItemPrefix="printer.SmartPrinter.java" Intrnl_Id="289">
                                                    <LocList>
                                                        <Loc EndOffset="7354" SrcFileId="1" StartOffset="7348"/>
                                                    </LocList>
                                                </BasicStmnt>
                                            </StmntSeq>
                                        </Branch>
                                        <Branch CovItemId="B31" CovItemPrefix="printer.SmartPrinter.java" Implct="false" Intrnl_Id="290">
                                            <Cond>
                                                <Loc EndOffset="7390" SrcFileId="1" StartOffset="7373"/>
                                            </Cond>
                                            <LocList>
                                                <Loc EndOffset="7865" SrcFileId="1" StartOffset="7398"/>
                                            </LocList>
                                            <StmntSeq Intrnl_Id="291">
                                                <LocList>
                                                    <Loc EndOffset="7713" SrcFileId="1" StartOffset="7441"/>
                                                    <Loc EndOffset="7815" SrcFileId="1" StartOffset="7739"/>
                                                    <Loc EndOffset="7846" SrcFileId="1" StartOffset="7829"/>
                                                    <Loc EndOffset="7865" SrcFileId="1" StartOffset="7859"/>
                                                </LocList>
                                                <LoopStmnt CovItemId="S112" CovItemPrefix="printer.SmartPrinter.java" Intrnl_Id="292" MltplExecId="L6-2" MltplExecPrefix="printer.SmartPrinter.java" NvrExecId="L6-0" NvrExecPrefix="printer.SmartPrinter.java" OnceExecutedId="L6-1" OnceExecutedPrefix="printer.SmartPrinter.java" OptBodyExec="false">
                                                    <StmntSeq Intrnl_Id="293">
                                                        <LocList>
                                                            <Loc EndOffset="7519" SrcFileId="1" StartOffset="7459"/>
                                                            <Loc EndOffset="7591" SrcFileId="1" StartOffset="7533"/>
                                                            <Loc EndOffset="7667" SrcFileId="1" StartOffset="7605"/>
                                                        </LocList>
                                                        <BasicStmnt CovItemId="S113" CovItemPrefix="printer.SmartPrinter.java" Intrnl_Id="294">
                                                            <LocList>
                                                                <Loc EndOffset="7519" SrcFileId="1" StartOffset="7459"/>
                                                            </LocList>
                                                        </BasicStmnt>
                                                        <BasicStmnt CovItemId="S114" CovItemPrefix="printer.SmartPrinter.java" Intrnl_Id="295">
                                                            <LocList>
                                                                <Loc EndOffset="7591" SrcFileId="1" StartOffset="7533"/>
                                                            </LocList>
                                                        </BasicStmnt>
                                                        <BasicStmnt CovItemId="S115" CovItemPrefix="printer.SmartPrinter.java" Intrnl_Id="296">
                                                            <LocList>
                                                                <Loc EndOffset="7667" SrcFileId="1" StartOffset="7605"/>
                                                            </LocList>
                                                        </BasicStmnt>
                                                    </StmntSeq>
                                                    <Keyword EndOffset="7443" SrcFileId="1" StartOffset="7441"/>
                                                    <LocList>
                                                        <Loc EndOffset="7713" SrcFileId="1" StartOffset="7441"/>
                                                    </LocList>
                                                    <RootTerm CovItemId="C19" CovItemPrefix="printer.SmartPrinter.java" Intrnl_Id="297">
                                                        <OpTerm BooleanOpId="2" Intrnl_Id="298">
                                                            <BasicBoolTerm Intrnl_Id="299">
                                                                <LocList>
                                                                    <Loc EndOffset="7711" SrcFileId="1" StartOffset="7701"/>
                                                                </LocList>
                                                            </BasicBoolTerm>
                                                            <LocList>
                                                                <Loc EndOffset="7701" SrcFileId="1" StartOffset="7700"/>
                                                            </LocList>
                                                        </OpTerm>
                                                    </RootTerm>
                                                </LoopStmnt>
                                                <CondStmnt CovItemId="S116" CovItemPrefix="printer.SmartPrinter.java" Intrnl_Id="300">
                                                    <Branch CovItemId="B32" CovItemPrefix="printer.SmartPrinter.java" Implct="false" Intrnl_Id="301">
                                                        <Cond/>
                                                        <LocList>
                                                            <Loc EndOffset="7815" SrcFileId="1" StartOffset="7792"/>
                                                        </LocList>
                                                        <StmntSeq Intrnl_Id="302">
                                                            <LocList>
                                                                <Loc EndOffset="7815" SrcFileId="1" StartOffset="7792"/>
                                                            </LocList>
                                                            <BasicStmnt CovItemId="S117" CovItemPrefix="printer.SmartPrinter.java" Intrnl_Id="303">
                                                                <LocList>
                                                                    <Loc EndOffset="7815" SrcFileId="1" StartOffset="7792"/>
                                                                </LocList>
                                                            </BasicStmnt>
                                                        </StmntSeq>
                                                    </Branch>
                                                    <Branch CovItemId="B33" CovItemPrefix="printer.SmartPrinter.java" Implct="true" Intrnl_Id="304">
                                                        <Cond/>
                                                        <LocList/>
                                                        <StmntSeq Intrnl_Id="305">
                                                            <LocList/>
                                                        </StmntSeq>
                                                    </Branch>
                                                    <Keyword EndOffset="7741" SrcFileId="1" StartOffset="7739"/>
                                                    <LocList>
                                                        <Loc EndOffset="7815" SrcFileId="1" StartOffset="7739"/>
                                                    </LocList>
                                                    <RootTerm CovItemId="C20" CovItemPrefix="printer.SmartPrinter.java" Intrnl_Id="306">
                                                        <BasicBoolTerm Intrnl_Id="307">
                                                            <LocList>
                                                                <Loc EndOffset="7777" SrcFileId="1" StartOffset="7742"/>
                                                            </LocList>
                                                        </BasicBoolTerm>
                                                    </RootTerm>
                                                </CondStmnt>
                                                <BasicStmnt CovItemId="S118" CovItemPrefix="printer.SmartPrinter.java" Intrnl_Id="308">
                                                    <LocList>
                                                        <Loc EndOffset="7846" SrcFileId="1" StartOffset="7829"/>
                                                    </LocList>
                                                </BasicStmnt>
                                                <BasicStmnt CovItemId="S119" CovItemPrefix="printer.SmartPrinter.java" Intrnl_Id="309">
                                                    <LocList>
                                                        <Loc EndOffset="7865" SrcFileId="1" StartOffset="7859"/>
                                                    </LocList>
                                                </BasicStmnt>
                                            </StmntSeq>
                                        </Branch>
                                        <Branch CovItemId="B34" CovItemPrefix="printer.SmartPrinter.java" Implct="false" Intrnl_Id="310">
                                            <Cond>
                                                <Loc EndOffset="7900" SrcFileId="1" StartOffset="7884"/>
                                            </Cond>
                                            <LocList>
                                                <Loc EndOffset="8486" SrcFileId="1" StartOffset="7908"/>
                                            </LocList>
                                            <StmntSeq Intrnl_Id="311">
                                                <LocList>
                                                    <Loc EndOffset="7930" SrcFileId="1" StartOffset="7908"/>
                                                    <Loc EndOffset="7956" SrcFileId="1" StartOffset="7937"/>
                                                    <Loc EndOffset="8340" SrcFileId="1" StartOffset="7970"/>
                                                    <Loc EndOffset="8373" SrcFileId="1" StartOffset="8354"/>
                                                    <Loc EndOffset="8467" SrcFileId="1" StartOffset="8430"/>
                                                    <Loc EndOffset="8486" SrcFileId="1" StartOffset="8480"/>
                                                </LocList>
                                                <BasicStmnt CovItemId="S120" CovItemPrefix="printer.SmartPrinter.java" Intrnl_Id="312">
                                                    <LocList>
                                                        <Loc EndOffset="7930" SrcFileId="1" StartOffset="7908"/>
                                                    </LocList>
                                                </BasicStmnt>
                                                <BasicStmnt CovItemId="S121" CovItemPrefix="printer.SmartPrinter.java" Intrnl_Id="313">
                                                    <LocList>
                                                        <Loc EndOffset="7956" SrcFileId="1" StartOffset="7937"/>
                                                    </LocList>
                                                </BasicStmnt>
                                                <LoopStmnt CovItemId="S122" CovItemPrefix="printer.SmartPrinter.java" Intrnl_Id="314" MltplExecId="L7-2" MltplExecPrefix="printer.SmartPrinter.java" NvrExecId="L7-0" NvrExecPrefix="printer.SmartPrinter.java" OnceExecutedId="L7-1" OnceExecutedPrefix="printer.SmartPrinter.java" OptBodyExec="true">
                                                    <StmntSeq Intrnl_Id="315">
                                                        <LocList>
                                                            <Loc EndOffset="8050" SrcFileId="1" StartOffset="7998"/>
                                                            <Loc EndOffset="8115" SrcFileId="1" StartOffset="8081"/>
                                                            <Loc EndOffset="8149" SrcFileId="1" StartOffset="8131"/>
                                                            <Loc EndOffset="8332" SrcFileId="1" StartOffset="8060"/>
                                                        </LocList>
                                                        <BasicStmnt CovItemId="S123" CovItemPrefix="printer.SmartPrinter.java" Intrnl_Id="316">
                                                            <LocList>
                                                                <Loc EndOffset="8050" SrcFileId="1" StartOffset="7998"/>
                                                            </LocList>
                                                        </BasicStmnt>
                                                        <BasicStmnt CovItemId="S125" CovItemPrefix="printer.SmartPrinter.java" Intrnl_Id="317">
                                                            <LocList>
                                                                <Loc EndOffset="8115" SrcFileId="1" StartOffset="8081"/>
                                                            </LocList>
                                                        </BasicStmnt>
                                                        <BasicStmnt CovItemId="S126" CovItemPrefix="printer.SmartPrinter.java" Intrnl_Id="318">
                                                            <LocList>
                                                                <Loc EndOffset="8149" SrcFileId="1" StartOffset="8131"/>
                                                            </LocList>
                                                        </BasicStmnt>
                                                        <CondStmnt CovItemId="S124" CovItemPrefix="printer.SmartPrinter.java" Intrnl_Id="319">
                                                            <Branch CovItemId="B35" CovItemPrefix="printer.SmartPrinter.java" Implct="true" Intrnl_Id="320">
                                                                <Cond/>
                                                                <LocList/>
                                                                <StmntSeq Intrnl_Id="321">
                                                                    <LocList/>
                                                                </StmntSeq>
                                                            </Branch>
                                                            <Branch CovItemId="B36" CovItemPrefix="printer.SmartPrinter.java" Implct="false" Intrnl_Id="322">
                                                                <Cond>
                                                                    <Loc EndOffset="8195" SrcFileId="1" StartOffset="8163"/>
                                                                </Cond>
                                                                <LocList>
                                                                    <Loc EndOffset="8332" SrcFileId="1" StartOffset="8196"/>
                                                                </LocList>
                                                                <StmntSeq Intrnl_Id="323">
                                                                    <LocList>
                                                                        <Loc EndOffset="8283" SrcFileId="1" StartOffset="8213"/>
                                                                        <Loc EndOffset="8318" SrcFileId="1" StartOffset="8299"/>
                                                                    </LocList>
                                                                    <BasicStmnt CovItemId="S127" CovItemPrefix="printer.SmartPrinter.java" Intrnl_Id="324">
                                                                        <LocList>
                                                                            <Loc EndOffset="8283" SrcFileId="1" StartOffset="8213"/>
                                                                        </LocList>
                                                                    </BasicStmnt>
                                                                    <BasicStmnt CovItemId="S128" CovItemPrefix="printer.SmartPrinter.java" Intrnl_Id="325">
                                                                        <LocList>
                                                                            <Loc EndOffset="8318" SrcFileId="1" StartOffset="8299"/>
                                                                        </LocList>
                                                                    </BasicStmnt>
                                                                </StmntSeq>
                                                            </Branch>
                                                            <Keyword EndOffset="8063" SrcFileId="1" StartOffset="8060"/>
                                                            <LocList>
                                                                <Loc EndOffset="8332" SrcFileId="1" StartOffset="8060"/>
                                                            </LocList>
                                                        </CondStmnt>
                                                    </StmntSeq>
                                                    <Keyword EndOffset="7975" SrcFileId="1" StartOffset="7970"/>
                                                    <LocList>
                                                        <Loc EndOffset="8340" SrcFileId="1" StartOffset="7970"/>
                                                    </LocList>
                                                    <RootTerm CovItemId="C21" CovItemPrefix="printer.SmartPrinter.java" Intrnl_Id="326">
                                                        <OpTerm BooleanOpId="2" Intrnl_Id="327">
                                                            <BasicBoolTerm Intrnl_Id="328">
                                                                <LocList>
                                                                    <Loc EndOffset="7987" SrcFileId="1" StartOffset="7977"/>
                                                                </LocList>
                                                            </BasicBoolTerm>
                                                            <LocList>
                                                                <Loc EndOffset="7977" SrcFileId="1" StartOffset="7976"/>
                                                            </LocList>
                                                        </OpTerm>
                                                    </RootTerm>
                                                </LoopStmnt>
                                                <BasicStmnt CovItemId="S129" CovItemPrefix="printer.SmartPrinter.java" Intrnl_Id="329">
                                                    <LocList>
                                                        <Loc EndOffset="8373" SrcFileId="1" StartOffset="8354"/>
                                                    </LocList>
                                                </BasicStmnt>
                                                <BasicStmnt CovItemId="S130" CovItemPrefix="printer.SmartPrinter.java" Intrnl_Id="330">
                                                    <LocList>
                                                        <Loc EndOffset="8467" SrcFileId="1" StartOffset="8430"/>
                                                    </LocList>
                                                </BasicStmnt>
                                                <BasicStmnt CovItemId="S131" CovItemPrefix="printer.SmartPrinter.java" Intrnl_Id="331">
                                                    <LocList>
                                                        <Loc EndOffset="8486" SrcFileId="1" StartOffset="8480"/>
                                                    </LocList>
                                                </BasicStmnt>
                                            </StmntSeq>
                                        </Branch>
                                        <Branch CovItemId="B37" CovItemPrefix="printer.SmartPrinter.java" Implct="false" Intrnl_Id="332">
                                            <Cond>
                                                <Loc EndOffset="8522" SrcFileId="1" StartOffset="8505"/>
                                            </Cond>
                                            <LocList>
                                                <Loc EndOffset="8715" SrcFileId="1" StartOffset="8556"/>
                                            </LocList>
                                            <StmntSeq Intrnl_Id="333">
                                                <LocList>
                                                    <Loc EndOffset="8572" SrcFileId="1" StartOffset="8556"/>
                                                    <Loc EndOffset="8627" SrcFileId="1" StartOffset="8579"/>
                                                    <Loc EndOffset="8689" SrcFileId="1" StartOffset="8640"/>
                                                    <Loc EndOffset="8715" SrcFileId="1" StartOffset="8709"/>
                                                </LocList>
                                                <BasicStmnt CovItemId="S132" CovItemPrefix="printer.SmartPrinter.java" Intrnl_Id="334">
                                                    <LocList>
                                                        <Loc EndOffset="8572" SrcFileId="1" StartOffset="8556"/>
                                                    </LocList>
                                                </BasicStmnt>
                                                <BasicStmnt CovItemId="S133" CovItemPrefix="printer.SmartPrinter.java" Intrnl_Id="335">
                                                    <LocList>
                                                        <Loc EndOffset="8627" SrcFileId="1" StartOffset="8579"/>
                                                    </LocList>
                                                </BasicStmnt>
                                                <BasicStmnt CovItemId="S134" CovItemPrefix="printer.SmartPrinter.java" Intrnl_Id="336">
                                                    <LocList>
                                                        <Loc EndOffset="8689" SrcFileId="1" StartOffset="8640"/>
                                                    </LocList>
                                                </BasicStmnt>
                                                <BasicStmnt CovItemId="S135" CovItemPrefix="printer.SmartPrinter.java" Intrnl_Id="337">
                                                    <LocList>
                                                        <Loc EndOffset="8715" SrcFileId="1" StartOffset="8709"/>
                                                    </LocList>
                                                </BasicStmnt>
                                            </StmntSeq>
                                        </Branch>
                                        <Branch CovItemId="B38" CovItemPrefix="printer.SmartPrinter.java" Implct="false" Intrnl_Id="338">
                                            <Cond>
                                                <Loc EndOffset="8732" SrcFileId="1" StartOffset="8721"/>
                                            </Cond>
                                            <LocList>
                                                <Loc EndOffset="8770" SrcFileId="1" StartOffset="8740"/>
                                            </LocList>
                                            <StmntSeq Intrnl_Id="339">
                                                <LocList>
                                                    <Loc EndOffset="8757" SrcFileId="1" StartOffset="8740"/>
                                                    <Loc EndOffset="8770" SrcFileId="1" StartOffset="8764"/>
                                                </LocList>
                                                <BasicStmnt CovItemId="S136" CovItemPrefix="printer.SmartPrinter.java" Intrnl_Id="340">
                                                    <LocList>
                                                        <Loc EndOffset="8757" SrcFileId="1" StartOffset="8740"/>
                                                    </LocList>
                                                </BasicStmnt>
                                                <BasicStmnt CovItemId="S137" CovItemPrefix="printer.SmartPrinter.java" Intrnl_Id="341">
                                                    <LocList>
                                                        <Loc EndOffset="8770" SrcFileId="1" StartOffset="8764"/>
                                                    </LocList>
                                                </BasicStmnt>
                                            </StmntSeq>
                                        </Branch>
                                        <Branch CovItemId="B39" CovItemPrefix="printer.SmartPrinter.java" Implct="false" Intrnl_Id="342">
                                            <Cond>
                                                <Loc EndOffset="8786" SrcFileId="1" StartOffset="8776"/>
                                            </Cond>
                                            <LocList>
                                                <Loc EndOffset="8824" SrcFileId="1" StartOffset="8794"/>
                                            </LocList>
                                            <StmntSeq Intrnl_Id="343">
                                                <LocList>
                                                    <Loc EndOffset="8811" SrcFileId="1" StartOffset="8794"/>
                                                    <Loc EndOffset="8824" SrcFileId="1" StartOffset="8818"/>
                                                </LocList>
                                                <BasicStmnt CovItemId="S138" CovItemPrefix="printer.SmartPrinter.java" Intrnl_Id="344">
                                                    <LocList>
                                                        <Loc EndOffset="8811" SrcFileId="1" StartOffset="8794"/>
                                                    </LocList>
                                                </BasicStmnt>
                                                <BasicStmnt CovItemId="S139" CovItemPrefix="printer.SmartPrinter.java" Intrnl_Id="345">
                                                    <LocList>
                                                        <Loc EndOffset="8824" SrcFileId="1" StartOffset="8818"/>
                                                    </LocList>
                                                </BasicStmnt>
                                            </StmntSeq>
                                        </Branch>
                                        <Branch CovItemId="B40" CovItemPrefix="printer.SmartPrinter.java" Implct="false" Intrnl_Id="346">
                                            <Cond>
                                                <Loc EndOffset="8841" SrcFileId="1" StartOffset="8830"/>
                                            </Cond>
                                            <LocList>
                                                <Loc EndOffset="8879" SrcFileId="1" StartOffset="8849"/>
                                            </LocList>
                                            <StmntSeq Intrnl_Id="347">
                                                <LocList>
                                                    <Loc EndOffset="8866" SrcFileId="1" StartOffset="8849"/>
                                                    <Loc EndOffset="8879" SrcFileId="1" StartOffset="8873"/>
                                                </LocList>
                                                <BasicStmnt CovItemId="S140" CovItemPrefix="printer.SmartPrinter.java" Intrnl_Id="348">
                                                    <LocList>
                                                        <Loc EndOffset="8866" SrcFileId="1" StartOffset="8849"/>
                                                    </LocList>
                                                </BasicStmnt>
                                                <BasicStmnt CovItemId="S141" CovItemPrefix="printer.SmartPrinter.java" Intrnl_Id="349">
                                                    <LocList>
                                                        <Loc EndOffset="8879" SrcFileId="1" StartOffset="8873"/>
                                                    </LocList>
                                                </BasicStmnt>
                                            </StmntSeq>
                                        </Branch>
                                        <Branch CovItemId="B41" CovItemPrefix="printer.SmartPrinter.java" Implct="true" Intrnl_Id="350">
                                            <Cond/>
                                            <LocList/>
                                            <StmntSeq Intrnl_Id="351">
                                                <LocList/>
                                            </StmntSeq>
                                        </Branch>
                                        <Keyword EndOffset="6335" SrcFileId="1" StartOffset="6329"/>
                                        <LocList>
                                            <Loc EndOffset="8891" SrcFileId="1" StartOffset="6329"/>
                                        </LocList>
                                    </CondStmnt>
                                </StmntSeq>
                                <Keyword EndOffset="6290" SrcFileId="1" StartOffset="6285"/>
                                <LocList>
                                    <Loc EndOffset="8913" SrcFileId="1" StartOffset="6285"/>
                                </LocList>
                                <RootTerm CovItemId="C14" CovItemPrefix="printer.SmartPrinter.java" Intrnl_Id="352">
                                    <OpTerm BooleanOpId="2" Intrnl_Id="353">
                                        <BasicBoolTerm Intrnl_Id="354">
                                            <LocList>
                                                <Loc EndOffset="6304" SrcFileId="1" StartOffset="6292"/>
                                            </LocList>
                                        </BasicBoolTerm>
                                        <LocList>
                                            <Loc EndOffset="6292" SrcFileId="1" StartOffset="6291"/>
                                        </LocList>
                                    </OpTerm>
                                </RootTerm>
                            </LoopStmnt>
                            <BasicStmnt CovItemId="S142" CovItemPrefix="printer.SmartPrinter.java" Intrnl_Id="355">
                                <LocList>
                                    <Loc EndOffset="8949" SrcFileId="1" StartOffset="8933"/>
                                </LocList>
                            </BasicStmnt>
                        </StmntSeq>
                    </HierarchyLvl>
                </HierarchyLvl>
            </HierarchyLvl>
        </HierarchyLvl>
    </MASTRoot>
</TestSessionContainer>
