<?xml version="1.0" encoding="UTF-8"?><TestSessionContainer xmlns="http://www.codecover.org/xml/testsession-container" Date="1751882310989" TestSessionContainerId="49ea80b9-fb9c-42ba-8cdc-cfa0cd59379e" version="1.0">
    <SrcFileList>
        <SrcFile Content="package printer;&#13;&#10;&#13;&#10;import java.util.HashMap;&#13;&#10;import java.util.InputMismatchException;&#13;&#10;import java.util.Scanner;&#13;&#10;&#13;&#10;&#13;&#10;public class SmartPrinter {&#13;&#10;&#13;&#10;    public enum Stato { SPENTA, AVVIO, MOSTRABADGE, INSERISCIPIN, PRONTA, INUSO, ERRORE, OUTOFSERVICE }&#13;&#10;    public enum Servizio { PRINTBN, PRINTCOL, SCANSIONE, EXIT }&#13;&#10;    public enum StatoMacchina { GUASTA, NONGUASTA }&#13;&#10;&#13;&#10;    private Stato printerState;&#13;&#10;    private Servizio selectedService;&#13;&#10;    private StatoMacchina spiaGuasto;&#13;&#10;    private int tonerNero;&#13;&#10;    private int tonerColore;&#13;&#10;    private int fogliCarta;&#13;&#10;    &#13;&#10;    private boolean collegatoWireless;&#13;&#10;    private boolean collegatoCavo;&#13;&#10;    private boolean cartaInceppata;&#13;&#10;&#13;&#10;    Utente[] utenti;&#13;&#10;    int numUtenti;&#13;&#10;    private Utente utenteCorrente;&#13;&#10;    &#13;&#10;    private static boolean controlloInputUtenteBool(String s) {&#13;&#10;    &#9;return s.equals(&quot;si&quot;) || s.equals(&quot;no&quot;)  ? true : false;&#13;&#10;    }&#13;&#10;    &#13;&#10;    private static String getNomeUtenteLoggato(Utente u) {&#13;&#10;    &#9;return u != null ? u.getNome() : &quot;Nessuno&quot;;&#13;&#10;    }&#13;&#10;    &#13;&#10;    protected boolean ricercaUtente(int numBadgeInserito) {&#13;&#10;    &#9;&#13;&#10;    &#9;for(int i = 0; i &lt; numUtenti; i++) {&#13;&#10;    &#9;&#9;if(utenti[i].getBadgeId() == numBadgeInserito)&#13;&#10;    &#9;&#9;&#9;return true;&#13;&#10;    &#9;}&#13;&#10;    &#9;&#13;&#10;    &#9;return false;&#13;&#10;    &#9;&#13;&#10;    }&#13;&#10;    &#13;&#10;    private Utente getUtentebyNumBadge(int numBadge) {&#13;&#10;    &#9;&#13;&#10;    &#9;for(Utente u: utenti) {&#13;&#10;    &#9;&#9;if(u.getBadgeId() == numBadge)&#13;&#10;    &#9;&#9;&#9;return u;&#13;&#10;    &#9;}&#13;&#10;    &#9;&#13;&#10;    &#9;return null;&#13;&#10;    }&#13;&#10;    &#13;&#10;    public SmartPrinter() {&#13;&#10;        printerState = Stato.SPENTA;&#13;&#10;        tonerNero = 100;&#13;&#10;        tonerColore = 100;&#13;&#10;        fogliCarta = 500;&#13;&#10;        spiaGuasto = StatoMacchina.NONGUASTA;&#13;&#10;        utenti = new Utente[2];&#13;&#10;        numUtenti = 0;&#13;&#10;        collegatoWireless = false;&#13;&#10;        collegatoCavo = false;&#13;&#10;        cartaInceppata = false;&#13;&#10;    }&#13;&#10;&#13;&#10;    public Stato getPrinterState() {&#13;&#10;&#9;&#9;return printerState;&#13;&#10;&#9;}&#13;&#10;&#13;&#10;&#9;public Servizio getSelectedService() {&#13;&#10;&#9;&#9;return selectedService;&#13;&#10;&#9;}&#13;&#10;&#13;&#10;&#9;public StatoMacchina getSpiaGuasto() {&#13;&#10;&#9;&#9;return spiaGuasto;&#13;&#10;&#9;}&#13;&#10;&#13;&#10;&#9;public int getTonerNero() {&#13;&#10;&#9;&#9;return tonerNero;&#13;&#10;&#9;}&#13;&#10;&#13;&#10;&#9;public int getTonerColore() {&#13;&#10;&#9;&#9;return tonerColore;&#13;&#10;&#9;}&#13;&#10;&#13;&#10;&#9;public int getFogliCarta() {&#13;&#10;&#9;&#9;return fogliCarta;&#13;&#10;&#9;}&#13;&#10;&#13;&#10;&#9;public boolean isCollegatoWireless() {&#13;&#10;&#9;&#9;return collegatoWireless;&#13;&#10;&#9;}&#13;&#10;&#13;&#10;&#9;public boolean isCollegatoCavo() {&#13;&#10;&#9;&#9;return collegatoCavo;&#13;&#10;&#9;}&#13;&#10;&#13;&#10;&#9;public boolean isCartaInceppata() {&#13;&#10;&#9;&#9;return cartaInceppata;&#13;&#10;&#9;}&#13;&#10;&#13;&#10;&#9;public Utente[] getUtenti() {&#13;&#10;&#9;&#9;return utenti;&#13;&#10;&#9;}&#13;&#10;&#13;&#10;&#9;public Utente getUtenteCorrente() {&#13;&#10;&#9;&#9;return utenteCorrente;&#13;&#10;&#9;}&#13;&#10;&#13;&#10;&#9;public boolean aggiungiUtente(Utente u) {&#13;&#10;        if(numUtenti &lt; utenti.length) {&#13;&#10;        &#9;utenti[numUtenti] = u;&#13;&#10;        &#9;numUtenti++;&#13;&#10;        &#9;System.out.println(&quot;Utente aggiunto: &quot; + u.getNome() + &quot; : &quot; + u.getBadgeId());&#13;&#10;        &#9;return true;&#13;&#10;        }&#13;&#10;        else&#13;&#10;        &#9;System.out.println(&quot;Non è possibile aggiungere altri utenti&quot;);&#13;&#10;        &#9;return false;&#13;&#10;        &#13;&#10;    }&#13;&#10;    &#13;&#10;    protected void guastoStampante() {&#13;&#10;    &#9;if(printerState == Stato.AVVIO)&#13;&#10;    &#9;&#9;spiaGuasto = StatoMacchina.GUASTA;&#13;&#10;    }&#13;&#10;    &#13;&#10;    protected void riparazioneStampante() {&#13;&#10;    &#9;if(printerState == Stato.OUTOFSERVICE)&#13;&#10;    &#9;&#9;spiaGuasto = StatoMacchina.NONGUASTA;&#13;&#10;    }&#13;&#10;&#13;&#10;    public boolean accendiStampante() {&#13;&#10;    &#9;if(printerState == Stato.SPENTA) {&#13;&#10;    &#9;&#9;printerState = Stato.AVVIO;&#13;&#10;    &#9;&#9;System.out.println(&quot;Accensione in corso&quot;);&#13;&#10;    &#9;&#9;return true;&#13;&#10;    &#9;}&#13;&#10;    &#9;System.out.println(&quot;La stampante è già accesa&quot;);&#13;&#10;    &#9;return false;&#13;&#10;    &#9;&#13;&#10;    }&#13;&#10;&#13;&#10;    public boolean avvioStampante() {&#13;&#10;    &#9;if(printerState == Stato.AVVIO) {&#13;&#10;    &#9;&#9;if(spiaGuasto == StatoMacchina.GUASTA) {&#13;&#10;    &#9;&#9;&#9;printerState = Stato.OUTOFSERVICE;&#13;&#10;    &#9;&#9;&#9;System.out.println(&quot;Stampante guasta&quot;);&#13;&#10;    &#9;&#9;&#9;return false;&#13;&#10;        &#9;}&#13;&#10;        &#9;else {&#13;&#10;    &#9;&#9;&#9;printerState = Stato.MOSTRABADGE;&#13;&#10;    &#9;&#9;&#9;System.out.println(&quot;Mostrare Badge&quot;);&#13;&#10;    &#9;&#9;&#9;return true;&#13;&#10;    &#9;&#9;}&#13;&#10;    &#9;}&#13;&#10;    &#9;System.out.println(&quot;Azione non consentita&quot;);&#13;&#10;    &#9;return false;&#13;&#10;    }&#13;&#10;    &#13;&#10;    public boolean gestioneGuasto() {&#13;&#10;    &#9;if(printerState == Stato.OUTOFSERVICE) {&#13;&#10;    &#9;&#9;if(spiaGuasto == StatoMacchina.NONGUASTA) {&#13;&#10;    &#9;&#9;&#9;printerState = Stato.MOSTRABADGE;&#13;&#10;    &#9;&#9;&#9;System.out.println(&quot;Mostrare Badge&quot;);&#13;&#10;    &#9;&#9;&#9;return true;&#13;&#10;        &#9;}&#13;&#10;        &#9;else {&#13;&#10;        &#9;&#9;System.out.println(&quot;Stampante ancora guasta&quot;);&#13;&#10;        &#9;&#9;return false;&#13;&#10;        &#9;}&#13;&#10;    &#9;}&#13;&#10;    &#9;System.out.println(&quot;Azione non consentita&quot;);&#13;&#10;    &#9;return false;&#13;&#10;    }&#13;&#10;    &#13;&#10;    public boolean identificazioneUtente(int numBadge) {&#13;&#10;    &#9;if(printerState == Stato.MOSTRABADGE) {&#13;&#10;    &#9; &#9;if(ricercaUtente(numBadge)) {&#13;&#10;    &#9;&#9;&#9;utenteCorrente = getUtentebyNumBadge(numBadge);&#13;&#10;    &#9;&#9;&#9;printerState = Stato.INSERISCIPIN;&#13;&#10;    &#9;&#9;&#9;System.out.println(&quot;Benvenuto &quot; + utenteCorrente.getNome() + &quot;, Inserisci Pin&quot;);&#13;&#10;    &#9;&#9;&#9;return true;&#13;&#10;        &#9;}&#13;&#10;        &#9;else {&#13;&#10;        &#9;&#9;System.out.println(&quot;Badge non riconosciuto&quot;);&#13;&#10;        &#9;&#9;return false;&#13;&#10;        &#9;}&#13;&#10;    &#9;}&#13;&#10;    &#9;System.out.println(&quot;Azione non consentita&quot;);&#13;&#10;    &#9;return false;&#13;&#10;    }&#13;&#10;&#13;&#10;    private boolean inserimentoPin() {&#13;&#10;    &#9;//TODO&#13;&#10;    &#9;return false;&#13;&#10;    }&#13;&#10;    &#13;&#10;    private boolean sceltaServizio() {&#13;&#10;    &#9;//TODO&#13;&#10;    &#9;return false;&#13;&#10;    &#9;&#13;&#10;    }&#13;&#10;    &#13;&#10;    private boolean stampanteInUso() {&#13;&#10;    &#9;//TODO&#13;&#10;    &#9;return false;&#13;&#10;    }&#13;&#10;    &#13;&#10;    private boolean gestioneErrore() {&#13;&#10;    &#9;//TODO&#13;&#10;    &#9;return false;&#13;&#10;    }&#13;&#10;&#13;&#10;    public void statoCorrente() {&#13;&#10;        System.out.println(&quot;\n--- STATO CORRENTE ---&quot;);&#13;&#10;        System.out.println(&quot;Stato: &quot; + printerState);&#13;&#10;        System.out.println(&quot;Guasto: &quot; + spiaGuasto);&#13;&#10;        System.out.println(&quot;Utente loggato: &quot; + getNomeUtenteLoggato(utenteCorrente));&#13;&#10;        System.out.println(&quot;Toner Nero: &quot; + tonerNero);&#13;&#10;        System.out.println(&quot;Toner Colore: &quot; + tonerColore);&#13;&#10;        System.out.println(&quot;Carta: &quot; + fogliCarta);&#13;&#10;        System.out.println(&quot;Collegato Wireless: &quot; + collegatoWireless);&#13;&#10;        System.out.println(&quot;Collegato Cavo: &quot; + collegatoCavo);&#13;&#10;        System.out.println(&quot;Carta inceppata: &quot; + cartaInceppata);&#13;&#10;        System.out.println(&quot;------------------------\n&quot;);&#13;&#10;    }&#13;&#10;    &#13;&#10;    // Interazione con la stampante&#13;&#10;    public void usoStampante() {&#13;&#10;        Scanner scanner = new Scanner(System.in);&#13;&#10;        boolean closeProgram = false;&#13;&#10;        boolean validInput = false;&#13;&#10;        &#13;&#10;        while(!closeProgram) {&#13;&#10;        &#9;&#13;&#10;        &#9;switch(printerState) {&#13;&#10;&#9;        &#9;case SPENTA:&#13;&#10;&#9;        &#9;&#9;String rispostaAccensione;&#13;&#10;&#9;        &#9;&#9;do {&#13;&#10;&#9;&#9;        &#9;&#9;System.out.println(&quot;Vuoi accendere la stampante? (si/no): &quot;);&#13;&#10;&#9;&#9;        &#9;&#9;rispostaAccensione = scanner.nextLine().toLowerCase();&#13;&#10;&#9;&#9;        &#9;&#9;validInput = controlloInputUtenteBool(rispostaAccensione);&#13;&#10;&#9;        &#9;&#9;}&#13;&#10;&#9;        &#9;&#9;while(!validInput);&#13;&#10;&#9;        &#9;&#9;&#9;&#13;&#10;&#9;        &#9;&#9;if(rispostaAccensione.equals(&quot;si&quot;))&#13;&#10;&#9;        &#9;&#9;&#9;accendiStampante();&#13;&#10;&#9;        &#9;&#9;else&#13;&#10;&#9;        &#9;&#9;&#9;closeProgram = true;&#13;&#10;&#9;        &#9;&#9;&#13;&#10;&#9;        &#9;&#9;break;&#13;&#10;&#9;        &#9;&#9;&#13;&#10;&#9;&#9;&#9;&#9;case AVVIO:&#13;&#10;&#9;        &#9;&#9;String rispostaGuasto;&#13;&#10;&#9;        &#9;&#9;do {&#13;&#10;&#9;        &#9;&#9;&#9;System.out.println(&quot;Si è verificato un guasto? (si/no): &quot;);&#13;&#10;&#9;        &#9;&#9;&#9;rispostaGuasto = scanner.nextLine().toLowerCase();&#13;&#10;&#9;&#9;        &#9;&#9;validInput = controlloInputUtenteBool(rispostaGuasto);&#13;&#10;&#9;        &#9;&#9;}&#13;&#10;&#9;        &#9;&#9;while(!validInput);&#13;&#10;&#9;        &#9;&#9;&#13;&#10;&#9;        &#9;&#9;if(rispostaGuasto.equals(&quot;si&quot;))&#13;&#10;&#9;        &#9;&#9;&#9;guastoStampante();&#13;&#10;&#9;        &#9;&#9;&#13;&#10;&#9;        &#9;&#9;avvioStampante();&#13;&#10;&#9;        &#9;&#9;break;&#13;&#10;&#9;        &#9;&#9;&#13;&#10;&#9;&#9;&#9;&#9;case OUTOFSERVICE:&#13;&#10;&#9;&#9;&#9;&#9;&#9;String rispostaGuastoRiparato;&#13;&#10;&#9;        &#9;&#9;do {&#13;&#10;&#9;&#9;        &#9;&#9;System.out.println(&quot;Il guasto è stato riparato? (si/no): &quot;);&#13;&#10;&#9;&#9;        &#9;&#9;rispostaGuastoRiparato = scanner.nextLine().toLowerCase();&#13;&#10;&#9;&#9;        &#9;&#9;validInput = controlloInputUtenteBool(rispostaGuastoRiparato);&#13;&#10;&#9;        &#9;&#9;}&#13;&#10;&#9;        &#9;&#9;while(!validInput);&#13;&#10;&#9;        &#9;&#9;&#13;&#10;&#9;        &#9;&#9;if(rispostaGuastoRiparato.equals(&quot;si&quot;))&#13;&#10;&#9;        &#9;&#9;&#9;riparazioneStampante();&#13;&#10;&#9;&#9;&#9;&#9;&#9;&#13;&#10;&#9;&#9;&#9;&#9;&#9;gestioneGuasto();&#13;&#10;&#9;        &#9;&#9;break;&#13;&#10;&#9;        &#9;&#9;&#13;&#10;&#9;&#9;&#9;&#9;case MOSTRABADGE:&#13;&#10;&#9;&#9;&#9;&#9;&#9;int badgeMostrato = 0;&#13;&#10;&#9;&#9;&#9;&#9;&#9;validInput = false;&#13;&#10;&#9;&#9;&#9;&#9;&#9;&#13;&#10;&#9;&#9;&#9;&#9;&#9;while(!validInput) {&#13;&#10;&#9;&#9;&#9;&#9;&#9;&#9;System.out.println(&quot;Inserire un numero di Badge: &quot;);&#13;&#10;&#9;&#9;&#9;&#9;&#9;&#9;  try {&#13;&#10;&#9;&#9;&#9;&#9;&#9;&#9;        badgeMostrato = scanner.nextInt();&#13;&#10;&#9;&#9;&#9;&#9;&#9;&#9;        validInput = true;&#13;&#10;&#9;&#9;&#9;&#9;&#9;&#9;    } catch (InputMismatchException e) {&#13;&#10;&#9;&#9;&#9;&#9;&#9;&#9;        System.out.println(&quot;Input non valido. Inserisci un numero di Badge.&quot;);&#13;&#10;&#9;&#9;&#9;&#9;&#9;&#9;        scanner.nextLine(); &#13;&#10;&#9;&#9;&#9;&#9;&#9;&#9;    }&#13;&#10;&#9;&#9;&#9;&#9;&#9;}&#13;&#10;&#9;&#9;&#9;&#9;&#9;&#13;&#10;&#9;&#9;&#9;&#9;&#9;scanner.nextLine(); // consuma il newline residuo dopo input corretto&#13;&#10;&#9;&#9;&#9;&#9;&#9;identificazioneUtente(badgeMostrato);&#13;&#10;&#9;        &#9;&#9;break;&#13;&#10;&#9;        &#9;&#9;&#13;&#10;&#9;&#9;&#9;&#9;case INSERISCIPIN:&#13;&#10;&#9;&#9;&#9;&#9;&#9;//inserimentoPin();&#13;&#10;&#9;&#9;&#9;&#9;&#9;statoCorrente();&#13;&#10;&#9;&#9;&#9;&#9;&#9;System.out.println(&quot;Cjeckpoint inserisci pin &quot;);&#13;&#10;&#9;        &#9;&#9;String check3 = scanner.nextLine().toLowerCase();&#13;&#10;&#9;        &#9;&#9;&#13;&#10;&#9;&#9;&#9;&#9;&#9;break;&#13;&#10;&#9;&#9;&#9;&#9;case PRONTA:&#13;&#10;&#9;&#9;&#9;&#9;&#9;sceltaServizio();&#13;&#10;&#9;&#9;&#9;&#9;&#9;break;&#13;&#10;&#9;&#9;&#9;&#9;case INUSO:&#13;&#10;&#9;&#9;&#9;&#9;&#9;stampanteInUso();&#13;&#10;&#9;&#9;&#9;&#9;&#9;break;&#13;&#10;&#9;&#9;&#9;&#9;case ERRORE:&#13;&#10;&#9;&#9;&#9;&#9;&#9;gestioneErrore();&#13;&#10;&#9;&#9;&#9;&#9;&#9;break;&#13;&#10;        &#9;}&#13;&#10;        &#9;&#13;&#10;        }&#13;&#10;        &#13;&#10;        scanner.close();&#13;&#10;        &#13;&#10;    }&#13;&#10;}&#13;&#10;" Filename="SmartPrinter.java" Intrnl_Id="1"/>
    </SrcFileList>
    <CritList>
        <CritListEntry Name="org.codecover.model.utils.criteria.LoopCoverage" PluginName="org.codecover"/>
        <CritListEntry Name="org.codecover.model.utils.criteria.QMOCoverage" PluginName="org.codecover"/>
        <CritListEntry Name="org.codecover.model.utils.criteria.ConditionCoverage" PluginName="org.codecover"/>
        <CritListEntry Name="org.codecover.model.utils.criteria.BranchCoverage" PluginName="org.codecover"/>
        <CritListEntry Name="org.codecover.model.utils.criteria.SynchronizedStatementCoverage" PluginName="org.codecover"/>
        <CritListEntry Name="org.codecover.model.utils.criteria.StatementCoverage" PluginName="org.codecover"/>
    </CritList>
    <BoolOpList>
        <BoolOp Arity="1" Intrnl_Id="2" Name="not (!)">
            <BoolAssgnmntBoolMapList>
                <MapEntry BoolAssgnmnt="1" Value="false"/>
                <MapEntry BoolAssgnmnt="0" Value="true"/>
            </BoolAssgnmntBoolMapList>
        </BoolOp>
    </BoolOpList>
    <HierarchyLvlTypeList>
        <HierarchyLvlType EnglishName="enumeration" IntrnlName="enum" Intrnl_Id="3"/>
        <HierarchyLvlType EnglishName="package" IntrnlName="package" Intrnl_Id="4"/>
        <HierarchyLvlType EnglishName="method" IntrnlName="method" Intrnl_Id="5"/>
        <HierarchyLvlType EnglishName="class" IntrnlName="class" Intrnl_Id="6"/>
        <HierarchyLvlType EnglishName="default package" IntrnlName="default package" Intrnl_Id="7"/>
    </HierarchyLvlTypeList>
    <MASTRoot>
        <HierarchyLvl HierarchyLvlId="306" HierarchyLvlTypeId="7" Intrnl_Id="8" Name="default package">
            <Header/>
            <LocList/>
            <HierarchyLvl HierarchyLvlId="305" HierarchyLvlTypeId="4" Intrnl_Id="9" Name="printer">
                <Header/>
                <LocList/>
                <HierarchyLvl HierarchyLvlId="304" HierarchyLvlTypeId="6" Intrnl_Id="10" Name="SmartPrinter">
                    <Header>
                        <Loc EndOffset="145" SrcFileId="1" StartOffset="120"/>
                    </Header>
                    <LocList>
                        <Loc EndOffset="155" SrcFileId="1" StartOffset="120"/>
                        <Loc EndOffset="260" SrcFileId="1" StartOffset="254"/>
                        <Loc EndOffset="325" SrcFileId="1" StartOffset="319"/>
                        <Loc EndOffset="9019" SrcFileId="1" StartOffset="372"/>
                    </LocList>
                    <HierarchyLvl HierarchyLvlId="272" HierarchyLvlTypeId="3" Intrnl_Id="11" Name="Stato">
                        <Header>
                            <Loc EndOffset="172" SrcFileId="1" StartOffset="155"/>
                        </Header>
                        <LocList>
                            <Loc EndOffset="254" SrcFileId="1" StartOffset="155"/>
                        </LocList>
                    </HierarchyLvl>
                    <HierarchyLvl HierarchyLvlId="273" HierarchyLvlTypeId="3" Intrnl_Id="12" Name="Servizio">
                        <Header>
                            <Loc EndOffset="280" SrcFileId="1" StartOffset="260"/>
                        </Header>
                        <LocList>
                            <Loc EndOffset="319" SrcFileId="1" StartOffset="260"/>
                        </LocList>
                    </HierarchyLvl>
                    <HierarchyLvl HierarchyLvlId="274" HierarchyLvlTypeId="3" Intrnl_Id="13" Name="StatoMacchina">
                        <Header>
                            <Loc EndOffset="350" SrcFileId="1" StartOffset="325"/>
                        </Header>
                        <LocList>
                            <Loc EndOffset="372" SrcFileId="1" StartOffset="325"/>
                        </LocList>
                    </HierarchyLvl>
                    <HierarchyLvl HierarchyLvlId="275" HierarchyLvlTypeId="5" Intrnl_Id="14" Name="controlloInputUtenteBool">
                        <Header>
                            <Loc EndOffset="840" SrcFileId="1" StartOffset="783"/>
                        </Header>
                        <LocList>
                            <Loc EndOffset="912" SrcFileId="1" StartOffset="783"/>
                        </LocList>
                        <StmntSeq Intrnl_Id="15">
                            <LocList>
                                <Loc EndOffset="905" SrcFileId="1" StartOffset="849"/>
                            </LocList>
                            <BasicStmnt CovItemId="S1" CovItemPrefix="printer.SmartPrinter.java" Intrnl_Id="16">
                                <LocList>
                                    <Loc EndOffset="905" SrcFileId="1" StartOffset="849"/>
                                </LocList>
                                <QMO CovItemId="Q0" CovItemPrefix="printer.SmartPrinter.java" Intrnl_Id="17">
                                    <LocList>
                                        <Loc EndOffset="888" SrcFileId="1" StartOffset="856"/>
                                    </LocList>
                                    <QMO_E CovItemId="Q0-0" CovItemPrefix="printer.SmartPrinter.java" Intrnl_Id="18">
                                        <LocList>
                                            <Loc EndOffset="896" SrcFileId="1" StartOffset="892"/>
                                        </LocList>
                                    </QMO_E>
                                    <QMO_E CovItemId="Q0-1" CovItemPrefix="printer.SmartPrinter.java" Intrnl_Id="19">
                                        <LocList>
                                            <Loc EndOffset="904" SrcFileId="1" StartOffset="899"/>
                                        </LocList>
                                    </QMO_E>
                                </QMO>
                            </BasicStmnt>
                        </StmntSeq>
                    </HierarchyLvl>
                    <HierarchyLvl HierarchyLvlId="276" HierarchyLvlTypeId="5" Intrnl_Id="20" Name="getNomeUtenteLoggato">
                        <Header>
                            <Loc EndOffset="976" SrcFileId="1" StartOffset="924"/>
                        </Header>
                        <LocList>
                            <Loc EndOffset="1035" SrcFileId="1" StartOffset="924"/>
                        </LocList>
                        <StmntSeq Intrnl_Id="21">
                            <LocList>
                                <Loc EndOffset="1028" SrcFileId="1" StartOffset="985"/>
                            </LocList>
                            <BasicStmnt CovItemId="S2" CovItemPrefix="printer.SmartPrinter.java" Intrnl_Id="22">
                                <LocList>
                                    <Loc EndOffset="1028" SrcFileId="1" StartOffset="985"/>
                                </LocList>
                                <QMO CovItemId="Q1" CovItemPrefix="printer.SmartPrinter.java" Intrnl_Id="23">
                                    <LocList>
                                        <Loc EndOffset="1001" SrcFileId="1" StartOffset="992"/>
                                    </LocList>
                                    <QMO_E CovItemId="Q1-0" CovItemPrefix="printer.SmartPrinter.java" Intrnl_Id="24">
                                        <LocList>
                                            <Loc EndOffset="1015" SrcFileId="1" StartOffset="1004"/>
                                        </LocList>
                                    </QMO_E>
                                    <QMO_E CovItemId="Q1-1" CovItemPrefix="printer.SmartPrinter.java" Intrnl_Id="25">
                                        <LocList>
                                            <Loc EndOffset="1027" SrcFileId="1" StartOffset="1018"/>
                                        </LocList>
                                    </QMO_E>
                                </QMO>
                            </BasicStmnt>
                        </StmntSeq>
                    </HierarchyLvl>
                    <HierarchyLvl HierarchyLvlId="277" HierarchyLvlTypeId="5" Intrnl_Id="26" Name="ricercaUtente">
                        <Header>
                            <Loc EndOffset="1100" SrcFileId="1" StartOffset="1047"/>
                        </Header>
                        <LocList>
                            <Loc EndOffset="1276" SrcFileId="1" StartOffset="1047"/>
                        </LocList>
                        <StmntSeq Intrnl_Id="27">
                            <LocList>
                                <Loc EndOffset="1235" SrcFileId="1" StartOffset="1116"/>
                                <Loc EndOffset="1262" SrcFileId="1" StartOffset="1249"/>
                            </LocList>
                            <LoopStmnt CovItemId="S3" CovItemPrefix="printer.SmartPrinter.java" Intrnl_Id="28" MltplExecId="L1-2" MltplExecPrefix="printer.SmartPrinter.java" NvrExecId="L1-0" NvrExecPrefix="printer.SmartPrinter.java" OnceExecutedId="L1-1" OnceExecutedPrefix="printer.SmartPrinter.java" OptBodyExec="true">
                                <StmntSeq Intrnl_Id="29">
                                    <LocList>
                                        <Loc EndOffset="1227" SrcFileId="1" StartOffset="1160"/>
                                    </LocList>
                                    <CondStmnt CovItemId="S4" CovItemPrefix="printer.SmartPrinter.java" Intrnl_Id="30">
                                        <Branch CovItemId="B1" CovItemPrefix="printer.SmartPrinter.java" Implct="false" Intrnl_Id="31">
                                            <Cond/>
                                            <LocList>
                                                <Loc EndOffset="1227" SrcFileId="1" StartOffset="1215"/>
                                            </LocList>
                                            <StmntSeq Intrnl_Id="32">
                                                <LocList>
                                                    <Loc EndOffset="1227" SrcFileId="1" StartOffset="1215"/>
                                                </LocList>
                                                <BasicStmnt CovItemId="S5" CovItemPrefix="printer.SmartPrinter.java" Intrnl_Id="33">
                                                    <LocList>
                                                        <Loc EndOffset="1227" SrcFileId="1" StartOffset="1215"/>
                                                    </LocList>
                                                </BasicStmnt>
                                            </StmntSeq>
                                        </Branch>
                                        <Branch CovItemId="B2" CovItemPrefix="printer.SmartPrinter.java" Implct="true" Intrnl_Id="34">
                                            <Cond/>
                                            <LocList/>
                                            <StmntSeq Intrnl_Id="35">
                                                <LocList/>
                                            </StmntSeq>
                                        </Branch>
                                        <Keyword EndOffset="1162" SrcFileId="1" StartOffset="1160"/>
                                        <LocList>
                                            <Loc EndOffset="1227" SrcFileId="1" StartOffset="1160"/>
                                        </LocList>
                                        <RootTerm CovItemId="C2" CovItemPrefix="printer.SmartPrinter.java" Intrnl_Id="36">
                                            <BasicBoolTerm Intrnl_Id="37">
                                                <LocList>
                                                    <Loc EndOffset="1205" SrcFileId="1" StartOffset="1163"/>
                                                </LocList>
                                            </BasicBoolTerm>
                                        </RootTerm>
                                    </CondStmnt>
                                </StmntSeq>
                                <Keyword EndOffset="1119" SrcFileId="1" StartOffset="1116"/>
                                <LocList>
                                    <Loc EndOffset="1235" SrcFileId="1" StartOffset="1116"/>
                                </LocList>
                                <RootTerm CovItemId="C1" CovItemPrefix="printer.SmartPrinter.java" Intrnl_Id="38">
                                    <BasicBoolTerm Intrnl_Id="39">
                                        <LocList>
                                            <Loc EndOffset="1144" SrcFileId="1" StartOffset="1131"/>
                                        </LocList>
                                    </BasicBoolTerm>
                                </RootTerm>
                            </LoopStmnt>
                            <BasicStmnt CovItemId="S6" CovItemPrefix="printer.SmartPrinter.java" Intrnl_Id="40">
                                <LocList>
                                    <Loc EndOffset="1262" SrcFileId="1" StartOffset="1249"/>
                                </LocList>
                            </BasicStmnt>
                        </StmntSeq>
                    </HierarchyLvl>
                    <HierarchyLvl HierarchyLvlId="278" HierarchyLvlTypeId="5" Intrnl_Id="41" Name="getUtentebyNumBadge">
                        <Header>
                            <Loc EndOffset="1336" SrcFileId="1" StartOffset="1288"/>
                        </Header>
                        <LocList>
                            <Loc EndOffset="1472" SrcFileId="1" StartOffset="1288"/>
                        </LocList>
                        <StmntSeq Intrnl_Id="42">
                            <LocList>
                                <Loc EndOffset="1439" SrcFileId="1" StartOffset="1352"/>
                                <Loc EndOffset="1465" SrcFileId="1" StartOffset="1453"/>
                            </LocList>
                            <LoopStmnt CovItemId="S7" CovItemPrefix="printer.SmartPrinter.java" Intrnl_Id="43" MltplExecId="L2-2" MltplExecPrefix="printer.SmartPrinter.java" NvrExecId="L2-0" NvrExecPrefix="printer.SmartPrinter.java" OnceExecutedId="L2-1" OnceExecutedPrefix="printer.SmartPrinter.java" OptBodyExec="true">
                                <StmntSeq Intrnl_Id="44">
                                    <LocList>
                                        <Loc EndOffset="1431" SrcFileId="1" StartOffset="1383"/>
                                    </LocList>
                                    <CondStmnt CovItemId="S8" CovItemPrefix="printer.SmartPrinter.java" Intrnl_Id="45">
                                        <Branch CovItemId="B3" CovItemPrefix="printer.SmartPrinter.java" Implct="false" Intrnl_Id="46">
                                            <Cond/>
                                            <LocList>
                                                <Loc EndOffset="1431" SrcFileId="1" StartOffset="1422"/>
                                            </LocList>
                                            <StmntSeq Intrnl_Id="47">
                                                <LocList>
                                                    <Loc EndOffset="1431" SrcFileId="1" StartOffset="1422"/>
                                                </LocList>
                                                <BasicStmnt CovItemId="S9" CovItemPrefix="printer.SmartPrinter.java" Intrnl_Id="48">
                                                    <LocList>
                                                        <Loc EndOffset="1431" SrcFileId="1" StartOffset="1422"/>
                                                    </LocList>
                                                </BasicStmnt>
                                            </StmntSeq>
                                        </Branch>
                                        <Branch CovItemId="B4" CovItemPrefix="printer.SmartPrinter.java" Implct="true" Intrnl_Id="49">
                                            <Cond/>
                                            <LocList/>
                                            <StmntSeq Intrnl_Id="50">
                                                <LocList/>
                                            </StmntSeq>
                                        </Branch>
                                        <Keyword EndOffset="1385" SrcFileId="1" StartOffset="1383"/>
                                        <LocList>
                                            <Loc EndOffset="1431" SrcFileId="1" StartOffset="1383"/>
                                        </LocList>
                                        <RootTerm CovItemId="C3" CovItemPrefix="printer.SmartPrinter.java" Intrnl_Id="51">
                                            <BasicBoolTerm Intrnl_Id="52">
                                                <LocList>
                                                    <Loc EndOffset="1412" SrcFileId="1" StartOffset="1386"/>
                                                </LocList>
                                            </BasicBoolTerm>
                                        </RootTerm>
                                    </CondStmnt>
                                </StmntSeq>
                                <Keyword EndOffset="1355" SrcFileId="1" StartOffset="1352"/>
                                <LocList>
                                    <Loc EndOffset="1439" SrcFileId="1" StartOffset="1352"/>
                                </LocList>
                            </LoopStmnt>
                            <BasicStmnt CovItemId="S10" CovItemPrefix="printer.SmartPrinter.java" Intrnl_Id="53">
                                <LocList>
                                    <Loc EndOffset="1465" SrcFileId="1" StartOffset="1453"/>
                                </LocList>
                            </BasicStmnt>
                        </StmntSeq>
                    </HierarchyLvl>
                    <HierarchyLvl HierarchyLvlId="279" HierarchyLvlTypeId="5" Intrnl_Id="54" Name="SmartPrinter">
                        <Header>
                            <Loc EndOffset="1505" SrcFileId="1" StartOffset="1484"/>
                        </Header>
                        <LocList>
                            <Loc EndOffset="1838" SrcFileId="1" StartOffset="1484"/>
                        </LocList>
                        <StmntSeq Intrnl_Id="55">
                            <LocList>
                                <Loc EndOffset="1545" SrcFileId="1" StartOffset="1517"/>
                                <Loc EndOffset="1571" SrcFileId="1" StartOffset="1555"/>
                                <Loc EndOffset="1599" SrcFileId="1" StartOffset="1581"/>
                                <Loc EndOffset="1626" SrcFileId="1" StartOffset="1609"/>
                                <Loc EndOffset="1673" SrcFileId="1" StartOffset="1636"/>
                                <Loc EndOffset="1706" SrcFileId="1" StartOffset="1683"/>
                                <Loc EndOffset="1730" SrcFileId="1" StartOffset="1716"/>
                                <Loc EndOffset="1766" SrcFileId="1" StartOffset="1740"/>
                                <Loc EndOffset="1798" SrcFileId="1" StartOffset="1776"/>
                                <Loc EndOffset="1831" SrcFileId="1" StartOffset="1808"/>
                            </LocList>
                            <BasicStmnt CovItemId="S11" CovItemPrefix="printer.SmartPrinter.java" Intrnl_Id="56">
                                <LocList>
                                    <Loc EndOffset="1545" SrcFileId="1" StartOffset="1517"/>
                                </LocList>
                            </BasicStmnt>
                            <BasicStmnt CovItemId="S12" CovItemPrefix="printer.SmartPrinter.java" Intrnl_Id="57">
                                <LocList>
                                    <Loc EndOffset="1571" SrcFileId="1" StartOffset="1555"/>
                                </LocList>
                            </BasicStmnt>
                            <BasicStmnt CovItemId="S13" CovItemPrefix="printer.SmartPrinter.java" Intrnl_Id="58">
                                <LocList>
                                    <Loc EndOffset="1599" SrcFileId="1" StartOffset="1581"/>
                                </LocList>
                            </BasicStmnt>
                            <BasicStmnt CovItemId="S14" CovItemPrefix="printer.SmartPrinter.java" Intrnl_Id="59">
                                <LocList>
                                    <Loc EndOffset="1626" SrcFileId="1" StartOffset="1609"/>
                                </LocList>
                            </BasicStmnt>
                            <BasicStmnt CovItemId="S15" CovItemPrefix="printer.SmartPrinter.java" Intrnl_Id="60">
                                <LocList>
                                    <Loc EndOffset="1673" SrcFileId="1" StartOffset="1636"/>
                                </LocList>
                            </BasicStmnt>
                            <BasicStmnt CovItemId="S16" CovItemPrefix="printer.SmartPrinter.java" Intrnl_Id="61">
                                <LocList>
                                    <Loc EndOffset="1706" SrcFileId="1" StartOffset="1683"/>
                                </LocList>
                            </BasicStmnt>
                            <BasicStmnt CovItemId="S17" CovItemPrefix="printer.SmartPrinter.java" Intrnl_Id="62">
                                <LocList>
                                    <Loc EndOffset="1730" SrcFileId="1" StartOffset="1716"/>
                                </LocList>
                            </BasicStmnt>
                            <BasicStmnt CovItemId="S18" CovItemPrefix="printer.SmartPrinter.java" Intrnl_Id="63">
                                <LocList>
                                    <Loc EndOffset="1766" SrcFileId="1" StartOffset="1740"/>
                                </LocList>
                            </BasicStmnt>
                            <BasicStmnt CovItemId="S19" CovItemPrefix="printer.SmartPrinter.java" Intrnl_Id="64">
                                <LocList>
                                    <Loc EndOffset="1798" SrcFileId="1" StartOffset="1776"/>
                                </LocList>
                            </BasicStmnt>
                            <BasicStmnt CovItemId="S20" CovItemPrefix="printer.SmartPrinter.java" Intrnl_Id="65">
                                <LocList>
                                    <Loc EndOffset="1831" SrcFileId="1" StartOffset="1808"/>
                                </LocList>
                            </BasicStmnt>
                        </StmntSeq>
                    </HierarchyLvl>
                    <HierarchyLvl HierarchyLvlId="280" HierarchyLvlTypeId="5" Intrnl_Id="66" Name="getPrinterState">
                        <Header>
                            <Loc EndOffset="1876" SrcFileId="1" StartOffset="1846"/>
                        </Header>
                        <LocList>
                            <Loc EndOffset="1906" SrcFileId="1" StartOffset="1846"/>
                        </LocList>
                        <StmntSeq Intrnl_Id="67">
                            <LocList>
                                <Loc EndOffset="1902" SrcFileId="1" StartOffset="1882"/>
                            </LocList>
                            <BasicStmnt CovItemId="S21" CovItemPrefix="printer.SmartPrinter.java" Intrnl_Id="68">
                                <LocList>
                                    <Loc EndOffset="1902" SrcFileId="1" StartOffset="1882"/>
                                </LocList>
                            </BasicStmnt>
                        </StmntSeq>
                    </HierarchyLvl>
                    <HierarchyLvl HierarchyLvlId="281" HierarchyLvlTypeId="5" Intrnl_Id="69" Name="getSelectedService">
                        <Header>
                            <Loc EndOffset="1947" SrcFileId="1" StartOffset="1911"/>
                        </Header>
                        <LocList>
                            <Loc EndOffset="1980" SrcFileId="1" StartOffset="1911"/>
                        </LocList>
                        <StmntSeq Intrnl_Id="70">
                            <LocList>
                                <Loc EndOffset="1976" SrcFileId="1" StartOffset="1953"/>
                            </LocList>
                            <BasicStmnt CovItemId="S22" CovItemPrefix="printer.SmartPrinter.java" Intrnl_Id="71">
                                <LocList>
                                    <Loc EndOffset="1976" SrcFileId="1" StartOffset="1953"/>
                                </LocList>
                            </BasicStmnt>
                        </StmntSeq>
                    </HierarchyLvl>
                    <HierarchyLvl HierarchyLvlId="282" HierarchyLvlTypeId="5" Intrnl_Id="72" Name="getSpiaGuasto">
                        <Header>
                            <Loc EndOffset="2021" SrcFileId="1" StartOffset="1985"/>
                        </Header>
                        <LocList>
                            <Loc EndOffset="2049" SrcFileId="1" StartOffset="1985"/>
                        </LocList>
                        <StmntSeq Intrnl_Id="73">
                            <LocList>
                                <Loc EndOffset="2045" SrcFileId="1" StartOffset="2027"/>
                            </LocList>
                            <BasicStmnt CovItemId="S23" CovItemPrefix="printer.SmartPrinter.java" Intrnl_Id="74">
                                <LocList>
                                    <Loc EndOffset="2045" SrcFileId="1" StartOffset="2027"/>
                                </LocList>
                            </BasicStmnt>
                        </StmntSeq>
                    </HierarchyLvl>
                    <HierarchyLvl HierarchyLvlId="283" HierarchyLvlTypeId="5" Intrnl_Id="75" Name="getTonerNero">
                        <Header>
                            <Loc EndOffset="2079" SrcFileId="1" StartOffset="2054"/>
                        </Header>
                        <LocList>
                            <Loc EndOffset="2106" SrcFileId="1" StartOffset="2054"/>
                        </LocList>
                        <StmntSeq Intrnl_Id="76">
                            <LocList>
                                <Loc EndOffset="2102" SrcFileId="1" StartOffset="2085"/>
                            </LocList>
                            <BasicStmnt CovItemId="S24" CovItemPrefix="printer.SmartPrinter.java" Intrnl_Id="77">
                                <LocList>
                                    <Loc EndOffset="2102" SrcFileId="1" StartOffset="2085"/>
                                </LocList>
                            </BasicStmnt>
                        </StmntSeq>
                    </HierarchyLvl>
                    <HierarchyLvl HierarchyLvlId="284" HierarchyLvlTypeId="5" Intrnl_Id="78" Name="getTonerColore">
                        <Header>
                            <Loc EndOffset="2138" SrcFileId="1" StartOffset="2111"/>
                        </Header>
                        <LocList>
                            <Loc EndOffset="2167" SrcFileId="1" StartOffset="2111"/>
                        </LocList>
                        <StmntSeq Intrnl_Id="79">
                            <LocList>
                                <Loc EndOffset="2163" SrcFileId="1" StartOffset="2144"/>
                            </LocList>
                            <BasicStmnt CovItemId="S25" CovItemPrefix="printer.SmartPrinter.java" Intrnl_Id="80">
                                <LocList>
                                    <Loc EndOffset="2163" SrcFileId="1" StartOffset="2144"/>
                                </LocList>
                            </BasicStmnt>
                        </StmntSeq>
                    </HierarchyLvl>
                    <HierarchyLvl HierarchyLvlId="285" HierarchyLvlTypeId="5" Intrnl_Id="81" Name="getFogliCarta">
                        <Header>
                            <Loc EndOffset="2198" SrcFileId="1" StartOffset="2172"/>
                        </Header>
                        <LocList>
                            <Loc EndOffset="2226" SrcFileId="1" StartOffset="2172"/>
                        </LocList>
                        <StmntSeq Intrnl_Id="82">
                            <LocList>
                                <Loc EndOffset="2222" SrcFileId="1" StartOffset="2204"/>
                            </LocList>
                            <BasicStmnt CovItemId="S26" CovItemPrefix="printer.SmartPrinter.java" Intrnl_Id="83">
                                <LocList>
                                    <Loc EndOffset="2222" SrcFileId="1" StartOffset="2204"/>
                                </LocList>
                            </BasicStmnt>
                        </StmntSeq>
                    </HierarchyLvl>
                    <HierarchyLvl HierarchyLvlId="286" HierarchyLvlTypeId="5" Intrnl_Id="84" Name="isCollegatoWireless">
                        <Header>
                            <Loc EndOffset="2267" SrcFileId="1" StartOffset="2231"/>
                        </Header>
                        <LocList>
                            <Loc EndOffset="2302" SrcFileId="1" StartOffset="2231"/>
                        </LocList>
                        <StmntSeq Intrnl_Id="85">
                            <LocList>
                                <Loc EndOffset="2298" SrcFileId="1" StartOffset="2273"/>
                            </LocList>
                            <BasicStmnt CovItemId="S27" CovItemPrefix="printer.SmartPrinter.java" Intrnl_Id="86">
                                <LocList>
                                    <Loc EndOffset="2298" SrcFileId="1" StartOffset="2273"/>
                                </LocList>
                            </BasicStmnt>
                        </StmntSeq>
                    </HierarchyLvl>
                    <HierarchyLvl HierarchyLvlId="287" HierarchyLvlTypeId="5" Intrnl_Id="87" Name="isCollegatoCavo">
                        <Header>
                            <Loc EndOffset="2339" SrcFileId="1" StartOffset="2307"/>
                        </Header>
                        <LocList>
                            <Loc EndOffset="2370" SrcFileId="1" StartOffset="2307"/>
                        </LocList>
                        <StmntSeq Intrnl_Id="88">
                            <LocList>
                                <Loc EndOffset="2366" SrcFileId="1" StartOffset="2345"/>
                            </LocList>
                            <BasicStmnt CovItemId="S28" CovItemPrefix="printer.SmartPrinter.java" Intrnl_Id="89">
                                <LocList>
                                    <Loc EndOffset="2366" SrcFileId="1" StartOffset="2345"/>
                                </LocList>
                            </BasicStmnt>
                        </StmntSeq>
                    </HierarchyLvl>
                    <HierarchyLvl HierarchyLvlId="288" HierarchyLvlTypeId="5" Intrnl_Id="90" Name="isCartaInceppata">
                        <Header>
                            <Loc EndOffset="2408" SrcFileId="1" StartOffset="2375"/>
                        </Header>
                        <LocList>
                            <Loc EndOffset="2440" SrcFileId="1" StartOffset="2375"/>
                        </LocList>
                        <StmntSeq Intrnl_Id="91">
                            <LocList>
                                <Loc EndOffset="2436" SrcFileId="1" StartOffset="2414"/>
                            </LocList>
                            <BasicStmnt CovItemId="S29" CovItemPrefix="printer.SmartPrinter.java" Intrnl_Id="92">
                                <LocList>
                                    <Loc EndOffset="2436" SrcFileId="1" StartOffset="2414"/>
                                </LocList>
                            </BasicStmnt>
                        </StmntSeq>
                    </HierarchyLvl>
                    <HierarchyLvl HierarchyLvlId="289" HierarchyLvlTypeId="5" Intrnl_Id="93" Name="getUtenti">
                        <Header>
                            <Loc EndOffset="2472" SrcFileId="1" StartOffset="2445"/>
                        </Header>
                        <LocList>
                            <Loc EndOffset="2496" SrcFileId="1" StartOffset="2445"/>
                        </LocList>
                        <StmntSeq Intrnl_Id="94">
                            <LocList>
                                <Loc EndOffset="2492" SrcFileId="1" StartOffset="2478"/>
                            </LocList>
                            <BasicStmnt CovItemId="S30" CovItemPrefix="printer.SmartPrinter.java" Intrnl_Id="95">
                                <LocList>
                                    <Loc EndOffset="2492" SrcFileId="1" StartOffset="2478"/>
                                </LocList>
                            </BasicStmnt>
                        </StmntSeq>
                    </HierarchyLvl>
                    <HierarchyLvl HierarchyLvlId="290" HierarchyLvlTypeId="5" Intrnl_Id="96" Name="getUtenteCorrente">
                        <Header>
                            <Loc EndOffset="2534" SrcFileId="1" StartOffset="2501"/>
                        </Header>
                        <LocList>
                            <Loc EndOffset="2566" SrcFileId="1" StartOffset="2501"/>
                        </LocList>
                        <StmntSeq Intrnl_Id="97">
                            <LocList>
                                <Loc EndOffset="2562" SrcFileId="1" StartOffset="2540"/>
                            </LocList>
                            <BasicStmnt CovItemId="S31" CovItemPrefix="printer.SmartPrinter.java" Intrnl_Id="98">
                                <LocList>
                                    <Loc EndOffset="2562" SrcFileId="1" StartOffset="2540"/>
                                </LocList>
                            </BasicStmnt>
                        </StmntSeq>
                    </HierarchyLvl>
                    <HierarchyLvl HierarchyLvlId="291" HierarchyLvlTypeId="5" Intrnl_Id="99" Name="aggiungiUtente">
                        <Header>
                            <Loc EndOffset="2610" SrcFileId="1" StartOffset="2571"/>
                        </Header>
                        <LocList>
                            <Loc EndOffset="2961" SrcFileId="1" StartOffset="2571"/>
                        </LocList>
                        <StmntSeq Intrnl_Id="100">
                            <LocList>
                                <Loc EndOffset="2920" SrcFileId="1" StartOffset="2622"/>
                                <Loc EndOffset="2944" SrcFileId="1" StartOffset="2931"/>
                            </LocList>
                            <CondStmnt CovItemId="S32" CovItemPrefix="printer.SmartPrinter.java" Intrnl_Id="101">
                                <Branch CovItemId="B5" CovItemPrefix="printer.SmartPrinter.java" Implct="false" Intrnl_Id="102">
                                    <Cond/>
                                    <LocList>
                                        <Loc EndOffset="2833" SrcFileId="1" StartOffset="2652"/>
                                    </LocList>
                                    <StmntSeq Intrnl_Id="103">
                                        <LocList>
                                            <Loc EndOffset="2686" SrcFileId="1" StartOffset="2664"/>
                                            <Loc EndOffset="2709" SrcFileId="1" StartOffset="2697"/>
                                            <Loc EndOffset="2799" SrcFileId="1" StartOffset="2720"/>
                                            <Loc EndOffset="2822" SrcFileId="1" StartOffset="2810"/>
                                        </LocList>
                                        <BasicStmnt CovItemId="S33" CovItemPrefix="printer.SmartPrinter.java" Intrnl_Id="104">
                                            <LocList>
                                                <Loc EndOffset="2686" SrcFileId="1" StartOffset="2664"/>
                                            </LocList>
                                        </BasicStmnt>
                                        <BasicStmnt CovItemId="S34" CovItemPrefix="printer.SmartPrinter.java" Intrnl_Id="105">
                                            <LocList>
                                                <Loc EndOffset="2709" SrcFileId="1" StartOffset="2697"/>
                                            </LocList>
                                        </BasicStmnt>
                                        <BasicStmnt CovItemId="S35" CovItemPrefix="printer.SmartPrinter.java" Intrnl_Id="106">
                                            <LocList>
                                                <Loc EndOffset="2799" SrcFileId="1" StartOffset="2720"/>
                                            </LocList>
                                        </BasicStmnt>
                                        <BasicStmnt CovItemId="S36" CovItemPrefix="printer.SmartPrinter.java" Intrnl_Id="107">
                                            <LocList>
                                                <Loc EndOffset="2822" SrcFileId="1" StartOffset="2810"/>
                                            </LocList>
                                        </BasicStmnt>
                                    </StmntSeq>
                                </Branch>
                                <Branch CovItemId="B6" CovItemPrefix="printer.SmartPrinter.java" Implct="false" Intrnl_Id="108">
                                    <Cond>
                                        <Loc EndOffset="2847" SrcFileId="1" StartOffset="2843"/>
                                    </Cond>
                                    <LocList>
                                        <Loc EndOffset="2920" SrcFileId="1" StartOffset="2858"/>
                                    </LocList>
                                    <StmntSeq Intrnl_Id="109">
                                        <LocList>
                                            <Loc EndOffset="2920" SrcFileId="1" StartOffset="2858"/>
                                        </LocList>
                                        <BasicStmnt CovItemId="S37" CovItemPrefix="printer.SmartPrinter.java" Intrnl_Id="110">
                                            <LocList>
                                                <Loc EndOffset="2920" SrcFileId="1" StartOffset="2858"/>
                                            </LocList>
                                        </BasicStmnt>
                                    </StmntSeq>
                                </Branch>
                                <Keyword EndOffset="2624" SrcFileId="1" StartOffset="2622"/>
                                <LocList>
                                    <Loc EndOffset="2920" SrcFileId="1" StartOffset="2622"/>
                                </LocList>
                                <RootTerm CovItemId="C4" CovItemPrefix="printer.SmartPrinter.java" Intrnl_Id="111">
                                    <BasicBoolTerm Intrnl_Id="112">
                                        <LocList>
                                            <Loc EndOffset="2650" SrcFileId="1" StartOffset="2625"/>
                                        </LocList>
                                    </BasicBoolTerm>
                                </RootTerm>
                            </CondStmnt>
                            <BasicStmnt CovItemId="S38" CovItemPrefix="printer.SmartPrinter.java" Intrnl_Id="113">
                                <LocList>
                                    <Loc EndOffset="2944" SrcFileId="1" StartOffset="2931"/>
                                </LocList>
                            </BasicStmnt>
                        </StmntSeq>
                    </HierarchyLvl>
                    <HierarchyLvl HierarchyLvlId="292" HierarchyLvlTypeId="5" Intrnl_Id="114" Name="guastoStampante">
                        <Header>
                            <Loc EndOffset="3005" SrcFileId="1" StartOffset="2973"/>
                        </Header>
                        <LocList>
                            <Loc EndOffset="3094" SrcFileId="1" StartOffset="2973"/>
                        </LocList>
                        <StmntSeq Intrnl_Id="115">
                            <LocList>
                                <Loc EndOffset="3087" SrcFileId="1" StartOffset="3014"/>
                            </LocList>
                            <CondStmnt CovItemId="S39" CovItemPrefix="printer.SmartPrinter.java" Intrnl_Id="116">
                                <Branch CovItemId="B7" CovItemPrefix="printer.SmartPrinter.java" Implct="false" Intrnl_Id="117">
                                    <Cond/>
                                    <LocList>
                                        <Loc EndOffset="3087" SrcFileId="1" StartOffset="3053"/>
                                    </LocList>
                                    <StmntSeq Intrnl_Id="118">
                                        <LocList>
                                            <Loc EndOffset="3087" SrcFileId="1" StartOffset="3053"/>
                                        </LocList>
                                        <BasicStmnt CovItemId="S40" CovItemPrefix="printer.SmartPrinter.java" Intrnl_Id="119">
                                            <LocList>
                                                <Loc EndOffset="3087" SrcFileId="1" StartOffset="3053"/>
                                            </LocList>
                                        </BasicStmnt>
                                    </StmntSeq>
                                </Branch>
                                <Branch CovItemId="B8" CovItemPrefix="printer.SmartPrinter.java" Implct="true" Intrnl_Id="120">
                                    <Cond/>
                                    <LocList/>
                                    <StmntSeq Intrnl_Id="121">
                                        <LocList/>
                                    </StmntSeq>
                                </Branch>
                                <Keyword EndOffset="3016" SrcFileId="1" StartOffset="3014"/>
                                <LocList>
                                    <Loc EndOffset="3087" SrcFileId="1" StartOffset="3014"/>
                                </LocList>
                                <RootTerm CovItemId="C5" CovItemPrefix="printer.SmartPrinter.java" Intrnl_Id="122">
                                    <BasicBoolTerm Intrnl_Id="123">
                                        <LocList>
                                            <Loc EndOffset="3044" SrcFileId="1" StartOffset="3017"/>
                                        </LocList>
                                    </BasicBoolTerm>
                                </RootTerm>
                            </CondStmnt>
                        </StmntSeq>
                    </HierarchyLvl>
                    <HierarchyLvl HierarchyLvlId="293" HierarchyLvlTypeId="5" Intrnl_Id="124" Name="riparazioneStampante">
                        <Header>
                            <Loc EndOffset="3143" SrcFileId="1" StartOffset="3106"/>
                        </Header>
                        <LocList>
                            <Loc EndOffset="3242" SrcFileId="1" StartOffset="3106"/>
                        </LocList>
                        <StmntSeq Intrnl_Id="125">
                            <LocList>
                                <Loc EndOffset="3235" SrcFileId="1" StartOffset="3152"/>
                            </LocList>
                            <CondStmnt CovItemId="S41" CovItemPrefix="printer.SmartPrinter.java" Intrnl_Id="126">
                                <Branch CovItemId="B9" CovItemPrefix="printer.SmartPrinter.java" Implct="false" Intrnl_Id="127">
                                    <Cond/>
                                    <LocList>
                                        <Loc EndOffset="3235" SrcFileId="1" StartOffset="3198"/>
                                    </LocList>
                                    <StmntSeq Intrnl_Id="128">
                                        <LocList>
                                            <Loc EndOffset="3235" SrcFileId="1" StartOffset="3198"/>
                                        </LocList>
                                        <BasicStmnt CovItemId="S42" CovItemPrefix="printer.SmartPrinter.java" Intrnl_Id="129">
                                            <LocList>
                                                <Loc EndOffset="3235" SrcFileId="1" StartOffset="3198"/>
                                            </LocList>
                                        </BasicStmnt>
                                    </StmntSeq>
                                </Branch>
                                <Branch CovItemId="B10" CovItemPrefix="printer.SmartPrinter.java" Implct="true" Intrnl_Id="130">
                                    <Cond/>
                                    <LocList/>
                                    <StmntSeq Intrnl_Id="131">
                                        <LocList/>
                                    </StmntSeq>
                                </Branch>
                                <Keyword EndOffset="3154" SrcFileId="1" StartOffset="3152"/>
                                <LocList>
                                    <Loc EndOffset="3235" SrcFileId="1" StartOffset="3152"/>
                                </LocList>
                                <RootTerm CovItemId="C6" CovItemPrefix="printer.SmartPrinter.java" Intrnl_Id="132">
                                    <BasicBoolTerm Intrnl_Id="133">
                                        <LocList>
                                            <Loc EndOffset="3189" SrcFileId="1" StartOffset="3155"/>
                                        </LocList>
                                    </BasicBoolTerm>
                                </RootTerm>
                            </CondStmnt>
                        </StmntSeq>
                    </HierarchyLvl>
                    <HierarchyLvl HierarchyLvlId="294" HierarchyLvlTypeId="5" Intrnl_Id="134" Name="accendiStampante">
                        <Header>
                            <Loc EndOffset="3283" SrcFileId="1" StartOffset="3250"/>
                        </Header>
                        <LocList>
                            <Loc EndOffset="3528" SrcFileId="1" StartOffset="3250"/>
                        </LocList>
                        <StmntSeq Intrnl_Id="135">
                            <LocList>
                                <Loc EndOffset="3439" SrcFileId="1" StartOffset="3292"/>
                                <Loc EndOffset="3494" SrcFileId="1" StartOffset="3446"/>
                                <Loc EndOffset="3514" SrcFileId="1" StartOffset="3501"/>
                            </LocList>
                            <CondStmnt CovItemId="S43" CovItemPrefix="printer.SmartPrinter.java" Intrnl_Id="136">
                                <Branch CovItemId="B11" CovItemPrefix="printer.SmartPrinter.java" Implct="false" Intrnl_Id="137">
                                    <Cond/>
                                    <LocList>
                                        <Loc EndOffset="3439" SrcFileId="1" StartOffset="3325"/>
                                    </LocList>
                                    <StmntSeq Intrnl_Id="138">
                                        <LocList>
                                            <Loc EndOffset="3361" SrcFileId="1" StartOffset="3334"/>
                                            <Loc EndOffset="3411" SrcFileId="1" StartOffset="3369"/>
                                            <Loc EndOffset="3431" SrcFileId="1" StartOffset="3419"/>
                                        </LocList>
                                        <BasicStmnt CovItemId="S44" CovItemPrefix="printer.SmartPrinter.java" Intrnl_Id="139">
                                            <LocList>
                                                <Loc EndOffset="3361" SrcFileId="1" StartOffset="3334"/>
                                            </LocList>
                                        </BasicStmnt>
                                        <BasicStmnt CovItemId="S45" CovItemPrefix="printer.SmartPrinter.java" Intrnl_Id="140">
                                            <LocList>
                                                <Loc EndOffset="3411" SrcFileId="1" StartOffset="3369"/>
                                            </LocList>
                                        </BasicStmnt>
                                        <BasicStmnt CovItemId="S46" CovItemPrefix="printer.SmartPrinter.java" Intrnl_Id="141">
                                            <LocList>
                                                <Loc EndOffset="3431" SrcFileId="1" StartOffset="3419"/>
                                            </LocList>
                                        </BasicStmnt>
                                    </StmntSeq>
                                </Branch>
                                <Branch CovItemId="B12" CovItemPrefix="printer.SmartPrinter.java" Implct="true" Intrnl_Id="142">
                                    <Cond/>
                                    <LocList/>
                                    <StmntSeq Intrnl_Id="143">
                                        <LocList/>
                                    </StmntSeq>
                                </Branch>
                                <Keyword EndOffset="3294" SrcFileId="1" StartOffset="3292"/>
                                <LocList>
                                    <Loc EndOffset="3439" SrcFileId="1" StartOffset="3292"/>
                                </LocList>
                                <RootTerm CovItemId="C7" CovItemPrefix="printer.SmartPrinter.java" Intrnl_Id="144">
                                    <BasicBoolTerm Intrnl_Id="145">
                                        <LocList>
                                            <Loc EndOffset="3323" SrcFileId="1" StartOffset="3295"/>
                                        </LocList>
                                    </BasicBoolTerm>
                                </RootTerm>
                            </CondStmnt>
                            <BasicStmnt CovItemId="S47" CovItemPrefix="printer.SmartPrinter.java" Intrnl_Id="146">
                                <LocList>
                                    <Loc EndOffset="3494" SrcFileId="1" StartOffset="3446"/>
                                </LocList>
                            </BasicStmnt>
                            <BasicStmnt CovItemId="S48" CovItemPrefix="printer.SmartPrinter.java" Intrnl_Id="147">
                                <LocList>
                                    <Loc EndOffset="3514" SrcFileId="1" StartOffset="3501"/>
                                </LocList>
                            </BasicStmnt>
                        </StmntSeq>
                    </HierarchyLvl>
                    <HierarchyLvl HierarchyLvlId="295" HierarchyLvlTypeId="5" Intrnl_Id="148" Name="avvioStampante">
                        <Header>
                            <Loc EndOffset="3567" SrcFileId="1" StartOffset="3536"/>
                        </Header>
                        <LocList>
                            <Loc EndOffset="4003" SrcFileId="1" StartOffset="3536"/>
                        </LocList>
                        <StmntSeq Intrnl_Id="149">
                            <LocList>
                                <Loc EndOffset="3925" SrcFileId="1" StartOffset="3576"/>
                                <Loc EndOffset="3976" SrcFileId="1" StartOffset="3932"/>
                                <Loc EndOffset="3996" SrcFileId="1" StartOffset="3983"/>
                            </LocList>
                            <CondStmnt CovItemId="S49" CovItemPrefix="printer.SmartPrinter.java" Intrnl_Id="150">
                                <Branch CovItemId="B13" CovItemPrefix="printer.SmartPrinter.java" Implct="false" Intrnl_Id="151">
                                    <Cond/>
                                    <LocList>
                                        <Loc EndOffset="3925" SrcFileId="1" StartOffset="3608"/>
                                    </LocList>
                                    <StmntSeq Intrnl_Id="152">
                                        <LocList>
                                            <Loc EndOffset="3917" SrcFileId="1" StartOffset="3617"/>
                                        </LocList>
                                        <CondStmnt CovItemId="S50" CovItemPrefix="printer.SmartPrinter.java" Intrnl_Id="153">
                                            <Branch CovItemId="B15" CovItemPrefix="printer.SmartPrinter.java" Implct="false" Intrnl_Id="154">
                                                <Cond/>
                                                <LocList>
                                                    <Loc EndOffset="3782" SrcFileId="1" StartOffset="3656"/>
                                                </LocList>
                                                <StmntSeq Intrnl_Id="155">
                                                    <LocList>
                                                        <Loc EndOffset="3700" SrcFileId="1" StartOffset="3666"/>
                                                        <Loc EndOffset="3748" SrcFileId="1" StartOffset="3709"/>
                                                        <Loc EndOffset="3770" SrcFileId="1" StartOffset="3757"/>
                                                    </LocList>
                                                    <BasicStmnt CovItemId="S51" CovItemPrefix="printer.SmartPrinter.java" Intrnl_Id="156">
                                                        <LocList>
                                                            <Loc EndOffset="3700" SrcFileId="1" StartOffset="3666"/>
                                                        </LocList>
                                                    </BasicStmnt>
                                                    <BasicStmnt CovItemId="S52" CovItemPrefix="printer.SmartPrinter.java" Intrnl_Id="157">
                                                        <LocList>
                                                            <Loc EndOffset="3748" SrcFileId="1" StartOffset="3709"/>
                                                        </LocList>
                                                    </BasicStmnt>
                                                    <BasicStmnt CovItemId="S53" CovItemPrefix="printer.SmartPrinter.java" Intrnl_Id="158">
                                                        <LocList>
                                                            <Loc EndOffset="3770" SrcFileId="1" StartOffset="3757"/>
                                                        </LocList>
                                                    </BasicStmnt>
                                                </StmntSeq>
                                            </Branch>
                                            <Branch CovItemId="B16" CovItemPrefix="printer.SmartPrinter.java" Implct="false" Intrnl_Id="159">
                                                <Cond>
                                                    <Loc EndOffset="3797" SrcFileId="1" StartOffset="3793"/>
                                                </Cond>
                                                <LocList>
                                                    <Loc EndOffset="3917" SrcFileId="1" StartOffset="3798"/>
                                                </LocList>
                                                <StmntSeq Intrnl_Id="160">
                                                    <LocList>
                                                        <Loc EndOffset="3841" SrcFileId="1" StartOffset="3808"/>
                                                        <Loc EndOffset="3887" SrcFileId="1" StartOffset="3850"/>
                                                        <Loc EndOffset="3908" SrcFileId="1" StartOffset="3896"/>
                                                    </LocList>
                                                    <BasicStmnt CovItemId="S54" CovItemPrefix="printer.SmartPrinter.java" Intrnl_Id="161">
                                                        <LocList>
                                                            <Loc EndOffset="3841" SrcFileId="1" StartOffset="3808"/>
                                                        </LocList>
                                                    </BasicStmnt>
                                                    <BasicStmnt CovItemId="S55" CovItemPrefix="printer.SmartPrinter.java" Intrnl_Id="162">
                                                        <LocList>
                                                            <Loc EndOffset="3887" SrcFileId="1" StartOffset="3850"/>
                                                        </LocList>
                                                    </BasicStmnt>
                                                    <BasicStmnt CovItemId="S56" CovItemPrefix="printer.SmartPrinter.java" Intrnl_Id="163">
                                                        <LocList>
                                                            <Loc EndOffset="3908" SrcFileId="1" StartOffset="3896"/>
                                                        </LocList>
                                                    </BasicStmnt>
                                                </StmntSeq>
                                            </Branch>
                                            <Keyword EndOffset="3619" SrcFileId="1" StartOffset="3617"/>
                                            <LocList>
                                                <Loc EndOffset="3917" SrcFileId="1" StartOffset="3617"/>
                                            </LocList>
                                            <RootTerm CovItemId="C9" CovItemPrefix="printer.SmartPrinter.java" Intrnl_Id="164">
                                                <BasicBoolTerm Intrnl_Id="165">
                                                    <LocList>
                                                        <Loc EndOffset="3654" SrcFileId="1" StartOffset="3620"/>
                                                    </LocList>
                                                </BasicBoolTerm>
                                            </RootTerm>
                                        </CondStmnt>
                                    </StmntSeq>
                                </Branch>
                                <Branch CovItemId="B14" CovItemPrefix="printer.SmartPrinter.java" Implct="true" Intrnl_Id="166">
                                    <Cond/>
                                    <LocList/>
                                    <StmntSeq Intrnl_Id="167">
                                        <LocList/>
                                    </StmntSeq>
                                </Branch>
                                <Keyword EndOffset="3578" SrcFileId="1" StartOffset="3576"/>
                                <LocList>
                                    <Loc EndOffset="3925" SrcFileId="1" StartOffset="3576"/>
                                </LocList>
                                <RootTerm CovItemId="C8" CovItemPrefix="printer.SmartPrinter.java" Intrnl_Id="168">
                                    <BasicBoolTerm Intrnl_Id="169">
                                        <LocList>
                                            <Loc EndOffset="3606" SrcFileId="1" StartOffset="3579"/>
                                        </LocList>
                                    </BasicBoolTerm>
                                </RootTerm>
                            </CondStmnt>
                            <BasicStmnt CovItemId="S57" CovItemPrefix="printer.SmartPrinter.java" Intrnl_Id="170">
                                <LocList>
                                    <Loc EndOffset="3976" SrcFileId="1" StartOffset="3932"/>
                                </LocList>
                            </BasicStmnt>
                            <BasicStmnt CovItemId="S58" CovItemPrefix="printer.SmartPrinter.java" Intrnl_Id="171">
                                <LocList>
                                    <Loc EndOffset="3996" SrcFileId="1" StartOffset="3983"/>
                                </LocList>
                            </BasicStmnt>
                        </StmntSeq>
                    </HierarchyLvl>
                    <HierarchyLvl HierarchyLvlId="296" HierarchyLvlTypeId="5" Intrnl_Id="172" Name="gestioneGuasto">
                        <Header>
                            <Loc EndOffset="4046" SrcFileId="1" StartOffset="4015"/>
                        </Header>
                        <LocList>
                            <Loc EndOffset="4465" SrcFileId="1" StartOffset="4015"/>
                        </LocList>
                        <StmntSeq Intrnl_Id="173">
                            <LocList>
                                <Loc EndOffset="4387" SrcFileId="1" StartOffset="4055"/>
                                <Loc EndOffset="4438" SrcFileId="1" StartOffset="4394"/>
                                <Loc EndOffset="4458" SrcFileId="1" StartOffset="4445"/>
                            </LocList>
                            <CondStmnt CovItemId="S59" CovItemPrefix="printer.SmartPrinter.java" Intrnl_Id="174">
                                <Branch CovItemId="B17" CovItemPrefix="printer.SmartPrinter.java" Implct="false" Intrnl_Id="175">
                                    <Cond/>
                                    <LocList>
                                        <Loc EndOffset="4387" SrcFileId="1" StartOffset="4094"/>
                                    </LocList>
                                    <StmntSeq Intrnl_Id="176">
                                        <LocList>
                                            <Loc EndOffset="4379" SrcFileId="1" StartOffset="4103"/>
                                        </LocList>
                                        <CondStmnt CovItemId="S60" CovItemPrefix="printer.SmartPrinter.java" Intrnl_Id="177">
                                            <Branch CovItemId="B19" CovItemPrefix="printer.SmartPrinter.java" Implct="false" Intrnl_Id="178">
                                                <Cond/>
                                                <LocList>
                                                    <Loc EndOffset="4267" SrcFileId="1" StartOffset="4145"/>
                                                </LocList>
                                                <StmntSeq Intrnl_Id="179">
                                                    <LocList>
                                                        <Loc EndOffset="4188" SrcFileId="1" StartOffset="4155"/>
                                                        <Loc EndOffset="4234" SrcFileId="1" StartOffset="4197"/>
                                                        <Loc EndOffset="4255" SrcFileId="1" StartOffset="4243"/>
                                                    </LocList>
                                                    <BasicStmnt CovItemId="S61" CovItemPrefix="printer.SmartPrinter.java" Intrnl_Id="180">
                                                        <LocList>
                                                            <Loc EndOffset="4188" SrcFileId="1" StartOffset="4155"/>
                                                        </LocList>
                                                    </BasicStmnt>
                                                    <BasicStmnt CovItemId="S62" CovItemPrefix="printer.SmartPrinter.java" Intrnl_Id="181">
                                                        <LocList>
                                                            <Loc EndOffset="4234" SrcFileId="1" StartOffset="4197"/>
                                                        </LocList>
                                                    </BasicStmnt>
                                                    <BasicStmnt CovItemId="S63" CovItemPrefix="printer.SmartPrinter.java" Intrnl_Id="182">
                                                        <LocList>
                                                            <Loc EndOffset="4255" SrcFileId="1" StartOffset="4243"/>
                                                        </LocList>
                                                    </BasicStmnt>
                                                </StmntSeq>
                                            </Branch>
                                            <Branch CovItemId="B20" CovItemPrefix="printer.SmartPrinter.java" Implct="false" Intrnl_Id="183">
                                                <Cond>
                                                    <Loc EndOffset="4282" SrcFileId="1" StartOffset="4278"/>
                                                </Cond>
                                                <LocList>
                                                    <Loc EndOffset="4379" SrcFileId="1" StartOffset="4283"/>
                                                </LocList>
                                                <StmntSeq Intrnl_Id="184">
                                                    <LocList>
                                                        <Loc EndOffset="4342" SrcFileId="1" StartOffset="4296"/>
                                                        <Loc EndOffset="4367" SrcFileId="1" StartOffset="4354"/>
                                                    </LocList>
                                                    <BasicStmnt CovItemId="S64" CovItemPrefix="printer.SmartPrinter.java" Intrnl_Id="185">
                                                        <LocList>
                                                            <Loc EndOffset="4342" SrcFileId="1" StartOffset="4296"/>
                                                        </LocList>
                                                    </BasicStmnt>
                                                    <BasicStmnt CovItemId="S65" CovItemPrefix="printer.SmartPrinter.java" Intrnl_Id="186">
                                                        <LocList>
                                                            <Loc EndOffset="4367" SrcFileId="1" StartOffset="4354"/>
                                                        </LocList>
                                                    </BasicStmnt>
                                                </StmntSeq>
                                            </Branch>
                                            <Keyword EndOffset="4105" SrcFileId="1" StartOffset="4103"/>
                                            <LocList>
                                                <Loc EndOffset="4379" SrcFileId="1" StartOffset="4103"/>
                                            </LocList>
                                            <RootTerm CovItemId="C11" CovItemPrefix="printer.SmartPrinter.java" Intrnl_Id="187">
                                                <BasicBoolTerm Intrnl_Id="188">
                                                    <LocList>
                                                        <Loc EndOffset="4143" SrcFileId="1" StartOffset="4106"/>
                                                    </LocList>
                                                </BasicBoolTerm>
                                            </RootTerm>
                                        </CondStmnt>
                                    </StmntSeq>
                                </Branch>
                                <Branch CovItemId="B18" CovItemPrefix="printer.SmartPrinter.java" Implct="true" Intrnl_Id="189">
                                    <Cond/>
                                    <LocList/>
                                    <StmntSeq Intrnl_Id="190">
                                        <LocList/>
                                    </StmntSeq>
                                </Branch>
                                <Keyword EndOffset="4057" SrcFileId="1" StartOffset="4055"/>
                                <LocList>
                                    <Loc EndOffset="4387" SrcFileId="1" StartOffset="4055"/>
                                </LocList>
                                <RootTerm CovItemId="C10" CovItemPrefix="printer.SmartPrinter.java" Intrnl_Id="191">
                                    <BasicBoolTerm Intrnl_Id="192">
                                        <LocList>
                                            <Loc EndOffset="4092" SrcFileId="1" StartOffset="4058"/>
                                        </LocList>
                                    </BasicBoolTerm>
                                </RootTerm>
                            </CondStmnt>
                            <BasicStmnt CovItemId="S66" CovItemPrefix="printer.SmartPrinter.java" Intrnl_Id="193">
                                <LocList>
                                    <Loc EndOffset="4438" SrcFileId="1" StartOffset="4394"/>
                                </LocList>
                            </BasicStmnt>
                            <BasicStmnt CovItemId="S67" CovItemPrefix="printer.SmartPrinter.java" Intrnl_Id="194">
                                <LocList>
                                    <Loc EndOffset="4458" SrcFileId="1" StartOffset="4445"/>
                                </LocList>
                            </BasicStmnt>
                        </StmntSeq>
                    </HierarchyLvl>
                    <HierarchyLvl HierarchyLvlId="297" HierarchyLvlTypeId="5" Intrnl_Id="195" Name="identificazioneUtente">
                        <Header>
                            <Loc EndOffset="4527" SrcFileId="1" StartOffset="4477"/>
                        </Header>
                        <LocList>
                            <Loc EndOffset="5031" SrcFileId="1" StartOffset="4477"/>
                        </LocList>
                        <StmntSeq Intrnl_Id="196">
                            <LocList>
                                <Loc EndOffset="4953" SrcFileId="1" StartOffset="4536"/>
                                <Loc EndOffset="5004" SrcFileId="1" StartOffset="4960"/>
                                <Loc EndOffset="5024" SrcFileId="1" StartOffset="5011"/>
                            </LocList>
                            <CondStmnt CovItemId="S68" CovItemPrefix="printer.SmartPrinter.java" Intrnl_Id="197">
                                <Branch CovItemId="B21" CovItemPrefix="printer.SmartPrinter.java" Implct="false" Intrnl_Id="198">
                                    <Cond/>
                                    <LocList>
                                        <Loc EndOffset="4953" SrcFileId="1" StartOffset="4574"/>
                                    </LocList>
                                    <StmntSeq Intrnl_Id="199">
                                        <LocList>
                                            <Loc EndOffset="4945" SrcFileId="1" StartOffset="4584"/>
                                        </LocList>
                                        <CondStmnt CovItemId="S69" CovItemPrefix="printer.SmartPrinter.java" Intrnl_Id="200">
                                            <Branch CovItemId="B23" CovItemPrefix="printer.SmartPrinter.java" Implct="false" Intrnl_Id="201">
                                                <Cond/>
                                                <LocList>
                                                    <Loc EndOffset="4834" SrcFileId="1" StartOffset="4612"/>
                                                </LocList>
                                                <StmntSeq Intrnl_Id="202">
                                                    <LocList>
                                                        <Loc EndOffset="4669" SrcFileId="1" StartOffset="4622"/>
                                                        <Loc EndOffset="4712" SrcFileId="1" StartOffset="4678"/>
                                                        <Loc EndOffset="4801" SrcFileId="1" StartOffset="4721"/>
                                                        <Loc EndOffset="4822" SrcFileId="1" StartOffset="4810"/>
                                                    </LocList>
                                                    <BasicStmnt CovItemId="S70" CovItemPrefix="printer.SmartPrinter.java" Intrnl_Id="203">
                                                        <LocList>
                                                            <Loc EndOffset="4669" SrcFileId="1" StartOffset="4622"/>
                                                        </LocList>
                                                    </BasicStmnt>
                                                    <BasicStmnt CovItemId="S71" CovItemPrefix="printer.SmartPrinter.java" Intrnl_Id="204">
                                                        <LocList>
                                                            <Loc EndOffset="4712" SrcFileId="1" StartOffset="4678"/>
                                                        </LocList>
                                                    </BasicStmnt>
                                                    <BasicStmnt CovItemId="S72" CovItemPrefix="printer.SmartPrinter.java" Intrnl_Id="205">
                                                        <LocList>
                                                            <Loc EndOffset="4801" SrcFileId="1" StartOffset="4721"/>
                                                        </LocList>
                                                    </BasicStmnt>
                                                    <BasicStmnt CovItemId="S73" CovItemPrefix="printer.SmartPrinter.java" Intrnl_Id="206">
                                                        <LocList>
                                                            <Loc EndOffset="4822" SrcFileId="1" StartOffset="4810"/>
                                                        </LocList>
                                                    </BasicStmnt>
                                                </StmntSeq>
                                            </Branch>
                                            <Branch CovItemId="B24" CovItemPrefix="printer.SmartPrinter.java" Implct="false" Intrnl_Id="207">
                                                <Cond>
                                                    <Loc EndOffset="4849" SrcFileId="1" StartOffset="4845"/>
                                                </Cond>
                                                <LocList>
                                                    <Loc EndOffset="4945" SrcFileId="1" StartOffset="4850"/>
                                                </LocList>
                                                <StmntSeq Intrnl_Id="208">
                                                    <LocList>
                                                        <Loc EndOffset="4908" SrcFileId="1" StartOffset="4863"/>
                                                        <Loc EndOffset="4933" SrcFileId="1" StartOffset="4920"/>
                                                    </LocList>
                                                    <BasicStmnt CovItemId="S74" CovItemPrefix="printer.SmartPrinter.java" Intrnl_Id="209">
                                                        <LocList>
                                                            <Loc EndOffset="4908" SrcFileId="1" StartOffset="4863"/>
                                                        </LocList>
                                                    </BasicStmnt>
                                                    <BasicStmnt CovItemId="S75" CovItemPrefix="printer.SmartPrinter.java" Intrnl_Id="210">
                                                        <LocList>
                                                            <Loc EndOffset="4933" SrcFileId="1" StartOffset="4920"/>
                                                        </LocList>
                                                    </BasicStmnt>
                                                </StmntSeq>
                                            </Branch>
                                            <Keyword EndOffset="4586" SrcFileId="1" StartOffset="4584"/>
                                            <LocList>
                                                <Loc EndOffset="4945" SrcFileId="1" StartOffset="4584"/>
                                            </LocList>
                                            <RootTerm CovItemId="C13" CovItemPrefix="printer.SmartPrinter.java" Intrnl_Id="211">
                                                <BasicBoolTerm Intrnl_Id="212">
                                                    <LocList>
                                                        <Loc EndOffset="4610" SrcFileId="1" StartOffset="4587"/>
                                                    </LocList>
                                                </BasicBoolTerm>
                                            </RootTerm>
                                        </CondStmnt>
                                    </StmntSeq>
                                </Branch>
                                <Branch CovItemId="B22" CovItemPrefix="printer.SmartPrinter.java" Implct="true" Intrnl_Id="213">
                                    <Cond/>
                                    <LocList/>
                                    <StmntSeq Intrnl_Id="214">
                                        <LocList/>
                                    </StmntSeq>
                                </Branch>
                                <Keyword EndOffset="4538" SrcFileId="1" StartOffset="4536"/>
                                <LocList>
                                    <Loc EndOffset="4953" SrcFileId="1" StartOffset="4536"/>
                                </LocList>
                                <RootTerm CovItemId="C12" CovItemPrefix="printer.SmartPrinter.java" Intrnl_Id="215">
                                    <BasicBoolTerm Intrnl_Id="216">
                                        <LocList>
                                            <Loc EndOffset="4572" SrcFileId="1" StartOffset="4539"/>
                                        </LocList>
                                    </BasicBoolTerm>
                                </RootTerm>
                            </CondStmnt>
                            <BasicStmnt CovItemId="S76" CovItemPrefix="printer.SmartPrinter.java" Intrnl_Id="217">
                                <LocList>
                                    <Loc EndOffset="5004" SrcFileId="1" StartOffset="4960"/>
                                </LocList>
                            </BasicStmnt>
                            <BasicStmnt CovItemId="S77" CovItemPrefix="printer.SmartPrinter.java" Intrnl_Id="218">
                                <LocList>
                                    <Loc EndOffset="5024" SrcFileId="1" StartOffset="5011"/>
                                </LocList>
                            </BasicStmnt>
                        </StmntSeq>
                    </HierarchyLvl>
                    <HierarchyLvl HierarchyLvlId="298" HierarchyLvlTypeId="5" Intrnl_Id="219" Name="inserimentoPin">
                        <Header>
                            <Loc EndOffset="5071" SrcFileId="1" StartOffset="5039"/>
                        </Header>
                        <LocList>
                            <Loc EndOffset="5113" SrcFileId="1" StartOffset="5039"/>
                        </LocList>
                        <StmntSeq Intrnl_Id="220">
                            <LocList>
                                <Loc EndOffset="5106" SrcFileId="1" StartOffset="5093"/>
                            </LocList>
                            <BasicStmnt CovItemId="S78" CovItemPrefix="printer.SmartPrinter.java" Intrnl_Id="221">
                                <LocList>
                                    <Loc EndOffset="5106" SrcFileId="1" StartOffset="5093"/>
                                </LocList>
                            </BasicStmnt>
                        </StmntSeq>
                    </HierarchyLvl>
                    <HierarchyLvl HierarchyLvlId="299" HierarchyLvlTypeId="5" Intrnl_Id="222" Name="sceltaServizio">
                        <Header>
                            <Loc EndOffset="5157" SrcFileId="1" StartOffset="5125"/>
                        </Header>
                        <LocList>
                            <Loc EndOffset="5206" SrcFileId="1" StartOffset="5125"/>
                        </LocList>
                        <StmntSeq Intrnl_Id="223">
                            <LocList>
                                <Loc EndOffset="5192" SrcFileId="1" StartOffset="5179"/>
                            </LocList>
                            <BasicStmnt CovItemId="S79" CovItemPrefix="printer.SmartPrinter.java" Intrnl_Id="224">
                                <LocList>
                                    <Loc EndOffset="5192" SrcFileId="1" StartOffset="5179"/>
                                </LocList>
                            </BasicStmnt>
                        </StmntSeq>
                    </HierarchyLvl>
                    <HierarchyLvl HierarchyLvlId="300" HierarchyLvlTypeId="5" Intrnl_Id="225" Name="stampanteInUso">
                        <Header>
                            <Loc EndOffset="5250" SrcFileId="1" StartOffset="5218"/>
                        </Header>
                        <LocList>
                            <Loc EndOffset="5292" SrcFileId="1" StartOffset="5218"/>
                        </LocList>
                        <StmntSeq Intrnl_Id="226">
                            <LocList>
                                <Loc EndOffset="5285" SrcFileId="1" StartOffset="5272"/>
                            </LocList>
                            <BasicStmnt CovItemId="S80" CovItemPrefix="printer.SmartPrinter.java" Intrnl_Id="227">
                                <LocList>
                                    <Loc EndOffset="5285" SrcFileId="1" StartOffset="5272"/>
                                </LocList>
                            </BasicStmnt>
                        </StmntSeq>
                    </HierarchyLvl>
                    <HierarchyLvl HierarchyLvlId="301" HierarchyLvlTypeId="5" Intrnl_Id="228" Name="gestioneErrore">
                        <Header>
                            <Loc EndOffset="5336" SrcFileId="1" StartOffset="5304"/>
                        </Header>
                        <LocList>
                            <Loc EndOffset="5378" SrcFileId="1" StartOffset="5304"/>
                        </LocList>
                        <StmntSeq Intrnl_Id="229">
                            <LocList>
                                <Loc EndOffset="5371" SrcFileId="1" StartOffset="5358"/>
                            </LocList>
                            <BasicStmnt CovItemId="S81" CovItemPrefix="printer.SmartPrinter.java" Intrnl_Id="230">
                                <LocList>
                                    <Loc EndOffset="5371" SrcFileId="1" StartOffset="5358"/>
                                </LocList>
                            </BasicStmnt>
                        </StmntSeq>
                    </HierarchyLvl>
                    <HierarchyLvl HierarchyLvlId="302" HierarchyLvlTypeId="5" Intrnl_Id="231" Name="statoCorrente">
                        <Header>
                            <Loc EndOffset="5413" SrcFileId="1" StartOffset="5386"/>
                        </Header>
                        <LocList>
                            <Loc EndOffset="6111" SrcFileId="1" StartOffset="5386"/>
                        </LocList>
                        <StmntSeq Intrnl_Id="232">
                            <LocList>
                                <Loc EndOffset="5472" SrcFileId="1" StartOffset="5425"/>
                                <Loc EndOffset="5527" SrcFileId="1" StartOffset="5482"/>
                                <Loc EndOffset="5581" SrcFileId="1" StartOffset="5537"/>
                                <Loc EndOffset="5669" SrcFileId="1" StartOffset="5591"/>
                                <Loc EndOffset="5726" SrcFileId="1" StartOffset="5679"/>
                                <Loc EndOffset="5787" SrcFileId="1" StartOffset="5736"/>
                                <Loc EndOffset="5840" SrcFileId="1" StartOffset="5797"/>
                                <Loc EndOffset="5913" SrcFileId="1" StartOffset="5850"/>
                                <Loc EndOffset="5978" SrcFileId="1" StartOffset="5923"/>
                                <Loc EndOffset="6045" SrcFileId="1" StartOffset="5988"/>
                                <Loc EndOffset="6104" SrcFileId="1" StartOffset="6055"/>
                            </LocList>
                            <BasicStmnt CovItemId="S82" CovItemPrefix="printer.SmartPrinter.java" Intrnl_Id="233">
                                <LocList>
                                    <Loc EndOffset="5472" SrcFileId="1" StartOffset="5425"/>
                                </LocList>
                            </BasicStmnt>
                            <BasicStmnt CovItemId="S83" CovItemPrefix="printer.SmartPrinter.java" Intrnl_Id="234">
                                <LocList>
                                    <Loc EndOffset="5527" SrcFileId="1" StartOffset="5482"/>
                                </LocList>
                            </BasicStmnt>
                            <BasicStmnt CovItemId="S84" CovItemPrefix="printer.SmartPrinter.java" Intrnl_Id="235">
                                <LocList>
                                    <Loc EndOffset="5581" SrcFileId="1" StartOffset="5537"/>
                                </LocList>
                            </BasicStmnt>
                            <BasicStmnt CovItemId="S85" CovItemPrefix="printer.SmartPrinter.java" Intrnl_Id="236">
                                <LocList>
                                    <Loc EndOffset="5669" SrcFileId="1" StartOffset="5591"/>
                                </LocList>
                            </BasicStmnt>
                            <BasicStmnt CovItemId="S86" CovItemPrefix="printer.SmartPrinter.java" Intrnl_Id="237">
                                <LocList>
                                    <Loc EndOffset="5726" SrcFileId="1" StartOffset="5679"/>
                                </LocList>
                            </BasicStmnt>
                            <BasicStmnt CovItemId="S87" CovItemPrefix="printer.SmartPrinter.java" Intrnl_Id="238">
                                <LocList>
                                    <Loc EndOffset="5787" SrcFileId="1" StartOffset="5736"/>
                                </LocList>
                            </BasicStmnt>
                            <BasicStmnt CovItemId="S88" CovItemPrefix="printer.SmartPrinter.java" Intrnl_Id="239">
                                <LocList>
                                    <Loc EndOffset="5840" SrcFileId="1" StartOffset="5797"/>
                                </LocList>
                            </BasicStmnt>
                            <BasicStmnt CovItemId="S89" CovItemPrefix="printer.SmartPrinter.java" Intrnl_Id="240">
                                <LocList>
                                    <Loc EndOffset="5913" SrcFileId="1" StartOffset="5850"/>
                                </LocList>
                            </BasicStmnt>
                            <BasicStmnt CovItemId="S90" CovItemPrefix="printer.SmartPrinter.java" Intrnl_Id="241">
                                <LocList>
                                    <Loc EndOffset="5978" SrcFileId="1" StartOffset="5923"/>
                                </LocList>
                            </BasicStmnt>
                            <BasicStmnt CovItemId="S91" CovItemPrefix="printer.SmartPrinter.java" Intrnl_Id="242">
                                <LocList>
                                    <Loc EndOffset="6045" SrcFileId="1" StartOffset="5988"/>
                                </LocList>
                            </BasicStmnt>
                            <BasicStmnt CovItemId="S92" CovItemPrefix="printer.SmartPrinter.java" Intrnl_Id="243">
                                <LocList>
                                    <Loc EndOffset="6104" SrcFileId="1" StartOffset="6055"/>
                                </LocList>
                            </BasicStmnt>
                        </StmntSeq>
                    </HierarchyLvl>
                    <HierarchyLvl HierarchyLvlId="303" HierarchyLvlTypeId="5" Intrnl_Id="244" Name="usoStampante">
                        <Header>
                            <Loc EndOffset="6186" SrcFileId="1" StartOffset="6160"/>
                        </Header>
                        <LocList>
                            <Loc EndOffset="9016" SrcFileId="1" StartOffset="6160"/>
                        </LocList>
                        <StmntSeq Intrnl_Id="245">
                            <LocList>
                                <Loc EndOffset="6239" SrcFileId="1" StartOffset="6198"/>
                                <Loc EndOffset="6278" SrcFileId="1" StartOffset="6249"/>
                                <Loc EndOffset="6315" SrcFileId="1" StartOffset="6288"/>
                                <Loc EndOffset="8963" SrcFileId="1" StartOffset="6335"/>
                                <Loc EndOffset="8999" SrcFileId="1" StartOffset="8983"/>
                            </LocList>
                            <BasicStmnt CovItemId="S93" CovItemPrefix="printer.SmartPrinter.java" Intrnl_Id="246">
                                <LocList>
                                    <Loc EndOffset="6239" SrcFileId="1" StartOffset="6198"/>
                                </LocList>
                            </BasicStmnt>
                            <BasicStmnt CovItemId="S94" CovItemPrefix="printer.SmartPrinter.java" Intrnl_Id="247">
                                <LocList>
                                    <Loc EndOffset="6278" SrcFileId="1" StartOffset="6249"/>
                                </LocList>
                            </BasicStmnt>
                            <BasicStmnt CovItemId="S95" CovItemPrefix="printer.SmartPrinter.java" Intrnl_Id="248">
                                <LocList>
                                    <Loc EndOffset="6315" SrcFileId="1" StartOffset="6288"/>
                                </LocList>
                            </BasicStmnt>
                            <LoopStmnt CovItemId="S96" CovItemPrefix="printer.SmartPrinter.java" Intrnl_Id="249" MltplExecId="L3-2" MltplExecPrefix="printer.SmartPrinter.java" NvrExecId="L3-0" NvrExecPrefix="printer.SmartPrinter.java" OnceExecutedId="L3-1" OnceExecutedPrefix="printer.SmartPrinter.java" OptBodyExec="true">
                                <StmntSeq Intrnl_Id="250">
                                    <LocList>
                                        <Loc EndOffset="8941" SrcFileId="1" StartOffset="6379"/>
                                    </LocList>
                                    <CondStmnt CovItemId="S97" CovItemPrefix="printer.SmartPrinter.java" Intrnl_Id="251">
                                        <Branch CovItemId="B25" CovItemPrefix="printer.SmartPrinter.java" Implct="false" Intrnl_Id="252">
                                            <Cond>
                                                <Loc EndOffset="6424" SrcFileId="1" StartOffset="6413"/>
                                            </Cond>
                                            <LocList>
                                                <Loc EndOffset="6920" SrcFileId="1" StartOffset="6438"/>
                                            </LocList>
                                            <StmntSeq Intrnl_Id="253">
                                                <LocList>
                                                    <Loc EndOffset="6742" SrcFileId="1" StartOffset="6477"/>
                                                    <Loc EndOffset="6888" SrcFileId="1" StartOffset="6769"/>
                                                    <Loc EndOffset="6920" SrcFileId="1" StartOffset="6914"/>
                                                </LocList>
                                                <LoopStmnt CovItemId="S98" CovItemPrefix="printer.SmartPrinter.java" Intrnl_Id="254" MltplExecId="L4-2" MltplExecPrefix="printer.SmartPrinter.java" NvrExecId="L4-0" NvrExecPrefix="printer.SmartPrinter.java" OnceExecutedId="L4-1" OnceExecutedPrefix="printer.SmartPrinter.java" OptBodyExec="false">
                                                    <StmntSeq Intrnl_Id="255">
                                                        <LocList>
                                                            <Loc EndOffset="6556" SrcFileId="1" StartOffset="6495"/>
                                                            <Loc EndOffset="6624" SrcFileId="1" StartOffset="6570"/>
                                                            <Loc EndOffset="6696" SrcFileId="1" StartOffset="6638"/>
                                                        </LocList>
                                                        <BasicStmnt CovItemId="S99" CovItemPrefix="printer.SmartPrinter.java" Intrnl_Id="256">
                                                            <LocList>
                                                                <Loc EndOffset="6556" SrcFileId="1" StartOffset="6495"/>
                                                            </LocList>
                                                        </BasicStmnt>
                                                        <BasicStmnt CovItemId="S100" CovItemPrefix="printer.SmartPrinter.java" Intrnl_Id="257">
                                                            <LocList>
                                                                <Loc EndOffset="6624" SrcFileId="1" StartOffset="6570"/>
                                                            </LocList>
                                                        </BasicStmnt>
                                                        <BasicStmnt CovItemId="S101" CovItemPrefix="printer.SmartPrinter.java" Intrnl_Id="258">
                                                            <LocList>
                                                                <Loc EndOffset="6696" SrcFileId="1" StartOffset="6638"/>
                                                            </LocList>
                                                        </BasicStmnt>
                                                    </StmntSeq>
                                                    <Keyword EndOffset="6479" SrcFileId="1" StartOffset="6477"/>
                                                    <LocList>
                                                        <Loc EndOffset="6742" SrcFileId="1" StartOffset="6477"/>
                                                    </LocList>
                                                    <RootTerm CovItemId="C15" CovItemPrefix="printer.SmartPrinter.java" Intrnl_Id="259">
                                                        <OpTerm BooleanOpId="2" Intrnl_Id="260">
                                                            <BasicBoolTerm Intrnl_Id="261">
                                                                <LocList>
                                                                    <Loc EndOffset="6740" SrcFileId="1" StartOffset="6730"/>
                                                                </LocList>
                                                            </BasicBoolTerm>
                                                            <LocList>
                                                                <Loc EndOffset="6730" SrcFileId="1" StartOffset="6729"/>
                                                            </LocList>
                                                        </OpTerm>
                                                    </RootTerm>
                                                </LoopStmnt>
                                                <CondStmnt CovItemId="S102" CovItemPrefix="printer.SmartPrinter.java" Intrnl_Id="262">
                                                    <Branch CovItemId="B26" CovItemPrefix="printer.SmartPrinter.java" Implct="false" Intrnl_Id="263">
                                                        <Cond/>
                                                        <LocList>
                                                            <Loc EndOffset="6837" SrcFileId="1" StartOffset="6818"/>
                                                        </LocList>
                                                        <StmntSeq Intrnl_Id="264">
                                                            <LocList>
                                                                <Loc EndOffset="6837" SrcFileId="1" StartOffset="6818"/>
                                                            </LocList>
                                                            <BasicStmnt CovItemId="S103" CovItemPrefix="printer.SmartPrinter.java" Intrnl_Id="265">
                                                                <LocList>
                                                                    <Loc EndOffset="6837" SrcFileId="1" StartOffset="6818"/>
                                                                </LocList>
                                                            </BasicStmnt>
                                                        </StmntSeq>
                                                    </Branch>
                                                    <Branch CovItemId="B27" CovItemPrefix="printer.SmartPrinter.java" Implct="false" Intrnl_Id="266">
                                                        <Cond>
                                                            <Loc EndOffset="6854" SrcFileId="1" StartOffset="6850"/>
                                                        </Cond>
                                                        <LocList>
                                                            <Loc EndOffset="6888" SrcFileId="1" StartOffset="6868"/>
                                                        </LocList>
                                                        <StmntSeq Intrnl_Id="267">
                                                            <LocList>
                                                                <Loc EndOffset="6888" SrcFileId="1" StartOffset="6868"/>
                                                            </LocList>
                                                            <BasicStmnt CovItemId="S104" CovItemPrefix="printer.SmartPrinter.java" Intrnl_Id="268">
                                                                <LocList>
                                                                    <Loc EndOffset="6888" SrcFileId="1" StartOffset="6868"/>
                                                                </LocList>
                                                            </BasicStmnt>
                                                        </StmntSeq>
                                                    </Branch>
                                                    <Keyword EndOffset="6771" SrcFileId="1" StartOffset="6769"/>
                                                    <LocList>
                                                        <Loc EndOffset="6888" SrcFileId="1" StartOffset="6769"/>
                                                    </LocList>
                                                    <RootTerm CovItemId="C16" CovItemPrefix="printer.SmartPrinter.java" Intrnl_Id="269">
                                                        <BasicBoolTerm Intrnl_Id="270">
                                                            <LocList>
                                                                <Loc EndOffset="6803" SrcFileId="1" StartOffset="6772"/>
                                                            </LocList>
                                                        </BasicBoolTerm>
                                                    </RootTerm>
                                                </CondStmnt>
                                                <BasicStmnt CovItemId="S105" CovItemPrefix="printer.SmartPrinter.java" Intrnl_Id="271">
                                                    <LocList>
                                                        <Loc EndOffset="6920" SrcFileId="1" StartOffset="6914"/>
                                                    </LocList>
                                                </BasicStmnt>
                                            </StmntSeq>
                                        </Branch>
                                        <Branch CovItemId="B28" CovItemPrefix="printer.SmartPrinter.java" Implct="false" Intrnl_Id="272">
                                            <Cond>
                                                <Loc EndOffset="6949" SrcFileId="1" StartOffset="6939"/>
                                            </Cond>
                                            <LocList>
                                                <Loc EndOffset="7404" SrcFileId="1" StartOffset="6963"/>
                                            </LocList>
                                            <StmntSeq Intrnl_Id="273">
                                                <LocList>
                                                    <Loc EndOffset="7253" SrcFileId="1" StartOffset="6998"/>
                                                    <Loc EndOffset="7342" SrcFileId="1" StartOffset="7279"/>
                                                    <Loc EndOffset="7385" SrcFileId="1" StartOffset="7368"/>
                                                    <Loc EndOffset="7404" SrcFileId="1" StartOffset="7398"/>
                                                </LocList>
                                                <LoopStmnt CovItemId="S106" CovItemPrefix="printer.SmartPrinter.java" Intrnl_Id="274" MltplExecId="L5-2" MltplExecPrefix="printer.SmartPrinter.java" NvrExecId="L5-0" NvrExecPrefix="printer.SmartPrinter.java" OnceExecutedId="L5-1" OnceExecutedPrefix="printer.SmartPrinter.java" OptBodyExec="false">
                                                    <StmntSeq Intrnl_Id="275">
                                                        <LocList>
                                                            <Loc EndOffset="7075" SrcFileId="1" StartOffset="7016"/>
                                                            <Loc EndOffset="7139" SrcFileId="1" StartOffset="7089"/>
                                                            <Loc EndOffset="7207" SrcFileId="1" StartOffset="7153"/>
                                                        </LocList>
                                                        <BasicStmnt CovItemId="S107" CovItemPrefix="printer.SmartPrinter.java" Intrnl_Id="276">
                                                            <LocList>
                                                                <Loc EndOffset="7075" SrcFileId="1" StartOffset="7016"/>
                                                            </LocList>
                                                        </BasicStmnt>
                                                        <BasicStmnt CovItemId="S108" CovItemPrefix="printer.SmartPrinter.java" Intrnl_Id="277">
                                                            <LocList>
                                                                <Loc EndOffset="7139" SrcFileId="1" StartOffset="7089"/>
                                                            </LocList>
                                                        </BasicStmnt>
                                                        <BasicStmnt CovItemId="S109" CovItemPrefix="printer.SmartPrinter.java" Intrnl_Id="278">
                                                            <LocList>
                                                                <Loc EndOffset="7207" SrcFileId="1" StartOffset="7153"/>
                                                            </LocList>
                                                        </BasicStmnt>
                                                    </StmntSeq>
                                                    <Keyword EndOffset="7000" SrcFileId="1" StartOffset="6998"/>
                                                    <LocList>
                                                        <Loc EndOffset="7253" SrcFileId="1" StartOffset="6998"/>
                                                    </LocList>
                                                    <RootTerm CovItemId="C17" CovItemPrefix="printer.SmartPrinter.java" Intrnl_Id="279">
                                                        <OpTerm BooleanOpId="2" Intrnl_Id="280">
                                                            <BasicBoolTerm Intrnl_Id="281">
                                                                <LocList>
                                                                    <Loc EndOffset="7251" SrcFileId="1" StartOffset="7241"/>
                                                                </LocList>
                                                            </BasicBoolTerm>
                                                            <LocList>
                                                                <Loc EndOffset="7241" SrcFileId="1" StartOffset="7240"/>
                                                            </LocList>
                                                        </OpTerm>
                                                    </RootTerm>
                                                </LoopStmnt>
                                                <CondStmnt CovItemId="S110" CovItemPrefix="printer.SmartPrinter.java" Intrnl_Id="282">
                                                    <Branch CovItemId="B29" CovItemPrefix="printer.SmartPrinter.java" Implct="false" Intrnl_Id="283">
                                                        <Cond/>
                                                        <LocList>
                                                            <Loc EndOffset="7342" SrcFileId="1" StartOffset="7324"/>
                                                        </LocList>
                                                        <StmntSeq Intrnl_Id="284">
                                                            <LocList>
                                                                <Loc EndOffset="7342" SrcFileId="1" StartOffset="7324"/>
                                                            </LocList>
                                                            <BasicStmnt CovItemId="S111" CovItemPrefix="printer.SmartPrinter.java" Intrnl_Id="285">
                                                                <LocList>
                                                                    <Loc EndOffset="7342" SrcFileId="1" StartOffset="7324"/>
                                                                </LocList>
                                                            </BasicStmnt>
                                                        </StmntSeq>
                                                    </Branch>
                                                    <Branch CovItemId="B30" CovItemPrefix="printer.SmartPrinter.java" Implct="true" Intrnl_Id="286">
                                                        <Cond/>
                                                        <LocList/>
                                                        <StmntSeq Intrnl_Id="287">
                                                            <LocList/>
                                                        </StmntSeq>
                                                    </Branch>
                                                    <Keyword EndOffset="7281" SrcFileId="1" StartOffset="7279"/>
                                                    <LocList>
                                                        <Loc EndOffset="7342" SrcFileId="1" StartOffset="7279"/>
                                                    </LocList>
                                                    <RootTerm CovItemId="C18" CovItemPrefix="printer.SmartPrinter.java" Intrnl_Id="288">
                                                        <BasicBoolTerm Intrnl_Id="289">
                                                            <LocList>
                                                                <Loc EndOffset="7309" SrcFileId="1" StartOffset="7282"/>
                                                            </LocList>
                                                        </BasicBoolTerm>
                                                    </RootTerm>
                                                </CondStmnt>
                                                <BasicStmnt CovItemId="S112" CovItemPrefix="printer.SmartPrinter.java" Intrnl_Id="290">
                                                    <LocList>
                                                        <Loc EndOffset="7385" SrcFileId="1" StartOffset="7368"/>
                                                    </LocList>
                                                </BasicStmnt>
                                                <BasicStmnt CovItemId="S113" CovItemPrefix="printer.SmartPrinter.java" Intrnl_Id="291">
                                                    <LocList>
                                                        <Loc EndOffset="7404" SrcFileId="1" StartOffset="7398"/>
                                                    </LocList>
                                                </BasicStmnt>
                                            </StmntSeq>
                                        </Branch>
                                        <Branch CovItemId="B31" CovItemPrefix="printer.SmartPrinter.java" Implct="false" Intrnl_Id="292">
                                            <Cond>
                                                <Loc EndOffset="7440" SrcFileId="1" StartOffset="7423"/>
                                            </Cond>
                                            <LocList>
                                                <Loc EndOffset="7915" SrcFileId="1" StartOffset="7448"/>
                                            </LocList>
                                            <StmntSeq Intrnl_Id="293">
                                                <LocList>
                                                    <Loc EndOffset="7763" SrcFileId="1" StartOffset="7491"/>
                                                    <Loc EndOffset="7865" SrcFileId="1" StartOffset="7789"/>
                                                    <Loc EndOffset="7896" SrcFileId="1" StartOffset="7879"/>
                                                    <Loc EndOffset="7915" SrcFileId="1" StartOffset="7909"/>
                                                </LocList>
                                                <LoopStmnt CovItemId="S114" CovItemPrefix="printer.SmartPrinter.java" Intrnl_Id="294" MltplExecId="L6-2" MltplExecPrefix="printer.SmartPrinter.java" NvrExecId="L6-0" NvrExecPrefix="printer.SmartPrinter.java" OnceExecutedId="L6-1" OnceExecutedPrefix="printer.SmartPrinter.java" OptBodyExec="false">
                                                    <StmntSeq Intrnl_Id="295">
                                                        <LocList>
                                                            <Loc EndOffset="7569" SrcFileId="1" StartOffset="7509"/>
                                                            <Loc EndOffset="7641" SrcFileId="1" StartOffset="7583"/>
                                                            <Loc EndOffset="7717" SrcFileId="1" StartOffset="7655"/>
                                                        </LocList>
                                                        <BasicStmnt CovItemId="S115" CovItemPrefix="printer.SmartPrinter.java" Intrnl_Id="296">
                                                            <LocList>
                                                                <Loc EndOffset="7569" SrcFileId="1" StartOffset="7509"/>
                                                            </LocList>
                                                        </BasicStmnt>
                                                        <BasicStmnt CovItemId="S116" CovItemPrefix="printer.SmartPrinter.java" Intrnl_Id="297">
                                                            <LocList>
                                                                <Loc EndOffset="7641" SrcFileId="1" StartOffset="7583"/>
                                                            </LocList>
                                                        </BasicStmnt>
                                                        <BasicStmnt CovItemId="S117" CovItemPrefix="printer.SmartPrinter.java" Intrnl_Id="298">
                                                            <LocList>
                                                                <Loc EndOffset="7717" SrcFileId="1" StartOffset="7655"/>
                                                            </LocList>
                                                        </BasicStmnt>
                                                    </StmntSeq>
                                                    <Keyword EndOffset="7493" SrcFileId="1" StartOffset="7491"/>
                                                    <LocList>
                                                        <Loc EndOffset="7763" SrcFileId="1" StartOffset="7491"/>
                                                    </LocList>
                                                    <RootTerm CovItemId="C19" CovItemPrefix="printer.SmartPrinter.java" Intrnl_Id="299">
                                                        <OpTerm BooleanOpId="2" Intrnl_Id="300">
                                                            <BasicBoolTerm Intrnl_Id="301">
                                                                <LocList>
                                                                    <Loc EndOffset="7761" SrcFileId="1" StartOffset="7751"/>
                                                                </LocList>
                                                            </BasicBoolTerm>
                                                            <LocList>
                                                                <Loc EndOffset="7751" SrcFileId="1" StartOffset="7750"/>
                                                            </LocList>
                                                        </OpTerm>
                                                    </RootTerm>
                                                </LoopStmnt>
                                                <CondStmnt CovItemId="S118" CovItemPrefix="printer.SmartPrinter.java" Intrnl_Id="302">
                                                    <Branch CovItemId="B32" CovItemPrefix="printer.SmartPrinter.java" Implct="false" Intrnl_Id="303">
                                                        <Cond/>
                                                        <LocList>
                                                            <Loc EndOffset="7865" SrcFileId="1" StartOffset="7842"/>
                                                        </LocList>
                                                        <StmntSeq Intrnl_Id="304">
                                                            <LocList>
                                                                <Loc EndOffset="7865" SrcFileId="1" StartOffset="7842"/>
                                                            </LocList>
                                                            <BasicStmnt CovItemId="S119" CovItemPrefix="printer.SmartPrinter.java" Intrnl_Id="305">
                                                                <LocList>
                                                                    <Loc EndOffset="7865" SrcFileId="1" StartOffset="7842"/>
                                                                </LocList>
                                                            </BasicStmnt>
                                                        </StmntSeq>
                                                    </Branch>
                                                    <Branch CovItemId="B33" CovItemPrefix="printer.SmartPrinter.java" Implct="true" Intrnl_Id="306">
                                                        <Cond/>
                                                        <LocList/>
                                                        <StmntSeq Intrnl_Id="307">
                                                            <LocList/>
                                                        </StmntSeq>
                                                    </Branch>
                                                    <Keyword EndOffset="7791" SrcFileId="1" StartOffset="7789"/>
                                                    <LocList>
                                                        <Loc EndOffset="7865" SrcFileId="1" StartOffset="7789"/>
                                                    </LocList>
                                                    <RootTerm CovItemId="C20" CovItemPrefix="printer.SmartPrinter.java" Intrnl_Id="308">
                                                        <BasicBoolTerm Intrnl_Id="309">
                                                            <LocList>
                                                                <Loc EndOffset="7827" SrcFileId="1" StartOffset="7792"/>
                                                            </LocList>
                                                        </BasicBoolTerm>
                                                    </RootTerm>
                                                </CondStmnt>
                                                <BasicStmnt CovItemId="S120" CovItemPrefix="printer.SmartPrinter.java" Intrnl_Id="310">
                                                    <LocList>
                                                        <Loc EndOffset="7896" SrcFileId="1" StartOffset="7879"/>
                                                    </LocList>
                                                </BasicStmnt>
                                                <BasicStmnt CovItemId="S121" CovItemPrefix="printer.SmartPrinter.java" Intrnl_Id="311">
                                                    <LocList>
                                                        <Loc EndOffset="7915" SrcFileId="1" StartOffset="7909"/>
                                                    </LocList>
                                                </BasicStmnt>
                                            </StmntSeq>
                                        </Branch>
                                        <Branch CovItemId="B34" CovItemPrefix="printer.SmartPrinter.java" Implct="false" Intrnl_Id="312">
                                            <Cond>
                                                <Loc EndOffset="7950" SrcFileId="1" StartOffset="7934"/>
                                            </Cond>
                                            <LocList>
                                                <Loc EndOffset="8536" SrcFileId="1" StartOffset="7958"/>
                                            </LocList>
                                            <StmntSeq Intrnl_Id="313">
                                                <LocList>
                                                    <Loc EndOffset="7980" SrcFileId="1" StartOffset="7958"/>
                                                    <Loc EndOffset="8006" SrcFileId="1" StartOffset="7987"/>
                                                    <Loc EndOffset="8390" SrcFileId="1" StartOffset="8020"/>
                                                    <Loc EndOffset="8423" SrcFileId="1" StartOffset="8404"/>
                                                    <Loc EndOffset="8517" SrcFileId="1" StartOffset="8480"/>
                                                    <Loc EndOffset="8536" SrcFileId="1" StartOffset="8530"/>
                                                </LocList>
                                                <BasicStmnt CovItemId="S122" CovItemPrefix="printer.SmartPrinter.java" Intrnl_Id="314">
                                                    <LocList>
                                                        <Loc EndOffset="7980" SrcFileId="1" StartOffset="7958"/>
                                                    </LocList>
                                                </BasicStmnt>
                                                <BasicStmnt CovItemId="S123" CovItemPrefix="printer.SmartPrinter.java" Intrnl_Id="315">
                                                    <LocList>
                                                        <Loc EndOffset="8006" SrcFileId="1" StartOffset="7987"/>
                                                    </LocList>
                                                </BasicStmnt>
                                                <LoopStmnt CovItemId="S124" CovItemPrefix="printer.SmartPrinter.java" Intrnl_Id="316" MltplExecId="L7-2" MltplExecPrefix="printer.SmartPrinter.java" NvrExecId="L7-0" NvrExecPrefix="printer.SmartPrinter.java" OnceExecutedId="L7-1" OnceExecutedPrefix="printer.SmartPrinter.java" OptBodyExec="true">
                                                    <StmntSeq Intrnl_Id="317">
                                                        <LocList>
                                                            <Loc EndOffset="8100" SrcFileId="1" StartOffset="8048"/>
                                                            <Loc EndOffset="8165" SrcFileId="1" StartOffset="8131"/>
                                                            <Loc EndOffset="8199" SrcFileId="1" StartOffset="8181"/>
                                                            <Loc EndOffset="8382" SrcFileId="1" StartOffset="8110"/>
                                                        </LocList>
                                                        <BasicStmnt CovItemId="S125" CovItemPrefix="printer.SmartPrinter.java" Intrnl_Id="318">
                                                            <LocList>
                                                                <Loc EndOffset="8100" SrcFileId="1" StartOffset="8048"/>
                                                            </LocList>
                                                        </BasicStmnt>
                                                        <BasicStmnt CovItemId="S127" CovItemPrefix="printer.SmartPrinter.java" Intrnl_Id="319">
                                                            <LocList>
                                                                <Loc EndOffset="8165" SrcFileId="1" StartOffset="8131"/>
                                                            </LocList>
                                                        </BasicStmnt>
                                                        <BasicStmnt CovItemId="S128" CovItemPrefix="printer.SmartPrinter.java" Intrnl_Id="320">
                                                            <LocList>
                                                                <Loc EndOffset="8199" SrcFileId="1" StartOffset="8181"/>
                                                            </LocList>
                                                        </BasicStmnt>
                                                        <CondStmnt CovItemId="S126" CovItemPrefix="printer.SmartPrinter.java" Intrnl_Id="321">
                                                            <Branch CovItemId="B35" CovItemPrefix="printer.SmartPrinter.java" Implct="true" Intrnl_Id="322">
                                                                <Cond/>
                                                                <LocList/>
                                                                <StmntSeq Intrnl_Id="323">
                                                                    <LocList/>
                                                                </StmntSeq>
                                                            </Branch>
                                                            <Branch CovItemId="B36" CovItemPrefix="printer.SmartPrinter.java" Implct="false" Intrnl_Id="324">
                                                                <Cond>
                                                                    <Loc EndOffset="8245" SrcFileId="1" StartOffset="8213"/>
                                                                </Cond>
                                                                <LocList>
                                                                    <Loc EndOffset="8382" SrcFileId="1" StartOffset="8246"/>
                                                                </LocList>
                                                                <StmntSeq Intrnl_Id="325">
                                                                    <LocList>
                                                                        <Loc EndOffset="8333" SrcFileId="1" StartOffset="8263"/>
                                                                        <Loc EndOffset="8368" SrcFileId="1" StartOffset="8349"/>
                                                                    </LocList>
                                                                    <BasicStmnt CovItemId="S129" CovItemPrefix="printer.SmartPrinter.java" Intrnl_Id="326">
                                                                        <LocList>
                                                                            <Loc EndOffset="8333" SrcFileId="1" StartOffset="8263"/>
                                                                        </LocList>
                                                                    </BasicStmnt>
                                                                    <BasicStmnt CovItemId="S130" CovItemPrefix="printer.SmartPrinter.java" Intrnl_Id="327">
                                                                        <LocList>
                                                                            <Loc EndOffset="8368" SrcFileId="1" StartOffset="8349"/>
                                                                        </LocList>
                                                                    </BasicStmnt>
                                                                </StmntSeq>
                                                            </Branch>
                                                            <Keyword EndOffset="8113" SrcFileId="1" StartOffset="8110"/>
                                                            <LocList>
                                                                <Loc EndOffset="8382" SrcFileId="1" StartOffset="8110"/>
                                                            </LocList>
                                                        </CondStmnt>
                                                    </StmntSeq>
                                                    <Keyword EndOffset="8025" SrcFileId="1" StartOffset="8020"/>
                                                    <LocList>
                                                        <Loc EndOffset="8390" SrcFileId="1" StartOffset="8020"/>
                                                    </LocList>
                                                    <RootTerm CovItemId="C21" CovItemPrefix="printer.SmartPrinter.java" Intrnl_Id="328">
                                                        <OpTerm BooleanOpId="2" Intrnl_Id="329">
                                                            <BasicBoolTerm Intrnl_Id="330">
                                                                <LocList>
                                                                    <Loc EndOffset="8037" SrcFileId="1" StartOffset="8027"/>
                                                                </LocList>
                                                            </BasicBoolTerm>
                                                            <LocList>
                                                                <Loc EndOffset="8027" SrcFileId="1" StartOffset="8026"/>
                                                            </LocList>
                                                        </OpTerm>
                                                    </RootTerm>
                                                </LoopStmnt>
                                                <BasicStmnt CovItemId="S131" CovItemPrefix="printer.SmartPrinter.java" Intrnl_Id="331">
                                                    <LocList>
                                                        <Loc EndOffset="8423" SrcFileId="1" StartOffset="8404"/>
                                                    </LocList>
                                                </BasicStmnt>
                                                <BasicStmnt CovItemId="S132" CovItemPrefix="printer.SmartPrinter.java" Intrnl_Id="332">
                                                    <LocList>
                                                        <Loc EndOffset="8517" SrcFileId="1" StartOffset="8480"/>
                                                    </LocList>
                                                </BasicStmnt>
                                                <BasicStmnt CovItemId="S133" CovItemPrefix="printer.SmartPrinter.java" Intrnl_Id="333">
                                                    <LocList>
                                                        <Loc EndOffset="8536" SrcFileId="1" StartOffset="8530"/>
                                                    </LocList>
                                                </BasicStmnt>
                                            </StmntSeq>
                                        </Branch>
                                        <Branch CovItemId="B37" CovItemPrefix="printer.SmartPrinter.java" Implct="false" Intrnl_Id="334">
                                            <Cond>
                                                <Loc EndOffset="8572" SrcFileId="1" StartOffset="8555"/>
                                            </Cond>
                                            <LocList>
                                                <Loc EndOffset="8765" SrcFileId="1" StartOffset="8606"/>
                                            </LocList>
                                            <StmntSeq Intrnl_Id="335">
                                                <LocList>
                                                    <Loc EndOffset="8622" SrcFileId="1" StartOffset="8606"/>
                                                    <Loc EndOffset="8677" SrcFileId="1" StartOffset="8629"/>
                                                    <Loc EndOffset="8739" SrcFileId="1" StartOffset="8690"/>
                                                    <Loc EndOffset="8765" SrcFileId="1" StartOffset="8759"/>
                                                </LocList>
                                                <BasicStmnt CovItemId="S134" CovItemPrefix="printer.SmartPrinter.java" Intrnl_Id="336">
                                                    <LocList>
                                                        <Loc EndOffset="8622" SrcFileId="1" StartOffset="8606"/>
                                                    </LocList>
                                                </BasicStmnt>
                                                <BasicStmnt CovItemId="S135" CovItemPrefix="printer.SmartPrinter.java" Intrnl_Id="337">
                                                    <LocList>
                                                        <Loc EndOffset="8677" SrcFileId="1" StartOffset="8629"/>
                                                    </LocList>
                                                </BasicStmnt>
                                                <BasicStmnt CovItemId="S136" CovItemPrefix="printer.SmartPrinter.java" Intrnl_Id="338">
                                                    <LocList>
                                                        <Loc EndOffset="8739" SrcFileId="1" StartOffset="8690"/>
                                                    </LocList>
                                                </BasicStmnt>
                                                <BasicStmnt CovItemId="S137" CovItemPrefix="printer.SmartPrinter.java" Intrnl_Id="339">
                                                    <LocList>
                                                        <Loc EndOffset="8765" SrcFileId="1" StartOffset="8759"/>
                                                    </LocList>
                                                </BasicStmnt>
                                            </StmntSeq>
                                        </Branch>
                                        <Branch CovItemId="B38" CovItemPrefix="printer.SmartPrinter.java" Implct="false" Intrnl_Id="340">
                                            <Cond>
                                                <Loc EndOffset="8782" SrcFileId="1" StartOffset="8771"/>
                                            </Cond>
                                            <LocList>
                                                <Loc EndOffset="8820" SrcFileId="1" StartOffset="8790"/>
                                            </LocList>
                                            <StmntSeq Intrnl_Id="341">
                                                <LocList>
                                                    <Loc EndOffset="8807" SrcFileId="1" StartOffset="8790"/>
                                                    <Loc EndOffset="8820" SrcFileId="1" StartOffset="8814"/>
                                                </LocList>
                                                <BasicStmnt CovItemId="S138" CovItemPrefix="printer.SmartPrinter.java" Intrnl_Id="342">
                                                    <LocList>
                                                        <Loc EndOffset="8807" SrcFileId="1" StartOffset="8790"/>
                                                    </LocList>
                                                </BasicStmnt>
                                                <BasicStmnt CovItemId="S139" CovItemPrefix="printer.SmartPrinter.java" Intrnl_Id="343">
                                                    <LocList>
                                                        <Loc EndOffset="8820" SrcFileId="1" StartOffset="8814"/>
                                                    </LocList>
                                                </BasicStmnt>
                                            </StmntSeq>
                                        </Branch>
                                        <Branch CovItemId="B39" CovItemPrefix="printer.SmartPrinter.java" Implct="false" Intrnl_Id="344">
                                            <Cond>
                                                <Loc EndOffset="8836" SrcFileId="1" StartOffset="8826"/>
                                            </Cond>
                                            <LocList>
                                                <Loc EndOffset="8874" SrcFileId="1" StartOffset="8844"/>
                                            </LocList>
                                            <StmntSeq Intrnl_Id="345">
                                                <LocList>
                                                    <Loc EndOffset="8861" SrcFileId="1" StartOffset="8844"/>
                                                    <Loc EndOffset="8874" SrcFileId="1" StartOffset="8868"/>
                                                </LocList>
                                                <BasicStmnt CovItemId="S140" CovItemPrefix="printer.SmartPrinter.java" Intrnl_Id="346">
                                                    <LocList>
                                                        <Loc EndOffset="8861" SrcFileId="1" StartOffset="8844"/>
                                                    </LocList>
                                                </BasicStmnt>
                                                <BasicStmnt CovItemId="S141" CovItemPrefix="printer.SmartPrinter.java" Intrnl_Id="347">
                                                    <LocList>
                                                        <Loc EndOffset="8874" SrcFileId="1" StartOffset="8868"/>
                                                    </LocList>
                                                </BasicStmnt>
                                            </StmntSeq>
                                        </Branch>
                                        <Branch CovItemId="B40" CovItemPrefix="printer.SmartPrinter.java" Implct="false" Intrnl_Id="348">
                                            <Cond>
                                                <Loc EndOffset="8891" SrcFileId="1" StartOffset="8880"/>
                                            </Cond>
                                            <LocList>
                                                <Loc EndOffset="8929" SrcFileId="1" StartOffset="8899"/>
                                            </LocList>
                                            <StmntSeq Intrnl_Id="349">
                                                <LocList>
                                                    <Loc EndOffset="8916" SrcFileId="1" StartOffset="8899"/>
                                                    <Loc EndOffset="8929" SrcFileId="1" StartOffset="8923"/>
                                                </LocList>
                                                <BasicStmnt CovItemId="S142" CovItemPrefix="printer.SmartPrinter.java" Intrnl_Id="350">
                                                    <LocList>
                                                        <Loc EndOffset="8916" SrcFileId="1" StartOffset="8899"/>
                                                    </LocList>
                                                </BasicStmnt>
                                                <BasicStmnt CovItemId="S143" CovItemPrefix="printer.SmartPrinter.java" Intrnl_Id="351">
                                                    <LocList>
                                                        <Loc EndOffset="8929" SrcFileId="1" StartOffset="8923"/>
                                                    </LocList>
                                                </BasicStmnt>
                                            </StmntSeq>
                                        </Branch>
                                        <Branch CovItemId="B41" CovItemPrefix="printer.SmartPrinter.java" Implct="true" Intrnl_Id="352">
                                            <Cond/>
                                            <LocList/>
                                            <StmntSeq Intrnl_Id="353">
                                                <LocList/>
                                            </StmntSeq>
                                        </Branch>
                                        <Keyword EndOffset="6385" SrcFileId="1" StartOffset="6379"/>
                                        <LocList>
                                            <Loc EndOffset="8941" SrcFileId="1" StartOffset="6379"/>
                                        </LocList>
                                    </CondStmnt>
                                </StmntSeq>
                                <Keyword EndOffset="6340" SrcFileId="1" StartOffset="6335"/>
                                <LocList>
                                    <Loc EndOffset="8963" SrcFileId="1" StartOffset="6335"/>
                                </LocList>
                                <RootTerm CovItemId="C14" CovItemPrefix="printer.SmartPrinter.java" Intrnl_Id="354">
                                    <OpTerm BooleanOpId="2" Intrnl_Id="355">
                                        <BasicBoolTerm Intrnl_Id="356">
                                            <LocList>
                                                <Loc EndOffset="6354" SrcFileId="1" StartOffset="6342"/>
                                            </LocList>
                                        </BasicBoolTerm>
                                        <LocList>
                                            <Loc EndOffset="6342" SrcFileId="1" StartOffset="6341"/>
                                        </LocList>
                                    </OpTerm>
                                </RootTerm>
                            </LoopStmnt>
                            <BasicStmnt CovItemId="S144" CovItemPrefix="printer.SmartPrinter.java" Intrnl_Id="357">
                                <LocList>
                                    <Loc EndOffset="8999" SrcFileId="1" StartOffset="8983"/>
                                </LocList>
                            </BasicStmnt>
                        </StmntSeq>
                    </HierarchyLvl>
                </HierarchyLvl>
            </HierarchyLvl>
        </HierarchyLvl>
    </MASTRoot>
</TestSessionContainer>
