<?xml version="1.0" encoding="UTF-8"?><TestSessionContainer xmlns="http://www.codecover.org/xml/testsession-container" Date="1751884390659" TestSessionContainerId="35400bd8-3f34-4793-94f3-bb9a3e82930f" version="1.0">
    <SrcFileList>
        <SrcFile Content="package printer;&#13;&#10;&#13;&#10;import java.util.HashMap;&#13;&#10;import java.util.InputMismatchException;&#13;&#10;import java.util.Scanner;&#13;&#10;&#13;&#10;&#13;&#10;public class SmartPrinter {&#13;&#10;&#13;&#10;    public enum Stato { SPENTA, AVVIO, MOSTRABADGE, INSERISCIPIN, PRONTA, INUSO, ERRORE, OUTOFSERVICE }&#13;&#10;    public enum Servizio { PRINTBN, PRINTCOL, SCANSIONE, EXIT }&#13;&#10;    public enum StatoMacchina { GUASTA, NONGUASTA }&#13;&#10;&#13;&#10;    private Stato printerState;&#13;&#10;    private Servizio selectedService;&#13;&#10;    private StatoMacchina spiaGuasto;&#13;&#10;    private int tonerNero;&#13;&#10;    private int tonerColore;&#13;&#10;    private int fogliCarta;&#13;&#10;    &#13;&#10;    private boolean collegatoWireless;&#13;&#10;    private boolean collegatoCavo;&#13;&#10;    private boolean cartaInceppata;&#13;&#10;&#13;&#10;    Utente[] utenti;&#13;&#10;    int numUtenti;&#13;&#10;    private Utente utenteCorrente;&#13;&#10;    &#13;&#10;    private static boolean controlloInputUtenteBool(String s) {&#13;&#10;    &#9;return s.equals(&quot;si&quot;) || s.equals(&quot;no&quot;)  ? true : false;&#13;&#10;    }&#13;&#10;    &#13;&#10;    private static String getNomeUtenteLoggato(Utente u) {&#13;&#10;    &#9;return u != null ? u.getNome() : &quot;Nessuno&quot;;&#13;&#10;    }&#13;&#10;    &#13;&#10;    protected boolean ricercaUtente(int numBadgeInserito) {&#13;&#10;    &#9;&#13;&#10;    &#9;for(int i = 0; i &lt; numUtenti; i++) {&#13;&#10;    &#9;&#9;if(utenti[i].getBadgeId() == numBadgeInserito)&#13;&#10;    &#9;&#9;&#9;return true;&#13;&#10;    &#9;}&#13;&#10;    &#9;&#13;&#10;    &#9;return false;&#13;&#10;    &#9;&#13;&#10;    }&#13;&#10;    &#13;&#10;    private Utente getUtentebyNumBadge(int numBadge) {&#13;&#10;    &#9;&#13;&#10;    &#9;for(Utente u: utenti) {&#13;&#10;    &#9;&#9;if(u.getBadgeId() == numBadge)&#13;&#10;    &#9;&#9;&#9;return u;&#13;&#10;    &#9;}&#13;&#10;    &#9;&#13;&#10;    &#9;return null;&#13;&#10;    }&#13;&#10;    &#13;&#10;    public SmartPrinter() {&#13;&#10;        printerState = Stato.SPENTA;&#13;&#10;        tonerNero = 100;&#13;&#10;        tonerColore = 100;&#13;&#10;        fogliCarta = 500;&#13;&#10;        spiaGuasto = StatoMacchina.NONGUASTA;&#13;&#10;        utenti = new Utente[2];&#13;&#10;        numUtenti = 0;&#13;&#10;        collegatoWireless = false;&#13;&#10;        collegatoCavo = false;&#13;&#10;        cartaInceppata = false;&#13;&#10;    }&#13;&#10;&#13;&#10;    protected Stato getPrinterState() {&#13;&#10;&#9;&#9;return printerState;&#13;&#10;&#9;}&#13;&#10;&#13;&#10;&#9;protected Servizio getSelectedService() {&#13;&#10;&#9;&#9;return selectedService;&#13;&#10;&#9;}&#13;&#10;&#13;&#10;&#9;protected StatoMacchina getSpiaGuasto() {&#13;&#10;&#9;&#9;return spiaGuasto;&#13;&#10;&#9;}&#13;&#10;&#13;&#10;&#9;protected int getTonerNero() {&#13;&#10;&#9;&#9;return tonerNero;&#13;&#10;&#9;}&#13;&#10;&#13;&#10;&#9;protected int getTonerColore() {&#13;&#10;&#9;&#9;return tonerColore;&#13;&#10;&#9;}&#13;&#10;&#13;&#10;&#9;protected int getFogliCarta() {&#13;&#10;&#9;&#9;return fogliCarta;&#13;&#10;&#9;}&#13;&#10;&#13;&#10;&#9;protected boolean isCollegatoWireless() {&#13;&#10;&#9;&#9;return collegatoWireless;&#13;&#10;&#9;}&#13;&#10;&#13;&#10;&#9;protected boolean isCollegatoCavo() {&#13;&#10;&#9;&#9;return collegatoCavo;&#13;&#10;&#9;}&#13;&#10;&#13;&#10;&#9;protected boolean isCartaInceppata() {&#13;&#10;&#9;&#9;return cartaInceppata;&#13;&#10;&#9;}&#13;&#10;&#13;&#10;&#9;protected Utente[] getUtenti() {&#13;&#10;&#9;&#9;return utenti;&#13;&#10;&#9;}&#13;&#10;&#13;&#10;&#9;protected Utente getUtenteCorrente() {&#13;&#10;&#9;&#9;return utenteCorrente;&#13;&#10;&#9;}&#13;&#10;&#13;&#10;&#9;protected boolean aggiungiUtente(Utente u) {&#13;&#10;        if(numUtenti &lt; utenti.length) {&#13;&#10;        &#9;utenti[numUtenti] = u;&#13;&#10;        &#9;numUtenti++;&#13;&#10;        &#9;System.out.println(&quot;Utente aggiunto: &quot; + u.getNome() + &quot; : &quot; + u.getBadgeId());&#13;&#10;        &#9;return true;&#13;&#10;        }&#13;&#10;        else&#13;&#10;        &#9;System.out.println(&quot;Non è possibile aggiungere altri utenti&quot;);&#13;&#10;        &#9;return false;&#13;&#10;        &#13;&#10;    }&#13;&#10;    &#13;&#10;    protected void guastoStampante() {&#13;&#10;    &#9;if(printerState == Stato.AVVIO)&#13;&#10;    &#9;&#9;spiaGuasto = StatoMacchina.GUASTA;&#13;&#10;    }&#13;&#10;    &#13;&#10;    protected void riparazioneStampante() {&#13;&#10;    &#9;if(printerState == Stato.OUTOFSERVICE)&#13;&#10;    &#9;&#9;spiaGuasto = StatoMacchina.NONGUASTA;&#13;&#10;    }&#13;&#10;&#13;&#10;    protected boolean accendiStampante() {&#13;&#10;    &#9;if(printerState == Stato.SPENTA) {&#13;&#10;    &#9;&#9;printerState = Stato.AVVIO;&#13;&#10;    &#9;&#9;System.out.println(&quot;Accensione in corso&quot;);&#13;&#10;    &#9;&#9;return true;&#13;&#10;    &#9;}&#13;&#10;    &#9;System.out.println(&quot;La stampante è già accesa&quot;);&#13;&#10;    &#9;return false;&#13;&#10;    &#9;&#13;&#10;    }&#13;&#10;&#13;&#10;    protected boolean avvioStampante() {&#13;&#10;    &#9;if(printerState == Stato.AVVIO) {&#13;&#10;    &#9;&#9;if(spiaGuasto == StatoMacchina.GUASTA) {&#13;&#10;    &#9;&#9;&#9;printerState = Stato.OUTOFSERVICE;&#13;&#10;    &#9;&#9;&#9;System.out.println(&quot;Stampante guasta&quot;);&#13;&#10;    &#9;&#9;&#9;return false;&#13;&#10;        &#9;}&#13;&#10;        &#9;else {&#13;&#10;    &#9;&#9;&#9;printerState = Stato.MOSTRABADGE;&#13;&#10;    &#9;&#9;&#9;System.out.println(&quot;Mostrare Badge&quot;);&#13;&#10;    &#9;&#9;&#9;return true;&#13;&#10;    &#9;&#9;}&#13;&#10;    &#9;}&#13;&#10;    &#9;System.out.println(&quot;Azione non consentita&quot;);&#13;&#10;    &#9;return false;&#13;&#10;    }&#13;&#10;    &#13;&#10;    protected boolean gestioneGuasto() {&#13;&#10;    &#9;if(printerState == Stato.OUTOFSERVICE) {&#13;&#10;    &#9;&#9;if(spiaGuasto == StatoMacchina.NONGUASTA) {&#13;&#10;    &#9;&#9;&#9;printerState = Stato.MOSTRABADGE;&#13;&#10;    &#9;&#9;&#9;System.out.println(&quot;Mostrare Badge&quot;);&#13;&#10;    &#9;&#9;&#9;return true;&#13;&#10;        &#9;}&#13;&#10;        &#9;else {&#13;&#10;        &#9;&#9;System.out.println(&quot;Stampante ancora guasta&quot;);&#13;&#10;        &#9;&#9;return false;&#13;&#10;        &#9;}&#13;&#10;    &#9;}&#13;&#10;    &#9;System.out.println(&quot;Azione non consentita&quot;);&#13;&#10;    &#9;return false;&#13;&#10;    }&#13;&#10;    &#13;&#10;    protected boolean identificazioneUtente(int numBadge) {&#13;&#10;    &#9;if(printerState == Stato.MOSTRABADGE) {&#13;&#10;    &#9; &#9;if(ricercaUtente(numBadge)) {&#13;&#10;    &#9;&#9;&#9;utenteCorrente = getUtentebyNumBadge(numBadge);&#13;&#10;    &#9;&#9;&#9;printerState = Stato.INSERISCIPIN;&#13;&#10;    &#9;&#9;&#9;System.out.println(&quot;Benvenuto &quot; + utenteCorrente.getNome() + &quot;, Inserisci Pin&quot;);&#13;&#10;    &#9;&#9;&#9;return true;&#13;&#10;        &#9;}&#13;&#10;        &#9;else {&#13;&#10;        &#9;&#9;System.out.println(&quot;Badge non riconosciuto&quot;);&#13;&#10;        &#9;&#9;return false;&#13;&#10;        &#9;}&#13;&#10;    &#9;}&#13;&#10;    &#9;System.out.println(&quot;Azione non consentita&quot;);&#13;&#10;    &#9;return false;&#13;&#10;    }&#13;&#10;&#13;&#10;    protected boolean inserimentoPin() {&#13;&#10;    &#9;//TODO&#13;&#10;    &#9;return false;&#13;&#10;    }&#13;&#10;    &#13;&#10;    protected boolean sceltaServizio() {&#13;&#10;    &#9;//TODO&#13;&#10;    &#9;return false;&#13;&#10;    &#9;&#13;&#10;    }&#13;&#10;    &#13;&#10;    protected boolean stampanteInUso() {&#13;&#10;    &#9;//TODO&#13;&#10;    &#9;return false;&#13;&#10;    }&#13;&#10;    &#13;&#10;    protected boolean gestioneErrore() {&#13;&#10;    &#9;//TODO&#13;&#10;    &#9;return false;&#13;&#10;    }&#13;&#10;&#13;&#10;    protected void statoCorrente() {&#13;&#10;        System.out.println(&quot;\n--- STATO CORRENTE ---&quot;);&#13;&#10;        System.out.println(&quot;Stato: &quot; + printerState);&#13;&#10;        System.out.println(&quot;Guasto: &quot; + spiaGuasto);&#13;&#10;        System.out.println(&quot;Utente loggato: &quot; + getNomeUtenteLoggato(utenteCorrente));&#13;&#10;        System.out.println(&quot;Toner Nero: &quot; + tonerNero);&#13;&#10;        System.out.println(&quot;Toner Colore: &quot; + tonerColore);&#13;&#10;        System.out.println(&quot;Carta: &quot; + fogliCarta);&#13;&#10;        System.out.println(&quot;Collegato Wireless: &quot; + collegatoWireless);&#13;&#10;        System.out.println(&quot;Collegato Cavo: &quot; + collegatoCavo);&#13;&#10;        System.out.println(&quot;Carta inceppata: &quot; + cartaInceppata);&#13;&#10;        System.out.println(&quot;------------------------\n&quot;);&#13;&#10;    }&#13;&#10;    &#13;&#10;    // Interazione con la stampante&#13;&#10;    public void usoStampante() {&#13;&#10;        Scanner scanner = new Scanner(System.in);&#13;&#10;        boolean closeProgram = false;&#13;&#10;        boolean validInput = false;&#13;&#10;        &#13;&#10;        while(!closeProgram) {&#13;&#10;        &#9;&#13;&#10;        &#9;switch(printerState) {&#13;&#10;&#9;        &#9;case SPENTA:&#13;&#10;&#9;        &#9;&#9;String rispostaAccensione;&#13;&#10;&#9;        &#9;&#9;do {&#13;&#10;&#9;&#9;        &#9;&#9;System.out.println(&quot;Vuoi accendere la stampante? (si/no): &quot;);&#13;&#10;&#9;&#9;        &#9;&#9;rispostaAccensione = scanner.nextLine().toLowerCase();&#13;&#10;&#9;&#9;        &#9;&#9;validInput = controlloInputUtenteBool(rispostaAccensione);&#13;&#10;&#9;        &#9;&#9;}&#13;&#10;&#9;        &#9;&#9;while(!validInput);&#13;&#10;&#9;        &#9;&#9;&#9;&#13;&#10;&#9;        &#9;&#9;if(rispostaAccensione.equals(&quot;si&quot;))&#13;&#10;&#9;        &#9;&#9;&#9;accendiStampante();&#13;&#10;&#9;        &#9;&#9;else&#13;&#10;&#9;        &#9;&#9;&#9;closeProgram = true;&#13;&#10;&#9;        &#9;&#9;&#13;&#10;&#9;        &#9;&#9;break;&#13;&#10;&#9;        &#9;&#9;&#13;&#10;&#9;&#9;&#9;&#9;case AVVIO:&#13;&#10;&#9;        &#9;&#9;String rispostaGuasto;&#13;&#10;&#9;        &#9;&#9;do {&#13;&#10;&#9;        &#9;&#9;&#9;System.out.println(&quot;Si è verificato un guasto? (si/no): &quot;);&#13;&#10;&#9;        &#9;&#9;&#9;rispostaGuasto = scanner.nextLine().toLowerCase();&#13;&#10;&#9;&#9;        &#9;&#9;validInput = controlloInputUtenteBool(rispostaGuasto);&#13;&#10;&#9;        &#9;&#9;}&#13;&#10;&#9;        &#9;&#9;while(!validInput);&#13;&#10;&#9;        &#9;&#9;&#13;&#10;&#9;        &#9;&#9;if(rispostaGuasto.equals(&quot;si&quot;))&#13;&#10;&#9;        &#9;&#9;&#9;guastoStampante();&#13;&#10;&#9;        &#9;&#9;&#13;&#10;&#9;        &#9;&#9;avvioStampante();&#13;&#10;&#9;        &#9;&#9;break;&#13;&#10;&#9;        &#9;&#9;&#13;&#10;&#9;&#9;&#9;&#9;case OUTOFSERVICE:&#13;&#10;&#9;&#9;&#9;&#9;&#9;String rispostaGuastoRiparato;&#13;&#10;&#9;        &#9;&#9;do {&#13;&#10;&#9;&#9;        &#9;&#9;System.out.println(&quot;Il guasto è stato riparato? (si/no): &quot;);&#13;&#10;&#9;&#9;        &#9;&#9;rispostaGuastoRiparato = scanner.nextLine().toLowerCase();&#13;&#10;&#9;&#9;        &#9;&#9;validInput = controlloInputUtenteBool(rispostaGuastoRiparato);&#13;&#10;&#9;        &#9;&#9;}&#13;&#10;&#9;        &#9;&#9;while(!validInput);&#13;&#10;&#9;        &#9;&#9;&#13;&#10;&#9;        &#9;&#9;if(rispostaGuastoRiparato.equals(&quot;si&quot;))&#13;&#10;&#9;        &#9;&#9;&#9;riparazioneStampante();&#13;&#10;&#9;&#9;&#9;&#9;&#9;&#13;&#10;&#9;&#9;&#9;&#9;&#9;gestioneGuasto();&#13;&#10;&#9;        &#9;&#9;break;&#13;&#10;&#9;        &#9;&#9;&#13;&#10;&#9;&#9;&#9;&#9;case MOSTRABADGE:&#13;&#10;&#9;&#9;&#9;&#9;&#9;int badgeMostrato = 0;&#13;&#10;&#9;&#9;&#9;&#9;&#9;validInput = false;&#13;&#10;&#9;&#9;&#9;&#9;&#9;&#13;&#10;&#9;&#9;&#9;&#9;&#9;while(!validInput) {&#13;&#10;&#9;&#9;&#9;&#9;&#9;&#9;System.out.println(&quot;Inserire un numero di Badge: &quot;);&#13;&#10;&#9;&#9;&#9;&#9;&#9;&#9;  try {&#13;&#10;&#9;&#9;&#9;&#9;&#9;&#9;        badgeMostrato = scanner.nextInt();&#13;&#10;&#9;&#9;&#9;&#9;&#9;&#9;        validInput = true;&#13;&#10;&#9;&#9;&#9;&#9;&#9;&#9;    } catch (InputMismatchException e) {&#13;&#10;&#9;&#9;&#9;&#9;&#9;&#9;        System.out.println(&quot;Input non valido. Inserisci un numero di Badge.&quot;);&#13;&#10;&#9;&#9;&#9;&#9;&#9;&#9;        scanner.nextLine(); &#13;&#10;&#9;&#9;&#9;&#9;&#9;&#9;    }&#13;&#10;&#9;&#9;&#9;&#9;&#9;}&#13;&#10;&#9;&#9;&#9;&#9;&#9;&#13;&#10;&#9;&#9;&#9;&#9;&#9;scanner.nextLine(); // consuma il newline residuo dopo input corretto&#13;&#10;&#9;&#9;&#9;&#9;&#9;identificazioneUtente(badgeMostrato);&#13;&#10;&#9;        &#9;&#9;break;&#13;&#10;&#9;        &#9;&#9;&#13;&#10;&#9;&#9;&#9;&#9;case INSERISCIPIN:&#13;&#10;&#9;&#9;&#9;&#9;&#9;//inserimentoPin();&#13;&#10;&#9;&#9;&#9;&#9;&#9;statoCorrente();&#13;&#10;&#9;&#9;&#9;&#9;&#9;System.out.println(&quot;Cjeckpoint inserisci pin &quot;);&#13;&#10;&#9;        &#9;&#9;String check3 = scanner.nextLine().toLowerCase();&#13;&#10;&#9;        &#9;&#9;&#13;&#10;&#9;&#9;&#9;&#9;&#9;break;&#13;&#10;&#9;&#9;&#9;&#9;case PRONTA:&#13;&#10;&#9;&#9;&#9;&#9;&#9;sceltaServizio();&#13;&#10;&#9;&#9;&#9;&#9;&#9;break;&#13;&#10;&#9;&#9;&#9;&#9;case INUSO:&#13;&#10;&#9;&#9;&#9;&#9;&#9;stampanteInUso();&#13;&#10;&#9;&#9;&#9;&#9;&#9;break;&#13;&#10;&#9;&#9;&#9;&#9;case ERRORE:&#13;&#10;&#9;&#9;&#9;&#9;&#9;gestioneErrore();&#13;&#10;&#9;&#9;&#9;&#9;&#9;break;&#13;&#10;        &#9;}&#13;&#10;        &#9;&#13;&#10;        }&#13;&#10;        &#13;&#10;        scanner.close();&#13;&#10;        &#13;&#10;    }&#13;&#10;}&#13;&#10;" Filename="SmartPrinter.java" Intrnl_Id="1"/>
    </SrcFileList>
    <CritList>
        <CritListEntry Name="org.codecover.model.utils.criteria.LoopCoverage" PluginName="org.codecover"/>
        <CritListEntry Name="org.codecover.model.utils.criteria.QMOCoverage" PluginName="org.codecover"/>
        <CritListEntry Name="org.codecover.model.utils.criteria.ConditionCoverage" PluginName="org.codecover"/>
        <CritListEntry Name="org.codecover.model.utils.criteria.BranchCoverage" PluginName="org.codecover"/>
        <CritListEntry Name="org.codecover.model.utils.criteria.SynchronizedStatementCoverage" PluginName="org.codecover"/>
        <CritListEntry Name="org.codecover.model.utils.criteria.StatementCoverage" PluginName="org.codecover"/>
    </CritList>
    <BoolOpList>
        <BoolOp Arity="1" Intrnl_Id="2" Name="not (!)">
            <BoolAssgnmntBoolMapList>
                <MapEntry BoolAssgnmnt="1" Value="false"/>
                <MapEntry BoolAssgnmnt="0" Value="true"/>
            </BoolAssgnmntBoolMapList>
        </BoolOp>
    </BoolOpList>
    <HierarchyLvlTypeList>
        <HierarchyLvlType EnglishName="enumeration" IntrnlName="enum" Intrnl_Id="3"/>
        <HierarchyLvlType EnglishName="package" IntrnlName="package" Intrnl_Id="4"/>
        <HierarchyLvlType EnglishName="method" IntrnlName="method" Intrnl_Id="5"/>
        <HierarchyLvlType EnglishName="class" IntrnlName="class" Intrnl_Id="6"/>
        <HierarchyLvlType EnglishName="default package" IntrnlName="default package" Intrnl_Id="7"/>
    </HierarchyLvlTypeList>
    <MASTRoot>
        <HierarchyLvl HierarchyLvlId="1287" HierarchyLvlTypeId="7" Intrnl_Id="8" Name="default package">
            <Header/>
            <LocList/>
            <HierarchyLvl HierarchyLvlId="1286" HierarchyLvlTypeId="4" Intrnl_Id="9" Name="printer">
                <Header/>
                <LocList/>
                <HierarchyLvl HierarchyLvlId="1285" HierarchyLvlTypeId="6" Intrnl_Id="10" Name="SmartPrinter">
                    <Header>
                        <Loc EndOffset="145" SrcFileId="1" StartOffset="120"/>
                    </Header>
                    <LocList>
                        <Loc EndOffset="155" SrcFileId="1" StartOffset="120"/>
                        <Loc EndOffset="260" SrcFileId="1" StartOffset="254"/>
                        <Loc EndOffset="325" SrcFileId="1" StartOffset="319"/>
                        <Loc EndOffset="9078" SrcFileId="1" StartOffset="372"/>
                    </LocList>
                    <HierarchyLvl HierarchyLvlId="1253" HierarchyLvlTypeId="3" Intrnl_Id="11" Name="Stato">
                        <Header>
                            <Loc EndOffset="172" SrcFileId="1" StartOffset="155"/>
                        </Header>
                        <LocList>
                            <Loc EndOffset="254" SrcFileId="1" StartOffset="155"/>
                        </LocList>
                    </HierarchyLvl>
                    <HierarchyLvl HierarchyLvlId="1254" HierarchyLvlTypeId="3" Intrnl_Id="12" Name="Servizio">
                        <Header>
                            <Loc EndOffset="280" SrcFileId="1" StartOffset="260"/>
                        </Header>
                        <LocList>
                            <Loc EndOffset="319" SrcFileId="1" StartOffset="260"/>
                        </LocList>
                    </HierarchyLvl>
                    <HierarchyLvl HierarchyLvlId="1255" HierarchyLvlTypeId="3" Intrnl_Id="13" Name="StatoMacchina">
                        <Header>
                            <Loc EndOffset="350" SrcFileId="1" StartOffset="325"/>
                        </Header>
                        <LocList>
                            <Loc EndOffset="372" SrcFileId="1" StartOffset="325"/>
                        </LocList>
                    </HierarchyLvl>
                    <HierarchyLvl HierarchyLvlId="1256" HierarchyLvlTypeId="5" Intrnl_Id="14" Name="controlloInputUtenteBool">
                        <Header>
                            <Loc EndOffset="840" SrcFileId="1" StartOffset="783"/>
                        </Header>
                        <LocList>
                            <Loc EndOffset="912" SrcFileId="1" StartOffset="783"/>
                        </LocList>
                        <StmntSeq Intrnl_Id="15">
                            <LocList>
                                <Loc EndOffset="905" SrcFileId="1" StartOffset="849"/>
                            </LocList>
                            <BasicStmnt CovItemId="S1" CovItemPrefix="printer.SmartPrinter.java" Intrnl_Id="16">
                                <LocList>
                                    <Loc EndOffset="905" SrcFileId="1" StartOffset="849"/>
                                </LocList>
                                <QMO CovItemId="Q0" CovItemPrefix="printer.SmartPrinter.java" Intrnl_Id="17">
                                    <LocList>
                                        <Loc EndOffset="888" SrcFileId="1" StartOffset="856"/>
                                    </LocList>
                                    <QMO_E CovItemId="Q0-0" CovItemPrefix="printer.SmartPrinter.java" Intrnl_Id="18">
                                        <LocList>
                                            <Loc EndOffset="896" SrcFileId="1" StartOffset="892"/>
                                        </LocList>
                                    </QMO_E>
                                    <QMO_E CovItemId="Q0-1" CovItemPrefix="printer.SmartPrinter.java" Intrnl_Id="19">
                                        <LocList>
                                            <Loc EndOffset="904" SrcFileId="1" StartOffset="899"/>
                                        </LocList>
                                    </QMO_E>
                                </QMO>
                            </BasicStmnt>
                        </StmntSeq>
                    </HierarchyLvl>
                    <HierarchyLvl HierarchyLvlId="1257" HierarchyLvlTypeId="5" Intrnl_Id="20" Name="getNomeUtenteLoggato">
                        <Header>
                            <Loc EndOffset="976" SrcFileId="1" StartOffset="924"/>
                        </Header>
                        <LocList>
                            <Loc EndOffset="1035" SrcFileId="1" StartOffset="924"/>
                        </LocList>
                        <StmntSeq Intrnl_Id="21">
                            <LocList>
                                <Loc EndOffset="1028" SrcFileId="1" StartOffset="985"/>
                            </LocList>
                            <BasicStmnt CovItemId="S2" CovItemPrefix="printer.SmartPrinter.java" Intrnl_Id="22">
                                <LocList>
                                    <Loc EndOffset="1028" SrcFileId="1" StartOffset="985"/>
                                </LocList>
                                <QMO CovItemId="Q1" CovItemPrefix="printer.SmartPrinter.java" Intrnl_Id="23">
                                    <LocList>
                                        <Loc EndOffset="1001" SrcFileId="1" StartOffset="992"/>
                                    </LocList>
                                    <QMO_E CovItemId="Q1-0" CovItemPrefix="printer.SmartPrinter.java" Intrnl_Id="24">
                                        <LocList>
                                            <Loc EndOffset="1015" SrcFileId="1" StartOffset="1004"/>
                                        </LocList>
                                    </QMO_E>
                                    <QMO_E CovItemId="Q1-1" CovItemPrefix="printer.SmartPrinter.java" Intrnl_Id="25">
                                        <LocList>
                                            <Loc EndOffset="1027" SrcFileId="1" StartOffset="1018"/>
                                        </LocList>
                                    </QMO_E>
                                </QMO>
                            </BasicStmnt>
                        </StmntSeq>
                    </HierarchyLvl>
                    <HierarchyLvl HierarchyLvlId="1258" HierarchyLvlTypeId="5" Intrnl_Id="26" Name="ricercaUtente">
                        <Header>
                            <Loc EndOffset="1100" SrcFileId="1" StartOffset="1047"/>
                        </Header>
                        <LocList>
                            <Loc EndOffset="1276" SrcFileId="1" StartOffset="1047"/>
                        </LocList>
                        <StmntSeq Intrnl_Id="27">
                            <LocList>
                                <Loc EndOffset="1235" SrcFileId="1" StartOffset="1116"/>
                                <Loc EndOffset="1262" SrcFileId="1" StartOffset="1249"/>
                            </LocList>
                            <LoopStmnt CovItemId="S3" CovItemPrefix="printer.SmartPrinter.java" Intrnl_Id="28" MltplExecId="L1-2" MltplExecPrefix="printer.SmartPrinter.java" NvrExecId="L1-0" NvrExecPrefix="printer.SmartPrinter.java" OnceExecutedId="L1-1" OnceExecutedPrefix="printer.SmartPrinter.java" OptBodyExec="true">
                                <StmntSeq Intrnl_Id="29">
                                    <LocList>
                                        <Loc EndOffset="1227" SrcFileId="1" StartOffset="1160"/>
                                    </LocList>
                                    <CondStmnt CovItemId="S4" CovItemPrefix="printer.SmartPrinter.java" Intrnl_Id="30">
                                        <Branch CovItemId="B1" CovItemPrefix="printer.SmartPrinter.java" Implct="false" Intrnl_Id="31">
                                            <Cond/>
                                            <LocList>
                                                <Loc EndOffset="1227" SrcFileId="1" StartOffset="1215"/>
                                            </LocList>
                                            <StmntSeq Intrnl_Id="32">
                                                <LocList>
                                                    <Loc EndOffset="1227" SrcFileId="1" StartOffset="1215"/>
                                                </LocList>
                                                <BasicStmnt CovItemId="S5" CovItemPrefix="printer.SmartPrinter.java" Intrnl_Id="33">
                                                    <LocList>
                                                        <Loc EndOffset="1227" SrcFileId="1" StartOffset="1215"/>
                                                    </LocList>
                                                </BasicStmnt>
                                            </StmntSeq>
                                        </Branch>
                                        <Branch CovItemId="B2" CovItemPrefix="printer.SmartPrinter.java" Implct="true" Intrnl_Id="34">
                                            <Cond/>
                                            <LocList/>
                                            <StmntSeq Intrnl_Id="35">
                                                <LocList/>
                                            </StmntSeq>
                                        </Branch>
                                        <Keyword EndOffset="1162" SrcFileId="1" StartOffset="1160"/>
                                        <LocList>
                                            <Loc EndOffset="1227" SrcFileId="1" StartOffset="1160"/>
                                        </LocList>
                                        <RootTerm CovItemId="C2" CovItemPrefix="printer.SmartPrinter.java" Intrnl_Id="36">
                                            <BasicBoolTerm Intrnl_Id="37">
                                                <LocList>
                                                    <Loc EndOffset="1205" SrcFileId="1" StartOffset="1163"/>
                                                </LocList>
                                            </BasicBoolTerm>
                                        </RootTerm>
                                    </CondStmnt>
                                </StmntSeq>
                                <Keyword EndOffset="1119" SrcFileId="1" StartOffset="1116"/>
                                <LocList>
                                    <Loc EndOffset="1235" SrcFileId="1" StartOffset="1116"/>
                                </LocList>
                                <RootTerm CovItemId="C1" CovItemPrefix="printer.SmartPrinter.java" Intrnl_Id="38">
                                    <BasicBoolTerm Intrnl_Id="39">
                                        <LocList>
                                            <Loc EndOffset="1144" SrcFileId="1" StartOffset="1131"/>
                                        </LocList>
                                    </BasicBoolTerm>
                                </RootTerm>
                            </LoopStmnt>
                            <BasicStmnt CovItemId="S6" CovItemPrefix="printer.SmartPrinter.java" Intrnl_Id="40">
                                <LocList>
                                    <Loc EndOffset="1262" SrcFileId="1" StartOffset="1249"/>
                                </LocList>
                            </BasicStmnt>
                        </StmntSeq>
                    </HierarchyLvl>
                    <HierarchyLvl HierarchyLvlId="1259" HierarchyLvlTypeId="5" Intrnl_Id="41" Name="getUtentebyNumBadge">
                        <Header>
                            <Loc EndOffset="1336" SrcFileId="1" StartOffset="1288"/>
                        </Header>
                        <LocList>
                            <Loc EndOffset="1472" SrcFileId="1" StartOffset="1288"/>
                        </LocList>
                        <StmntSeq Intrnl_Id="42">
                            <LocList>
                                <Loc EndOffset="1439" SrcFileId="1" StartOffset="1352"/>
                                <Loc EndOffset="1465" SrcFileId="1" StartOffset="1453"/>
                            </LocList>
                            <LoopStmnt CovItemId="S7" CovItemPrefix="printer.SmartPrinter.java" Intrnl_Id="43" MltplExecId="L2-2" MltplExecPrefix="printer.SmartPrinter.java" NvrExecId="L2-0" NvrExecPrefix="printer.SmartPrinter.java" OnceExecutedId="L2-1" OnceExecutedPrefix="printer.SmartPrinter.java" OptBodyExec="true">
                                <StmntSeq Intrnl_Id="44">
                                    <LocList>
                                        <Loc EndOffset="1431" SrcFileId="1" StartOffset="1383"/>
                                    </LocList>
                                    <CondStmnt CovItemId="S8" CovItemPrefix="printer.SmartPrinter.java" Intrnl_Id="45">
                                        <Branch CovItemId="B3" CovItemPrefix="printer.SmartPrinter.java" Implct="false" Intrnl_Id="46">
                                            <Cond/>
                                            <LocList>
                                                <Loc EndOffset="1431" SrcFileId="1" StartOffset="1422"/>
                                            </LocList>
                                            <StmntSeq Intrnl_Id="47">
                                                <LocList>
                                                    <Loc EndOffset="1431" SrcFileId="1" StartOffset="1422"/>
                                                </LocList>
                                                <BasicStmnt CovItemId="S9" CovItemPrefix="printer.SmartPrinter.java" Intrnl_Id="48">
                                                    <LocList>
                                                        <Loc EndOffset="1431" SrcFileId="1" StartOffset="1422"/>
                                                    </LocList>
                                                </BasicStmnt>
                                            </StmntSeq>
                                        </Branch>
                                        <Branch CovItemId="B4" CovItemPrefix="printer.SmartPrinter.java" Implct="true" Intrnl_Id="49">
                                            <Cond/>
                                            <LocList/>
                                            <StmntSeq Intrnl_Id="50">
                                                <LocList/>
                                            </StmntSeq>
                                        </Branch>
                                        <Keyword EndOffset="1385" SrcFileId="1" StartOffset="1383"/>
                                        <LocList>
                                            <Loc EndOffset="1431" SrcFileId="1" StartOffset="1383"/>
                                        </LocList>
                                        <RootTerm CovItemId="C3" CovItemPrefix="printer.SmartPrinter.java" Intrnl_Id="51">
                                            <BasicBoolTerm Intrnl_Id="52">
                                                <LocList>
                                                    <Loc EndOffset="1412" SrcFileId="1" StartOffset="1386"/>
                                                </LocList>
                                            </BasicBoolTerm>
                                        </RootTerm>
                                    </CondStmnt>
                                </StmntSeq>
                                <Keyword EndOffset="1355" SrcFileId="1" StartOffset="1352"/>
                                <LocList>
                                    <Loc EndOffset="1439" SrcFileId="1" StartOffset="1352"/>
                                </LocList>
                            </LoopStmnt>
                            <BasicStmnt CovItemId="S10" CovItemPrefix="printer.SmartPrinter.java" Intrnl_Id="53">
                                <LocList>
                                    <Loc EndOffset="1465" SrcFileId="1" StartOffset="1453"/>
                                </LocList>
                            </BasicStmnt>
                        </StmntSeq>
                    </HierarchyLvl>
                    <HierarchyLvl HierarchyLvlId="1260" HierarchyLvlTypeId="5" Intrnl_Id="54" Name="SmartPrinter">
                        <Header>
                            <Loc EndOffset="1505" SrcFileId="1" StartOffset="1484"/>
                        </Header>
                        <LocList>
                            <Loc EndOffset="1838" SrcFileId="1" StartOffset="1484"/>
                        </LocList>
                        <StmntSeq Intrnl_Id="55">
                            <LocList>
                                <Loc EndOffset="1545" SrcFileId="1" StartOffset="1517"/>
                                <Loc EndOffset="1571" SrcFileId="1" StartOffset="1555"/>
                                <Loc EndOffset="1599" SrcFileId="1" StartOffset="1581"/>
                                <Loc EndOffset="1626" SrcFileId="1" StartOffset="1609"/>
                                <Loc EndOffset="1673" SrcFileId="1" StartOffset="1636"/>
                                <Loc EndOffset="1706" SrcFileId="1" StartOffset="1683"/>
                                <Loc EndOffset="1730" SrcFileId="1" StartOffset="1716"/>
                                <Loc EndOffset="1766" SrcFileId="1" StartOffset="1740"/>
                                <Loc EndOffset="1798" SrcFileId="1" StartOffset="1776"/>
                                <Loc EndOffset="1831" SrcFileId="1" StartOffset="1808"/>
                            </LocList>
                            <BasicStmnt CovItemId="S11" CovItemPrefix="printer.SmartPrinter.java" Intrnl_Id="56">
                                <LocList>
                                    <Loc EndOffset="1545" SrcFileId="1" StartOffset="1517"/>
                                </LocList>
                            </BasicStmnt>
                            <BasicStmnt CovItemId="S12" CovItemPrefix="printer.SmartPrinter.java" Intrnl_Id="57">
                                <LocList>
                                    <Loc EndOffset="1571" SrcFileId="1" StartOffset="1555"/>
                                </LocList>
                            </BasicStmnt>
                            <BasicStmnt CovItemId="S13" CovItemPrefix="printer.SmartPrinter.java" Intrnl_Id="58">
                                <LocList>
                                    <Loc EndOffset="1599" SrcFileId="1" StartOffset="1581"/>
                                </LocList>
                            </BasicStmnt>
                            <BasicStmnt CovItemId="S14" CovItemPrefix="printer.SmartPrinter.java" Intrnl_Id="59">
                                <LocList>
                                    <Loc EndOffset="1626" SrcFileId="1" StartOffset="1609"/>
                                </LocList>
                            </BasicStmnt>
                            <BasicStmnt CovItemId="S15" CovItemPrefix="printer.SmartPrinter.java" Intrnl_Id="60">
                                <LocList>
                                    <Loc EndOffset="1673" SrcFileId="1" StartOffset="1636"/>
                                </LocList>
                            </BasicStmnt>
                            <BasicStmnt CovItemId="S16" CovItemPrefix="printer.SmartPrinter.java" Intrnl_Id="61">
                                <LocList>
                                    <Loc EndOffset="1706" SrcFileId="1" StartOffset="1683"/>
                                </LocList>
                            </BasicStmnt>
                            <BasicStmnt CovItemId="S17" CovItemPrefix="printer.SmartPrinter.java" Intrnl_Id="62">
                                <LocList>
                                    <Loc EndOffset="1730" SrcFileId="1" StartOffset="1716"/>
                                </LocList>
                            </BasicStmnt>
                            <BasicStmnt CovItemId="S18" CovItemPrefix="printer.SmartPrinter.java" Intrnl_Id="63">
                                <LocList>
                                    <Loc EndOffset="1766" SrcFileId="1" StartOffset="1740"/>
                                </LocList>
                            </BasicStmnt>
                            <BasicStmnt CovItemId="S19" CovItemPrefix="printer.SmartPrinter.java" Intrnl_Id="64">
                                <LocList>
                                    <Loc EndOffset="1798" SrcFileId="1" StartOffset="1776"/>
                                </LocList>
                            </BasicStmnt>
                            <BasicStmnt CovItemId="S20" CovItemPrefix="printer.SmartPrinter.java" Intrnl_Id="65">
                                <LocList>
                                    <Loc EndOffset="1831" SrcFileId="1" StartOffset="1808"/>
                                </LocList>
                            </BasicStmnt>
                        </StmntSeq>
                    </HierarchyLvl>
                    <HierarchyLvl HierarchyLvlId="1261" HierarchyLvlTypeId="5" Intrnl_Id="66" Name="getPrinterState">
                        <Header>
                            <Loc EndOffset="1879" SrcFileId="1" StartOffset="1846"/>
                        </Header>
                        <LocList>
                            <Loc EndOffset="1909" SrcFileId="1" StartOffset="1846"/>
                        </LocList>
                        <StmntSeq Intrnl_Id="67">
                            <LocList>
                                <Loc EndOffset="1905" SrcFileId="1" StartOffset="1885"/>
                            </LocList>
                            <BasicStmnt CovItemId="S21" CovItemPrefix="printer.SmartPrinter.java" Intrnl_Id="68">
                                <LocList>
                                    <Loc EndOffset="1905" SrcFileId="1" StartOffset="1885"/>
                                </LocList>
                            </BasicStmnt>
                        </StmntSeq>
                    </HierarchyLvl>
                    <HierarchyLvl HierarchyLvlId="1262" HierarchyLvlTypeId="5" Intrnl_Id="69" Name="getSelectedService">
                        <Header>
                            <Loc EndOffset="1953" SrcFileId="1" StartOffset="1914"/>
                        </Header>
                        <LocList>
                            <Loc EndOffset="1986" SrcFileId="1" StartOffset="1914"/>
                        </LocList>
                        <StmntSeq Intrnl_Id="70">
                            <LocList>
                                <Loc EndOffset="1982" SrcFileId="1" StartOffset="1959"/>
                            </LocList>
                            <BasicStmnt CovItemId="S22" CovItemPrefix="printer.SmartPrinter.java" Intrnl_Id="71">
                                <LocList>
                                    <Loc EndOffset="1982" SrcFileId="1" StartOffset="1959"/>
                                </LocList>
                            </BasicStmnt>
                        </StmntSeq>
                    </HierarchyLvl>
                    <HierarchyLvl HierarchyLvlId="1263" HierarchyLvlTypeId="5" Intrnl_Id="72" Name="getSpiaGuasto">
                        <Header>
                            <Loc EndOffset="2030" SrcFileId="1" StartOffset="1991"/>
                        </Header>
                        <LocList>
                            <Loc EndOffset="2058" SrcFileId="1" StartOffset="1991"/>
                        </LocList>
                        <StmntSeq Intrnl_Id="73">
                            <LocList>
                                <Loc EndOffset="2054" SrcFileId="1" StartOffset="2036"/>
                            </LocList>
                            <BasicStmnt CovItemId="S23" CovItemPrefix="printer.SmartPrinter.java" Intrnl_Id="74">
                                <LocList>
                                    <Loc EndOffset="2054" SrcFileId="1" StartOffset="2036"/>
                                </LocList>
                            </BasicStmnt>
                        </StmntSeq>
                    </HierarchyLvl>
                    <HierarchyLvl HierarchyLvlId="1264" HierarchyLvlTypeId="5" Intrnl_Id="75" Name="getTonerNero">
                        <Header>
                            <Loc EndOffset="2091" SrcFileId="1" StartOffset="2063"/>
                        </Header>
                        <LocList>
                            <Loc EndOffset="2118" SrcFileId="1" StartOffset="2063"/>
                        </LocList>
                        <StmntSeq Intrnl_Id="76">
                            <LocList>
                                <Loc EndOffset="2114" SrcFileId="1" StartOffset="2097"/>
                            </LocList>
                            <BasicStmnt CovItemId="S24" CovItemPrefix="printer.SmartPrinter.java" Intrnl_Id="77">
                                <LocList>
                                    <Loc EndOffset="2114" SrcFileId="1" StartOffset="2097"/>
                                </LocList>
                            </BasicStmnt>
                        </StmntSeq>
                    </HierarchyLvl>
                    <HierarchyLvl HierarchyLvlId="1265" HierarchyLvlTypeId="5" Intrnl_Id="78" Name="getTonerColore">
                        <Header>
                            <Loc EndOffset="2153" SrcFileId="1" StartOffset="2123"/>
                        </Header>
                        <LocList>
                            <Loc EndOffset="2182" SrcFileId="1" StartOffset="2123"/>
                        </LocList>
                        <StmntSeq Intrnl_Id="79">
                            <LocList>
                                <Loc EndOffset="2178" SrcFileId="1" StartOffset="2159"/>
                            </LocList>
                            <BasicStmnt CovItemId="S25" CovItemPrefix="printer.SmartPrinter.java" Intrnl_Id="80">
                                <LocList>
                                    <Loc EndOffset="2178" SrcFileId="1" StartOffset="2159"/>
                                </LocList>
                            </BasicStmnt>
                        </StmntSeq>
                    </HierarchyLvl>
                    <HierarchyLvl HierarchyLvlId="1266" HierarchyLvlTypeId="5" Intrnl_Id="81" Name="getFogliCarta">
                        <Header>
                            <Loc EndOffset="2216" SrcFileId="1" StartOffset="2187"/>
                        </Header>
                        <LocList>
                            <Loc EndOffset="2244" SrcFileId="1" StartOffset="2187"/>
                        </LocList>
                        <StmntSeq Intrnl_Id="82">
                            <LocList>
                                <Loc EndOffset="2240" SrcFileId="1" StartOffset="2222"/>
                            </LocList>
                            <BasicStmnt CovItemId="S26" CovItemPrefix="printer.SmartPrinter.java" Intrnl_Id="83">
                                <LocList>
                                    <Loc EndOffset="2240" SrcFileId="1" StartOffset="2222"/>
                                </LocList>
                            </BasicStmnt>
                        </StmntSeq>
                    </HierarchyLvl>
                    <HierarchyLvl HierarchyLvlId="1267" HierarchyLvlTypeId="5" Intrnl_Id="84" Name="isCollegatoWireless">
                        <Header>
                            <Loc EndOffset="2288" SrcFileId="1" StartOffset="2249"/>
                        </Header>
                        <LocList>
                            <Loc EndOffset="2323" SrcFileId="1" StartOffset="2249"/>
                        </LocList>
                        <StmntSeq Intrnl_Id="85">
                            <LocList>
                                <Loc EndOffset="2319" SrcFileId="1" StartOffset="2294"/>
                            </LocList>
                            <BasicStmnt CovItemId="S27" CovItemPrefix="printer.SmartPrinter.java" Intrnl_Id="86">
                                <LocList>
                                    <Loc EndOffset="2319" SrcFileId="1" StartOffset="2294"/>
                                </LocList>
                            </BasicStmnt>
                        </StmntSeq>
                    </HierarchyLvl>
                    <HierarchyLvl HierarchyLvlId="1268" HierarchyLvlTypeId="5" Intrnl_Id="87" Name="isCollegatoCavo">
                        <Header>
                            <Loc EndOffset="2363" SrcFileId="1" StartOffset="2328"/>
                        </Header>
                        <LocList>
                            <Loc EndOffset="2394" SrcFileId="1" StartOffset="2328"/>
                        </LocList>
                        <StmntSeq Intrnl_Id="88">
                            <LocList>
                                <Loc EndOffset="2390" SrcFileId="1" StartOffset="2369"/>
                            </LocList>
                            <BasicStmnt CovItemId="S28" CovItemPrefix="printer.SmartPrinter.java" Intrnl_Id="89">
                                <LocList>
                                    <Loc EndOffset="2390" SrcFileId="1" StartOffset="2369"/>
                                </LocList>
                            </BasicStmnt>
                        </StmntSeq>
                    </HierarchyLvl>
                    <HierarchyLvl HierarchyLvlId="1269" HierarchyLvlTypeId="5" Intrnl_Id="90" Name="isCartaInceppata">
                        <Header>
                            <Loc EndOffset="2435" SrcFileId="1" StartOffset="2399"/>
                        </Header>
                        <LocList>
                            <Loc EndOffset="2467" SrcFileId="1" StartOffset="2399"/>
                        </LocList>
                        <StmntSeq Intrnl_Id="91">
                            <LocList>
                                <Loc EndOffset="2463" SrcFileId="1" StartOffset="2441"/>
                            </LocList>
                            <BasicStmnt CovItemId="S29" CovItemPrefix="printer.SmartPrinter.java" Intrnl_Id="92">
                                <LocList>
                                    <Loc EndOffset="2463" SrcFileId="1" StartOffset="2441"/>
                                </LocList>
                            </BasicStmnt>
                        </StmntSeq>
                    </HierarchyLvl>
                    <HierarchyLvl HierarchyLvlId="1270" HierarchyLvlTypeId="5" Intrnl_Id="93" Name="getUtenti">
                        <Header>
                            <Loc EndOffset="2502" SrcFileId="1" StartOffset="2472"/>
                        </Header>
                        <LocList>
                            <Loc EndOffset="2526" SrcFileId="1" StartOffset="2472"/>
                        </LocList>
                        <StmntSeq Intrnl_Id="94">
                            <LocList>
                                <Loc EndOffset="2522" SrcFileId="1" StartOffset="2508"/>
                            </LocList>
                            <BasicStmnt CovItemId="S30" CovItemPrefix="printer.SmartPrinter.java" Intrnl_Id="95">
                                <LocList>
                                    <Loc EndOffset="2522" SrcFileId="1" StartOffset="2508"/>
                                </LocList>
                            </BasicStmnt>
                        </StmntSeq>
                    </HierarchyLvl>
                    <HierarchyLvl HierarchyLvlId="1271" HierarchyLvlTypeId="5" Intrnl_Id="96" Name="getUtenteCorrente">
                        <Header>
                            <Loc EndOffset="2567" SrcFileId="1" StartOffset="2531"/>
                        </Header>
                        <LocList>
                            <Loc EndOffset="2599" SrcFileId="1" StartOffset="2531"/>
                        </LocList>
                        <StmntSeq Intrnl_Id="97">
                            <LocList>
                                <Loc EndOffset="2595" SrcFileId="1" StartOffset="2573"/>
                            </LocList>
                            <BasicStmnt CovItemId="S31" CovItemPrefix="printer.SmartPrinter.java" Intrnl_Id="98">
                                <LocList>
                                    <Loc EndOffset="2595" SrcFileId="1" StartOffset="2573"/>
                                </LocList>
                            </BasicStmnt>
                        </StmntSeq>
                    </HierarchyLvl>
                    <HierarchyLvl HierarchyLvlId="1272" HierarchyLvlTypeId="5" Intrnl_Id="99" Name="aggiungiUtente">
                        <Header>
                            <Loc EndOffset="2646" SrcFileId="1" StartOffset="2604"/>
                        </Header>
                        <LocList>
                            <Loc EndOffset="2997" SrcFileId="1" StartOffset="2604"/>
                        </LocList>
                        <StmntSeq Intrnl_Id="100">
                            <LocList>
                                <Loc EndOffset="2956" SrcFileId="1" StartOffset="2658"/>
                                <Loc EndOffset="2980" SrcFileId="1" StartOffset="2967"/>
                            </LocList>
                            <CondStmnt CovItemId="S32" CovItemPrefix="printer.SmartPrinter.java" Intrnl_Id="101">
                                <Branch CovItemId="B5" CovItemPrefix="printer.SmartPrinter.java" Implct="false" Intrnl_Id="102">
                                    <Cond/>
                                    <LocList>
                                        <Loc EndOffset="2869" SrcFileId="1" StartOffset="2688"/>
                                    </LocList>
                                    <StmntSeq Intrnl_Id="103">
                                        <LocList>
                                            <Loc EndOffset="2722" SrcFileId="1" StartOffset="2700"/>
                                            <Loc EndOffset="2745" SrcFileId="1" StartOffset="2733"/>
                                            <Loc EndOffset="2835" SrcFileId="1" StartOffset="2756"/>
                                            <Loc EndOffset="2858" SrcFileId="1" StartOffset="2846"/>
                                        </LocList>
                                        <BasicStmnt CovItemId="S33" CovItemPrefix="printer.SmartPrinter.java" Intrnl_Id="104">
                                            <LocList>
                                                <Loc EndOffset="2722" SrcFileId="1" StartOffset="2700"/>
                                            </LocList>
                                        </BasicStmnt>
                                        <BasicStmnt CovItemId="S34" CovItemPrefix="printer.SmartPrinter.java" Intrnl_Id="105">
                                            <LocList>
                                                <Loc EndOffset="2745" SrcFileId="1" StartOffset="2733"/>
                                            </LocList>
                                        </BasicStmnt>
                                        <BasicStmnt CovItemId="S35" CovItemPrefix="printer.SmartPrinter.java" Intrnl_Id="106">
                                            <LocList>
                                                <Loc EndOffset="2835" SrcFileId="1" StartOffset="2756"/>
                                            </LocList>
                                        </BasicStmnt>
                                        <BasicStmnt CovItemId="S36" CovItemPrefix="printer.SmartPrinter.java" Intrnl_Id="107">
                                            <LocList>
                                                <Loc EndOffset="2858" SrcFileId="1" StartOffset="2846"/>
                                            </LocList>
                                        </BasicStmnt>
                                    </StmntSeq>
                                </Branch>
                                <Branch CovItemId="B6" CovItemPrefix="printer.SmartPrinter.java" Implct="false" Intrnl_Id="108">
                                    <Cond>
                                        <Loc EndOffset="2883" SrcFileId="1" StartOffset="2879"/>
                                    </Cond>
                                    <LocList>
                                        <Loc EndOffset="2956" SrcFileId="1" StartOffset="2894"/>
                                    </LocList>
                                    <StmntSeq Intrnl_Id="109">
                                        <LocList>
                                            <Loc EndOffset="2956" SrcFileId="1" StartOffset="2894"/>
                                        </LocList>
                                        <BasicStmnt CovItemId="S37" CovItemPrefix="printer.SmartPrinter.java" Intrnl_Id="110">
                                            <LocList>
                                                <Loc EndOffset="2956" SrcFileId="1" StartOffset="2894"/>
                                            </LocList>
                                        </BasicStmnt>
                                    </StmntSeq>
                                </Branch>
                                <Keyword EndOffset="2660" SrcFileId="1" StartOffset="2658"/>
                                <LocList>
                                    <Loc EndOffset="2956" SrcFileId="1" StartOffset="2658"/>
                                </LocList>
                                <RootTerm CovItemId="C4" CovItemPrefix="printer.SmartPrinter.java" Intrnl_Id="111">
                                    <BasicBoolTerm Intrnl_Id="112">
                                        <LocList>
                                            <Loc EndOffset="2686" SrcFileId="1" StartOffset="2661"/>
                                        </LocList>
                                    </BasicBoolTerm>
                                </RootTerm>
                            </CondStmnt>
                            <BasicStmnt CovItemId="S38" CovItemPrefix="printer.SmartPrinter.java" Intrnl_Id="113">
                                <LocList>
                                    <Loc EndOffset="2980" SrcFileId="1" StartOffset="2967"/>
                                </LocList>
                            </BasicStmnt>
                        </StmntSeq>
                    </HierarchyLvl>
                    <HierarchyLvl HierarchyLvlId="1273" HierarchyLvlTypeId="5" Intrnl_Id="114" Name="guastoStampante">
                        <Header>
                            <Loc EndOffset="3041" SrcFileId="1" StartOffset="3009"/>
                        </Header>
                        <LocList>
                            <Loc EndOffset="3130" SrcFileId="1" StartOffset="3009"/>
                        </LocList>
                        <StmntSeq Intrnl_Id="115">
                            <LocList>
                                <Loc EndOffset="3123" SrcFileId="1" StartOffset="3050"/>
                            </LocList>
                            <CondStmnt CovItemId="S39" CovItemPrefix="printer.SmartPrinter.java" Intrnl_Id="116">
                                <Branch CovItemId="B7" CovItemPrefix="printer.SmartPrinter.java" Implct="false" Intrnl_Id="117">
                                    <Cond/>
                                    <LocList>
                                        <Loc EndOffset="3123" SrcFileId="1" StartOffset="3089"/>
                                    </LocList>
                                    <StmntSeq Intrnl_Id="118">
                                        <LocList>
                                            <Loc EndOffset="3123" SrcFileId="1" StartOffset="3089"/>
                                        </LocList>
                                        <BasicStmnt CovItemId="S40" CovItemPrefix="printer.SmartPrinter.java" Intrnl_Id="119">
                                            <LocList>
                                                <Loc EndOffset="3123" SrcFileId="1" StartOffset="3089"/>
                                            </LocList>
                                        </BasicStmnt>
                                    </StmntSeq>
                                </Branch>
                                <Branch CovItemId="B8" CovItemPrefix="printer.SmartPrinter.java" Implct="true" Intrnl_Id="120">
                                    <Cond/>
                                    <LocList/>
                                    <StmntSeq Intrnl_Id="121">
                                        <LocList/>
                                    </StmntSeq>
                                </Branch>
                                <Keyword EndOffset="3052" SrcFileId="1" StartOffset="3050"/>
                                <LocList>
                                    <Loc EndOffset="3123" SrcFileId="1" StartOffset="3050"/>
                                </LocList>
                                <RootTerm CovItemId="C5" CovItemPrefix="printer.SmartPrinter.java" Intrnl_Id="122">
                                    <BasicBoolTerm Intrnl_Id="123">
                                        <LocList>
                                            <Loc EndOffset="3080" SrcFileId="1" StartOffset="3053"/>
                                        </LocList>
                                    </BasicBoolTerm>
                                </RootTerm>
                            </CondStmnt>
                        </StmntSeq>
                    </HierarchyLvl>
                    <HierarchyLvl HierarchyLvlId="1274" HierarchyLvlTypeId="5" Intrnl_Id="124" Name="riparazioneStampante">
                        <Header>
                            <Loc EndOffset="3179" SrcFileId="1" StartOffset="3142"/>
                        </Header>
                        <LocList>
                            <Loc EndOffset="3278" SrcFileId="1" StartOffset="3142"/>
                        </LocList>
                        <StmntSeq Intrnl_Id="125">
                            <LocList>
                                <Loc EndOffset="3271" SrcFileId="1" StartOffset="3188"/>
                            </LocList>
                            <CondStmnt CovItemId="S41" CovItemPrefix="printer.SmartPrinter.java" Intrnl_Id="126">
                                <Branch CovItemId="B9" CovItemPrefix="printer.SmartPrinter.java" Implct="false" Intrnl_Id="127">
                                    <Cond/>
                                    <LocList>
                                        <Loc EndOffset="3271" SrcFileId="1" StartOffset="3234"/>
                                    </LocList>
                                    <StmntSeq Intrnl_Id="128">
                                        <LocList>
                                            <Loc EndOffset="3271" SrcFileId="1" StartOffset="3234"/>
                                        </LocList>
                                        <BasicStmnt CovItemId="S42" CovItemPrefix="printer.SmartPrinter.java" Intrnl_Id="129">
                                            <LocList>
                                                <Loc EndOffset="3271" SrcFileId="1" StartOffset="3234"/>
                                            </LocList>
                                        </BasicStmnt>
                                    </StmntSeq>
                                </Branch>
                                <Branch CovItemId="B10" CovItemPrefix="printer.SmartPrinter.java" Implct="true" Intrnl_Id="130">
                                    <Cond/>
                                    <LocList/>
                                    <StmntSeq Intrnl_Id="131">
                                        <LocList/>
                                    </StmntSeq>
                                </Branch>
                                <Keyword EndOffset="3190" SrcFileId="1" StartOffset="3188"/>
                                <LocList>
                                    <Loc EndOffset="3271" SrcFileId="1" StartOffset="3188"/>
                                </LocList>
                                <RootTerm CovItemId="C6" CovItemPrefix="printer.SmartPrinter.java" Intrnl_Id="132">
                                    <BasicBoolTerm Intrnl_Id="133">
                                        <LocList>
                                            <Loc EndOffset="3225" SrcFileId="1" StartOffset="3191"/>
                                        </LocList>
                                    </BasicBoolTerm>
                                </RootTerm>
                            </CondStmnt>
                        </StmntSeq>
                    </HierarchyLvl>
                    <HierarchyLvl HierarchyLvlId="1275" HierarchyLvlTypeId="5" Intrnl_Id="134" Name="accendiStampante">
                        <Header>
                            <Loc EndOffset="3322" SrcFileId="1" StartOffset="3286"/>
                        </Header>
                        <LocList>
                            <Loc EndOffset="3567" SrcFileId="1" StartOffset="3286"/>
                        </LocList>
                        <StmntSeq Intrnl_Id="135">
                            <LocList>
                                <Loc EndOffset="3478" SrcFileId="1" StartOffset="3331"/>
                                <Loc EndOffset="3533" SrcFileId="1" StartOffset="3485"/>
                                <Loc EndOffset="3553" SrcFileId="1" StartOffset="3540"/>
                            </LocList>
                            <CondStmnt CovItemId="S43" CovItemPrefix="printer.SmartPrinter.java" Intrnl_Id="136">
                                <Branch CovItemId="B11" CovItemPrefix="printer.SmartPrinter.java" Implct="false" Intrnl_Id="137">
                                    <Cond/>
                                    <LocList>
                                        <Loc EndOffset="3478" SrcFileId="1" StartOffset="3364"/>
                                    </LocList>
                                    <StmntSeq Intrnl_Id="138">
                                        <LocList>
                                            <Loc EndOffset="3400" SrcFileId="1" StartOffset="3373"/>
                                            <Loc EndOffset="3450" SrcFileId="1" StartOffset="3408"/>
                                            <Loc EndOffset="3470" SrcFileId="1" StartOffset="3458"/>
                                        </LocList>
                                        <BasicStmnt CovItemId="S44" CovItemPrefix="printer.SmartPrinter.java" Intrnl_Id="139">
                                            <LocList>
                                                <Loc EndOffset="3400" SrcFileId="1" StartOffset="3373"/>
                                            </LocList>
                                        </BasicStmnt>
                                        <BasicStmnt CovItemId="S45" CovItemPrefix="printer.SmartPrinter.java" Intrnl_Id="140">
                                            <LocList>
                                                <Loc EndOffset="3450" SrcFileId="1" StartOffset="3408"/>
                                            </LocList>
                                        </BasicStmnt>
                                        <BasicStmnt CovItemId="S46" CovItemPrefix="printer.SmartPrinter.java" Intrnl_Id="141">
                                            <LocList>
                                                <Loc EndOffset="3470" SrcFileId="1" StartOffset="3458"/>
                                            </LocList>
                                        </BasicStmnt>
                                    </StmntSeq>
                                </Branch>
                                <Branch CovItemId="B12" CovItemPrefix="printer.SmartPrinter.java" Implct="true" Intrnl_Id="142">
                                    <Cond/>
                                    <LocList/>
                                    <StmntSeq Intrnl_Id="143">
                                        <LocList/>
                                    </StmntSeq>
                                </Branch>
                                <Keyword EndOffset="3333" SrcFileId="1" StartOffset="3331"/>
                                <LocList>
                                    <Loc EndOffset="3478" SrcFileId="1" StartOffset="3331"/>
                                </LocList>
                                <RootTerm CovItemId="C7" CovItemPrefix="printer.SmartPrinter.java" Intrnl_Id="144">
                                    <BasicBoolTerm Intrnl_Id="145">
                                        <LocList>
                                            <Loc EndOffset="3362" SrcFileId="1" StartOffset="3334"/>
                                        </LocList>
                                    </BasicBoolTerm>
                                </RootTerm>
                            </CondStmnt>
                            <BasicStmnt CovItemId="S47" CovItemPrefix="printer.SmartPrinter.java" Intrnl_Id="146">
                                <LocList>
                                    <Loc EndOffset="3533" SrcFileId="1" StartOffset="3485"/>
                                </LocList>
                            </BasicStmnt>
                            <BasicStmnt CovItemId="S48" CovItemPrefix="printer.SmartPrinter.java" Intrnl_Id="147">
                                <LocList>
                                    <Loc EndOffset="3553" SrcFileId="1" StartOffset="3540"/>
                                </LocList>
                            </BasicStmnt>
                        </StmntSeq>
                    </HierarchyLvl>
                    <HierarchyLvl HierarchyLvlId="1276" HierarchyLvlTypeId="5" Intrnl_Id="148" Name="avvioStampante">
                        <Header>
                            <Loc EndOffset="3609" SrcFileId="1" StartOffset="3575"/>
                        </Header>
                        <LocList>
                            <Loc EndOffset="4045" SrcFileId="1" StartOffset="3575"/>
                        </LocList>
                        <StmntSeq Intrnl_Id="149">
                            <LocList>
                                <Loc EndOffset="3967" SrcFileId="1" StartOffset="3618"/>
                                <Loc EndOffset="4018" SrcFileId="1" StartOffset="3974"/>
                                <Loc EndOffset="4038" SrcFileId="1" StartOffset="4025"/>
                            </LocList>
                            <CondStmnt CovItemId="S49" CovItemPrefix="printer.SmartPrinter.java" Intrnl_Id="150">
                                <Branch CovItemId="B13" CovItemPrefix="printer.SmartPrinter.java" Implct="false" Intrnl_Id="151">
                                    <Cond/>
                                    <LocList>
                                        <Loc EndOffset="3967" SrcFileId="1" StartOffset="3650"/>
                                    </LocList>
                                    <StmntSeq Intrnl_Id="152">
                                        <LocList>
                                            <Loc EndOffset="3959" SrcFileId="1" StartOffset="3659"/>
                                        </LocList>
                                        <CondStmnt CovItemId="S50" CovItemPrefix="printer.SmartPrinter.java" Intrnl_Id="153">
                                            <Branch CovItemId="B15" CovItemPrefix="printer.SmartPrinter.java" Implct="false" Intrnl_Id="154">
                                                <Cond/>
                                                <LocList>
                                                    <Loc EndOffset="3824" SrcFileId="1" StartOffset="3698"/>
                                                </LocList>
                                                <StmntSeq Intrnl_Id="155">
                                                    <LocList>
                                                        <Loc EndOffset="3742" SrcFileId="1" StartOffset="3708"/>
                                                        <Loc EndOffset="3790" SrcFileId="1" StartOffset="3751"/>
                                                        <Loc EndOffset="3812" SrcFileId="1" StartOffset="3799"/>
                                                    </LocList>
                                                    <BasicStmnt CovItemId="S51" CovItemPrefix="printer.SmartPrinter.java" Intrnl_Id="156">
                                                        <LocList>
                                                            <Loc EndOffset="3742" SrcFileId="1" StartOffset="3708"/>
                                                        </LocList>
                                                    </BasicStmnt>
                                                    <BasicStmnt CovItemId="S52" CovItemPrefix="printer.SmartPrinter.java" Intrnl_Id="157">
                                                        <LocList>
                                                            <Loc EndOffset="3790" SrcFileId="1" StartOffset="3751"/>
                                                        </LocList>
                                                    </BasicStmnt>
                                                    <BasicStmnt CovItemId="S53" CovItemPrefix="printer.SmartPrinter.java" Intrnl_Id="158">
                                                        <LocList>
                                                            <Loc EndOffset="3812" SrcFileId="1" StartOffset="3799"/>
                                                        </LocList>
                                                    </BasicStmnt>
                                                </StmntSeq>
                                            </Branch>
                                            <Branch CovItemId="B16" CovItemPrefix="printer.SmartPrinter.java" Implct="false" Intrnl_Id="159">
                                                <Cond>
                                                    <Loc EndOffset="3839" SrcFileId="1" StartOffset="3835"/>
                                                </Cond>
                                                <LocList>
                                                    <Loc EndOffset="3959" SrcFileId="1" StartOffset="3840"/>
                                                </LocList>
                                                <StmntSeq Intrnl_Id="160">
                                                    <LocList>
                                                        <Loc EndOffset="3883" SrcFileId="1" StartOffset="3850"/>
                                                        <Loc EndOffset="3929" SrcFileId="1" StartOffset="3892"/>
                                                        <Loc EndOffset="3950" SrcFileId="1" StartOffset="3938"/>
                                                    </LocList>
                                                    <BasicStmnt CovItemId="S54" CovItemPrefix="printer.SmartPrinter.java" Intrnl_Id="161">
                                                        <LocList>
                                                            <Loc EndOffset="3883" SrcFileId="1" StartOffset="3850"/>
                                                        </LocList>
                                                    </BasicStmnt>
                                                    <BasicStmnt CovItemId="S55" CovItemPrefix="printer.SmartPrinter.java" Intrnl_Id="162">
                                                        <LocList>
                                                            <Loc EndOffset="3929" SrcFileId="1" StartOffset="3892"/>
                                                        </LocList>
                                                    </BasicStmnt>
                                                    <BasicStmnt CovItemId="S56" CovItemPrefix="printer.SmartPrinter.java" Intrnl_Id="163">
                                                        <LocList>
                                                            <Loc EndOffset="3950" SrcFileId="1" StartOffset="3938"/>
                                                        </LocList>
                                                    </BasicStmnt>
                                                </StmntSeq>
                                            </Branch>
                                            <Keyword EndOffset="3661" SrcFileId="1" StartOffset="3659"/>
                                            <LocList>
                                                <Loc EndOffset="3959" SrcFileId="1" StartOffset="3659"/>
                                            </LocList>
                                            <RootTerm CovItemId="C9" CovItemPrefix="printer.SmartPrinter.java" Intrnl_Id="164">
                                                <BasicBoolTerm Intrnl_Id="165">
                                                    <LocList>
                                                        <Loc EndOffset="3696" SrcFileId="1" StartOffset="3662"/>
                                                    </LocList>
                                                </BasicBoolTerm>
                                            </RootTerm>
                                        </CondStmnt>
                                    </StmntSeq>
                                </Branch>
                                <Branch CovItemId="B14" CovItemPrefix="printer.SmartPrinter.java" Implct="true" Intrnl_Id="166">
                                    <Cond/>
                                    <LocList/>
                                    <StmntSeq Intrnl_Id="167">
                                        <LocList/>
                                    </StmntSeq>
                                </Branch>
                                <Keyword EndOffset="3620" SrcFileId="1" StartOffset="3618"/>
                                <LocList>
                                    <Loc EndOffset="3967" SrcFileId="1" StartOffset="3618"/>
                                </LocList>
                                <RootTerm CovItemId="C8" CovItemPrefix="printer.SmartPrinter.java" Intrnl_Id="168">
                                    <BasicBoolTerm Intrnl_Id="169">
                                        <LocList>
                                            <Loc EndOffset="3648" SrcFileId="1" StartOffset="3621"/>
                                        </LocList>
                                    </BasicBoolTerm>
                                </RootTerm>
                            </CondStmnt>
                            <BasicStmnt CovItemId="S57" CovItemPrefix="printer.SmartPrinter.java" Intrnl_Id="170">
                                <LocList>
                                    <Loc EndOffset="4018" SrcFileId="1" StartOffset="3974"/>
                                </LocList>
                            </BasicStmnt>
                            <BasicStmnt CovItemId="S58" CovItemPrefix="printer.SmartPrinter.java" Intrnl_Id="171">
                                <LocList>
                                    <Loc EndOffset="4038" SrcFileId="1" StartOffset="4025"/>
                                </LocList>
                            </BasicStmnt>
                        </StmntSeq>
                    </HierarchyLvl>
                    <HierarchyLvl HierarchyLvlId="1277" HierarchyLvlTypeId="5" Intrnl_Id="172" Name="gestioneGuasto">
                        <Header>
                            <Loc EndOffset="4091" SrcFileId="1" StartOffset="4057"/>
                        </Header>
                        <LocList>
                            <Loc EndOffset="4510" SrcFileId="1" StartOffset="4057"/>
                        </LocList>
                        <StmntSeq Intrnl_Id="173">
                            <LocList>
                                <Loc EndOffset="4432" SrcFileId="1" StartOffset="4100"/>
                                <Loc EndOffset="4483" SrcFileId="1" StartOffset="4439"/>
                                <Loc EndOffset="4503" SrcFileId="1" StartOffset="4490"/>
                            </LocList>
                            <CondStmnt CovItemId="S59" CovItemPrefix="printer.SmartPrinter.java" Intrnl_Id="174">
                                <Branch CovItemId="B17" CovItemPrefix="printer.SmartPrinter.java" Implct="false" Intrnl_Id="175">
                                    <Cond/>
                                    <LocList>
                                        <Loc EndOffset="4432" SrcFileId="1" StartOffset="4139"/>
                                    </LocList>
                                    <StmntSeq Intrnl_Id="176">
                                        <LocList>
                                            <Loc EndOffset="4424" SrcFileId="1" StartOffset="4148"/>
                                        </LocList>
                                        <CondStmnt CovItemId="S60" CovItemPrefix="printer.SmartPrinter.java" Intrnl_Id="177">
                                            <Branch CovItemId="B19" CovItemPrefix="printer.SmartPrinter.java" Implct="false" Intrnl_Id="178">
                                                <Cond/>
                                                <LocList>
                                                    <Loc EndOffset="4312" SrcFileId="1" StartOffset="4190"/>
                                                </LocList>
                                                <StmntSeq Intrnl_Id="179">
                                                    <LocList>
                                                        <Loc EndOffset="4233" SrcFileId="1" StartOffset="4200"/>
                                                        <Loc EndOffset="4279" SrcFileId="1" StartOffset="4242"/>
                                                        <Loc EndOffset="4300" SrcFileId="1" StartOffset="4288"/>
                                                    </LocList>
                                                    <BasicStmnt CovItemId="S61" CovItemPrefix="printer.SmartPrinter.java" Intrnl_Id="180">
                                                        <LocList>
                                                            <Loc EndOffset="4233" SrcFileId="1" StartOffset="4200"/>
                                                        </LocList>
                                                    </BasicStmnt>
                                                    <BasicStmnt CovItemId="S62" CovItemPrefix="printer.SmartPrinter.java" Intrnl_Id="181">
                                                        <LocList>
                                                            <Loc EndOffset="4279" SrcFileId="1" StartOffset="4242"/>
                                                        </LocList>
                                                    </BasicStmnt>
                                                    <BasicStmnt CovItemId="S63" CovItemPrefix="printer.SmartPrinter.java" Intrnl_Id="182">
                                                        <LocList>
                                                            <Loc EndOffset="4300" SrcFileId="1" StartOffset="4288"/>
                                                        </LocList>
                                                    </BasicStmnt>
                                                </StmntSeq>
                                            </Branch>
                                            <Branch CovItemId="B20" CovItemPrefix="printer.SmartPrinter.java" Implct="false" Intrnl_Id="183">
                                                <Cond>
                                                    <Loc EndOffset="4327" SrcFileId="1" StartOffset="4323"/>
                                                </Cond>
                                                <LocList>
                                                    <Loc EndOffset="4424" SrcFileId="1" StartOffset="4328"/>
                                                </LocList>
                                                <StmntSeq Intrnl_Id="184">
                                                    <LocList>
                                                        <Loc EndOffset="4387" SrcFileId="1" StartOffset="4341"/>
                                                        <Loc EndOffset="4412" SrcFileId="1" StartOffset="4399"/>
                                                    </LocList>
                                                    <BasicStmnt CovItemId="S64" CovItemPrefix="printer.SmartPrinter.java" Intrnl_Id="185">
                                                        <LocList>
                                                            <Loc EndOffset="4387" SrcFileId="1" StartOffset="4341"/>
                                                        </LocList>
                                                    </BasicStmnt>
                                                    <BasicStmnt CovItemId="S65" CovItemPrefix="printer.SmartPrinter.java" Intrnl_Id="186">
                                                        <LocList>
                                                            <Loc EndOffset="4412" SrcFileId="1" StartOffset="4399"/>
                                                        </LocList>
                                                    </BasicStmnt>
                                                </StmntSeq>
                                            </Branch>
                                            <Keyword EndOffset="4150" SrcFileId="1" StartOffset="4148"/>
                                            <LocList>
                                                <Loc EndOffset="4424" SrcFileId="1" StartOffset="4148"/>
                                            </LocList>
                                            <RootTerm CovItemId="C11" CovItemPrefix="printer.SmartPrinter.java" Intrnl_Id="187">
                                                <BasicBoolTerm Intrnl_Id="188">
                                                    <LocList>
                                                        <Loc EndOffset="4188" SrcFileId="1" StartOffset="4151"/>
                                                    </LocList>
                                                </BasicBoolTerm>
                                            </RootTerm>
                                        </CondStmnt>
                                    </StmntSeq>
                                </Branch>
                                <Branch CovItemId="B18" CovItemPrefix="printer.SmartPrinter.java" Implct="true" Intrnl_Id="189">
                                    <Cond/>
                                    <LocList/>
                                    <StmntSeq Intrnl_Id="190">
                                        <LocList/>
                                    </StmntSeq>
                                </Branch>
                                <Keyword EndOffset="4102" SrcFileId="1" StartOffset="4100"/>
                                <LocList>
                                    <Loc EndOffset="4432" SrcFileId="1" StartOffset="4100"/>
                                </LocList>
                                <RootTerm CovItemId="C10" CovItemPrefix="printer.SmartPrinter.java" Intrnl_Id="191">
                                    <BasicBoolTerm Intrnl_Id="192">
                                        <LocList>
                                            <Loc EndOffset="4137" SrcFileId="1" StartOffset="4103"/>
                                        </LocList>
                                    </BasicBoolTerm>
                                </RootTerm>
                            </CondStmnt>
                            <BasicStmnt CovItemId="S66" CovItemPrefix="printer.SmartPrinter.java" Intrnl_Id="193">
                                <LocList>
                                    <Loc EndOffset="4483" SrcFileId="1" StartOffset="4439"/>
                                </LocList>
                            </BasicStmnt>
                            <BasicStmnt CovItemId="S67" CovItemPrefix="printer.SmartPrinter.java" Intrnl_Id="194">
                                <LocList>
                                    <Loc EndOffset="4503" SrcFileId="1" StartOffset="4490"/>
                                </LocList>
                            </BasicStmnt>
                        </StmntSeq>
                    </HierarchyLvl>
                    <HierarchyLvl HierarchyLvlId="1278" HierarchyLvlTypeId="5" Intrnl_Id="195" Name="identificazioneUtente">
                        <Header>
                            <Loc EndOffset="4575" SrcFileId="1" StartOffset="4522"/>
                        </Header>
                        <LocList>
                            <Loc EndOffset="5079" SrcFileId="1" StartOffset="4522"/>
                        </LocList>
                        <StmntSeq Intrnl_Id="196">
                            <LocList>
                                <Loc EndOffset="5001" SrcFileId="1" StartOffset="4584"/>
                                <Loc EndOffset="5052" SrcFileId="1" StartOffset="5008"/>
                                <Loc EndOffset="5072" SrcFileId="1" StartOffset="5059"/>
                            </LocList>
                            <CondStmnt CovItemId="S68" CovItemPrefix="printer.SmartPrinter.java" Intrnl_Id="197">
                                <Branch CovItemId="B21" CovItemPrefix="printer.SmartPrinter.java" Implct="false" Intrnl_Id="198">
                                    <Cond/>
                                    <LocList>
                                        <Loc EndOffset="5001" SrcFileId="1" StartOffset="4622"/>
                                    </LocList>
                                    <StmntSeq Intrnl_Id="199">
                                        <LocList>
                                            <Loc EndOffset="4993" SrcFileId="1" StartOffset="4632"/>
                                        </LocList>
                                        <CondStmnt CovItemId="S69" CovItemPrefix="printer.SmartPrinter.java" Intrnl_Id="200">
                                            <Branch CovItemId="B23" CovItemPrefix="printer.SmartPrinter.java" Implct="false" Intrnl_Id="201">
                                                <Cond/>
                                                <LocList>
                                                    <Loc EndOffset="4882" SrcFileId="1" StartOffset="4660"/>
                                                </LocList>
                                                <StmntSeq Intrnl_Id="202">
                                                    <LocList>
                                                        <Loc EndOffset="4717" SrcFileId="1" StartOffset="4670"/>
                                                        <Loc EndOffset="4760" SrcFileId="1" StartOffset="4726"/>
                                                        <Loc EndOffset="4849" SrcFileId="1" StartOffset="4769"/>
                                                        <Loc EndOffset="4870" SrcFileId="1" StartOffset="4858"/>
                                                    </LocList>
                                                    <BasicStmnt CovItemId="S70" CovItemPrefix="printer.SmartPrinter.java" Intrnl_Id="203">
                                                        <LocList>
                                                            <Loc EndOffset="4717" SrcFileId="1" StartOffset="4670"/>
                                                        </LocList>
                                                    </BasicStmnt>
                                                    <BasicStmnt CovItemId="S71" CovItemPrefix="printer.SmartPrinter.java" Intrnl_Id="204">
                                                        <LocList>
                                                            <Loc EndOffset="4760" SrcFileId="1" StartOffset="4726"/>
                                                        </LocList>
                                                    </BasicStmnt>
                                                    <BasicStmnt CovItemId="S72" CovItemPrefix="printer.SmartPrinter.java" Intrnl_Id="205">
                                                        <LocList>
                                                            <Loc EndOffset="4849" SrcFileId="1" StartOffset="4769"/>
                                                        </LocList>
                                                    </BasicStmnt>
                                                    <BasicStmnt CovItemId="S73" CovItemPrefix="printer.SmartPrinter.java" Intrnl_Id="206">
                                                        <LocList>
                                                            <Loc EndOffset="4870" SrcFileId="1" StartOffset="4858"/>
                                                        </LocList>
                                                    </BasicStmnt>
                                                </StmntSeq>
                                            </Branch>
                                            <Branch CovItemId="B24" CovItemPrefix="printer.SmartPrinter.java" Implct="false" Intrnl_Id="207">
                                                <Cond>
                                                    <Loc EndOffset="4897" SrcFileId="1" StartOffset="4893"/>
                                                </Cond>
                                                <LocList>
                                                    <Loc EndOffset="4993" SrcFileId="1" StartOffset="4898"/>
                                                </LocList>
                                                <StmntSeq Intrnl_Id="208">
                                                    <LocList>
                                                        <Loc EndOffset="4956" SrcFileId="1" StartOffset="4911"/>
                                                        <Loc EndOffset="4981" SrcFileId="1" StartOffset="4968"/>
                                                    </LocList>
                                                    <BasicStmnt CovItemId="S74" CovItemPrefix="printer.SmartPrinter.java" Intrnl_Id="209">
                                                        <LocList>
                                                            <Loc EndOffset="4956" SrcFileId="1" StartOffset="4911"/>
                                                        </LocList>
                                                    </BasicStmnt>
                                                    <BasicStmnt CovItemId="S75" CovItemPrefix="printer.SmartPrinter.java" Intrnl_Id="210">
                                                        <LocList>
                                                            <Loc EndOffset="4981" SrcFileId="1" StartOffset="4968"/>
                                                        </LocList>
                                                    </BasicStmnt>
                                                </StmntSeq>
                                            </Branch>
                                            <Keyword EndOffset="4634" SrcFileId="1" StartOffset="4632"/>
                                            <LocList>
                                                <Loc EndOffset="4993" SrcFileId="1" StartOffset="4632"/>
                                            </LocList>
                                            <RootTerm CovItemId="C13" CovItemPrefix="printer.SmartPrinter.java" Intrnl_Id="211">
                                                <BasicBoolTerm Intrnl_Id="212">
                                                    <LocList>
                                                        <Loc EndOffset="4658" SrcFileId="1" StartOffset="4635"/>
                                                    </LocList>
                                                </BasicBoolTerm>
                                            </RootTerm>
                                        </CondStmnt>
                                    </StmntSeq>
                                </Branch>
                                <Branch CovItemId="B22" CovItemPrefix="printer.SmartPrinter.java" Implct="true" Intrnl_Id="213">
                                    <Cond/>
                                    <LocList/>
                                    <StmntSeq Intrnl_Id="214">
                                        <LocList/>
                                    </StmntSeq>
                                </Branch>
                                <Keyword EndOffset="4586" SrcFileId="1" StartOffset="4584"/>
                                <LocList>
                                    <Loc EndOffset="5001" SrcFileId="1" StartOffset="4584"/>
                                </LocList>
                                <RootTerm CovItemId="C12" CovItemPrefix="printer.SmartPrinter.java" Intrnl_Id="215">
                                    <BasicBoolTerm Intrnl_Id="216">
                                        <LocList>
                                            <Loc EndOffset="4620" SrcFileId="1" StartOffset="4587"/>
                                        </LocList>
                                    </BasicBoolTerm>
                                </RootTerm>
                            </CondStmnt>
                            <BasicStmnt CovItemId="S76" CovItemPrefix="printer.SmartPrinter.java" Intrnl_Id="217">
                                <LocList>
                                    <Loc EndOffset="5052" SrcFileId="1" StartOffset="5008"/>
                                </LocList>
                            </BasicStmnt>
                            <BasicStmnt CovItemId="S77" CovItemPrefix="printer.SmartPrinter.java" Intrnl_Id="218">
                                <LocList>
                                    <Loc EndOffset="5072" SrcFileId="1" StartOffset="5059"/>
                                </LocList>
                            </BasicStmnt>
                        </StmntSeq>
                    </HierarchyLvl>
                    <HierarchyLvl HierarchyLvlId="1279" HierarchyLvlTypeId="5" Intrnl_Id="219" Name="inserimentoPin">
                        <Header>
                            <Loc EndOffset="5121" SrcFileId="1" StartOffset="5087"/>
                        </Header>
                        <LocList>
                            <Loc EndOffset="5163" SrcFileId="1" StartOffset="5087"/>
                        </LocList>
                        <StmntSeq Intrnl_Id="220">
                            <LocList>
                                <Loc EndOffset="5156" SrcFileId="1" StartOffset="5143"/>
                            </LocList>
                            <BasicStmnt CovItemId="S78" CovItemPrefix="printer.SmartPrinter.java" Intrnl_Id="221">
                                <LocList>
                                    <Loc EndOffset="5156" SrcFileId="1" StartOffset="5143"/>
                                </LocList>
                            </BasicStmnt>
                        </StmntSeq>
                    </HierarchyLvl>
                    <HierarchyLvl HierarchyLvlId="1280" HierarchyLvlTypeId="5" Intrnl_Id="222" Name="sceltaServizio">
                        <Header>
                            <Loc EndOffset="5209" SrcFileId="1" StartOffset="5175"/>
                        </Header>
                        <LocList>
                            <Loc EndOffset="5258" SrcFileId="1" StartOffset="5175"/>
                        </LocList>
                        <StmntSeq Intrnl_Id="223">
                            <LocList>
                                <Loc EndOffset="5244" SrcFileId="1" StartOffset="5231"/>
                            </LocList>
                            <BasicStmnt CovItemId="S79" CovItemPrefix="printer.SmartPrinter.java" Intrnl_Id="224">
                                <LocList>
                                    <Loc EndOffset="5244" SrcFileId="1" StartOffset="5231"/>
                                </LocList>
                            </BasicStmnt>
                        </StmntSeq>
                    </HierarchyLvl>
                    <HierarchyLvl HierarchyLvlId="1281" HierarchyLvlTypeId="5" Intrnl_Id="225" Name="stampanteInUso">
                        <Header>
                            <Loc EndOffset="5304" SrcFileId="1" StartOffset="5270"/>
                        </Header>
                        <LocList>
                            <Loc EndOffset="5346" SrcFileId="1" StartOffset="5270"/>
                        </LocList>
                        <StmntSeq Intrnl_Id="226">
                            <LocList>
                                <Loc EndOffset="5339" SrcFileId="1" StartOffset="5326"/>
                            </LocList>
                            <BasicStmnt CovItemId="S80" CovItemPrefix="printer.SmartPrinter.java" Intrnl_Id="227">
                                <LocList>
                                    <Loc EndOffset="5339" SrcFileId="1" StartOffset="5326"/>
                                </LocList>
                            </BasicStmnt>
                        </StmntSeq>
                    </HierarchyLvl>
                    <HierarchyLvl HierarchyLvlId="1282" HierarchyLvlTypeId="5" Intrnl_Id="228" Name="gestioneErrore">
                        <Header>
                            <Loc EndOffset="5392" SrcFileId="1" StartOffset="5358"/>
                        </Header>
                        <LocList>
                            <Loc EndOffset="5434" SrcFileId="1" StartOffset="5358"/>
                        </LocList>
                        <StmntSeq Intrnl_Id="229">
                            <LocList>
                                <Loc EndOffset="5427" SrcFileId="1" StartOffset="5414"/>
                            </LocList>
                            <BasicStmnt CovItemId="S81" CovItemPrefix="printer.SmartPrinter.java" Intrnl_Id="230">
                                <LocList>
                                    <Loc EndOffset="5427" SrcFileId="1" StartOffset="5414"/>
                                </LocList>
                            </BasicStmnt>
                        </StmntSeq>
                    </HierarchyLvl>
                    <HierarchyLvl HierarchyLvlId="1283" HierarchyLvlTypeId="5" Intrnl_Id="231" Name="statoCorrente">
                        <Header>
                            <Loc EndOffset="5472" SrcFileId="1" StartOffset="5442"/>
                        </Header>
                        <LocList>
                            <Loc EndOffset="6170" SrcFileId="1" StartOffset="5442"/>
                        </LocList>
                        <StmntSeq Intrnl_Id="232">
                            <LocList>
                                <Loc EndOffset="5531" SrcFileId="1" StartOffset="5484"/>
                                <Loc EndOffset="5586" SrcFileId="1" StartOffset="5541"/>
                                <Loc EndOffset="5640" SrcFileId="1" StartOffset="5596"/>
                                <Loc EndOffset="5728" SrcFileId="1" StartOffset="5650"/>
                                <Loc EndOffset="5785" SrcFileId="1" StartOffset="5738"/>
                                <Loc EndOffset="5846" SrcFileId="1" StartOffset="5795"/>
                                <Loc EndOffset="5899" SrcFileId="1" StartOffset="5856"/>
                                <Loc EndOffset="5972" SrcFileId="1" StartOffset="5909"/>
                                <Loc EndOffset="6037" SrcFileId="1" StartOffset="5982"/>
                                <Loc EndOffset="6104" SrcFileId="1" StartOffset="6047"/>
                                <Loc EndOffset="6163" SrcFileId="1" StartOffset="6114"/>
                            </LocList>
                            <BasicStmnt CovItemId="S82" CovItemPrefix="printer.SmartPrinter.java" Intrnl_Id="233">
                                <LocList>
                                    <Loc EndOffset="5531" SrcFileId="1" StartOffset="5484"/>
                                </LocList>
                            </BasicStmnt>
                            <BasicStmnt CovItemId="S83" CovItemPrefix="printer.SmartPrinter.java" Intrnl_Id="234">
                                <LocList>
                                    <Loc EndOffset="5586" SrcFileId="1" StartOffset="5541"/>
                                </LocList>
                            </BasicStmnt>
                            <BasicStmnt CovItemId="S84" CovItemPrefix="printer.SmartPrinter.java" Intrnl_Id="235">
                                <LocList>
                                    <Loc EndOffset="5640" SrcFileId="1" StartOffset="5596"/>
                                </LocList>
                            </BasicStmnt>
                            <BasicStmnt CovItemId="S85" CovItemPrefix="printer.SmartPrinter.java" Intrnl_Id="236">
                                <LocList>
                                    <Loc EndOffset="5728" SrcFileId="1" StartOffset="5650"/>
                                </LocList>
                            </BasicStmnt>
                            <BasicStmnt CovItemId="S86" CovItemPrefix="printer.SmartPrinter.java" Intrnl_Id="237">
                                <LocList>
                                    <Loc EndOffset="5785" SrcFileId="1" StartOffset="5738"/>
                                </LocList>
                            </BasicStmnt>
                            <BasicStmnt CovItemId="S87" CovItemPrefix="printer.SmartPrinter.java" Intrnl_Id="238">
                                <LocList>
                                    <Loc EndOffset="5846" SrcFileId="1" StartOffset="5795"/>
                                </LocList>
                            </BasicStmnt>
                            <BasicStmnt CovItemId="S88" CovItemPrefix="printer.SmartPrinter.java" Intrnl_Id="239">
                                <LocList>
                                    <Loc EndOffset="5899" SrcFileId="1" StartOffset="5856"/>
                                </LocList>
                            </BasicStmnt>
                            <BasicStmnt CovItemId="S89" CovItemPrefix="printer.SmartPrinter.java" Intrnl_Id="240">
                                <LocList>
                                    <Loc EndOffset="5972" SrcFileId="1" StartOffset="5909"/>
                                </LocList>
                            </BasicStmnt>
                            <BasicStmnt CovItemId="S90" CovItemPrefix="printer.SmartPrinter.java" Intrnl_Id="241">
                                <LocList>
                                    <Loc EndOffset="6037" SrcFileId="1" StartOffset="5982"/>
                                </LocList>
                            </BasicStmnt>
                            <BasicStmnt CovItemId="S91" CovItemPrefix="printer.SmartPrinter.java" Intrnl_Id="242">
                                <LocList>
                                    <Loc EndOffset="6104" SrcFileId="1" StartOffset="6047"/>
                                </LocList>
                            </BasicStmnt>
                            <BasicStmnt CovItemId="S92" CovItemPrefix="printer.SmartPrinter.java" Intrnl_Id="243">
                                <LocList>
                                    <Loc EndOffset="6163" SrcFileId="1" StartOffset="6114"/>
                                </LocList>
                            </BasicStmnt>
                        </StmntSeq>
                    </HierarchyLvl>
                    <HierarchyLvl HierarchyLvlId="1284" HierarchyLvlTypeId="5" Intrnl_Id="244" Name="usoStampante">
                        <Header>
                            <Loc EndOffset="6245" SrcFileId="1" StartOffset="6219"/>
                        </Header>
                        <LocList>
                            <Loc EndOffset="9075" SrcFileId="1" StartOffset="6219"/>
                        </LocList>
                        <StmntSeq Intrnl_Id="245">
                            <LocList>
                                <Loc EndOffset="6298" SrcFileId="1" StartOffset="6257"/>
                                <Loc EndOffset="6337" SrcFileId="1" StartOffset="6308"/>
                                <Loc EndOffset="6374" SrcFileId="1" StartOffset="6347"/>
                                <Loc EndOffset="9022" SrcFileId="1" StartOffset="6394"/>
                                <Loc EndOffset="9058" SrcFileId="1" StartOffset="9042"/>
                            </LocList>
                            <BasicStmnt CovItemId="S93" CovItemPrefix="printer.SmartPrinter.java" Intrnl_Id="246">
                                <LocList>
                                    <Loc EndOffset="6298" SrcFileId="1" StartOffset="6257"/>
                                </LocList>
                            </BasicStmnt>
                            <BasicStmnt CovItemId="S94" CovItemPrefix="printer.SmartPrinter.java" Intrnl_Id="247">
                                <LocList>
                                    <Loc EndOffset="6337" SrcFileId="1" StartOffset="6308"/>
                                </LocList>
                            </BasicStmnt>
                            <BasicStmnt CovItemId="S95" CovItemPrefix="printer.SmartPrinter.java" Intrnl_Id="248">
                                <LocList>
                                    <Loc EndOffset="6374" SrcFileId="1" StartOffset="6347"/>
                                </LocList>
                            </BasicStmnt>
                            <LoopStmnt CovItemId="S96" CovItemPrefix="printer.SmartPrinter.java" Intrnl_Id="249" MltplExecId="L3-2" MltplExecPrefix="printer.SmartPrinter.java" NvrExecId="L3-0" NvrExecPrefix="printer.SmartPrinter.java" OnceExecutedId="L3-1" OnceExecutedPrefix="printer.SmartPrinter.java" OptBodyExec="true">
                                <StmntSeq Intrnl_Id="250">
                                    <LocList>
                                        <Loc EndOffset="9000" SrcFileId="1" StartOffset="6438"/>
                                    </LocList>
                                    <CondStmnt CovItemId="S97" CovItemPrefix="printer.SmartPrinter.java" Intrnl_Id="251">
                                        <Branch CovItemId="B25" CovItemPrefix="printer.SmartPrinter.java" Implct="false" Intrnl_Id="252">
                                            <Cond>
                                                <Loc EndOffset="6483" SrcFileId="1" StartOffset="6472"/>
                                            </Cond>
                                            <LocList>
                                                <Loc EndOffset="6979" SrcFileId="1" StartOffset="6497"/>
                                            </LocList>
                                            <StmntSeq Intrnl_Id="253">
                                                <LocList>
                                                    <Loc EndOffset="6801" SrcFileId="1" StartOffset="6536"/>
                                                    <Loc EndOffset="6947" SrcFileId="1" StartOffset="6828"/>
                                                    <Loc EndOffset="6979" SrcFileId="1" StartOffset="6973"/>
                                                </LocList>
                                                <LoopStmnt CovItemId="S98" CovItemPrefix="printer.SmartPrinter.java" Intrnl_Id="254" MltplExecId="L4-2" MltplExecPrefix="printer.SmartPrinter.java" NvrExecId="L4-0" NvrExecPrefix="printer.SmartPrinter.java" OnceExecutedId="L4-1" OnceExecutedPrefix="printer.SmartPrinter.java" OptBodyExec="false">
                                                    <StmntSeq Intrnl_Id="255">
                                                        <LocList>
                                                            <Loc EndOffset="6615" SrcFileId="1" StartOffset="6554"/>
                                                            <Loc EndOffset="6683" SrcFileId="1" StartOffset="6629"/>
                                                            <Loc EndOffset="6755" SrcFileId="1" StartOffset="6697"/>
                                                        </LocList>
                                                        <BasicStmnt CovItemId="S99" CovItemPrefix="printer.SmartPrinter.java" Intrnl_Id="256">
                                                            <LocList>
                                                                <Loc EndOffset="6615" SrcFileId="1" StartOffset="6554"/>
                                                            </LocList>
                                                        </BasicStmnt>
                                                        <BasicStmnt CovItemId="S100" CovItemPrefix="printer.SmartPrinter.java" Intrnl_Id="257">
                                                            <LocList>
                                                                <Loc EndOffset="6683" SrcFileId="1" StartOffset="6629"/>
                                                            </LocList>
                                                        </BasicStmnt>
                                                        <BasicStmnt CovItemId="S101" CovItemPrefix="printer.SmartPrinter.java" Intrnl_Id="258">
                                                            <LocList>
                                                                <Loc EndOffset="6755" SrcFileId="1" StartOffset="6697"/>
                                                            </LocList>
                                                        </BasicStmnt>
                                                    </StmntSeq>
                                                    <Keyword EndOffset="6538" SrcFileId="1" StartOffset="6536"/>
                                                    <LocList>
                                                        <Loc EndOffset="6801" SrcFileId="1" StartOffset="6536"/>
                                                    </LocList>
                                                    <RootTerm CovItemId="C15" CovItemPrefix="printer.SmartPrinter.java" Intrnl_Id="259">
                                                        <OpTerm BooleanOpId="2" Intrnl_Id="260">
                                                            <BasicBoolTerm Intrnl_Id="261">
                                                                <LocList>
                                                                    <Loc EndOffset="6799" SrcFileId="1" StartOffset="6789"/>
                                                                </LocList>
                                                            </BasicBoolTerm>
                                                            <LocList>
                                                                <Loc EndOffset="6789" SrcFileId="1" StartOffset="6788"/>
                                                            </LocList>
                                                        </OpTerm>
                                                    </RootTerm>
                                                </LoopStmnt>
                                                <CondStmnt CovItemId="S102" CovItemPrefix="printer.SmartPrinter.java" Intrnl_Id="262">
                                                    <Branch CovItemId="B26" CovItemPrefix="printer.SmartPrinter.java" Implct="false" Intrnl_Id="263">
                                                        <Cond/>
                                                        <LocList>
                                                            <Loc EndOffset="6896" SrcFileId="1" StartOffset="6877"/>
                                                        </LocList>
                                                        <StmntSeq Intrnl_Id="264">
                                                            <LocList>
                                                                <Loc EndOffset="6896" SrcFileId="1" StartOffset="6877"/>
                                                            </LocList>
                                                            <BasicStmnt CovItemId="S103" CovItemPrefix="printer.SmartPrinter.java" Intrnl_Id="265">
                                                                <LocList>
                                                                    <Loc EndOffset="6896" SrcFileId="1" StartOffset="6877"/>
                                                                </LocList>
                                                            </BasicStmnt>
                                                        </StmntSeq>
                                                    </Branch>
                                                    <Branch CovItemId="B27" CovItemPrefix="printer.SmartPrinter.java" Implct="false" Intrnl_Id="266">
                                                        <Cond>
                                                            <Loc EndOffset="6913" SrcFileId="1" StartOffset="6909"/>
                                                        </Cond>
                                                        <LocList>
                                                            <Loc EndOffset="6947" SrcFileId="1" StartOffset="6927"/>
                                                        </LocList>
                                                        <StmntSeq Intrnl_Id="267">
                                                            <LocList>
                                                                <Loc EndOffset="6947" SrcFileId="1" StartOffset="6927"/>
                                                            </LocList>
                                                            <BasicStmnt CovItemId="S104" CovItemPrefix="printer.SmartPrinter.java" Intrnl_Id="268">
                                                                <LocList>
                                                                    <Loc EndOffset="6947" SrcFileId="1" StartOffset="6927"/>
                                                                </LocList>
                                                            </BasicStmnt>
                                                        </StmntSeq>
                                                    </Branch>
                                                    <Keyword EndOffset="6830" SrcFileId="1" StartOffset="6828"/>
                                                    <LocList>
                                                        <Loc EndOffset="6947" SrcFileId="1" StartOffset="6828"/>
                                                    </LocList>
                                                    <RootTerm CovItemId="C16" CovItemPrefix="printer.SmartPrinter.java" Intrnl_Id="269">
                                                        <BasicBoolTerm Intrnl_Id="270">
                                                            <LocList>
                                                                <Loc EndOffset="6862" SrcFileId="1" StartOffset="6831"/>
                                                            </LocList>
                                                        </BasicBoolTerm>
                                                    </RootTerm>
                                                </CondStmnt>
                                                <BasicStmnt CovItemId="S105" CovItemPrefix="printer.SmartPrinter.java" Intrnl_Id="271">
                                                    <LocList>
                                                        <Loc EndOffset="6979" SrcFileId="1" StartOffset="6973"/>
                                                    </LocList>
                                                </BasicStmnt>
                                            </StmntSeq>
                                        </Branch>
                                        <Branch CovItemId="B28" CovItemPrefix="printer.SmartPrinter.java" Implct="false" Intrnl_Id="272">
                                            <Cond>
                                                <Loc EndOffset="7008" SrcFileId="1" StartOffset="6998"/>
                                            </Cond>
                                            <LocList>
                                                <Loc EndOffset="7463" SrcFileId="1" StartOffset="7022"/>
                                            </LocList>
                                            <StmntSeq Intrnl_Id="273">
                                                <LocList>
                                                    <Loc EndOffset="7312" SrcFileId="1" StartOffset="7057"/>
                                                    <Loc EndOffset="7401" SrcFileId="1" StartOffset="7338"/>
                                                    <Loc EndOffset="7444" SrcFileId="1" StartOffset="7427"/>
                                                    <Loc EndOffset="7463" SrcFileId="1" StartOffset="7457"/>
                                                </LocList>
                                                <LoopStmnt CovItemId="S106" CovItemPrefix="printer.SmartPrinter.java" Intrnl_Id="274" MltplExecId="L5-2" MltplExecPrefix="printer.SmartPrinter.java" NvrExecId="L5-0" NvrExecPrefix="printer.SmartPrinter.java" OnceExecutedId="L5-1" OnceExecutedPrefix="printer.SmartPrinter.java" OptBodyExec="false">
                                                    <StmntSeq Intrnl_Id="275">
                                                        <LocList>
                                                            <Loc EndOffset="7134" SrcFileId="1" StartOffset="7075"/>
                                                            <Loc EndOffset="7198" SrcFileId="1" StartOffset="7148"/>
                                                            <Loc EndOffset="7266" SrcFileId="1" StartOffset="7212"/>
                                                        </LocList>
                                                        <BasicStmnt CovItemId="S107" CovItemPrefix="printer.SmartPrinter.java" Intrnl_Id="276">
                                                            <LocList>
                                                                <Loc EndOffset="7134" SrcFileId="1" StartOffset="7075"/>
                                                            </LocList>
                                                        </BasicStmnt>
                                                        <BasicStmnt CovItemId="S108" CovItemPrefix="printer.SmartPrinter.java" Intrnl_Id="277">
                                                            <LocList>
                                                                <Loc EndOffset="7198" SrcFileId="1" StartOffset="7148"/>
                                                            </LocList>
                                                        </BasicStmnt>
                                                        <BasicStmnt CovItemId="S109" CovItemPrefix="printer.SmartPrinter.java" Intrnl_Id="278">
                                                            <LocList>
                                                                <Loc EndOffset="7266" SrcFileId="1" StartOffset="7212"/>
                                                            </LocList>
                                                        </BasicStmnt>
                                                    </StmntSeq>
                                                    <Keyword EndOffset="7059" SrcFileId="1" StartOffset="7057"/>
                                                    <LocList>
                                                        <Loc EndOffset="7312" SrcFileId="1" StartOffset="7057"/>
                                                    </LocList>
                                                    <RootTerm CovItemId="C17" CovItemPrefix="printer.SmartPrinter.java" Intrnl_Id="279">
                                                        <OpTerm BooleanOpId="2" Intrnl_Id="280">
                                                            <BasicBoolTerm Intrnl_Id="281">
                                                                <LocList>
                                                                    <Loc EndOffset="7310" SrcFileId="1" StartOffset="7300"/>
                                                                </LocList>
                                                            </BasicBoolTerm>
                                                            <LocList>
                                                                <Loc EndOffset="7300" SrcFileId="1" StartOffset="7299"/>
                                                            </LocList>
                                                        </OpTerm>
                                                    </RootTerm>
                                                </LoopStmnt>
                                                <CondStmnt CovItemId="S110" CovItemPrefix="printer.SmartPrinter.java" Intrnl_Id="282">
                                                    <Branch CovItemId="B29" CovItemPrefix="printer.SmartPrinter.java" Implct="false" Intrnl_Id="283">
                                                        <Cond/>
                                                        <LocList>
                                                            <Loc EndOffset="7401" SrcFileId="1" StartOffset="7383"/>
                                                        </LocList>
                                                        <StmntSeq Intrnl_Id="284">
                                                            <LocList>
                                                                <Loc EndOffset="7401" SrcFileId="1" StartOffset="7383"/>
                                                            </LocList>
                                                            <BasicStmnt CovItemId="S111" CovItemPrefix="printer.SmartPrinter.java" Intrnl_Id="285">
                                                                <LocList>
                                                                    <Loc EndOffset="7401" SrcFileId="1" StartOffset="7383"/>
                                                                </LocList>
                                                            </BasicStmnt>
                                                        </StmntSeq>
                                                    </Branch>
                                                    <Branch CovItemId="B30" CovItemPrefix="printer.SmartPrinter.java" Implct="true" Intrnl_Id="286">
                                                        <Cond/>
                                                        <LocList/>
                                                        <StmntSeq Intrnl_Id="287">
                                                            <LocList/>
                                                        </StmntSeq>
                                                    </Branch>
                                                    <Keyword EndOffset="7340" SrcFileId="1" StartOffset="7338"/>
                                                    <LocList>
                                                        <Loc EndOffset="7401" SrcFileId="1" StartOffset="7338"/>
                                                    </LocList>
                                                    <RootTerm CovItemId="C18" CovItemPrefix="printer.SmartPrinter.java" Intrnl_Id="288">
                                                        <BasicBoolTerm Intrnl_Id="289">
                                                            <LocList>
                                                                <Loc EndOffset="7368" SrcFileId="1" StartOffset="7341"/>
                                                            </LocList>
                                                        </BasicBoolTerm>
                                                    </RootTerm>
                                                </CondStmnt>
                                                <BasicStmnt CovItemId="S112" CovItemPrefix="printer.SmartPrinter.java" Intrnl_Id="290">
                                                    <LocList>
                                                        <Loc EndOffset="7444" SrcFileId="1" StartOffset="7427"/>
                                                    </LocList>
                                                </BasicStmnt>
                                                <BasicStmnt CovItemId="S113" CovItemPrefix="printer.SmartPrinter.java" Intrnl_Id="291">
                                                    <LocList>
                                                        <Loc EndOffset="7463" SrcFileId="1" StartOffset="7457"/>
                                                    </LocList>
                                                </BasicStmnt>
                                            </StmntSeq>
                                        </Branch>
                                        <Branch CovItemId="B31" CovItemPrefix="printer.SmartPrinter.java" Implct="false" Intrnl_Id="292">
                                            <Cond>
                                                <Loc EndOffset="7499" SrcFileId="1" StartOffset="7482"/>
                                            </Cond>
                                            <LocList>
                                                <Loc EndOffset="7974" SrcFileId="1" StartOffset="7507"/>
                                            </LocList>
                                            <StmntSeq Intrnl_Id="293">
                                                <LocList>
                                                    <Loc EndOffset="7822" SrcFileId="1" StartOffset="7550"/>
                                                    <Loc EndOffset="7924" SrcFileId="1" StartOffset="7848"/>
                                                    <Loc EndOffset="7955" SrcFileId="1" StartOffset="7938"/>
                                                    <Loc EndOffset="7974" SrcFileId="1" StartOffset="7968"/>
                                                </LocList>
                                                <LoopStmnt CovItemId="S114" CovItemPrefix="printer.SmartPrinter.java" Intrnl_Id="294" MltplExecId="L6-2" MltplExecPrefix="printer.SmartPrinter.java" NvrExecId="L6-0" NvrExecPrefix="printer.SmartPrinter.java" OnceExecutedId="L6-1" OnceExecutedPrefix="printer.SmartPrinter.java" OptBodyExec="false">
                                                    <StmntSeq Intrnl_Id="295">
                                                        <LocList>
                                                            <Loc EndOffset="7628" SrcFileId="1" StartOffset="7568"/>
                                                            <Loc EndOffset="7700" SrcFileId="1" StartOffset="7642"/>
                                                            <Loc EndOffset="7776" SrcFileId="1" StartOffset="7714"/>
                                                        </LocList>
                                                        <BasicStmnt CovItemId="S115" CovItemPrefix="printer.SmartPrinter.java" Intrnl_Id="296">
                                                            <LocList>
                                                                <Loc EndOffset="7628" SrcFileId="1" StartOffset="7568"/>
                                                            </LocList>
                                                        </BasicStmnt>
                                                        <BasicStmnt CovItemId="S116" CovItemPrefix="printer.SmartPrinter.java" Intrnl_Id="297">
                                                            <LocList>
                                                                <Loc EndOffset="7700" SrcFileId="1" StartOffset="7642"/>
                                                            </LocList>
                                                        </BasicStmnt>
                                                        <BasicStmnt CovItemId="S117" CovItemPrefix="printer.SmartPrinter.java" Intrnl_Id="298">
                                                            <LocList>
                                                                <Loc EndOffset="7776" SrcFileId="1" StartOffset="7714"/>
                                                            </LocList>
                                                        </BasicStmnt>
                                                    </StmntSeq>
                                                    <Keyword EndOffset="7552" SrcFileId="1" StartOffset="7550"/>
                                                    <LocList>
                                                        <Loc EndOffset="7822" SrcFileId="1" StartOffset="7550"/>
                                                    </LocList>
                                                    <RootTerm CovItemId="C19" CovItemPrefix="printer.SmartPrinter.java" Intrnl_Id="299">
                                                        <OpTerm BooleanOpId="2" Intrnl_Id="300">
                                                            <BasicBoolTerm Intrnl_Id="301">
                                                                <LocList>
                                                                    <Loc EndOffset="7820" SrcFileId="1" StartOffset="7810"/>
                                                                </LocList>
                                                            </BasicBoolTerm>
                                                            <LocList>
                                                                <Loc EndOffset="7810" SrcFileId="1" StartOffset="7809"/>
                                                            </LocList>
                                                        </OpTerm>
                                                    </RootTerm>
                                                </LoopStmnt>
                                                <CondStmnt CovItemId="S118" CovItemPrefix="printer.SmartPrinter.java" Intrnl_Id="302">
                                                    <Branch CovItemId="B32" CovItemPrefix="printer.SmartPrinter.java" Implct="false" Intrnl_Id="303">
                                                        <Cond/>
                                                        <LocList>
                                                            <Loc EndOffset="7924" SrcFileId="1" StartOffset="7901"/>
                                                        </LocList>
                                                        <StmntSeq Intrnl_Id="304">
                                                            <LocList>
                                                                <Loc EndOffset="7924" SrcFileId="1" StartOffset="7901"/>
                                                            </LocList>
                                                            <BasicStmnt CovItemId="S119" CovItemPrefix="printer.SmartPrinter.java" Intrnl_Id="305">
                                                                <LocList>
                                                                    <Loc EndOffset="7924" SrcFileId="1" StartOffset="7901"/>
                                                                </LocList>
                                                            </BasicStmnt>
                                                        </StmntSeq>
                                                    </Branch>
                                                    <Branch CovItemId="B33" CovItemPrefix="printer.SmartPrinter.java" Implct="true" Intrnl_Id="306">
                                                        <Cond/>
                                                        <LocList/>
                                                        <StmntSeq Intrnl_Id="307">
                                                            <LocList/>
                                                        </StmntSeq>
                                                    </Branch>
                                                    <Keyword EndOffset="7850" SrcFileId="1" StartOffset="7848"/>
                                                    <LocList>
                                                        <Loc EndOffset="7924" SrcFileId="1" StartOffset="7848"/>
                                                    </LocList>
                                                    <RootTerm CovItemId="C20" CovItemPrefix="printer.SmartPrinter.java" Intrnl_Id="308">
                                                        <BasicBoolTerm Intrnl_Id="309">
                                                            <LocList>
                                                                <Loc EndOffset="7886" SrcFileId="1" StartOffset="7851"/>
                                                            </LocList>
                                                        </BasicBoolTerm>
                                                    </RootTerm>
                                                </CondStmnt>
                                                <BasicStmnt CovItemId="S120" CovItemPrefix="printer.SmartPrinter.java" Intrnl_Id="310">
                                                    <LocList>
                                                        <Loc EndOffset="7955" SrcFileId="1" StartOffset="7938"/>
                                                    </LocList>
                                                </BasicStmnt>
                                                <BasicStmnt CovItemId="S121" CovItemPrefix="printer.SmartPrinter.java" Intrnl_Id="311">
                                                    <LocList>
                                                        <Loc EndOffset="7974" SrcFileId="1" StartOffset="7968"/>
                                                    </LocList>
                                                </BasicStmnt>
                                            </StmntSeq>
                                        </Branch>
                                        <Branch CovItemId="B34" CovItemPrefix="printer.SmartPrinter.java" Implct="false" Intrnl_Id="312">
                                            <Cond>
                                                <Loc EndOffset="8009" SrcFileId="1" StartOffset="7993"/>
                                            </Cond>
                                            <LocList>
                                                <Loc EndOffset="8595" SrcFileId="1" StartOffset="8017"/>
                                            </LocList>
                                            <StmntSeq Intrnl_Id="313">
                                                <LocList>
                                                    <Loc EndOffset="8039" SrcFileId="1" StartOffset="8017"/>
                                                    <Loc EndOffset="8065" SrcFileId="1" StartOffset="8046"/>
                                                    <Loc EndOffset="8449" SrcFileId="1" StartOffset="8079"/>
                                                    <Loc EndOffset="8482" SrcFileId="1" StartOffset="8463"/>
                                                    <Loc EndOffset="8576" SrcFileId="1" StartOffset="8539"/>
                                                    <Loc EndOffset="8595" SrcFileId="1" StartOffset="8589"/>
                                                </LocList>
                                                <BasicStmnt CovItemId="S122" CovItemPrefix="printer.SmartPrinter.java" Intrnl_Id="314">
                                                    <LocList>
                                                        <Loc EndOffset="8039" SrcFileId="1" StartOffset="8017"/>
                                                    </LocList>
                                                </BasicStmnt>
                                                <BasicStmnt CovItemId="S123" CovItemPrefix="printer.SmartPrinter.java" Intrnl_Id="315">
                                                    <LocList>
                                                        <Loc EndOffset="8065" SrcFileId="1" StartOffset="8046"/>
                                                    </LocList>
                                                </BasicStmnt>
                                                <LoopStmnt CovItemId="S124" CovItemPrefix="printer.SmartPrinter.java" Intrnl_Id="316" MltplExecId="L7-2" MltplExecPrefix="printer.SmartPrinter.java" NvrExecId="L7-0" NvrExecPrefix="printer.SmartPrinter.java" OnceExecutedId="L7-1" OnceExecutedPrefix="printer.SmartPrinter.java" OptBodyExec="true">
                                                    <StmntSeq Intrnl_Id="317">
                                                        <LocList>
                                                            <Loc EndOffset="8159" SrcFileId="1" StartOffset="8107"/>
                                                            <Loc EndOffset="8224" SrcFileId="1" StartOffset="8190"/>
                                                            <Loc EndOffset="8258" SrcFileId="1" StartOffset="8240"/>
                                                            <Loc EndOffset="8441" SrcFileId="1" StartOffset="8169"/>
                                                        </LocList>
                                                        <BasicStmnt CovItemId="S125" CovItemPrefix="printer.SmartPrinter.java" Intrnl_Id="318">
                                                            <LocList>
                                                                <Loc EndOffset="8159" SrcFileId="1" StartOffset="8107"/>
                                                            </LocList>
                                                        </BasicStmnt>
                                                        <BasicStmnt CovItemId="S127" CovItemPrefix="printer.SmartPrinter.java" Intrnl_Id="319">
                                                            <LocList>
                                                                <Loc EndOffset="8224" SrcFileId="1" StartOffset="8190"/>
                                                            </LocList>
                                                        </BasicStmnt>
                                                        <BasicStmnt CovItemId="S128" CovItemPrefix="printer.SmartPrinter.java" Intrnl_Id="320">
                                                            <LocList>
                                                                <Loc EndOffset="8258" SrcFileId="1" StartOffset="8240"/>
                                                            </LocList>
                                                        </BasicStmnt>
                                                        <CondStmnt CovItemId="S126" CovItemPrefix="printer.SmartPrinter.java" Intrnl_Id="321">
                                                            <Branch CovItemId="B35" CovItemPrefix="printer.SmartPrinter.java" Implct="true" Intrnl_Id="322">
                                                                <Cond/>
                                                                <LocList/>
                                                                <StmntSeq Intrnl_Id="323">
                                                                    <LocList/>
                                                                </StmntSeq>
                                                            </Branch>
                                                            <Branch CovItemId="B36" CovItemPrefix="printer.SmartPrinter.java" Implct="false" Intrnl_Id="324">
                                                                <Cond>
                                                                    <Loc EndOffset="8304" SrcFileId="1" StartOffset="8272"/>
                                                                </Cond>
                                                                <LocList>
                                                                    <Loc EndOffset="8441" SrcFileId="1" StartOffset="8305"/>
                                                                </LocList>
                                                                <StmntSeq Intrnl_Id="325">
                                                                    <LocList>
                                                                        <Loc EndOffset="8392" SrcFileId="1" StartOffset="8322"/>
                                                                        <Loc EndOffset="8427" SrcFileId="1" StartOffset="8408"/>
                                                                    </LocList>
                                                                    <BasicStmnt CovItemId="S129" CovItemPrefix="printer.SmartPrinter.java" Intrnl_Id="326">
                                                                        <LocList>
                                                                            <Loc EndOffset="8392" SrcFileId="1" StartOffset="8322"/>
                                                                        </LocList>
                                                                    </BasicStmnt>
                                                                    <BasicStmnt CovItemId="S130" CovItemPrefix="printer.SmartPrinter.java" Intrnl_Id="327">
                                                                        <LocList>
                                                                            <Loc EndOffset="8427" SrcFileId="1" StartOffset="8408"/>
                                                                        </LocList>
                                                                    </BasicStmnt>
                                                                </StmntSeq>
                                                            </Branch>
                                                            <Keyword EndOffset="8172" SrcFileId="1" StartOffset="8169"/>
                                                            <LocList>
                                                                <Loc EndOffset="8441" SrcFileId="1" StartOffset="8169"/>
                                                            </LocList>
                                                        </CondStmnt>
                                                    </StmntSeq>
                                                    <Keyword EndOffset="8084" SrcFileId="1" StartOffset="8079"/>
                                                    <LocList>
                                                        <Loc EndOffset="8449" SrcFileId="1" StartOffset="8079"/>
                                                    </LocList>
                                                    <RootTerm CovItemId="C21" CovItemPrefix="printer.SmartPrinter.java" Intrnl_Id="328">
                                                        <OpTerm BooleanOpId="2" Intrnl_Id="329">
                                                            <BasicBoolTerm Intrnl_Id="330">
                                                                <LocList>
                                                                    <Loc EndOffset="8096" SrcFileId="1" StartOffset="8086"/>
                                                                </LocList>
                                                            </BasicBoolTerm>
                                                            <LocList>
                                                                <Loc EndOffset="8086" SrcFileId="1" StartOffset="8085"/>
                                                            </LocList>
                                                        </OpTerm>
                                                    </RootTerm>
                                                </LoopStmnt>
                                                <BasicStmnt CovItemId="S131" CovItemPrefix="printer.SmartPrinter.java" Intrnl_Id="331">
                                                    <LocList>
                                                        <Loc EndOffset="8482" SrcFileId="1" StartOffset="8463"/>
                                                    </LocList>
                                                </BasicStmnt>
                                                <BasicStmnt CovItemId="S132" CovItemPrefix="printer.SmartPrinter.java" Intrnl_Id="332">
                                                    <LocList>
                                                        <Loc EndOffset="8576" SrcFileId="1" StartOffset="8539"/>
                                                    </LocList>
                                                </BasicStmnt>
                                                <BasicStmnt CovItemId="S133" CovItemPrefix="printer.SmartPrinter.java" Intrnl_Id="333">
                                                    <LocList>
                                                        <Loc EndOffset="8595" SrcFileId="1" StartOffset="8589"/>
                                                    </LocList>
                                                </BasicStmnt>
                                            </StmntSeq>
                                        </Branch>
                                        <Branch CovItemId="B37" CovItemPrefix="printer.SmartPrinter.java" Implct="false" Intrnl_Id="334">
                                            <Cond>
                                                <Loc EndOffset="8631" SrcFileId="1" StartOffset="8614"/>
                                            </Cond>
                                            <LocList>
                                                <Loc EndOffset="8824" SrcFileId="1" StartOffset="8665"/>
                                            </LocList>
                                            <StmntSeq Intrnl_Id="335">
                                                <LocList>
                                                    <Loc EndOffset="8681" SrcFileId="1" StartOffset="8665"/>
                                                    <Loc EndOffset="8736" SrcFileId="1" StartOffset="8688"/>
                                                    <Loc EndOffset="8798" SrcFileId="1" StartOffset="8749"/>
                                                    <Loc EndOffset="8824" SrcFileId="1" StartOffset="8818"/>
                                                </LocList>
                                                <BasicStmnt CovItemId="S134" CovItemPrefix="printer.SmartPrinter.java" Intrnl_Id="336">
                                                    <LocList>
                                                        <Loc EndOffset="8681" SrcFileId="1" StartOffset="8665"/>
                                                    </LocList>
                                                </BasicStmnt>
                                                <BasicStmnt CovItemId="S135" CovItemPrefix="printer.SmartPrinter.java" Intrnl_Id="337">
                                                    <LocList>
                                                        <Loc EndOffset="8736" SrcFileId="1" StartOffset="8688"/>
                                                    </LocList>
                                                </BasicStmnt>
                                                <BasicStmnt CovItemId="S136" CovItemPrefix="printer.SmartPrinter.java" Intrnl_Id="338">
                                                    <LocList>
                                                        <Loc EndOffset="8798" SrcFileId="1" StartOffset="8749"/>
                                                    </LocList>
                                                </BasicStmnt>
                                                <BasicStmnt CovItemId="S137" CovItemPrefix="printer.SmartPrinter.java" Intrnl_Id="339">
                                                    <LocList>
                                                        <Loc EndOffset="8824" SrcFileId="1" StartOffset="8818"/>
                                                    </LocList>
                                                </BasicStmnt>
                                            </StmntSeq>
                                        </Branch>
                                        <Branch CovItemId="B38" CovItemPrefix="printer.SmartPrinter.java" Implct="false" Intrnl_Id="340">
                                            <Cond>
                                                <Loc EndOffset="8841" SrcFileId="1" StartOffset="8830"/>
                                            </Cond>
                                            <LocList>
                                                <Loc EndOffset="8879" SrcFileId="1" StartOffset="8849"/>
                                            </LocList>
                                            <StmntSeq Intrnl_Id="341">
                                                <LocList>
                                                    <Loc EndOffset="8866" SrcFileId="1" StartOffset="8849"/>
                                                    <Loc EndOffset="8879" SrcFileId="1" StartOffset="8873"/>
                                                </LocList>
                                                <BasicStmnt CovItemId="S138" CovItemPrefix="printer.SmartPrinter.java" Intrnl_Id="342">
                                                    <LocList>
                                                        <Loc EndOffset="8866" SrcFileId="1" StartOffset="8849"/>
                                                    </LocList>
                                                </BasicStmnt>
                                                <BasicStmnt CovItemId="S139" CovItemPrefix="printer.SmartPrinter.java" Intrnl_Id="343">
                                                    <LocList>
                                                        <Loc EndOffset="8879" SrcFileId="1" StartOffset="8873"/>
                                                    </LocList>
                                                </BasicStmnt>
                                            </StmntSeq>
                                        </Branch>
                                        <Branch CovItemId="B39" CovItemPrefix="printer.SmartPrinter.java" Implct="false" Intrnl_Id="344">
                                            <Cond>
                                                <Loc EndOffset="8895" SrcFileId="1" StartOffset="8885"/>
                                            </Cond>
                                            <LocList>
                                                <Loc EndOffset="8933" SrcFileId="1" StartOffset="8903"/>
                                            </LocList>
                                            <StmntSeq Intrnl_Id="345">
                                                <LocList>
                                                    <Loc EndOffset="8920" SrcFileId="1" StartOffset="8903"/>
                                                    <Loc EndOffset="8933" SrcFileId="1" StartOffset="8927"/>
                                                </LocList>
                                                <BasicStmnt CovItemId="S140" CovItemPrefix="printer.SmartPrinter.java" Intrnl_Id="346">
                                                    <LocList>
                                                        <Loc EndOffset="8920" SrcFileId="1" StartOffset="8903"/>
                                                    </LocList>
                                                </BasicStmnt>
                                                <BasicStmnt CovItemId="S141" CovItemPrefix="printer.SmartPrinter.java" Intrnl_Id="347">
                                                    <LocList>
                                                        <Loc EndOffset="8933" SrcFileId="1" StartOffset="8927"/>
                                                    </LocList>
                                                </BasicStmnt>
                                            </StmntSeq>
                                        </Branch>
                                        <Branch CovItemId="B40" CovItemPrefix="printer.SmartPrinter.java" Implct="false" Intrnl_Id="348">
                                            <Cond>
                                                <Loc EndOffset="8950" SrcFileId="1" StartOffset="8939"/>
                                            </Cond>
                                            <LocList>
                                                <Loc EndOffset="8988" SrcFileId="1" StartOffset="8958"/>
                                            </LocList>
                                            <StmntSeq Intrnl_Id="349">
                                                <LocList>
                                                    <Loc EndOffset="8975" SrcFileId="1" StartOffset="8958"/>
                                                    <Loc EndOffset="8988" SrcFileId="1" StartOffset="8982"/>
                                                </LocList>
                                                <BasicStmnt CovItemId="S142" CovItemPrefix="printer.SmartPrinter.java" Intrnl_Id="350">
                                                    <LocList>
                                                        <Loc EndOffset="8975" SrcFileId="1" StartOffset="8958"/>
                                                    </LocList>
                                                </BasicStmnt>
                                                <BasicStmnt CovItemId="S143" CovItemPrefix="printer.SmartPrinter.java" Intrnl_Id="351">
                                                    <LocList>
                                                        <Loc EndOffset="8988" SrcFileId="1" StartOffset="8982"/>
                                                    </LocList>
                                                </BasicStmnt>
                                            </StmntSeq>
                                        </Branch>
                                        <Branch CovItemId="B41" CovItemPrefix="printer.SmartPrinter.java" Implct="true" Intrnl_Id="352">
                                            <Cond/>
                                            <LocList/>
                                            <StmntSeq Intrnl_Id="353">
                                                <LocList/>
                                            </StmntSeq>
                                        </Branch>
                                        <Keyword EndOffset="6444" SrcFileId="1" StartOffset="6438"/>
                                        <LocList>
                                            <Loc EndOffset="9000" SrcFileId="1" StartOffset="6438"/>
                                        </LocList>
                                    </CondStmnt>
                                </StmntSeq>
                                <Keyword EndOffset="6399" SrcFileId="1" StartOffset="6394"/>
                                <LocList>
                                    <Loc EndOffset="9022" SrcFileId="1" StartOffset="6394"/>
                                </LocList>
                                <RootTerm CovItemId="C14" CovItemPrefix="printer.SmartPrinter.java" Intrnl_Id="354">
                                    <OpTerm BooleanOpId="2" Intrnl_Id="355">
                                        <BasicBoolTerm Intrnl_Id="356">
                                            <LocList>
                                                <Loc EndOffset="6413" SrcFileId="1" StartOffset="6401"/>
                                            </LocList>
                                        </BasicBoolTerm>
                                        <LocList>
                                            <Loc EndOffset="6401" SrcFileId="1" StartOffset="6400"/>
                                        </LocList>
                                    </OpTerm>
                                </RootTerm>
                            </LoopStmnt>
                            <BasicStmnt CovItemId="S144" CovItemPrefix="printer.SmartPrinter.java" Intrnl_Id="357">
                                <LocList>
                                    <Loc EndOffset="9058" SrcFileId="1" StartOffset="9042"/>
                                </LocList>
                            </BasicStmnt>
                        </StmntSeq>
                    </HierarchyLvl>
                </HierarchyLvl>
            </HierarchyLvl>
        </HierarchyLvl>
    </MASTRoot>
</TestSessionContainer>
